14:16:21.096 [main                     ] DEBUG GameApplication      - Logger initialized
14:16:21.101 [main                     ] DEBUG GameApplication      - Logging settings
Title: BlasterBoy
Version: 0.1
Width: 600
Height: 600
Fullscreen: false
Intro: false
Menus: false
Profiling: false
Single step:false
App Mode: DEVELOPER
Menu Key: ESCAPE
Stage Style: DECORATED
Scene Factory: class com.almasb.fxgl.app.scene.SceneFactory

14:16:21.451 [JavaFX Application Thread] DEBUG GameApplication      - Initializing FXGL
14:16:21.463 [JavaFX Application Thread] INFO  Engine               - FXGL-11.8 (08.03.2020 09.09) on WINDOWS (J:14.0.1 FX:13.0.2)
14:16:21.463 [JavaFX Application Thread] INFO  Engine               - Source code and latest versions at: https://github.com/AlmasB/FXGL
14:16:21.463 [JavaFX Application Thread] INFO  Engine               -              Join the FXGL chat at: https://gitter.im/AlmasB/FXGL
14:16:21.666 [JavaFX Application Thread] DEBUG MainWindow           - Creating a JavaFX scene
14:16:21.733 [JavaFX Application Thread] DEBUG MainWindow           - Target settings size: 600.0 x 600.0
14:16:21.734 [JavaFX Application Thread] DEBUG MainWindow           - Scaled scene size:    600.0 x 600.0
14:16:21.734 [JavaFX Application Thread] DEBUG MainWindow           - Scaled ratio: (1.0, 1.0)
14:16:21.735 [JavaFX Application Thread] DEBUG MainWindow           - Set initial scene to FXGLStartupScene
14:16:21.742 [JavaFX Application Thread] DEBUG MainWindow           - Opening main window
14:16:21.829 [JavaFX Application Thread] DEBUG MainWindow           - Window border size: (16.0, 39.0)
14:16:21.829 [JavaFX Application Thread] DEBUG MainWindow           - Scaled size: 600.0 x 600.0
14:16:21.829 [JavaFX Application Thread] DEBUG MainWindow           - Scaled ratio: (1.0, 1.0)
14:16:21.830 [JavaFX Application Thread] DEBUG MainWindow           - Scene size: 600.0 x 600.0
14:16:21.830 [JavaFX Application Thread] DEBUG MainWindow           - Stage size: 616.0 x 639.0
14:16:21.838 [FXGL Background Thread 1 ] DEBUG Engine               - Initializing environment variables
14:16:21.862 [FXGL Background Thread 1 ] DEBUG WindowService        - Applying CSS: fxgl_dark.css
14:16:21.862 [FXGL Background Thread 1 ] DEBUG AssetLoaderService   - Loading from file system: /assets/ui/css/fxgl_dark.css
14:16:21.900 [FXGL Background Thread 1 ] DEBUG WindowService        - Initializing application scenes
14:16:21.931 [FXGL Background Thread 1 ] DEBUG GameWorld            - Game world initialized
14:16:21.970 [FXGL Background Thread 1 ] DEBUG PhysicsWorld         - Physics world initialized: appHeight=600, physics.ppm=50.0
14:16:21.973 [FXGL Background Thread 1 ] DEBUG GameScene            - Game scene initialized: 600x600
14:16:21.979 [FXGL Background Thread 1 ] DEBUG Input                - Registered new binding: Resume - Esc
14:16:21.983 [FXGL Background Thread 1 ] DEBUG AssetLoaderService   - Loading from file system: /assets/textures/pause_menu_bg.png
14:16:22.026 [FXGL Background Thread 1 ] DEBUG Input                - Registered new binding: Pause - Esc
14:16:22.026 [FXGL Background Thread 1 ] DEBUG WindowService        - Application scenes initialized
14:16:22.034 [FXGL Background Thread 1 ] DEBUG SystemBundleService  - Loading FXGL system data
14:16:22.038 [FXGL Background Thread 1 ] DEBUG FileSystemAccess     - Reading from: C:\Users\lucas\IdeaProjects\ictm2c3\system\fxgl.bundle
14:16:22.043 [FXGL Background Thread 1 ] DEBUG SystemBundleService  - Bundle FXGL: {}
14:16:22.043 [FXGL Background Thread 1 ] INFO  Engine               - FXGL initialization took: 0.204 sec
14:16:22.044 [FXGL Background Thread 1 ] DEBUG GameApplication      - Loading localizations
14:16:22.045 [FXGL Background Thread 1 ] DEBUG AssetLoaderService   - Loading from file system: /assets/properties/languages/english.properties
14:16:22.046 [FXGL Background Thread 1 ] DEBUG AssetLoaderService   - Loading from file system: /assets/properties/languages/french.properties
14:16:22.047 [FXGL Background Thread 1 ] DEBUG AssetLoaderService   - Loading from file system: /assets/properties/languages/german.properties
14:16:22.048 [FXGL Background Thread 1 ] DEBUG AssetLoaderService   - Loading from file system: /assets/properties/languages/hungarian.properties
14:16:22.048 [FXGL Background Thread 1 ] DEBUG AssetLoaderService   - Loading from file system: /assets/properties/languages/russian.properties
14:16:22.049 [FXGL Background Thread 1 ] DEBUG GameApplication      - Registering font factories with UI factory
14:16:22.049 [FXGL Background Thread 1 ] DEBUG AssetLoaderService   - Loading from file system: /assets/ui/fonts/VarelaRound-Regular.ttf
14:16:22.091 [FXGL Background Thread 1 ] DEBUG AssetLoaderService   - Loading from file system: /assets/ui/fonts/Abel-Regular.ttf
14:16:22.094 [FXGL Background Thread 1 ] DEBUG AssetLoaderService   - Loading from file system: /assets/ui/fonts/lucida_console.ttf
14:16:22.099 [FXGL Background Thread 1 ] DEBUG AssetLoaderService   - Loading from file system: /assets/ui/fonts/Courier-Prime.ttf
14:16:22.106 [JavaFX Application Thread] DEBUG Input                - Registered new binding: moveLeft - A
14:16:22.106 [JavaFX Application Thread] DEBUG Input                - Registered new binding: moveRight - D
14:16:22.106 [JavaFX Application Thread] DEBUG Input                - Registered new binding: moveUp - Space
14:16:22.106 [JavaFX Application Thread] DEBUG AssetLoaderService   - Loading from file system: /assets/textures/fxgl_icon.png
14:16:22.121 [JavaFX Application Thread] DEBUG AssetLoaderService   - Loading from file system: /assets/ui/cursors/fxgl_default.png
14:16:22.123 [JavaFX Application Thread] DEBUG Input                - Registered new binding: Screenshot - P
14:16:22.124 [JavaFX Application Thread] DEBUG Input                - Registered new binding: System info dump - CTRL+9
14:16:22.124 [JavaFX Application Thread] DEBUG Input                - Registered new binding: Restart - CTRL+R
14:16:22.125 [JavaFX Application Thread] DEBUG LoopRunner           - Starting loop
14:16:22.143 [JavaFX Application Thread] DEBUG FXGLStartupScene     - STARTUP
14:16:22.143 [JavaFX Application Thread] DEBUG WindowService        - Starting new game
14:16:22.145 [JavaFX Application Thread] DEBUG Input                - Clearing active input actions
14:16:22.155 [JavaFX Application Thread] DEBUG WindowService        - Removing overlay from FXGLStartupScene and adding to FXGLLoadingScene
14:16:22.155 [JavaFX Application Thread] DEBUG MainWindow           - FXGLStartupScene -> FXGLLoadingScene
14:16:22.156 [JavaFX Application Thread] DEBUG WindowService        - Clearing previous game
14:16:22.156 [JavaFX Application Thread] DEBUG GameScene            - Clearing game scene
14:16:22.156 [JavaFX Application Thread] DEBUG GameWorld            - Clearing game world
14:16:22.156 [JavaFX Application Thread] DEBUG PhysicsWorld         - Clearing physics world
14:16:22.157 [FXGL Background Thread 1 ] DEBUG GameApplication      - Initializing game
14:16:22.165 [FXGL Background Thread 1 ] DEBUG AssetLoaderService   - Loading from file system: /assets/levels/0.txt
14:16:22.216 [FXGL Background Thread 1 ] DEBUG GameWorld            - Clearing removable entities
14:16:22.216 [FXGL Background Thread 1 ] DEBUG GameWorld            - Setting level: com.almasb.fxgl.entity.level.Level@6743833e
14:16:22.263 [FXGL Background Thread 1 ] INFO  GameApplication      - Game initialization took: 0.106 sec
14:16:22.273 [JavaFX Application Thread] DEBUG Input                - Clearing active input actions
14:16:22.294 [JavaFX Application Thread] DEBUG WindowService        - Removing overlay from FXGLLoadingScene and adding to GameScene
14:16:22.294 [JavaFX Application Thread] DEBUG MainWindow           - FXGLLoadingScene -> GameScene
14:16:23.278 [JavaFX Application Thread] DEBUG GameApplication      - Exiting FXGL
14:16:23.278 [JavaFX Application Thread] DEBUG LoopRunner           - Stopping loop
14:16:23.278 [JavaFX Application Thread] DEBUG SystemBundleService  - Saving FXGL system data
14:16:23.279 [JavaFX Application Thread] DEBUG FileSystemAccess     - Writing to: C:\Users\lucas\IdeaProjects\ictm2c3\system\fxgl.bundle
14:16:23.280 [JavaFX Application Thread] DEBUG GameApplication      - Shutting down background threads
14:16:23.281 [JavaFX Application Thread] DEBUG GameApplication      - Closing logger and exiting JavaFX
