14:29:18.276 [AWT-EventQueue-0         ] DEBUG GameApplication      - Logger initialized
14:29:18.278 [AWT-EventQueue-0         ] DEBUG GameApplication      - Logging settings
Title: BlasterBoy
Version: 0.1
Width: 600
Height: 600
Fullscreen: false
Intro: false
Menus: false
Profiling: false
Single step:false
App Mode: DEVELOPER
Menu Key: ESCAPE
Stage Style: DECORATED
Scene Factory: class com.almasb.fxgl.app.scene.SceneFactory

14:29:18.522 [JavaFX Application Thread] DEBUG GameApplication      - Initializing FXGL
14:29:18.529 [JavaFX Application Thread] INFO  Engine               - FXGL-11.8 (08.03.2020 09.09) on WINDOWS (J:14.0.1 FX:13.0.2)
14:29:18.530 [JavaFX Application Thread] INFO  Engine               - Source code and latest versions at: https://github.com/AlmasB/FXGL
14:29:18.530 [JavaFX Application Thread] INFO  Engine               -              Join the FXGL chat at: https://gitter.im/AlmasB/FXGL
14:29:18.610 [JavaFX Application Thread] DEBUG MainWindow           - Creating a JavaFX scene
14:29:18.645 [JavaFX Application Thread] DEBUG MainWindow           - Target settings size: 600.0 x 600.0
14:29:18.646 [JavaFX Application Thread] DEBUG MainWindow           - Scaled scene size:    600.0 x 600.0
14:29:18.646 [JavaFX Application Thread] DEBUG MainWindow           - Scaled ratio: (1.0, 1.0)
14:29:18.647 [JavaFX Application Thread] DEBUG MainWindow           - Set initial scene to FXGLStartupScene
14:29:18.651 [JavaFX Application Thread] DEBUG MainWindow           - Opening main window
14:29:18.709 [JavaFX Application Thread] DEBUG MainWindow           - Window border size: (16.0, 39.0)
14:29:18.710 [JavaFX Application Thread] DEBUG MainWindow           - Scaled size: 600.0 x 600.0
14:29:18.710 [JavaFX Application Thread] DEBUG MainWindow           - Scaled ratio: (1.0, 1.0)
14:29:18.710 [JavaFX Application Thread] DEBUG MainWindow           - Scene size: 600.0 x 600.0
14:29:18.710 [JavaFX Application Thread] DEBUG MainWindow           - Stage size: 616.0 x 639.0
14:29:18.715 [FXGL Background Thread 1 ] DEBUG Engine               - Initializing environment variables
14:29:18.742 [FXGL Background Thread 1 ] DEBUG WindowService        - Applying CSS: fxgl_dark.css
14:29:18.742 [FXGL Background Thread 1 ] DEBUG AssetLoaderService   - Loading from file system: /assets/ui/css/fxgl_dark.css
14:29:18.778 [FXGL Background Thread 1 ] DEBUG WindowService        - Initializing application scenes
14:29:18.800 [FXGL Background Thread 1 ] DEBUG GameWorld            - Game world initialized
14:29:18.829 [FXGL Background Thread 1 ] DEBUG PhysicsWorld         - Physics world initialized: appHeight=600, physics.ppm=50.0
14:29:18.831 [FXGL Background Thread 1 ] DEBUG GameScene            - Game scene initialized: 600x600
14:29:18.837 [FXGL Background Thread 1 ] DEBUG Input                - Registered new binding: Resume - Esc
14:29:18.842 [FXGL Background Thread 1 ] DEBUG AssetLoaderService   - Loading from file system: /assets/textures/pause_menu_bg.png
14:29:18.876 [FXGL Background Thread 1 ] DEBUG Input                - Registered new binding: Pause - Esc
14:29:18.877 [FXGL Background Thread 1 ] DEBUG WindowService        - Application scenes initialized
14:29:18.883 [FXGL Background Thread 1 ] DEBUG SystemBundleService  - Loading FXGL system data
14:29:18.886 [FXGL Background Thread 1 ] DEBUG FileSystemAccess     - Reading from: C:\Users\lucas\IdeaProjects\ictm2c3\system\fxgl.bundle
14:29:18.890 [FXGL Background Thread 1 ] DEBUG SystemBundleService  - Bundle FXGL: {}
14:29:18.890 [FXGL Background Thread 1 ] INFO  Engine               - FXGL initialization took: 0.174 sec
14:29:18.891 [FXGL Background Thread 1 ] DEBUG GameApplication      - Loading localizations
14:29:18.891 [FXGL Background Thread 1 ] DEBUG AssetLoaderService   - Loading from file system: /assets/properties/languages/english.properties
14:29:18.892 [FXGL Background Thread 1 ] DEBUG AssetLoaderService   - Loading from file system: /assets/properties/languages/french.properties
14:29:18.893 [FXGL Background Thread 1 ] DEBUG AssetLoaderService   - Loading from file system: /assets/properties/languages/german.properties
14:29:18.894 [FXGL Background Thread 1 ] DEBUG AssetLoaderService   - Loading from file system: /assets/properties/languages/hungarian.properties
14:29:18.894 [FXGL Background Thread 1 ] DEBUG AssetLoaderService   - Loading from file system: /assets/properties/languages/russian.properties
14:29:18.895 [FXGL Background Thread 1 ] DEBUG GameApplication      - Registering font factories with UI factory
14:29:18.895 [FXGL Background Thread 1 ] DEBUG AssetLoaderService   - Loading from file system: /assets/ui/fonts/VarelaRound-Regular.ttf
14:29:18.926 [FXGL Background Thread 1 ] DEBUG AssetLoaderService   - Loading from file system: /assets/ui/fonts/Abel-Regular.ttf
14:29:18.928 [FXGL Background Thread 1 ] DEBUG AssetLoaderService   - Loading from file system: /assets/ui/fonts/lucida_console.ttf
14:29:18.931 [FXGL Background Thread 1 ] DEBUG AssetLoaderService   - Loading from file system: /assets/ui/fonts/Courier-Prime.ttf
14:29:18.938 [JavaFX Application Thread] DEBUG Input                - Registered new binding: moveLeft - A
14:29:18.938 [JavaFX Application Thread] DEBUG Input                - Registered new binding: moveRight - D
14:29:18.938 [JavaFX Application Thread] DEBUG Input                - Registered new binding: moveUp - Space
14:29:18.938 [JavaFX Application Thread] DEBUG AssetLoaderService   - Loading from file system: /assets/textures/fxgl_icon.png
14:29:18.950 [JavaFX Application Thread] DEBUG AssetLoaderService   - Loading from file system: /assets/ui/cursors/fxgl_default.png
14:29:18.952 [JavaFX Application Thread] DEBUG Input                - Registered new binding: Screenshot - P
14:29:18.952 [JavaFX Application Thread] DEBUG Input                - Registered new binding: System info dump - CTRL+9
14:29:18.952 [JavaFX Application Thread] DEBUG Input                - Registered new binding: Restart - CTRL+R
14:29:18.953 [JavaFX Application Thread] DEBUG LoopRunner           - Starting loop
14:29:18.963 [JavaFX Application Thread] DEBUG FXGLStartupScene     - STARTUP
14:29:18.963 [JavaFX Application Thread] DEBUG WindowService        - Starting new game
14:29:18.965 [JavaFX Application Thread] DEBUG Input                - Clearing active input actions
14:29:18.974 [JavaFX Application Thread] DEBUG WindowService        - Removing overlay from FXGLStartupScene and adding to FXGLLoadingScene
14:29:18.974 [JavaFX Application Thread] DEBUG MainWindow           - FXGLStartupScene -> FXGLLoadingScene
14:29:18.974 [JavaFX Application Thread] DEBUG WindowService        - Clearing previous game
14:29:18.974 [JavaFX Application Thread] DEBUG GameScene            - Clearing game scene
14:29:18.974 [JavaFX Application Thread] DEBUG GameWorld            - Clearing game world
14:29:18.974 [JavaFX Application Thread] DEBUG PhysicsWorld         - Clearing physics world
14:29:18.975 [FXGL Background Thread 1 ] DEBUG GameApplication      - Initializing game
14:29:18.980 [FXGL Background Thread 1 ] DEBUG AssetLoaderService   - Loading from file system: /assets/levels/0.txt
14:29:19.023 [FXGL Background Thread 1 ] DEBUG GameWorld            - Clearing removable entities
14:29:19.023 [FXGL Background Thread 1 ] DEBUG GameWorld            - Setting level: com.almasb.fxgl.entity.level.Level@4ee9f98
14:29:19.053 [FXGL Background Thread 1 ] INFO  GameApplication      - Game initialization took: 0.078 sec
14:29:19.056 [JavaFX Application Thread] DEBUG Input                - Clearing active input actions
14:29:19.080 [JavaFX Application Thread] DEBUG WindowService        - Removing overlay from FXGLLoadingScene and adding to GameScene
14:29:19.080 [JavaFX Application Thread] DEBUG MainWindow           - FXGLLoadingScene -> GameScene
14:29:19.914 [JavaFX Application Thread] DEBUG GameApplication      - Exiting FXGL
14:29:19.914 [JavaFX Application Thread] DEBUG LoopRunner           - Stopping loop
14:29:19.914 [JavaFX Application Thread] DEBUG SystemBundleService  - Saving FXGL system data
14:29:19.917 [JavaFX Application Thread] DEBUG FileSystemAccess     - Writing to: C:\Users\lucas\IdeaProjects\ictm2c3\system\fxgl.bundle
14:29:19.918 [JavaFX Application Thread] DEBUG GameApplication      - Shutting down background threads
14:29:19.918 [JavaFX Application Thread] DEBUG GameApplication      - Closing logger and exiting JavaFX
