14:07:26.761 [AWT-EventQueue-0         ] DEBUG GameApplication      - Logger initialized
14:07:26.763 [AWT-EventQueue-0         ] DEBUG GameApplication      - Logging settings
Title: BlasterBoy
Version: 0.1
Width: 600
Height: 600
Fullscreen: false
Intro: false
Menus: false
Profiling: false
Single step:false
App Mode: DEVELOPER
Menu Key: ESCAPE
Stage Style: DECORATED
Scene Factory: class com.almasb.fxgl.app.scene.SceneFactory

14:07:27.020 [JavaFX Application Thread] DEBUG GameApplication      - Initializing FXGL
14:07:27.029 [JavaFX Application Thread] INFO  Engine               - FXGL-11.8 (08.03.2020 09.09) on WINDOWS (J:14.0.1 FX:13.0.2)
14:07:27.029 [JavaFX Application Thread] INFO  Engine               - Source code and latest versions at: https://github.com/AlmasB/FXGL
14:07:27.029 [JavaFX Application Thread] INFO  Engine               -              Join the FXGL chat at: https://gitter.im/AlmasB/FXGL
14:07:27.117 [JavaFX Application Thread] DEBUG MainWindow           - Creating a JavaFX scene
14:07:27.158 [JavaFX Application Thread] DEBUG MainWindow           - Target settings size: 600.0 x 600.0
14:07:27.158 [JavaFX Application Thread] DEBUG MainWindow           - Scaled scene size:    600.0 x 600.0
14:07:27.158 [JavaFX Application Thread] DEBUG MainWindow           - Scaled ratio: (1.0, 1.0)
14:07:27.159 [JavaFX Application Thread] DEBUG MainWindow           - Set initial scene to FXGLStartupScene
14:07:27.164 [JavaFX Application Thread] DEBUG MainWindow           - Opening main window
14:07:27.223 [JavaFX Application Thread] DEBUG MainWindow           - Window border size: (16.0, 39.0)
14:07:27.223 [JavaFX Application Thread] DEBUG MainWindow           - Scaled size: 600.0 x 600.0
14:07:27.223 [JavaFX Application Thread] DEBUG MainWindow           - Scaled ratio: (1.0, 1.0)
14:07:27.223 [JavaFX Application Thread] DEBUG MainWindow           - Scene size: 600.0 x 600.0
14:07:27.223 [JavaFX Application Thread] DEBUG MainWindow           - Stage size: 616.0 x 639.0
14:07:27.228 [FXGL Background Thread 1 ] DEBUG Engine               - Initializing environment variables
14:07:27.251 [FXGL Background Thread 1 ] DEBUG WindowService        - Applying CSS: fxgl_dark.css
14:07:27.252 [FXGL Background Thread 1 ] DEBUG AssetLoaderService   - Loading from file system: /assets/ui/css/fxgl_dark.css
14:07:27.290 [FXGL Background Thread 1 ] DEBUG WindowService        - Initializing application scenes
14:07:27.315 [FXGL Background Thread 1 ] DEBUG GameWorld            - Game world initialized
14:07:27.351 [FXGL Background Thread 1 ] DEBUG PhysicsWorld         - Physics world initialized: appHeight=600, physics.ppm=50.0
14:07:27.353 [FXGL Background Thread 1 ] DEBUG GameScene            - Game scene initialized: 600x600
14:07:27.359 [FXGL Background Thread 1 ] DEBUG Input                - Registered new binding: Resume - Esc
14:07:27.362 [FXGL Background Thread 1 ] DEBUG AssetLoaderService   - Loading from file system: /assets/textures/pause_menu_bg.png
14:07:27.395 [FXGL Background Thread 1 ] DEBUG Input                - Registered new binding: Pause - Esc
14:07:27.395 [FXGL Background Thread 1 ] DEBUG WindowService        - Application scenes initialized
14:07:27.402 [FXGL Background Thread 1 ] DEBUG SystemBundleService  - Loading FXGL system data
14:07:27.405 [FXGL Background Thread 1 ] DEBUG FileSystemAccess     - Reading from: C:\Users\lucas\IdeaProjects\ictm2c3\system\fxgl.bundle
14:07:27.407 [FXGL Background Thread 1 ] DEBUG SystemBundleService  - Bundle FXGL: {}
14:07:27.407 [FXGL Background Thread 1 ] INFO  Engine               - FXGL initialization took: 0.178 sec
14:07:27.409 [FXGL Background Thread 1 ] DEBUG GameApplication      - Loading localizations
14:07:27.409 [FXGL Background Thread 1 ] DEBUG AssetLoaderService   - Loading from file system: /assets/properties/languages/english.properties
14:07:27.410 [FXGL Background Thread 1 ] DEBUG AssetLoaderService   - Loading from file system: /assets/properties/languages/french.properties
14:07:27.411 [FXGL Background Thread 1 ] DEBUG AssetLoaderService   - Loading from file system: /assets/properties/languages/german.properties
14:07:27.412 [FXGL Background Thread 1 ] DEBUG AssetLoaderService   - Loading from file system: /assets/properties/languages/hungarian.properties
14:07:27.412 [FXGL Background Thread 1 ] DEBUG AssetLoaderService   - Loading from file system: /assets/properties/languages/russian.properties
14:07:27.413 [FXGL Background Thread 1 ] DEBUG GameApplication      - Registering font factories with UI factory
14:07:27.413 [FXGL Background Thread 1 ] DEBUG AssetLoaderService   - Loading from file system: /assets/ui/fonts/VarelaRound-Regular.ttf
14:07:27.442 [FXGL Background Thread 1 ] DEBUG AssetLoaderService   - Loading from file system: /assets/ui/fonts/Abel-Regular.ttf
14:07:27.444 [FXGL Background Thread 1 ] DEBUG AssetLoaderService   - Loading from file system: /assets/ui/fonts/lucida_console.ttf
14:07:27.447 [FXGL Background Thread 1 ] DEBUG AssetLoaderService   - Loading from file system: /assets/ui/fonts/Courier-Prime.ttf
14:07:27.451 [JavaFX Application Thread] DEBUG Input                - Registered new binding: moveLeft - A
14:07:27.451 [JavaFX Application Thread] DEBUG Input                - Registered new binding: moveRight - D
14:07:27.451 [JavaFX Application Thread] DEBUG Input                - Registered new binding: moveUp - Space
14:07:27.451 [JavaFX Application Thread] DEBUG AssetLoaderService   - Loading from file system: /assets/textures/fxgl_icon.png
14:07:27.463 [JavaFX Application Thread] DEBUG AssetLoaderService   - Loading from file system: /assets/ui/cursors/fxgl_default.png
14:07:27.465 [JavaFX Application Thread] DEBUG Input                - Registered new binding: Screenshot - P
14:07:27.465 [JavaFX Application Thread] DEBUG Input                - Registered new binding: System info dump - CTRL+9
14:07:27.465 [JavaFX Application Thread] DEBUG Input                - Registered new binding: Restart - CTRL+R
14:07:27.466 [JavaFX Application Thread] DEBUG LoopRunner           - Starting loop
14:07:27.476 [JavaFX Application Thread] DEBUG FXGLStartupScene     - STARTUP
14:07:27.476 [JavaFX Application Thread] DEBUG WindowService        - Starting new game
14:07:27.478 [JavaFX Application Thread] DEBUG Input                - Clearing active input actions
14:07:27.490 [JavaFX Application Thread] DEBUG WindowService        - Removing overlay from FXGLStartupScene and adding to FXGLLoadingScene
14:07:27.490 [JavaFX Application Thread] DEBUG MainWindow           - FXGLStartupScene -> FXGLLoadingScene
14:07:27.490 [JavaFX Application Thread] DEBUG WindowService        - Clearing previous game
14:07:27.490 [JavaFX Application Thread] DEBUG GameScene            - Clearing game scene
14:07:27.490 [JavaFX Application Thread] DEBUG GameWorld            - Clearing game world
14:07:27.491 [JavaFX Application Thread] DEBUG PhysicsWorld         - Clearing physics world
14:07:27.491 [FXGL Background Thread 1 ] DEBUG GameApplication      - Initializing game
14:07:27.496 [FXGL Background Thread 1 ] DEBUG AssetLoaderService   - Loading from file system: /assets/levels/0.txt
14:07:27.543 [FXGL Background Thread 1 ] DEBUG GameWorld            - Clearing removable entities
14:07:27.543 [FXGL Background Thread 1 ] DEBUG GameWorld            - Setting level: com.almasb.fxgl.entity.level.Level@540bbe22
14:07:27.574 [FXGL Background Thread 1 ] INFO  GameApplication      - Game initialization took: 0.082 sec
14:07:27.584 [JavaFX Application Thread] DEBUG Input                - Clearing active input actions
14:07:27.610 [JavaFX Application Thread] DEBUG WindowService        - Removing overlay from FXGLLoadingScene and adding to GameScene
14:07:27.610 [JavaFX Application Thread] DEBUG MainWindow           - FXGLLoadingScene -> GameScene
14:07:30.409 [FXGL Background Thread 2 ] DEBUG Engine               - Logging environment variables
14:07:30.409 [FXGL Background Thread 2 ] DEBUG Engine               - achievements: []
14:07:30.409 [FXGL Background Thread 2 ] DEBUG Engine               - language: ObjectProperty [value: ENGLISH]
14:07:30.409 [FXGL Background Thread 2 ] DEBUG Engine               - isCloseConfirmation: false
14:07:30.409 [FXGL Background Thread 2 ] DEBUG Engine               - isProfilingEnabled: false
14:07:30.409 [FXGL Background Thread 2 ] DEBUG Engine               - soundNotification: core/notification.wav
14:07:30.410 [FXGL Background Thread 2 ] DEBUG Engine               - devShowBBoxProperty: BooleanProperty [value: false]
14:07:30.410 [FXGL Background Thread 2 ] DEBUG Engine               - pixelsPerMeter: 50.0
14:07:30.410 [FXGL Background Thread 2 ] DEBUG Engine               - appIcon: fxgl_icon.png
14:07:30.410 [FXGL Background Thread 2 ] DEBUG Engine               - soundMenuBack: menu/back.wav
14:07:30.410 [FXGL Background Thread 2 ] DEBUG Engine               - isFullScreenAllowed: false
14:07:30.410 [FXGL Background Thread 2 ] DEBUG Engine               - isIntroEnabled: false
14:07:30.410 [FXGL Background Thread 2 ] DEBUG Engine               - fontMono: lucida_console.ttf
14:07:30.410 [FXGL Background Thread 2 ] DEBUG Engine               - soundMenuSelect: menu/select.wav
14:07:30.410 [FXGL Background Thread 2 ] DEBUG Engine               - isWindows: true
14:07:30.410 [FXGL Background Thread 2 ] DEBUG Engine               - isUserProfileEnabled: false
14:07:30.410 [FXGL Background Thread 2 ] DEBUG Engine               - isMobile: false
14:07:30.411 [FXGL Background Thread 2 ] DEBUG Engine               - height: 600
14:07:30.411 [FXGL Background Thread 2 ] DEBUG Engine               - isExperimentalNative: false
14:07:30.411 [FXGL Background Thread 2 ] DEBUG Engine               - settings: Title: BlasterBoy
Version: 0.1
Width: 600
Height: 600
Fullscreen: false
Intro: false
Menus: false
Profiling: false
Single step:false
App Mode: DEVELOPER
Menu Key: ESCAPE
Stage Style: DECORATED
Scene Factory: class com.almasb.fxgl.app.scene.SceneFactory

14:07:30.411 [FXGL Background Thread 2 ] DEBUG Engine               - isSingleStep: false
14:07:30.411 [FXGL Background Thread 2 ] DEBUG Engine               - cSSList: [fxgl_dark.css]
14:07:30.411 [FXGL Background Thread 2 ] DEBUG Engine               - fontGame: Abel-Regular.ttf
14:07:30.411 [FXGL Background Thread 2 ] DEBUG Engine               - menuKey: ESCAPE
14:07:30.411 [FXGL Background Thread 2 ] DEBUG Engine               - devShowPositionProperty: BooleanProperty [value: false]
14:07:30.411 [FXGL Background Thread 2 ] DEBUG Engine               - versionCheckDays: 7
14:07:30.411 [FXGL Background Thread 2 ] DEBUG Engine               - configClass: Optional.empty
14:07:30.411 [FXGL Background Thread 2 ] DEBUG Engine               - isFullScreenFromStart: false
14:07:30.411 [FXGL Background Thread 2 ] DEBUG Engine               - version: 0.1
14:07:30.411 [FXGL Background Thread 2 ] DEBUG Engine               - fullScreen: BooleanProperty [value: false]
14:07:30.411 [FXGL Background Thread 2 ] DEBUG Engine               - randomSeed: -1
14:07:30.411 [FXGL Background Thread 2 ] DEBUG Engine               - gameDifficultyProperty: ObjectProperty [value: MEDIUM]
14:07:30.412 [FXGL Background Thread 2 ] DEBUG Engine               - applicationMode: DEVELOPER
14:07:30.412 [FXGL Background Thread 2 ] DEBUG Engine               - isMac: false
14:07:30.412 [FXGL Background Thread 2 ] DEBUG Engine               - isMenuEnabled: false
14:07:30.412 [FXGL Background Thread 2 ] DEBUG Engine               - urlPOM: https://raw.githubusercontent.com/AlmasB/FXGL/master/pom.xml
14:07:30.412 [FXGL Background Thread 2 ] DEBUG Engine               - profileName: StringProperty [value: DEFAULT]
14:07:30.412 [FXGL Background Thread 2 ] DEBUG Engine               - notificationViewClass: class com.almasb.fxgl.notification.view.XboxNotificationView
14:07:30.412 [FXGL Background Thread 2 ] DEBUG Engine               - devSensorColorProperty: ObjectProperty [value: 0xffff00ff]
14:07:30.412 [FXGL Background Thread 2 ] DEBUG Engine               - sceneFactory: com.almasb.fxgl.app.scene.SceneFactory@7b91f883
14:07:30.412 [FXGL Background Thread 2 ] DEBUG Engine               - stageStyle: DECORATED
14:07:30.412 [FXGL Background Thread 2 ] DEBUG Engine               - isManualResizeEnabled: false
14:07:30.412 [FXGL Background Thread 2 ] DEBUG Engine               - title: BlasterBoy
14:07:30.412 [FXGL Background Thread 2 ] DEBUG Engine               - platform: WINDOWS
14:07:30.412 [FXGL Background Thread 2 ] DEBUG Engine               - devBBoxColorProperty: ObjectProperty [value: 0xff0000ff]
14:07:30.412 [FXGL Background Thread 2 ] DEBUG Engine               - gameDifficulty: MEDIUM
14:07:30.412 [FXGL Background Thread 2 ] DEBUG Engine               - isDesktop: true
14:07:30.412 [FXGL Background Thread 2 ] DEBUG Engine               - supportedLanguages: [ENGLISH, FRENCH, GERMAN, HUNGARIAN, RUSSIAN]
14:07:30.412 [FXGL Background Thread 2 ] DEBUG Engine               - credits: []
14:07:30.412 [FXGL Background Thread 2 ] DEBUG Engine               - globalMusicVolumeProperty: DoubleProperty [value: 0.5]
14:07:30.412 [FXGL Background Thread 2 ] DEBUG Engine               - isPreserveResizeRatio: false
14:07:30.413 [FXGL Background Thread 2 ] DEBUG Engine               - fontText: Courier-Prime.ttf
14:07:30.413 [FXGL Background Thread 2 ] DEBUG Engine               - isExperimentalTiledLargeMap: false
14:07:30.413 [FXGL Background Thread 2 ] DEBUG Engine               - secondsIn24h: 60
14:07:30.413 [FXGL Background Thread 2 ] DEBUG Engine               - runtimeInfo: RuntimeInfo(platform=WINDOWS, version=11.8, build=08.03.2020 09.09)
14:07:30.413 [FXGL Background Thread 2 ] DEBUG Engine               - isLinux: false
14:07:30.413 [FXGL Background Thread 2 ] DEBUG Engine               - soundMenuPress: menu/press.wav
14:07:30.413 [FXGL Background Thread 2 ] DEBUG Engine               - urlGithub: https://github.com/AlmasB/FXGL
14:07:30.413 [FXGL Background Thread 2 ] DEBUG Engine               - profileDir: profiles/
14:07:30.413 [FXGL Background Thread 2 ] DEBUG Engine               - isDeveloperMenuEnabled: false
14:07:30.413 [FXGL Background Thread 2 ] DEBUG Engine               - globalSoundVolumeProperty: DoubleProperty [value: 0.5]
14:07:30.413 [FXGL Background Thread 2 ] DEBUG Engine               - mainWindow: com.almasb.fxgl.app.MainWindow@7fae6329
14:07:30.413 [FXGL Background Thread 2 ] DEBUG Engine               - isBrowser: false
14:07:30.413 [FXGL Background Thread 2 ] DEBUG Engine               - urlLeaderboard: http://fxgl-top.herokuapp.com/
14:07:30.413 [FXGL Background Thread 2 ] DEBUG Engine               - globalSoundVolume: 0.5
14:07:30.413 [FXGL Background Thread 2 ] DEBUG Engine               - engineServices: [class com.almasb.fxgl.app.GameApplication$GameApplicationService, class com.almasb.fxgl.app.services.WindowService, class com.almasb.fxgl.app.services.FXGLDialogService, class com.almasb.fxgl.app.services.IOTaskExecutorService, class com.almasb.fxgl.event.EventBusService, class com.almasb.fxgl.io.FileSystemService, class com.almasb.fxgl.localization.LocalizationService, class com.almasb.fxgl.app.services.AssetLoaderService, class com.almasb.fxgl.app.services.SystemBundleService, class com.almasb.fxgl.profile.SaveLoadService, class com.almasb.fxgl.ui.FXGLUIFactoryServiceProvider, class com.almasb.fxgl.ui.FXGLDialogFactoryServiceProvider, class com.almasb.fxgl.audio.AudioPlayer, class com.almasb.fxgl.notification.impl.NotificationServiceProvider, class com.almasb.fxgl.achievement.AchievementService, class com.almasb.fxgl.cutscene.CutsceneService, class com.almasb.fxgl.minigames.MiniGameService, class com.almasb.fxgl.net.NetService, class com.almasb.fxgl.app.services.UpdaterService]
14:07:30.413 [FXGL Background Thread 2 ] DEBUG Engine               - globalMusicVolume: 0.5
14:07:30.413 [FXGL Background Thread 2 ] DEBUG Engine               - width: 600
14:07:30.413 [FXGL Background Thread 2 ] DEBUG Engine               - saveFileExt: sav
14:07:30.413 [FXGL Background Thread 2 ] DEBUG Engine               - isAndroid: false
14:07:30.413 [FXGL Background Thread 2 ] DEBUG Engine               - fontUI: VarelaRound-Regular.ttf
14:07:30.414 [FXGL Background Thread 2 ] DEBUG Engine               - enabledMenuItems: []
14:07:30.414 [FXGL Background Thread 2 ] DEBUG Engine               - isIOS: false
14:07:30.414 [FXGL Background Thread 2 ] DEBUG Engine               - Logging services
14:07:30.414 [FXGL Background Thread 2 ] DEBUG Engine               - class com.almasb.fxgl.app.GameApplication$GameApplicationService
14:07:30.414 [FXGL Background Thread 2 ] DEBUG Engine               - class com.almasb.fxgl.app.services.WindowService
14:07:30.414 [FXGL Background Thread 2 ] DEBUG Engine               - class com.almasb.fxgl.app.services.FXGLDialogService
14:07:30.414 [FXGL Background Thread 2 ] DEBUG Engine               - class com.almasb.fxgl.app.services.IOTaskExecutorService
14:07:30.414 [FXGL Background Thread 2 ] DEBUG Engine               - class com.almasb.fxgl.event.EventBusService
14:07:30.414 [FXGL Background Thread 2 ] DEBUG Engine               - class com.almasb.fxgl.io.FileSystemService
14:07:30.414 [FXGL Background Thread 2 ] DEBUG Engine               - class com.almasb.fxgl.localization.LocalizationService
14:07:30.414 [FXGL Background Thread 2 ] DEBUG Engine               - class com.almasb.fxgl.app.services.AssetLoaderService
14:07:30.414 [FXGL Background Thread 2 ] DEBUG Engine               - class com.almasb.fxgl.app.services.SystemBundleService
14:07:30.414 [FXGL Background Thread 2 ] DEBUG Engine               - class com.almasb.fxgl.profile.SaveLoadService
14:07:30.414 [FXGL Background Thread 2 ] DEBUG Engine               - class com.almasb.fxgl.ui.FXGLUIFactoryServiceProvider
14:07:30.414 [FXGL Background Thread 2 ] DEBUG Engine               - class com.almasb.fxgl.ui.FXGLDialogFactoryServiceProvider
14:07:30.414 [FXGL Background Thread 2 ] DEBUG Engine               - class com.almasb.fxgl.audio.AudioPlayer
14:07:30.414 [FXGL Background Thread 2 ] DEBUG Engine               - class com.almasb.fxgl.notification.impl.NotificationServiceProvider
14:07:30.414 [FXGL Background Thread 2 ] DEBUG Engine               - class com.almasb.fxgl.achievement.AchievementService
14:07:30.414 [FXGL Background Thread 2 ] DEBUG Engine               - class com.almasb.fxgl.cutscene.CutsceneService
14:07:30.414 [FXGL Background Thread 2 ] DEBUG Engine               - class com.almasb.fxgl.minigames.MiniGameService
14:07:30.414 [FXGL Background Thread 2 ] DEBUG Engine               - class com.almasb.fxgl.net.NetService
14:07:30.414 [FXGL Background Thread 2 ] DEBUG Engine               - class com.almasb.fxgl.app.services.UpdaterService
14:07:35.901 [JavaFX Application Thread] DEBUG GameApplication      - Exiting FXGL
14:07:35.902 [JavaFX Application Thread] DEBUG LoopRunner           - Stopping loop
14:07:35.902 [JavaFX Application Thread] DEBUG SystemBundleService  - Saving FXGL system data
14:07:35.903 [JavaFX Application Thread] DEBUG FileSystemAccess     - Writing to: C:\Users\lucas\IdeaProjects\ictm2c3\system\fxgl.bundle
14:07:35.904 [JavaFX Application Thread] DEBUG GameApplication      - Shutting down background threads
14:07:35.904 [JavaFX Application Thread] DEBUG GameApplication      - Closing logger and exiting JavaFX
