19:31:15.532 [AWT-EventQueue-0         ] DEBUG GameApplication      - Logger initialized
19:31:15.534 [AWT-EventQueue-0         ] DEBUG GameApplication      - Logging settings
Title: BlasterBoy
Version: 0.1
Width: 600
Height: 600
Fullscreen: false
Intro: false
Menus: false
Profiling: false
Single step:false
App Mode: DEVELOPER
Menu Key: ESCAPE
Stage Style: DECORATED
Scene Factory: class com.almasb.fxgl.app.scene.SceneFactory

19:31:15.807 [JavaFX Application Thread] DEBUG GameApplication      - Initializing FXGL
19:31:15.815 [JavaFX Application Thread] INFO  Engine               - FXGL-11.8 (08.03.2020 09.09) on WINDOWS (J:14.0.1 FX:13.0.2)
19:31:15.816 [JavaFX Application Thread] INFO  Engine               - Source code and latest versions at: https://github.com/AlmasB/FXGL
19:31:15.816 [JavaFX Application Thread] INFO  Engine               -              Join the FXGL chat at: https://gitter.im/AlmasB/FXGL
19:31:15.904 [JavaFX Application Thread] DEBUG MainWindow           - Creating a JavaFX scene
19:31:15.944 [JavaFX Application Thread] DEBUG MainWindow           - Target settings size: 600.0 x 600.0
19:31:15.944 [JavaFX Application Thread] DEBUG MainWindow           - Scaled scene size:    600.0 x 600.0
19:31:15.944 [JavaFX Application Thread] DEBUG MainWindow           - Scaled ratio: (1.0, 1.0)
19:31:15.945 [JavaFX Application Thread] DEBUG MainWindow           - Set initial scene to FXGLStartupScene
19:31:15.950 [JavaFX Application Thread] DEBUG MainWindow           - Opening main window
19:31:16.026 [JavaFX Application Thread] DEBUG MainWindow           - Window border size: (16.0, 39.0)
19:31:16.026 [JavaFX Application Thread] DEBUG MainWindow           - Scaled size: 600.0 x 600.0
19:31:16.026 [JavaFX Application Thread] DEBUG MainWindow           - Scaled ratio: (1.0, 1.0)
19:31:16.026 [JavaFX Application Thread] DEBUG MainWindow           - Scene size: 600.0 x 600.0
19:31:16.026 [JavaFX Application Thread] DEBUG MainWindow           - Stage size: 616.0 x 639.0
19:31:16.032 [FXGL Background Thread 1 ] DEBUG Engine               - Initializing environment variables
19:31:16.053 [FXGL Background Thread 1 ] DEBUG WindowService        - Applying CSS: fxgl_dark.css
19:31:16.053 [FXGL Background Thread 1 ] DEBUG AssetLoaderService   - Loading from file system: /assets/ui/css/fxgl_dark.css
19:31:16.088 [FXGL Background Thread 1 ] DEBUG WindowService        - Initializing application scenes
19:31:16.125 [FXGL Background Thread 1 ] DEBUG GameWorld            - Game world initialized
19:31:16.155 [FXGL Background Thread 1 ] DEBUG PhysicsWorld         - Physics world initialized: appHeight=600, physics.ppm=50.0
19:31:16.157 [FXGL Background Thread 1 ] DEBUG GameScene            - Game scene initialized: 600x600
19:31:16.164 [FXGL Background Thread 1 ] DEBUG Input                - Registered new binding: Resume - Esc
19:31:16.168 [FXGL Background Thread 1 ] DEBUG AssetLoaderService   - Loading from file system: /assets/textures/pause_menu_bg.png
19:31:16.205 [FXGL Background Thread 1 ] DEBUG Input                - Registered new binding: Pause - Esc
19:31:16.205 [FXGL Background Thread 1 ] DEBUG WindowService        - Application scenes initialized
19:31:16.214 [FXGL Background Thread 1 ] DEBUG SystemBundleService  - Loading FXGL system data
19:31:16.216 [FXGL Background Thread 1 ] DEBUG FileSystemAccess     - Reading from: C:\Users\lucas\IdeaProjects\BlasterBoy\system\fxgl.bundle
19:31:16.220 [FXGL Background Thread 1 ] DEBUG SystemBundleService  - Bundle FXGL: {}
19:31:16.220 [FXGL Background Thread 1 ] INFO  Engine               - FXGL initialization took: 0.187 sec
19:31:16.221 [FXGL Background Thread 1 ] DEBUG GameApplication      - Loading localizations
19:31:16.222 [FXGL Background Thread 1 ] DEBUG AssetLoaderService   - Loading from file system: /assets/properties/languages/english.properties
19:31:16.223 [FXGL Background Thread 1 ] DEBUG AssetLoaderService   - Loading from file system: /assets/properties/languages/french.properties
19:31:16.223 [FXGL Background Thread 1 ] DEBUG AssetLoaderService   - Loading from file system: /assets/properties/languages/german.properties
19:31:16.225 [FXGL Background Thread 1 ] DEBUG AssetLoaderService   - Loading from file system: /assets/properties/languages/hungarian.properties
19:31:16.226 [FXGL Background Thread 1 ] DEBUG AssetLoaderService   - Loading from file system: /assets/properties/languages/russian.properties
19:31:16.227 [FXGL Background Thread 1 ] DEBUG GameApplication      - Registering font factories with UI factory
19:31:16.227 [FXGL Background Thread 1 ] DEBUG AssetLoaderService   - Loading from file system: /assets/ui/fonts/VarelaRound-Regular.ttf
19:31:16.263 [FXGL Background Thread 1 ] DEBUG AssetLoaderService   - Loading from file system: /assets/ui/fonts/Abel-Regular.ttf
19:31:16.266 [FXGL Background Thread 1 ] DEBUG AssetLoaderService   - Loading from file system: /assets/ui/fonts/lucida_console.ttf
19:31:16.270 [FXGL Background Thread 1 ] DEBUG AssetLoaderService   - Loading from file system: /assets/ui/fonts/Courier-Prime.ttf
19:31:16.274 [JavaFX Application Thread] DEBUG Input                - Registered new binding: moveLeft - A
19:31:16.274 [JavaFX Application Thread] DEBUG Input                - Registered new binding: moveRight - D
19:31:16.274 [JavaFX Application Thread] DEBUG Input                - Registered new binding: moveUp - Space
19:31:16.274 [JavaFX Application Thread] DEBUG AssetLoaderService   - Loading from file system: /assets/textures/fxgl_icon.png
19:31:16.287 [JavaFX Application Thread] DEBUG AssetLoaderService   - Loading from file system: /assets/ui/cursors/fxgl_default.png
19:31:16.289 [JavaFX Application Thread] DEBUG Input                - Registered new binding: Screenshot - P
19:31:16.289 [JavaFX Application Thread] DEBUG Input                - Registered new binding: System info dump - CTRL+9
19:31:16.289 [JavaFX Application Thread] DEBUG Input                - Registered new binding: Restart - CTRL+R
19:31:16.290 [JavaFX Application Thread] DEBUG LoopRunner           - Starting loop
19:31:16.312 [JavaFX Application Thread] DEBUG FXGLStartupScene     - STARTUP
19:31:16.312 [JavaFX Application Thread] DEBUG WindowService        - Starting new game
19:31:16.314 [JavaFX Application Thread] DEBUG Input                - Clearing active input actions
19:31:16.321 [JavaFX Application Thread] DEBUG WindowService        - Removing overlay from FXGLStartupScene and adding to FXGLLoadingScene
19:31:16.321 [JavaFX Application Thread] DEBUG MainWindow           - FXGLStartupScene -> FXGLLoadingScene
19:31:16.321 [JavaFX Application Thread] DEBUG WindowService        - Clearing previous game
19:31:16.321 [JavaFX Application Thread] DEBUG GameScene            - Clearing game scene
19:31:16.321 [JavaFX Application Thread] DEBUG GameWorld            - Clearing game world
19:31:16.321 [JavaFX Application Thread] DEBUG PhysicsWorld         - Clearing physics world
19:31:16.322 [FXGL Background Thread 1 ] DEBUG GameApplication      - Initializing game
19:31:16.328 [FXGL Background Thread 1 ] DEBUG AssetLoaderService   - Loading from file system: /assets/levels/0.txt
19:31:16.373 [FXGL Background Thread 1 ] DEBUG GameWorld            - Clearing removable entities
19:31:16.374 [FXGL Background Thread 1 ] DEBUG GameWorld            - Setting level: com.almasb.fxgl.entity.level.Level@8f4394e
19:31:16.404 [FXGL Background Thread 1 ] DEBUG AssetLoaderService   - Loading from file system: /assets/textures/gun.png
19:31:16.406 [FXGL Background Thread 1 ] INFO  GameApplication      - Game initialization took: 0.084 sec
19:31:16.416 [JavaFX Application Thread] DEBUG Input                - Clearing active input actions
19:31:16.443 [JavaFX Application Thread] DEBUG WindowService        - Removing overlay from FXGLLoadingScene and adding to GameScene
19:31:16.444 [JavaFX Application Thread] DEBUG MainWindow           - FXGLLoadingScene -> GameScene
19:31:19.222 [FXGL Background Thread 2 ] DEBUG Engine               - Logging environment variables
19:31:19.222 [FXGL Background Thread 2 ] DEBUG Engine               - achievements: []
19:31:19.222 [FXGL Background Thread 2 ] DEBUG Engine               - language: ObjectProperty [value: ENGLISH]
19:31:19.222 [FXGL Background Thread 2 ] DEBUG Engine               - isCloseConfirmation: false
19:31:19.222 [FXGL Background Thread 2 ] DEBUG Engine               - isProfilingEnabled: false
19:31:19.222 [FXGL Background Thread 2 ] DEBUG Engine               - soundNotification: core/notification.wav
19:31:19.222 [FXGL Background Thread 2 ] DEBUG Engine               - devShowBBoxProperty: BooleanProperty [value: false]
19:31:19.222 [FXGL Background Thread 2 ] DEBUG Engine               - pixelsPerMeter: 50.0
19:31:19.222 [FXGL Background Thread 2 ] DEBUG Engine               - appIcon: fxgl_icon.png
19:31:19.223 [FXGL Background Thread 2 ] DEBUG Engine               - soundMenuBack: menu/back.wav
19:31:19.223 [FXGL Background Thread 2 ] DEBUG Engine               - isFullScreenAllowed: false
19:31:19.223 [FXGL Background Thread 2 ] DEBUG Engine               - isIntroEnabled: false
19:31:19.223 [FXGL Background Thread 2 ] DEBUG Engine               - fontMono: lucida_console.ttf
19:31:19.223 [FXGL Background Thread 2 ] DEBUG Engine               - soundMenuSelect: menu/select.wav
19:31:19.223 [FXGL Background Thread 2 ] DEBUG Engine               - isWindows: true
19:31:19.223 [FXGL Background Thread 2 ] DEBUG Engine               - isMobile: false
19:31:19.223 [FXGL Background Thread 2 ] DEBUG Engine               - isUserProfileEnabled: false
19:31:19.223 [FXGL Background Thread 2 ] DEBUG Engine               - height: 600
19:31:19.223 [FXGL Background Thread 2 ] DEBUG Engine               - isExperimentalNative: false
19:31:19.223 [FXGL Background Thread 2 ] DEBUG Engine               - settings: Title: BlasterBoy
Version: 0.1
Width: 600
Height: 600
Fullscreen: false
Intro: false
Menus: false
Profiling: false
Single step:false
App Mode: DEVELOPER
Menu Key: ESCAPE
Stage Style: DECORATED
Scene Factory: class com.almasb.fxgl.app.scene.SceneFactory

19:31:19.223 [FXGL Background Thread 2 ] DEBUG Engine               - isSingleStep: false
19:31:19.223 [FXGL Background Thread 2 ] DEBUG Engine               - cSSList: [fxgl_dark.css]
19:31:19.223 [FXGL Background Thread 2 ] DEBUG Engine               - fontGame: Abel-Regular.ttf
19:31:19.223 [FXGL Background Thread 2 ] DEBUG Engine               - menuKey: ESCAPE
19:31:19.223 [FXGL Background Thread 2 ] DEBUG Engine               - devShowPositionProperty: BooleanProperty [value: false]
19:31:19.223 [FXGL Background Thread 2 ] DEBUG Engine               - versionCheckDays: 7
19:31:19.223 [FXGL Background Thread 2 ] DEBUG Engine               - configClass: Optional.empty
19:31:19.224 [FXGL Background Thread 2 ] DEBUG Engine               - isFullScreenFromStart: false
19:31:19.224 [FXGL Background Thread 2 ] DEBUG Engine               - version: 0.1
19:31:19.224 [FXGL Background Thread 2 ] DEBUG Engine               - fullScreen: BooleanProperty [value: false]
19:31:19.224 [FXGL Background Thread 2 ] DEBUG Engine               - randomSeed: -1
19:31:19.224 [FXGL Background Thread 2 ] DEBUG Engine               - gameDifficultyProperty: ObjectProperty [value: MEDIUM]
19:31:19.224 [FXGL Background Thread 2 ] DEBUG Engine               - applicationMode: DEVELOPER
19:31:19.224 [FXGL Background Thread 2 ] DEBUG Engine               - isMac: false
19:31:19.224 [FXGL Background Thread 2 ] DEBUG Engine               - isMenuEnabled: false
19:31:19.224 [FXGL Background Thread 2 ] DEBUG Engine               - urlPOM: https://raw.githubusercontent.com/AlmasB/FXGL/master/pom.xml
19:31:19.224 [FXGL Background Thread 2 ] DEBUG Engine               - profileName: StringProperty [value: DEFAULT]
19:31:19.224 [FXGL Background Thread 2 ] DEBUG Engine               - notificationViewClass: class com.almasb.fxgl.notification.view.XboxNotificationView
19:31:19.224 [FXGL Background Thread 2 ] DEBUG Engine               - devSensorColorProperty: ObjectProperty [value: 0xffff00ff]
19:31:19.225 [FXGL Background Thread 2 ] DEBUG Engine               - sceneFactory: com.almasb.fxgl.app.scene.SceneFactory@4d4c0e88
19:31:19.225 [FXGL Background Thread 2 ] DEBUG Engine               - stageStyle: DECORATED
19:31:19.225 [FXGL Background Thread 2 ] DEBUG Engine               - isManualResizeEnabled: false
19:31:19.225 [FXGL Background Thread 2 ] DEBUG Engine               - title: BlasterBoy
19:31:19.225 [FXGL Background Thread 2 ] DEBUG Engine               - platform: WINDOWS
19:31:19.225 [FXGL Background Thread 2 ] DEBUG Engine               - devBBoxColorProperty: ObjectProperty [value: 0xff0000ff]
19:31:19.225 [FXGL Background Thread 2 ] DEBUG Engine               - gameDifficulty: MEDIUM
19:31:19.225 [FXGL Background Thread 2 ] DEBUG Engine               - isDesktop: true
19:31:19.225 [FXGL Background Thread 2 ] DEBUG Engine               - supportedLanguages: [ENGLISH, FRENCH, GERMAN, HUNGARIAN, RUSSIAN]
19:31:19.225 [FXGL Background Thread 2 ] DEBUG Engine               - globalMusicVolumeProperty: DoubleProperty [value: 0.5]
19:31:19.225 [FXGL Background Thread 2 ] DEBUG Engine               - credits: []
19:31:19.225 [FXGL Background Thread 2 ] DEBUG Engine               - isPreserveResizeRatio: false
19:31:19.225 [FXGL Background Thread 2 ] DEBUG Engine               - fontText: Courier-Prime.ttf
19:31:19.225 [FXGL Background Thread 2 ] DEBUG Engine               - isExperimentalTiledLargeMap: false
19:31:19.225 [FXGL Background Thread 2 ] DEBUG Engine               - secondsIn24h: 60
19:31:19.225 [FXGL Background Thread 2 ] DEBUG Engine               - runtimeInfo: RuntimeInfo(platform=WINDOWS, version=11.8, build=08.03.2020 09.09)
19:31:19.225 [FXGL Background Thread 2 ] DEBUG Engine               - isLinux: false
19:31:19.225 [FXGL Background Thread 2 ] DEBUG Engine               - soundMenuPress: menu/press.wav
19:31:19.226 [FXGL Background Thread 2 ] DEBUG Engine               - urlGithub: https://github.com/AlmasB/FXGL
19:31:19.226 [FXGL Background Thread 2 ] DEBUG Engine               - profileDir: profiles/
19:31:19.226 [FXGL Background Thread 2 ] DEBUG Engine               - isDeveloperMenuEnabled: false
19:31:19.226 [FXGL Background Thread 2 ] DEBUG Engine               - globalSoundVolumeProperty: DoubleProperty [value: 0.5]
19:31:19.226 [FXGL Background Thread 2 ] DEBUG Engine               - mainWindow: com.almasb.fxgl.app.MainWindow@497383f9
19:31:19.226 [FXGL Background Thread 2 ] DEBUG Engine               - isBrowser: false
19:31:19.226 [FXGL Background Thread 2 ] DEBUG Engine               - urlLeaderboard: http://fxgl-top.herokuapp.com/
19:31:19.226 [FXGL Background Thread 2 ] DEBUG Engine               - globalSoundVolume: 0.5
19:31:19.226 [FXGL Background Thread 2 ] DEBUG Engine               - engineServices: [class com.almasb.fxgl.app.GameApplication$GameApplicationService, class com.almasb.fxgl.app.services.WindowService, class com.almasb.fxgl.app.services.FXGLDialogService, class com.almasb.fxgl.app.services.IOTaskExecutorService, class com.almasb.fxgl.event.EventBusService, class com.almasb.fxgl.io.FileSystemService, class com.almasb.fxgl.localization.LocalizationService, class com.almasb.fxgl.app.services.AssetLoaderService, class com.almasb.fxgl.app.services.SystemBundleService, class com.almasb.fxgl.profile.SaveLoadService, class com.almasb.fxgl.ui.FXGLUIFactoryServiceProvider, class com.almasb.fxgl.ui.FXGLDialogFactoryServiceProvider, class com.almasb.fxgl.audio.AudioPlayer, class com.almasb.fxgl.notification.impl.NotificationServiceProvider, class com.almasb.fxgl.achievement.AchievementService, class com.almasb.fxgl.cutscene.CutsceneService, class com.almasb.fxgl.minigames.MiniGameService, class com.almasb.fxgl.net.NetService, class com.almasb.fxgl.app.services.UpdaterService]
19:31:19.226 [FXGL Background Thread 2 ] DEBUG Engine               - globalMusicVolume: 0.5
19:31:19.226 [FXGL Background Thread 2 ] DEBUG Engine               - width: 600
19:31:19.226 [FXGL Background Thread 2 ] DEBUG Engine               - saveFileExt: sav
19:31:19.226 [FXGL Background Thread 2 ] DEBUG Engine               - isAndroid: false
19:31:19.226 [FXGL Background Thread 2 ] DEBUG Engine               - fontUI: VarelaRound-Regular.ttf
19:31:19.227 [FXGL Background Thread 2 ] DEBUG Engine               - enabledMenuItems: []
19:31:19.227 [FXGL Background Thread 2 ] DEBUG Engine               - isIOS: false
19:31:19.227 [FXGL Background Thread 2 ] DEBUG Engine               - Logging services
19:31:19.227 [FXGL Background Thread 2 ] DEBUG Engine               - class com.almasb.fxgl.app.GameApplication$GameApplicationService
19:31:19.227 [FXGL Background Thread 2 ] DEBUG Engine               - class com.almasb.fxgl.app.services.WindowService
19:31:19.227 [FXGL Background Thread 2 ] DEBUG Engine               - class com.almasb.fxgl.app.services.FXGLDialogService
19:31:19.227 [FXGL Background Thread 2 ] DEBUG Engine               - class com.almasb.fxgl.app.services.IOTaskExecutorService
19:31:19.227 [FXGL Background Thread 2 ] DEBUG Engine               - class com.almasb.fxgl.event.EventBusService
19:31:19.227 [FXGL Background Thread 2 ] DEBUG Engine               - class com.almasb.fxgl.io.FileSystemService
19:31:19.227 [FXGL Background Thread 2 ] DEBUG Engine               - class com.almasb.fxgl.localization.LocalizationService
19:31:19.227 [FXGL Background Thread 2 ] DEBUG Engine               - class com.almasb.fxgl.app.services.AssetLoaderService
19:31:19.227 [FXGL Background Thread 2 ] DEBUG Engine               - class com.almasb.fxgl.app.services.SystemBundleService
19:31:19.227 [FXGL Background Thread 2 ] DEBUG Engine               - class com.almasb.fxgl.profile.SaveLoadService
19:31:19.227 [FXGL Background Thread 2 ] DEBUG Engine               - class com.almasb.fxgl.ui.FXGLUIFactoryServiceProvider
19:31:19.227 [FXGL Background Thread 2 ] DEBUG Engine               - class com.almasb.fxgl.ui.FXGLDialogFactoryServiceProvider
19:31:19.228 [FXGL Background Thread 2 ] DEBUG Engine               - class com.almasb.fxgl.audio.AudioPlayer
19:31:19.228 [FXGL Background Thread 2 ] DEBUG Engine               - class com.almasb.fxgl.notification.impl.NotificationServiceProvider
19:31:19.228 [FXGL Background Thread 2 ] DEBUG Engine               - class com.almasb.fxgl.achievement.AchievementService
19:31:19.228 [FXGL Background Thread 2 ] DEBUG Engine               - class com.almasb.fxgl.cutscene.CutsceneService
19:31:19.228 [FXGL Background Thread 2 ] DEBUG Engine               - class com.almasb.fxgl.minigames.MiniGameService
19:31:19.228 [FXGL Background Thread 2 ] DEBUG Engine               - class com.almasb.fxgl.net.NetService
19:31:19.228 [FXGL Background Thread 2 ] DEBUG Engine               - class com.almasb.fxgl.app.services.UpdaterService
19:31:41.026 [JavaFX Application Thread] DEBUG GameApplication      - Exiting FXGL
19:31:41.026 [JavaFX Application Thread] DEBUG LoopRunner           - Stopping loop
19:31:41.026 [JavaFX Application Thread] DEBUG SystemBundleService  - Saving FXGL system data
19:31:41.027 [JavaFX Application Thread] DEBUG FileSystemAccess     - Writing to: C:\Users\lucas\IdeaProjects\BlasterBoy\system\fxgl.bundle
19:31:41.029 [JavaFX Application Thread] DEBUG GameApplication      - Shutting down background threads
19:31:41.029 [JavaFX Application Thread] DEBUG GameApplication      - Closing logger and exiting JavaFX
