17:53:47.995 [AWT-EventQueue-0         ] DEBUG GameApplication      - Logger initialized
17:53:47.997 [AWT-EventQueue-0         ] DEBUG GameApplication      - Logging settings
Title: BlasterBoy
Version: 0.1
Width: 1200
Height: 1200
Fullscreen: false
Intro: false
Menus: false
Profiling: false
Single step:false
App Mode: DEVELOPER
Menu Key: ESCAPE
Stage Style: DECORATED
Scene Factory: class com.almasb.fxgl.app.scene.SceneFactory

17:53:48.280 [JavaFX Application Thread] DEBUG GameApplication      - Initializing FXGL
17:53:48.287 [JavaFX Application Thread] INFO  Engine               - FXGL-11.8 (08.03.2020 09.09) on WINDOWS (J:14.0.1 FX:13.0.2)
17:53:48.288 [JavaFX Application Thread] INFO  Engine               - Source code and latest versions at: https://github.com/AlmasB/FXGL
17:53:48.288 [JavaFX Application Thread] INFO  Engine               -              Join the FXGL chat at: https://gitter.im/AlmasB/FXGL
17:53:48.377 [JavaFX Application Thread] DEBUG MainWindow           - Creating a JavaFX scene
17:53:48.416 [JavaFX Application Thread] DEBUG MainWindow           - Target settings size: 1200.0 x 1200.0
17:53:48.416 [JavaFX Application Thread] DEBUG MainWindow           - Scaled scene size:    1200.0 x 1200.0
17:53:48.416 [JavaFX Application Thread] DEBUG MainWindow           - Scaled ratio: (1.0, 1.0)
17:53:48.417 [JavaFX Application Thread] DEBUG MainWindow           - Set initial scene to FXGLStartupScene
17:53:48.422 [JavaFX Application Thread] DEBUG MainWindow           - Opening main window
17:53:48.495 [JavaFX Application Thread] DEBUG MainWindow           - Window border size: (16.0, 39.0)
17:53:48.495 [JavaFX Application Thread] DEBUG MainWindow           - Scaled size: 1200.0 x 1200.0
17:53:48.496 [JavaFX Application Thread] DEBUG MainWindow           - Scaled ratio: (1.0, 1.0)
17:53:48.496 [JavaFX Application Thread] DEBUG MainWindow           - Scene size: 1200.0 x 1200.0
17:53:48.496 [JavaFX Application Thread] DEBUG MainWindow           - Stage size: 1216.0 x 1239.0
17:53:48.503 [FXGL Background Thread 1 ] DEBUG Engine               - Initializing environment variables
17:53:48.522 [FXGL Background Thread 1 ] DEBUG WindowService        - Applying CSS: fxgl_dark.css
17:53:48.523 [FXGL Background Thread 1 ] DEBUG AssetLoaderService   - Loading from file system: /assets/ui/css/fxgl_dark.css
17:53:48.565 [FXGL Background Thread 1 ] DEBUG WindowService        - Initializing application scenes
17:53:48.589 [FXGL Background Thread 1 ] DEBUG GameWorld            - Game world initialized
17:53:48.621 [FXGL Background Thread 1 ] DEBUG PhysicsWorld         - Physics world initialized: appHeight=1200, physics.ppm=50.0
17:53:48.622 [FXGL Background Thread 1 ] DEBUG GameScene            - Game scene initialized: 1200x1200
17:53:48.628 [FXGL Background Thread 1 ] DEBUG Input                - Registered new binding: Resume - Esc
17:53:48.633 [FXGL Background Thread 1 ] DEBUG AssetLoaderService   - Loading from file system: /assets/textures/pause_menu_bg.png
17:53:48.669 [FXGL Background Thread 1 ] DEBUG Input                - Registered new binding: Pause - Esc
17:53:48.670 [FXGL Background Thread 1 ] DEBUG WindowService        - Application scenes initialized
17:53:48.677 [FXGL Background Thread 1 ] DEBUG SystemBundleService  - Loading FXGL system data
17:53:48.679 [FXGL Background Thread 1 ] DEBUG FileSystemAccess     - Reading from: C:\Users\lucas\IdeaProjects\BlasterBoy\system\fxgl.bundle
17:53:48.684 [FXGL Background Thread 1 ] DEBUG SystemBundleService  - Bundle FXGL: {}
17:53:48.684 [FXGL Background Thread 1 ] INFO  Engine               - FXGL initialization took: 0.180 sec
17:53:48.685 [FXGL Background Thread 1 ] DEBUG GameApplication      - Loading localizations
17:53:48.686 [FXGL Background Thread 1 ] DEBUG AssetLoaderService   - Loading from file system: /assets/properties/languages/english.properties
17:53:48.687 [FXGL Background Thread 1 ] DEBUG AssetLoaderService   - Loading from file system: /assets/properties/languages/french.properties
17:53:48.688 [FXGL Background Thread 1 ] DEBUG AssetLoaderService   - Loading from file system: /assets/properties/languages/german.properties
17:53:48.688 [FXGL Background Thread 1 ] DEBUG AssetLoaderService   - Loading from file system: /assets/properties/languages/hungarian.properties
17:53:48.689 [FXGL Background Thread 1 ] DEBUG AssetLoaderService   - Loading from file system: /assets/properties/languages/russian.properties
17:53:48.690 [FXGL Background Thread 1 ] DEBUG GameApplication      - Registering font factories with UI factory
17:53:48.690 [FXGL Background Thread 1 ] DEBUG AssetLoaderService   - Loading from file system: /assets/ui/fonts/VarelaRound-Regular.ttf
17:53:48.728 [FXGL Background Thread 1 ] DEBUG AssetLoaderService   - Loading from file system: /assets/ui/fonts/Abel-Regular.ttf
17:53:48.730 [FXGL Background Thread 1 ] DEBUG AssetLoaderService   - Loading from file system: /assets/ui/fonts/lucida_console.ttf
17:53:48.734 [FXGL Background Thread 1 ] DEBUG AssetLoaderService   - Loading from file system: /assets/ui/fonts/Courier-Prime.ttf
17:53:48.738 [JavaFX Application Thread] DEBUG Input                - Registered new binding: Launch - Space
17:53:48.738 [JavaFX Application Thread] DEBUG AssetLoaderService   - Loading from file system: /assets/textures/fxgl_icon.png
17:53:48.752 [JavaFX Application Thread] DEBUG AssetLoaderService   - Loading from file system: /assets/ui/cursors/fxgl_default.png
17:53:48.754 [JavaFX Application Thread] DEBUG Input                - Registered new binding: Screenshot - P
17:53:48.754 [JavaFX Application Thread] DEBUG Input                - Registered new binding: System info dump - CTRL+9
17:53:48.754 [JavaFX Application Thread] DEBUG Input                - Registered new binding: Restart - CTRL+R
17:53:48.755 [JavaFX Application Thread] DEBUG LoopRunner           - Starting loop
17:53:48.769 [JavaFX Application Thread] DEBUG FXGLStartupScene     - STARTUP
17:53:48.769 [JavaFX Application Thread] DEBUG WindowService        - Starting new game
17:53:48.772 [JavaFX Application Thread] DEBUG Input                - Clearing active input actions
17:53:48.783 [JavaFX Application Thread] DEBUG WindowService        - Removing overlay from FXGLStartupScene and adding to FXGLLoadingScene
17:53:48.784 [JavaFX Application Thread] DEBUG MainWindow           - FXGLStartupScene -> FXGLLoadingScene
17:53:48.784 [JavaFX Application Thread] DEBUG WindowService        - Clearing previous game
17:53:48.784 [JavaFX Application Thread] DEBUG GameScene            - Clearing game scene
17:53:48.784 [JavaFX Application Thread] DEBUG GameWorld            - Clearing game world
17:53:48.784 [JavaFX Application Thread] DEBUG PhysicsWorld         - Clearing physics world
17:53:48.785 [FXGL Background Thread 1 ] DEBUG GameApplication      - Initializing game
17:53:48.798 [FXGL Background Thread 1 ] DEBUG AssetLoaderService   - Loading from file system: /assets/levels/0.txt
17:53:48.845 [FXGL Background Thread 1 ] DEBUG GameWorld            - Clearing removable entities
17:53:48.846 [FXGL Background Thread 1 ] DEBUG GameWorld            - Setting level: com.almasb.fxgl.entity.level.Level@22daa402
17:53:48.869 [FXGL Background Thread 1 ] DEBUG AssetLoaderService   - Loading from file system: /assets/textures/player.png
17:53:48.877 [FXGL Background Thread 1 ] DEBUG AssetLoaderService   - Loading from file system: /assets/textures/gun.png
17:53:48.880 [FXGL Background Thread 1 ] INFO  GameApplication      - Game initialization took: 0.095 sec
17:53:48.893 [JavaFX Application Thread] DEBUG Input                - Clearing active input actions
17:53:48.922 [JavaFX Application Thread] DEBUG WindowService        - Removing overlay from FXGLLoadingScene and adding to GameScene
17:53:48.923 [JavaFX Application Thread] DEBUG MainWindow           - FXGLLoadingScene -> GameScene
17:53:51.686 [FXGL Background Thread 2 ] DEBUG Engine               - Logging environment variables
17:53:51.686 [FXGL Background Thread 2 ] DEBUG Engine               - achievements: []
17:53:51.686 [FXGL Background Thread 2 ] DEBUG Engine               - language: ObjectProperty [value: ENGLISH]
17:53:51.686 [FXGL Background Thread 2 ] DEBUG Engine               - isCloseConfirmation: false
17:53:51.686 [FXGL Background Thread 2 ] DEBUG Engine               - isProfilingEnabled: false
17:53:51.687 [FXGL Background Thread 2 ] DEBUG Engine               - soundNotification: core/notification.wav
17:53:51.687 [FXGL Background Thread 2 ] DEBUG Engine               - devShowBBoxProperty: BooleanProperty [value: false]
17:53:51.687 [FXGL Background Thread 2 ] DEBUG Engine               - pixelsPerMeter: 50.0
17:53:51.687 [FXGL Background Thread 2 ] DEBUG Engine               - appIcon: fxgl_icon.png
17:53:51.687 [FXGL Background Thread 2 ] DEBUG Engine               - soundMenuBack: menu/back.wav
17:53:51.687 [FXGL Background Thread 2 ] DEBUG Engine               - isFullScreenAllowed: false
17:53:51.687 [FXGL Background Thread 2 ] DEBUG Engine               - isIntroEnabled: false
17:53:51.687 [FXGL Background Thread 2 ] DEBUG Engine               - fontMono: lucida_console.ttf
17:53:51.687 [FXGL Background Thread 2 ] DEBUG Engine               - soundMenuSelect: menu/select.wav
17:53:51.687 [FXGL Background Thread 2 ] DEBUG Engine               - isWindows: true
17:53:51.687 [FXGL Background Thread 2 ] DEBUG Engine               - isMobile: false
17:53:51.687 [FXGL Background Thread 2 ] DEBUG Engine               - isUserProfileEnabled: false
17:53:51.687 [FXGL Background Thread 2 ] DEBUG Engine               - height: 1200
17:53:51.687 [FXGL Background Thread 2 ] DEBUG Engine               - isExperimentalNative: false
17:53:51.687 [FXGL Background Thread 2 ] DEBUG Engine               - settings: Title: BlasterBoy
Version: 0.1
Width: 1200
Height: 1200
Fullscreen: false
Intro: false
Menus: false
Profiling: false
Single step:false
App Mode: DEVELOPER
Menu Key: ESCAPE
Stage Style: DECORATED
Scene Factory: class com.almasb.fxgl.app.scene.SceneFactory

17:53:51.687 [FXGL Background Thread 2 ] DEBUG Engine               - isSingleStep: false
17:53:51.687 [FXGL Background Thread 2 ] DEBUG Engine               - cSSList: [fxgl_dark.css]
17:53:51.687 [FXGL Background Thread 2 ] DEBUG Engine               - fontGame: Abel-Regular.ttf
17:53:51.688 [FXGL Background Thread 2 ] DEBUG Engine               - menuKey: ESCAPE
17:53:51.688 [FXGL Background Thread 2 ] DEBUG Engine               - devShowPositionProperty: BooleanProperty [value: false]
17:53:51.688 [FXGL Background Thread 2 ] DEBUG Engine               - versionCheckDays: 7
17:53:51.688 [FXGL Background Thread 2 ] DEBUG Engine               - configClass: Optional.empty
17:53:51.688 [FXGL Background Thread 2 ] DEBUG Engine               - isFullScreenFromStart: false
17:53:51.688 [FXGL Background Thread 2 ] DEBUG Engine               - version: 0.1
17:53:51.688 [FXGL Background Thread 2 ] DEBUG Engine               - fullScreen: BooleanProperty [value: false]
17:53:51.688 [FXGL Background Thread 2 ] DEBUG Engine               - randomSeed: -1
17:53:51.688 [FXGL Background Thread 2 ] DEBUG Engine               - gameDifficultyProperty: ObjectProperty [value: MEDIUM]
17:53:51.688 [FXGL Background Thread 2 ] DEBUG Engine               - applicationMode: DEVELOPER
17:53:51.688 [FXGL Background Thread 2 ] DEBUG Engine               - isMac: false
17:53:51.688 [FXGL Background Thread 2 ] DEBUG Engine               - isMenuEnabled: false
17:53:51.688 [FXGL Background Thread 2 ] DEBUG Engine               - urlPOM: https://raw.githubusercontent.com/AlmasB/FXGL/master/pom.xml
17:53:51.688 [FXGL Background Thread 2 ] DEBUG Engine               - profileName: StringProperty [value: DEFAULT]
17:53:51.688 [FXGL Background Thread 2 ] DEBUG Engine               - notificationViewClass: class com.almasb.fxgl.notification.view.XboxNotificationView
17:53:51.688 [FXGL Background Thread 2 ] DEBUG Engine               - devSensorColorProperty: ObjectProperty [value: 0xffff00ff]
17:53:51.689 [FXGL Background Thread 2 ] DEBUG Engine               - sceneFactory: com.almasb.fxgl.app.scene.SceneFactory@7875a373
17:53:51.689 [FXGL Background Thread 2 ] DEBUG Engine               - stageStyle: DECORATED
17:53:51.689 [FXGL Background Thread 2 ] DEBUG Engine               - isManualResizeEnabled: false
17:53:51.689 [FXGL Background Thread 2 ] DEBUG Engine               - title: BlasterBoy
17:53:51.689 [FXGL Background Thread 2 ] DEBUG Engine               - platform: WINDOWS
17:53:51.689 [FXGL Background Thread 2 ] DEBUG Engine               - devBBoxColorProperty: ObjectProperty [value: 0xff0000ff]
17:53:51.689 [FXGL Background Thread 2 ] DEBUG Engine               - gameDifficulty: MEDIUM
17:53:51.689 [FXGL Background Thread 2 ] DEBUG Engine               - isDesktop: true
17:53:51.689 [FXGL Background Thread 2 ] DEBUG Engine               - supportedLanguages: [ENGLISH, FRENCH, GERMAN, HUNGARIAN, RUSSIAN]
17:53:51.689 [FXGL Background Thread 2 ] DEBUG Engine               - globalMusicVolumeProperty: DoubleProperty [value: 0.5]
17:53:51.689 [FXGL Background Thread 2 ] DEBUG Engine               - credits: []
17:53:51.689 [FXGL Background Thread 2 ] DEBUG Engine               - isPreserveResizeRatio: false
17:53:51.689 [FXGL Background Thread 2 ] DEBUG Engine               - fontText: Courier-Prime.ttf
17:53:51.689 [FXGL Background Thread 2 ] DEBUG Engine               - isExperimentalTiledLargeMap: false
17:53:51.689 [FXGL Background Thread 2 ] DEBUG Engine               - secondsIn24h: 60
17:53:51.689 [FXGL Background Thread 2 ] DEBUG Engine               - runtimeInfo: RuntimeInfo(platform=WINDOWS, version=11.8, build=08.03.2020 09.09)
17:53:51.689 [FXGL Background Thread 2 ] DEBUG Engine               - isLinux: false
17:53:51.689 [FXGL Background Thread 2 ] DEBUG Engine               - soundMenuPress: menu/press.wav
17:53:51.690 [FXGL Background Thread 2 ] DEBUG Engine               - urlGithub: https://github.com/AlmasB/FXGL
17:53:51.690 [FXGL Background Thread 2 ] DEBUG Engine               - profileDir: profiles/
17:53:51.690 [FXGL Background Thread 2 ] DEBUG Engine               - isDeveloperMenuEnabled: false
17:53:51.690 [FXGL Background Thread 2 ] DEBUG Engine               - globalSoundVolumeProperty: DoubleProperty [value: 0.5]
17:53:51.690 [FXGL Background Thread 2 ] DEBUG Engine               - mainWindow: com.almasb.fxgl.app.MainWindow@7c4a38a5
17:53:51.690 [FXGL Background Thread 2 ] DEBUG Engine               - isBrowser: false
17:53:51.690 [FXGL Background Thread 2 ] DEBUG Engine               - globalSoundVolume: 0.5
17:53:51.690 [FXGL Background Thread 2 ] DEBUG Engine               - urlLeaderboard: http://fxgl-top.herokuapp.com/
17:53:51.690 [FXGL Background Thread 2 ] DEBUG Engine               - engineServices: [class com.almasb.fxgl.app.GameApplication$GameApplicationService, class com.almasb.fxgl.app.services.WindowService, class com.almasb.fxgl.app.services.FXGLDialogService, class com.almasb.fxgl.app.services.IOTaskExecutorService, class com.almasb.fxgl.event.EventBusService, class com.almasb.fxgl.io.FileSystemService, class com.almasb.fxgl.localization.LocalizationService, class com.almasb.fxgl.app.services.AssetLoaderService, class com.almasb.fxgl.app.services.SystemBundleService, class com.almasb.fxgl.profile.SaveLoadService, class com.almasb.fxgl.ui.FXGLUIFactoryServiceProvider, class com.almasb.fxgl.ui.FXGLDialogFactoryServiceProvider, class com.almasb.fxgl.audio.AudioPlayer, class com.almasb.fxgl.notification.impl.NotificationServiceProvider, class com.almasb.fxgl.achievement.AchievementService, class com.almasb.fxgl.cutscene.CutsceneService, class com.almasb.fxgl.minigames.MiniGameService, class com.almasb.fxgl.net.NetService, class com.almasb.fxgl.app.services.UpdaterService]
17:53:51.690 [FXGL Background Thread 2 ] DEBUG Engine               - globalMusicVolume: 0.5
17:53:51.690 [FXGL Background Thread 2 ] DEBUG Engine               - width: 1200
17:53:51.690 [FXGL Background Thread 2 ] DEBUG Engine               - saveFileExt: sav
17:53:51.690 [FXGL Background Thread 2 ] DEBUG Engine               - isAndroid: false
17:53:51.690 [FXGL Background Thread 2 ] DEBUG Engine               - fontUI: VarelaRound-Regular.ttf
17:53:51.690 [FXGL Background Thread 2 ] DEBUG Engine               - enabledMenuItems: []
17:53:51.690 [FXGL Background Thread 2 ] DEBUG Engine               - isIOS: false
17:53:51.691 [FXGL Background Thread 2 ] DEBUG Engine               - Logging services
17:53:51.691 [FXGL Background Thread 2 ] DEBUG Engine               - class com.almasb.fxgl.app.GameApplication$GameApplicationService
17:53:51.691 [FXGL Background Thread 2 ] DEBUG Engine               - class com.almasb.fxgl.app.services.WindowService
17:53:51.691 [FXGL Background Thread 2 ] DEBUG Engine               - class com.almasb.fxgl.app.services.FXGLDialogService
17:53:51.691 [FXGL Background Thread 2 ] DEBUG Engine               - class com.almasb.fxgl.app.services.IOTaskExecutorService
17:53:51.691 [FXGL Background Thread 2 ] DEBUG Engine               - class com.almasb.fxgl.event.EventBusService
17:53:51.691 [FXGL Background Thread 2 ] DEBUG Engine               - class com.almasb.fxgl.io.FileSystemService
17:53:51.691 [FXGL Background Thread 2 ] DEBUG Engine               - class com.almasb.fxgl.localization.LocalizationService
17:53:51.691 [FXGL Background Thread 2 ] DEBUG Engine               - class com.almasb.fxgl.app.services.AssetLoaderService
17:53:51.691 [FXGL Background Thread 2 ] DEBUG Engine               - class com.almasb.fxgl.app.services.SystemBundleService
17:53:51.691 [FXGL Background Thread 2 ] DEBUG Engine               - class com.almasb.fxgl.profile.SaveLoadService
17:53:51.691 [FXGL Background Thread 2 ] DEBUG Engine               - class com.almasb.fxgl.ui.FXGLUIFactoryServiceProvider
17:53:51.691 [FXGL Background Thread 2 ] DEBUG Engine               - class com.almasb.fxgl.ui.FXGLDialogFactoryServiceProvider
17:53:51.691 [FXGL Background Thread 2 ] DEBUG Engine               - class com.almasb.fxgl.audio.AudioPlayer
17:53:51.691 [FXGL Background Thread 2 ] DEBUG Engine               - class com.almasb.fxgl.notification.impl.NotificationServiceProvider
17:53:51.691 [FXGL Background Thread 2 ] DEBUG Engine               - class com.almasb.fxgl.achievement.AchievementService
17:53:51.691 [FXGL Background Thread 2 ] DEBUG Engine               - class com.almasb.fxgl.cutscene.CutsceneService
17:53:51.691 [FXGL Background Thread 2 ] DEBUG Engine               - class com.almasb.fxgl.minigames.MiniGameService
17:53:51.691 [FXGL Background Thread 2 ] DEBUG Engine               - class com.almasb.fxgl.net.NetService
17:53:51.691 [FXGL Background Thread 2 ] DEBUG Engine               - class com.almasb.fxgl.app.services.UpdaterService
17:53:52.731 [JavaFX Application Thread] DEBUG GameApplication      - Exiting FXGL
17:53:52.731 [JavaFX Application Thread] DEBUG LoopRunner           - Stopping loop
17:53:52.731 [JavaFX Application Thread] DEBUG SystemBundleService  - Saving FXGL system data
17:53:52.733 [JavaFX Application Thread] DEBUG FileSystemAccess     - Writing to: C:\Users\lucas\IdeaProjects\BlasterBoy\system\fxgl.bundle
17:53:52.734 [JavaFX Application Thread] DEBUG GameApplication      - Shutting down background threads
17:53:52.734 [JavaFX Application Thread] DEBUG GameApplication      - Closing logger and exiting JavaFX
