20:07:06.527 [AWT-EventQueue-0         ] DEBUG GameApplication      - Logger initialized
20:07:06.529 [AWT-EventQueue-0         ] DEBUG GameApplication      - Logging settings
Title: BlasterBoy
Version: 0.1
Width: 600
Height: 600
Fullscreen: false
Intro: false
Menus: false
Profiling: false
Single step:false
App Mode: DEVELOPER
Menu Key: ESCAPE
Stage Style: DECORATED
Scene Factory: class com.almasb.fxgl.app.scene.SceneFactory

20:07:06.804 [JavaFX Application Thread] DEBUG GameApplication      - Initializing FXGL
20:07:06.812 [JavaFX Application Thread] INFO  Engine               - FXGL-11.8 (08.03.2020 09.09) on WINDOWS (J:14.0.1 FX:13.0.2)
20:07:06.813 [JavaFX Application Thread] INFO  Engine               - Source code and latest versions at: https://github.com/AlmasB/FXGL
20:07:06.813 [JavaFX Application Thread] INFO  Engine               -              Join the FXGL chat at: https://gitter.im/AlmasB/FXGL
20:07:06.904 [JavaFX Application Thread] DEBUG MainWindow           - Creating a JavaFX scene
20:07:06.944 [JavaFX Application Thread] DEBUG MainWindow           - Target settings size: 600.0 x 600.0
20:07:06.944 [JavaFX Application Thread] DEBUG MainWindow           - Scaled scene size:    600.0 x 600.0
20:07:06.944 [JavaFX Application Thread] DEBUG MainWindow           - Scaled ratio: (1.0, 1.0)
20:07:06.946 [JavaFX Application Thread] DEBUG MainWindow           - Set initial scene to FXGLStartupScene
20:07:06.951 [JavaFX Application Thread] DEBUG MainWindow           - Opening main window
20:07:07.025 [JavaFX Application Thread] DEBUG MainWindow           - Window border size: (16.0, 39.0)
20:07:07.025 [JavaFX Application Thread] DEBUG MainWindow           - Scaled size: 600.0 x 600.0
20:07:07.025 [JavaFX Application Thread] DEBUG MainWindow           - Scaled ratio: (1.0, 1.0)
20:07:07.025 [JavaFX Application Thread] DEBUG MainWindow           - Scene size: 600.0 x 600.0
20:07:07.025 [JavaFX Application Thread] DEBUG MainWindow           - Stage size: 616.0 x 639.0
20:07:07.032 [FXGL Background Thread 1 ] DEBUG Engine               - Initializing environment variables
20:07:07.053 [FXGL Background Thread 1 ] DEBUG WindowService        - Applying CSS: fxgl_dark.css
20:07:07.053 [FXGL Background Thread 1 ] DEBUG AssetLoaderService   - Loading from file system: /assets/ui/css/fxgl_dark.css
20:07:07.086 [FXGL Background Thread 1 ] DEBUG WindowService        - Initializing application scenes
20:07:07.122 [FXGL Background Thread 1 ] DEBUG GameWorld            - Game world initialized
20:07:07.155 [FXGL Background Thread 1 ] DEBUG PhysicsWorld         - Physics world initialized: appHeight=600, physics.ppm=50.0
20:07:07.156 [FXGL Background Thread 1 ] DEBUG GameScene            - Game scene initialized: 600x600
20:07:07.163 [FXGL Background Thread 1 ] DEBUG Input                - Registered new binding: Resume - Esc
20:07:07.167 [FXGL Background Thread 1 ] DEBUG AssetLoaderService   - Loading from file system: /assets/textures/pause_menu_bg.png
20:07:07.207 [FXGL Background Thread 1 ] DEBUG Input                - Registered new binding: Pause - Esc
20:07:07.207 [FXGL Background Thread 1 ] DEBUG WindowService        - Application scenes initialized
20:07:07.216 [FXGL Background Thread 1 ] DEBUG SystemBundleService  - Loading FXGL system data
20:07:07.218 [FXGL Background Thread 1 ] DEBUG FileSystemAccess     - Reading from: C:\Users\lucas\IdeaProjects\BlasterBoy\system\fxgl.bundle
20:07:07.222 [FXGL Background Thread 1 ] DEBUG SystemBundleService  - Bundle FXGL: {}
20:07:07.222 [FXGL Background Thread 1 ] INFO  Engine               - FXGL initialization took: 0.189 sec
20:07:07.224 [FXGL Background Thread 1 ] DEBUG GameApplication      - Loading localizations
20:07:07.224 [FXGL Background Thread 1 ] DEBUG AssetLoaderService   - Loading from file system: /assets/properties/languages/english.properties
20:07:07.225 [FXGL Background Thread 1 ] DEBUG AssetLoaderService   - Loading from file system: /assets/properties/languages/french.properties
20:07:07.226 [FXGL Background Thread 1 ] DEBUG AssetLoaderService   - Loading from file system: /assets/properties/languages/german.properties
20:07:07.228 [FXGL Background Thread 1 ] DEBUG AssetLoaderService   - Loading from file system: /assets/properties/languages/hungarian.properties
20:07:07.229 [FXGL Background Thread 1 ] DEBUG AssetLoaderService   - Loading from file system: /assets/properties/languages/russian.properties
20:07:07.230 [FXGL Background Thread 1 ] DEBUG GameApplication      - Registering font factories with UI factory
20:07:07.230 [FXGL Background Thread 1 ] DEBUG AssetLoaderService   - Loading from file system: /assets/ui/fonts/VarelaRound-Regular.ttf
20:07:07.269 [FXGL Background Thread 1 ] DEBUG AssetLoaderService   - Loading from file system: /assets/ui/fonts/Abel-Regular.ttf
20:07:07.272 [FXGL Background Thread 1 ] DEBUG AssetLoaderService   - Loading from file system: /assets/ui/fonts/lucida_console.ttf
20:07:07.275 [FXGL Background Thread 1 ] DEBUG AssetLoaderService   - Loading from file system: /assets/ui/fonts/Courier-Prime.ttf
20:07:07.281 [JavaFX Application Thread] DEBUG Input                - Registered new binding: moveLeft - A
20:07:07.281 [JavaFX Application Thread] DEBUG Input                - Registered new binding: moveRight - D
20:07:07.281 [JavaFX Application Thread] DEBUG Input                - Registered new binding: moveUp - Space
20:07:07.281 [JavaFX Application Thread] DEBUG AssetLoaderService   - Loading from file system: /assets/textures/fxgl_icon.png
20:07:07.296 [JavaFX Application Thread] DEBUG AssetLoaderService   - Loading from file system: /assets/ui/cursors/fxgl_default.png
20:07:07.298 [JavaFX Application Thread] DEBUG Input                - Registered new binding: Screenshot - P
20:07:07.298 [JavaFX Application Thread] DEBUG Input                - Registered new binding: System info dump - CTRL+9
20:07:07.299 [JavaFX Application Thread] DEBUG Input                - Registered new binding: Restart - CTRL+R
20:07:07.299 [JavaFX Application Thread] DEBUG LoopRunner           - Starting loop
20:07:07.308 [JavaFX Application Thread] DEBUG FXGLStartupScene     - STARTUP
20:07:07.308 [JavaFX Application Thread] DEBUG WindowService        - Starting new game
20:07:07.311 [JavaFX Application Thread] DEBUG Input                - Clearing active input actions
20:07:07.320 [JavaFX Application Thread] DEBUG WindowService        - Removing overlay from FXGLStartupScene and adding to FXGLLoadingScene
20:07:07.320 [JavaFX Application Thread] DEBUG MainWindow           - FXGLStartupScene -> FXGLLoadingScene
20:07:07.320 [JavaFX Application Thread] DEBUG WindowService        - Clearing previous game
20:07:07.320 [JavaFX Application Thread] DEBUG GameScene            - Clearing game scene
20:07:07.320 [JavaFX Application Thread] DEBUG GameWorld            - Clearing game world
20:07:07.320 [JavaFX Application Thread] DEBUG PhysicsWorld         - Clearing physics world
20:07:07.321 [FXGL Background Thread 1 ] DEBUG GameApplication      - Initializing game
20:07:07.328 [FXGL Background Thread 1 ] DEBUG AssetLoaderService   - Loading from file system: /assets/levels/0.txt
20:07:07.384 [FXGL Background Thread 1 ] DEBUG GameWorld            - Clearing removable entities
20:07:07.384 [FXGL Background Thread 1 ] DEBUG GameWorld            - Setting level: com.almasb.fxgl.entity.level.Level@6246e021
20:07:07.414 [FXGL Background Thread 1 ] DEBUG AssetLoaderService   - Loading from file system: /assets/textures/gun.png
20:07:07.417 [FXGL Background Thread 1 ] INFO  GameApplication      - Game initialization took: 0.096 sec
20:07:07.431 [JavaFX Application Thread] DEBUG Input                - Clearing active input actions
20:07:07.454 [JavaFX Application Thread] DEBUG WindowService        - Removing overlay from FXGLLoadingScene and adding to GameScene
20:07:07.454 [JavaFX Application Thread] DEBUG MainWindow           - FXGLLoadingScene -> GameScene
20:07:10.224 [FXGL Background Thread 2 ] DEBUG Engine               - Logging environment variables
20:07:10.224 [FXGL Background Thread 2 ] DEBUG Engine               - achievements: []
20:07:10.224 [FXGL Background Thread 2 ] DEBUG Engine               - language: ObjectProperty [value: ENGLISH]
20:07:10.224 [FXGL Background Thread 2 ] DEBUG Engine               - isCloseConfirmation: false
20:07:10.224 [FXGL Background Thread 2 ] DEBUG Engine               - isProfilingEnabled: false
20:07:10.224 [FXGL Background Thread 2 ] DEBUG Engine               - soundNotification: core/notification.wav
20:07:10.224 [FXGL Background Thread 2 ] DEBUG Engine               - devShowBBoxProperty: BooleanProperty [value: false]
20:07:10.224 [FXGL Background Thread 2 ] DEBUG Engine               - pixelsPerMeter: 50.0
20:07:10.224 [FXGL Background Thread 2 ] DEBUG Engine               - appIcon: fxgl_icon.png
20:07:10.224 [FXGL Background Thread 2 ] DEBUG Engine               - soundMenuBack: menu/back.wav
20:07:10.224 [FXGL Background Thread 2 ] DEBUG Engine               - isFullScreenAllowed: false
20:07:10.224 [FXGL Background Thread 2 ] DEBUG Engine               - isIntroEnabled: false
20:07:10.225 [FXGL Background Thread 2 ] DEBUG Engine               - fontMono: lucida_console.ttf
20:07:10.225 [FXGL Background Thread 2 ] DEBUG Engine               - soundMenuSelect: menu/select.wav
20:07:10.225 [FXGL Background Thread 2 ] DEBUG Engine               - isWindows: true
20:07:10.225 [FXGL Background Thread 2 ] DEBUG Engine               - isMobile: false
20:07:10.225 [FXGL Background Thread 2 ] DEBUG Engine               - isUserProfileEnabled: false
20:07:10.225 [FXGL Background Thread 2 ] DEBUG Engine               - height: 600
20:07:10.225 [FXGL Background Thread 2 ] DEBUG Engine               - isExperimentalNative: false
20:07:10.225 [FXGL Background Thread 2 ] DEBUG Engine               - settings: Title: BlasterBoy
Version: 0.1
Width: 600
Height: 600
Fullscreen: false
Intro: false
Menus: false
Profiling: false
Single step:false
App Mode: DEVELOPER
Menu Key: ESCAPE
Stage Style: DECORATED
Scene Factory: class com.almasb.fxgl.app.scene.SceneFactory

20:07:10.225 [FXGL Background Thread 2 ] DEBUG Engine               - isSingleStep: false
20:07:10.225 [FXGL Background Thread 2 ] DEBUG Engine               - cSSList: [fxgl_dark.css]
20:07:10.225 [FXGL Background Thread 2 ] DEBUG Engine               - fontGame: Abel-Regular.ttf
20:07:10.225 [FXGL Background Thread 2 ] DEBUG Engine               - menuKey: ESCAPE
20:07:10.225 [FXGL Background Thread 2 ] DEBUG Engine               - devShowPositionProperty: BooleanProperty [value: false]
20:07:10.225 [FXGL Background Thread 2 ] DEBUG Engine               - versionCheckDays: 7
20:07:10.225 [FXGL Background Thread 2 ] DEBUG Engine               - configClass: Optional.empty
20:07:10.225 [FXGL Background Thread 2 ] DEBUG Engine               - isFullScreenFromStart: false
20:07:10.225 [FXGL Background Thread 2 ] DEBUG Engine               - version: 0.1
20:07:10.225 [FXGL Background Thread 2 ] DEBUG Engine               - fullScreen: BooleanProperty [value: false]
20:07:10.226 [FXGL Background Thread 2 ] DEBUG Engine               - randomSeed: -1
20:07:10.226 [FXGL Background Thread 2 ] DEBUG Engine               - gameDifficultyProperty: ObjectProperty [value: MEDIUM]
20:07:10.226 [FXGL Background Thread 2 ] DEBUG Engine               - applicationMode: DEVELOPER
20:07:10.226 [FXGL Background Thread 2 ] DEBUG Engine               - isMac: false
20:07:10.226 [FXGL Background Thread 2 ] DEBUG Engine               - isMenuEnabled: false
20:07:10.226 [FXGL Background Thread 2 ] DEBUG Engine               - urlPOM: https://raw.githubusercontent.com/AlmasB/FXGL/master/pom.xml
20:07:10.226 [FXGL Background Thread 2 ] DEBUG Engine               - profileName: StringProperty [value: DEFAULT]
20:07:10.226 [FXGL Background Thread 2 ] DEBUG Engine               - notificationViewClass: class com.almasb.fxgl.notification.view.XboxNotificationView
20:07:10.226 [FXGL Background Thread 2 ] DEBUG Engine               - devSensorColorProperty: ObjectProperty [value: 0xffff00ff]
20:07:10.226 [FXGL Background Thread 2 ] DEBUG Engine               - sceneFactory: com.almasb.fxgl.app.scene.SceneFactory@745820d9
20:07:10.226 [FXGL Background Thread 2 ] DEBUG Engine               - stageStyle: DECORATED
20:07:10.226 [FXGL Background Thread 2 ] DEBUG Engine               - isManualResizeEnabled: false
20:07:10.226 [FXGL Background Thread 2 ] DEBUG Engine               - title: BlasterBoy
20:07:10.227 [FXGL Background Thread 2 ] DEBUG Engine               - platform: WINDOWS
20:07:10.227 [FXGL Background Thread 2 ] DEBUG Engine               - devBBoxColorProperty: ObjectProperty [value: 0xff0000ff]
20:07:10.227 [FXGL Background Thread 2 ] DEBUG Engine               - gameDifficulty: MEDIUM
20:07:10.227 [FXGL Background Thread 2 ] DEBUG Engine               - isDesktop: true
20:07:10.227 [FXGL Background Thread 2 ] DEBUG Engine               - supportedLanguages: [ENGLISH, FRENCH, GERMAN, HUNGARIAN, RUSSIAN]
20:07:10.227 [FXGL Background Thread 2 ] DEBUG Engine               - credits: []
20:07:10.227 [FXGL Background Thread 2 ] DEBUG Engine               - globalMusicVolumeProperty: DoubleProperty [value: 0.5]
20:07:10.227 [FXGL Background Thread 2 ] DEBUG Engine               - isPreserveResizeRatio: false
20:07:10.227 [FXGL Background Thread 2 ] DEBUG Engine               - fontText: Courier-Prime.ttf
20:07:10.227 [FXGL Background Thread 2 ] DEBUG Engine               - isExperimentalTiledLargeMap: false
20:07:10.227 [FXGL Background Thread 2 ] DEBUG Engine               - secondsIn24h: 60
20:07:10.227 [FXGL Background Thread 2 ] DEBUG Engine               - runtimeInfo: RuntimeInfo(platform=WINDOWS, version=11.8, build=08.03.2020 09.09)
20:07:10.227 [FXGL Background Thread 2 ] DEBUG Engine               - isLinux: false
20:07:10.227 [FXGL Background Thread 2 ] DEBUG Engine               - soundMenuPress: menu/press.wav
20:07:10.227 [FXGL Background Thread 2 ] DEBUG Engine               - urlGithub: https://github.com/AlmasB/FXGL
20:07:10.227 [FXGL Background Thread 2 ] DEBUG Engine               - profileDir: profiles/
20:07:10.228 [FXGL Background Thread 2 ] DEBUG Engine               - isDeveloperMenuEnabled: false
20:07:10.228 [FXGL Background Thread 2 ] DEBUG Engine               - globalSoundVolumeProperty: DoubleProperty [value: 0.5]
20:07:10.228 [FXGL Background Thread 2 ] DEBUG Engine               - mainWindow: com.almasb.fxgl.app.MainWindow@7067aa8a
20:07:10.228 [FXGL Background Thread 2 ] DEBUG Engine               - isBrowser: false
20:07:10.228 [FXGL Background Thread 2 ] DEBUG Engine               - globalSoundVolume: 0.5
20:07:10.228 [FXGL Background Thread 2 ] DEBUG Engine               - urlLeaderboard: http://fxgl-top.herokuapp.com/
20:07:10.228 [FXGL Background Thread 2 ] DEBUG Engine               - engineServices: [class com.almasb.fxgl.app.GameApplication$GameApplicationService, class com.almasb.fxgl.app.services.WindowService, class com.almasb.fxgl.app.services.FXGLDialogService, class com.almasb.fxgl.app.services.IOTaskExecutorService, class com.almasb.fxgl.event.EventBusService, class com.almasb.fxgl.io.FileSystemService, class com.almasb.fxgl.localization.LocalizationService, class com.almasb.fxgl.app.services.AssetLoaderService, class com.almasb.fxgl.app.services.SystemBundleService, class com.almasb.fxgl.profile.SaveLoadService, class com.almasb.fxgl.ui.FXGLUIFactoryServiceProvider, class com.almasb.fxgl.ui.FXGLDialogFactoryServiceProvider, class com.almasb.fxgl.audio.AudioPlayer, class com.almasb.fxgl.notification.impl.NotificationServiceProvider, class com.almasb.fxgl.achievement.AchievementService, class com.almasb.fxgl.cutscene.CutsceneService, class com.almasb.fxgl.minigames.MiniGameService, class com.almasb.fxgl.net.NetService, class com.almasb.fxgl.app.services.UpdaterService]
20:07:10.228 [FXGL Background Thread 2 ] DEBUG Engine               - globalMusicVolume: 0.5
20:07:10.228 [FXGL Background Thread 2 ] DEBUG Engine               - width: 600
20:07:10.228 [FXGL Background Thread 2 ] DEBUG Engine               - saveFileExt: sav
20:07:10.228 [FXGL Background Thread 2 ] DEBUG Engine               - isAndroid: false
20:07:10.228 [FXGL Background Thread 2 ] DEBUG Engine               - fontUI: VarelaRound-Regular.ttf
20:07:10.228 [FXGL Background Thread 2 ] DEBUG Engine               - enabledMenuItems: []
20:07:10.228 [FXGL Background Thread 2 ] DEBUG Engine               - isIOS: false
20:07:10.228 [FXGL Background Thread 2 ] DEBUG Engine               - Logging services
20:07:10.229 [FXGL Background Thread 2 ] DEBUG Engine               - class com.almasb.fxgl.app.GameApplication$GameApplicationService
20:07:10.229 [FXGL Background Thread 2 ] DEBUG Engine               - class com.almasb.fxgl.app.services.WindowService
20:07:10.229 [FXGL Background Thread 2 ] DEBUG Engine               - class com.almasb.fxgl.app.services.FXGLDialogService
20:07:10.229 [FXGL Background Thread 2 ] DEBUG Engine               - class com.almasb.fxgl.app.services.IOTaskExecutorService
20:07:10.229 [FXGL Background Thread 2 ] DEBUG Engine               - class com.almasb.fxgl.event.EventBusService
20:07:10.229 [FXGL Background Thread 2 ] DEBUG Engine               - class com.almasb.fxgl.io.FileSystemService
20:07:10.229 [FXGL Background Thread 2 ] DEBUG Engine               - class com.almasb.fxgl.localization.LocalizationService
20:07:10.229 [FXGL Background Thread 2 ] DEBUG Engine               - class com.almasb.fxgl.app.services.AssetLoaderService
20:07:10.229 [FXGL Background Thread 2 ] DEBUG Engine               - class com.almasb.fxgl.app.services.SystemBundleService
20:07:10.229 [FXGL Background Thread 2 ] DEBUG Engine               - class com.almasb.fxgl.profile.SaveLoadService
20:07:10.229 [FXGL Background Thread 2 ] DEBUG Engine               - class com.almasb.fxgl.ui.FXGLUIFactoryServiceProvider
20:07:10.229 [FXGL Background Thread 2 ] DEBUG Engine               - class com.almasb.fxgl.ui.FXGLDialogFactoryServiceProvider
20:07:10.229 [FXGL Background Thread 2 ] DEBUG Engine               - class com.almasb.fxgl.audio.AudioPlayer
20:07:10.229 [FXGL Background Thread 2 ] DEBUG Engine               - class com.almasb.fxgl.notification.impl.NotificationServiceProvider
20:07:10.229 [FXGL Background Thread 2 ] DEBUG Engine               - class com.almasb.fxgl.achievement.AchievementService
20:07:10.229 [FXGL Background Thread 2 ] DEBUG Engine               - class com.almasb.fxgl.cutscene.CutsceneService
20:07:10.229 [FXGL Background Thread 2 ] DEBUG Engine               - class com.almasb.fxgl.minigames.MiniGameService
20:07:10.229 [FXGL Background Thread 2 ] DEBUG Engine               - class com.almasb.fxgl.net.NetService
20:07:10.229 [FXGL Background Thread 2 ] DEBUG Engine               - class com.almasb.fxgl.app.services.UpdaterService
20:08:47.861 [JavaFX Application Thread] DEBUG GameApplication      - Exiting FXGL
20:08:47.861 [JavaFX Application Thread] DEBUG LoopRunner           - Stopping loop
20:08:47.861 [JavaFX Application Thread] DEBUG SystemBundleService  - Saving FXGL system data
20:08:47.862 [JavaFX Application Thread] DEBUG FileSystemAccess     - Writing to: C:\Users\lucas\IdeaProjects\BlasterBoy\system\fxgl.bundle
20:08:47.863 [JavaFX Application Thread] DEBUG GameApplication      - Shutting down background threads
20:08:47.863 [JavaFX Application Thread] DEBUG GameApplication      - Closing logger and exiting JavaFX
