14:27:01.482 [main                     ] DEBUG GameApplication      - Logger initialized
14:27:01.488 [main                     ] DEBUG GameApplication      - Logging settings
Title: BlasterBoy
Version: 0.1
Width: 600
Height: 600
Fullscreen: false
Intro: false
Menus: false
Profiling: false
Single step:false
App Mode: DEVELOPER
Menu Key: ESCAPE
Stage Style: DECORATED
Scene Factory: class com.almasb.fxgl.app.scene.SceneFactory

14:27:01.836 [JavaFX Application Thread] DEBUG GameApplication      - Initializing FXGL
14:27:01.845 [JavaFX Application Thread] INFO  Engine               - FXGL-11.8 (08.03.2020 09.09) on WINDOWS (J:14.0.1 FX:13.0.2)
14:27:01.845 [JavaFX Application Thread] INFO  Engine               - Source code and latest versions at: https://github.com/AlmasB/FXGL
14:27:01.845 [JavaFX Application Thread] INFO  Engine               -              Join the FXGL chat at: https://gitter.im/AlmasB/FXGL
14:27:01.962 [JavaFX Application Thread] DEBUG MainWindow           - Creating a JavaFX scene
14:27:02.014 [JavaFX Application Thread] DEBUG MainWindow           - Target settings size: 600.0 x 600.0
14:27:02.014 [JavaFX Application Thread] DEBUG MainWindow           - Scaled scene size:    600.0 x 600.0
14:27:02.014 [JavaFX Application Thread] DEBUG MainWindow           - Scaled ratio: (1.0, 1.0)
14:27:02.015 [JavaFX Application Thread] DEBUG MainWindow           - Set initial scene to FXGLStartupScene
14:27:02.020 [JavaFX Application Thread] DEBUG MainWindow           - Opening main window
14:27:02.106 [JavaFX Application Thread] DEBUG MainWindow           - Window border size: (16.0, 39.0)
14:27:02.106 [JavaFX Application Thread] DEBUG MainWindow           - Scaled size: 600.0 x 600.0
14:27:02.106 [JavaFX Application Thread] DEBUG MainWindow           - Scaled ratio: (1.0, 1.0)
14:27:02.106 [JavaFX Application Thread] DEBUG MainWindow           - Scene size: 600.0 x 600.0
14:27:02.106 [JavaFX Application Thread] DEBUG MainWindow           - Stage size: 616.0 x 639.0
14:27:02.117 [FXGL Background Thread 1 ] DEBUG Engine               - Initializing environment variables
14:27:02.147 [FXGL Background Thread 1 ] DEBUG WindowService        - Applying CSS: fxgl_dark.css
14:27:02.148 [FXGL Background Thread 1 ] DEBUG AssetLoaderService   - Loading from file system: /assets/ui/css/fxgl_dark.css
14:27:02.185 [FXGL Background Thread 1 ] DEBUG WindowService        - Initializing application scenes
14:27:02.234 [FXGL Background Thread 1 ] DEBUG GameWorld            - Game world initialized
14:27:02.283 [FXGL Background Thread 1 ] DEBUG PhysicsWorld         - Physics world initialized: appHeight=600, physics.ppm=50.0
14:27:02.285 [FXGL Background Thread 1 ] DEBUG GameScene            - Game scene initialized: 600x600
14:27:02.295 [FXGL Background Thread 1 ] DEBUG Input                - Registered new binding: Resume - Esc
14:27:02.303 [FXGL Background Thread 1 ] DEBUG AssetLoaderService   - Loading from file system: /assets/textures/pause_menu_bg.png
14:27:02.357 [FXGL Background Thread 1 ] DEBUG Input                - Registered new binding: Pause - Esc
14:27:02.357 [FXGL Background Thread 1 ] DEBUG WindowService        - Application scenes initialized
14:27:02.373 [FXGL Background Thread 1 ] DEBUG SystemBundleService  - Loading FXGL system data
14:27:02.379 [FXGL Background Thread 1 ] DEBUG FileSystemAccess     - Reading from: C:\Users\lucas\IdeaProjects\ictm2c3\system\fxgl.bundle
14:27:02.385 [FXGL Background Thread 1 ] DEBUG SystemBundleService  - Bundle FXGL: {}
14:27:02.385 [FXGL Background Thread 1 ] INFO  Engine               - FXGL initialization took: 0.267 sec
14:27:02.387 [FXGL Background Thread 1 ] DEBUG GameApplication      - Loading localizations
14:27:02.388 [FXGL Background Thread 1 ] DEBUG AssetLoaderService   - Loading from file system: /assets/properties/languages/english.properties
14:27:02.389 [FXGL Background Thread 1 ] DEBUG AssetLoaderService   - Loading from file system: /assets/properties/languages/french.properties
14:27:02.390 [FXGL Background Thread 1 ] DEBUG AssetLoaderService   - Loading from file system: /assets/properties/languages/german.properties
14:27:02.391 [FXGL Background Thread 1 ] DEBUG AssetLoaderService   - Loading from file system: /assets/properties/languages/hungarian.properties
14:27:02.393 [FXGL Background Thread 1 ] DEBUG AssetLoaderService   - Loading from file system: /assets/properties/languages/russian.properties
14:27:02.394 [FXGL Background Thread 1 ] DEBUG GameApplication      - Registering font factories with UI factory
14:27:02.394 [FXGL Background Thread 1 ] DEBUG AssetLoaderService   - Loading from file system: /assets/ui/fonts/VarelaRound-Regular.ttf
14:27:02.467 [FXGL Background Thread 1 ] DEBUG AssetLoaderService   - Loading from file system: /assets/ui/fonts/Abel-Regular.ttf
14:27:02.469 [FXGL Background Thread 1 ] DEBUG AssetLoaderService   - Loading from file system: /assets/ui/fonts/lucida_console.ttf
14:27:02.474 [FXGL Background Thread 1 ] DEBUG AssetLoaderService   - Loading from file system: /assets/ui/fonts/Courier-Prime.ttf
14:27:02.482 [JavaFX Application Thread] DEBUG Input                - Registered new binding: moveLeft - A
14:27:02.482 [JavaFX Application Thread] DEBUG Input                - Registered new binding: moveRight - D
14:27:02.482 [JavaFX Application Thread] DEBUG Input                - Registered new binding: moveUp - Space
14:27:02.482 [JavaFX Application Thread] DEBUG AssetLoaderService   - Loading from file system: /assets/textures/fxgl_icon.png
14:27:02.496 [JavaFX Application Thread] DEBUG AssetLoaderService   - Loading from file system: /assets/ui/cursors/fxgl_default.png
14:27:02.497 [JavaFX Application Thread] DEBUG Input                - Registered new binding: Screenshot - P
14:27:02.498 [JavaFX Application Thread] DEBUG Input                - Registered new binding: System info dump - CTRL+9
14:27:02.498 [JavaFX Application Thread] DEBUG Input                - Registered new binding: Restart - CTRL+R
14:27:02.499 [JavaFX Application Thread] DEBUG LoopRunner           - Starting loop
14:27:02.507 [JavaFX Application Thread] DEBUG FXGLStartupScene     - STARTUP
14:27:02.507 [JavaFX Application Thread] DEBUG WindowService        - Starting new game
14:27:02.510 [JavaFX Application Thread] DEBUG Input                - Clearing active input actions
14:27:02.518 [JavaFX Application Thread] DEBUG WindowService        - Removing overlay from FXGLStartupScene and adding to FXGLLoadingScene
14:27:02.518 [JavaFX Application Thread] DEBUG MainWindow           - FXGLStartupScene -> FXGLLoadingScene
14:27:02.518 [JavaFX Application Thread] DEBUG WindowService        - Clearing previous game
14:27:02.518 [JavaFX Application Thread] DEBUG GameScene            - Clearing game scene
14:27:02.518 [JavaFX Application Thread] DEBUG GameWorld            - Clearing game world
14:27:02.519 [JavaFX Application Thread] DEBUG PhysicsWorld         - Clearing physics world
14:27:02.520 [FXGL Background Thread 1 ] DEBUG GameApplication      - Initializing game
14:27:02.531 [FXGL Background Thread 1 ] DEBUG AssetLoaderService   - Loading from file system: /assets/levels/0.txt
14:27:02.615 [FXGL Background Thread 1 ] DEBUG GameWorld            - Clearing removable entities
14:27:02.615 [FXGL Background Thread 1 ] DEBUG GameWorld            - Setting level: com.almasb.fxgl.entity.level.Level@605186aa
14:27:02.655 [FXGL Background Thread 1 ] INFO  GameApplication      - Game initialization took: 0.135 sec
14:27:02.655 [JavaFX Application Thread] DEBUG Input                - Clearing active input actions
14:27:02.680 [JavaFX Application Thread] DEBUG WindowService        - Removing overlay from FXGLLoadingScene and adding to GameScene
14:27:02.681 [JavaFX Application Thread] DEBUG MainWindow           - FXGLLoadingScene -> GameScene
14:27:03.741 [JavaFX Application Thread] DEBUG GameApplication      - Exiting FXGL
14:27:03.741 [JavaFX Application Thread] DEBUG LoopRunner           - Stopping loop
14:27:03.741 [JavaFX Application Thread] DEBUG SystemBundleService  - Saving FXGL system data
14:27:03.744 [JavaFX Application Thread] DEBUG FileSystemAccess     - Writing to: C:\Users\lucas\IdeaProjects\ictm2c3\system\fxgl.bundle
14:27:03.745 [JavaFX Application Thread] DEBUG GameApplication      - Shutting down background threads
14:27:03.745 [JavaFX Application Thread] DEBUG GameApplication      - Closing logger and exiting JavaFX
