13:44:38.617 [AWT-EventQueue-0         ] DEBUG GameApplication      - Logger initialized
13:44:38.620 [AWT-EventQueue-0         ] DEBUG GameApplication      - Logging settings
Title: BlasterBoy
Version: 0.1
Width: 1200
Height: 1200
Fullscreen: false
Intro: false
Menus: false
Profiling: false
Single step:false
App Mode: DEVELOPER
Menu Key: ESCAPE
Stage Style: DECORATED
Scene Factory: class com.almasb.fxgl.app.scene.SceneFactory

13:44:38.898 [JavaFX Application Thread] DEBUG GameApplication      - Initializing FXGL
13:44:38.905 [JavaFX Application Thread] INFO  Engine               - FXGL-11.8 (08.03.2020 09.09) on WINDOWS (J:14.0.1 FX:13.0.2)
13:44:38.905 [JavaFX Application Thread] INFO  Engine               - Source code and latest versions at: https://github.com/AlmasB/FXGL
13:44:38.906 [JavaFX Application Thread] INFO  Engine               -              Join the FXGL chat at: https://gitter.im/AlmasB/FXGL
13:44:38.998 [JavaFX Application Thread] DEBUG MainWindow           - Creating a JavaFX scene
13:44:39.040 [JavaFX Application Thread] DEBUG MainWindow           - Target settings size: 1200.0 x 1200.0
13:44:39.040 [JavaFX Application Thread] DEBUG MainWindow           - Scaled scene size:    1200.0 x 1200.0
13:44:39.040 [JavaFX Application Thread] DEBUG MainWindow           - Scaled ratio: (1.0, 1.0)
13:44:39.042 [JavaFX Application Thread] DEBUG MainWindow           - Set initial scene to FXGLStartupScene
13:44:39.047 [JavaFX Application Thread] DEBUG MainWindow           - Opening main window
13:44:39.098 [JavaFX Application Thread] DEBUG MainWindow           - Window border size: (16.0, 39.0)
13:44:39.098 [JavaFX Application Thread] DEBUG MainWindow           - Scaled size: 1200.0 x 1200.0
13:44:39.098 [JavaFX Application Thread] DEBUG MainWindow           - Scaled ratio: (1.0, 1.0)
13:44:39.099 [JavaFX Application Thread] DEBUG MainWindow           - Scene size: 1200.0 x 1200.0
13:44:39.099 [JavaFX Application Thread] DEBUG MainWindow           - Stage size: 1216.0 x 1239.0
13:44:39.104 [FXGL Background Thread 1 ] DEBUG Engine               - Initializing environment variables
13:44:39.125 [FXGL Background Thread 1 ] DEBUG WindowService        - Applying CSS: fxgl_dark.css
13:44:39.126 [FXGL Background Thread 1 ] DEBUG AssetLoaderService   - Loading from file system: /assets/ui/css/fxgl_dark.css
13:44:39.160 [FXGL Background Thread 1 ] DEBUG WindowService        - Initializing application scenes
13:44:39.187 [FXGL Background Thread 1 ] DEBUG GameWorld            - Game world initialized
13:44:39.227 [FXGL Background Thread 1 ] DEBUG PhysicsWorld         - Physics world initialized: appHeight=1200, physics.ppm=50.0
13:44:39.229 [FXGL Background Thread 1 ] DEBUG GameScene            - Game scene initialized: 1200x1200
13:44:39.234 [FXGL Background Thread 1 ] DEBUG Input                - Registered new binding: Resume - Esc
13:44:39.238 [FXGL Background Thread 1 ] DEBUG AssetLoaderService   - Loading from file system: /assets/textures/pause_menu_bg.png
13:44:39.275 [FXGL Background Thread 1 ] DEBUG Input                - Registered new binding: Pause - Esc
13:44:39.276 [FXGL Background Thread 1 ] DEBUG WindowService        - Application scenes initialized
13:44:39.283 [FXGL Background Thread 1 ] DEBUG SystemBundleService  - Loading FXGL system data
13:44:39.286 [FXGL Background Thread 1 ] DEBUG FileSystemAccess     - Reading from: C:\Users\lucas\IdeaProjects\BlasterBoy\system\fxgl.bundle
13:44:39.290 [FXGL Background Thread 1 ] DEBUG SystemBundleService  - Bundle FXGL: {}
13:44:39.290 [FXGL Background Thread 1 ] INFO  Engine               - FXGL initialization took: 0.185 sec
13:44:39.292 [FXGL Background Thread 1 ] DEBUG GameApplication      - Loading localizations
13:44:39.293 [FXGL Background Thread 1 ] DEBUG AssetLoaderService   - Loading from file system: /assets/properties/languages/english.properties
13:44:39.294 [FXGL Background Thread 1 ] DEBUG AssetLoaderService   - Loading from file system: /assets/properties/languages/french.properties
13:44:39.295 [FXGL Background Thread 1 ] DEBUG AssetLoaderService   - Loading from file system: /assets/properties/languages/german.properties
13:44:39.295 [FXGL Background Thread 1 ] DEBUG AssetLoaderService   - Loading from file system: /assets/properties/languages/hungarian.properties
13:44:39.296 [FXGL Background Thread 1 ] DEBUG AssetLoaderService   - Loading from file system: /assets/properties/languages/russian.properties
13:44:39.297 [FXGL Background Thread 1 ] DEBUG GameApplication      - Registering font factories with UI factory
13:44:39.297 [FXGL Background Thread 1 ] DEBUG AssetLoaderService   - Loading from file system: /assets/ui/fonts/VarelaRound-Regular.ttf
13:44:39.338 [FXGL Background Thread 1 ] DEBUG AssetLoaderService   - Loading from file system: /assets/ui/fonts/Abel-Regular.ttf
13:44:39.340 [FXGL Background Thread 1 ] DEBUG AssetLoaderService   - Loading from file system: /assets/ui/fonts/lucida_console.ttf
13:44:39.345 [FXGL Background Thread 1 ] DEBUG AssetLoaderService   - Loading from file system: /assets/ui/fonts/Courier-Prime.ttf
13:44:39.349 [JavaFX Application Thread] DEBUG Input                - Registered new binding: Launch - Space
13:44:39.350 [JavaFX Application Thread] DEBUG AssetLoaderService   - Loading from file system: /assets/textures/fxgl_icon.png
13:44:39.363 [JavaFX Application Thread] DEBUG AssetLoaderService   - Loading from file system: /assets/ui/cursors/fxgl_default.png
13:44:39.365 [JavaFX Application Thread] DEBUG Input                - Registered new binding: Screenshot - P
13:44:39.366 [JavaFX Application Thread] DEBUG Input                - Registered new binding: System info dump - CTRL+9
13:44:39.366 [JavaFX Application Thread] DEBUG Input                - Registered new binding: Restart - CTRL+R
13:44:39.367 [JavaFX Application Thread] DEBUG LoopRunner           - Starting loop
13:44:39.386 [JavaFX Application Thread] DEBUG FXGLStartupScene     - STARTUP
13:44:39.386 [JavaFX Application Thread] DEBUG WindowService        - Starting new game
13:44:39.389 [JavaFX Application Thread] DEBUG Input                - Clearing active input actions
13:44:39.396 [JavaFX Application Thread] DEBUG WindowService        - Removing overlay from FXGLStartupScene and adding to FXGLLoadingScene
13:44:39.396 [JavaFX Application Thread] DEBUG MainWindow           - FXGLStartupScene -> FXGLLoadingScene
13:44:39.397 [JavaFX Application Thread] DEBUG WindowService        - Clearing previous game
13:44:39.397 [JavaFX Application Thread] DEBUG GameScene            - Clearing game scene
13:44:39.397 [JavaFX Application Thread] DEBUG GameWorld            - Clearing game world
13:44:39.397 [JavaFX Application Thread] DEBUG PhysicsWorld         - Clearing physics world
13:44:39.398 [FXGL Background Thread 1 ] DEBUG GameApplication      - Initializing game
13:44:39.404 [FXGL Background Thread 1 ] DEBUG AssetLoaderService   - Loading from file system: /assets/levels/0.txt
13:44:39.456 [FXGL Background Thread 1 ] DEBUG GameWorld            - Clearing removable entities
13:44:39.456 [FXGL Background Thread 1 ] DEBUG GameWorld            - Setting level: com.almasb.fxgl.entity.level.Level@5df7bc5e
13:44:39.479 [FXGL Background Thread 1 ] DEBUG AssetLoaderService   - Loading from file system: /assets/textures/background.png
13:44:39.629 [FXGL Background Thread 1 ] DEBUG AssetLoaderService   - Loading from file system: /assets/textures/player.png
13:44:39.637 [FXGL Background Thread 1 ] DEBUG AssetLoaderService   - Loading from file system: /assets/textures/gun.png
13:44:39.640 [FXGL Background Thread 1 ] INFO  GameApplication      - Game initialization took: 0.242 sec
13:44:39.643 [JavaFX Application Thread] DEBUG Input                - Clearing active input actions
13:44:39.670 [JavaFX Application Thread] DEBUG WindowService        - Removing overlay from FXGLLoadingScene and adding to GameScene
13:44:39.670 [JavaFX Application Thread] DEBUG MainWindow           - FXGLLoadingScene -> GameScene
13:44:42.292 [FXGL Background Thread 2 ] DEBUG Engine               - Logging environment variables
13:44:42.292 [FXGL Background Thread 2 ] DEBUG Engine               - achievements: []
13:44:42.292 [FXGL Background Thread 2 ] DEBUG Engine               - language: ObjectProperty [value: ENGLISH]
13:44:42.292 [FXGL Background Thread 2 ] DEBUG Engine               - isCloseConfirmation: false
13:44:42.293 [FXGL Background Thread 2 ] DEBUG Engine               - isProfilingEnabled: false
13:44:42.293 [FXGL Background Thread 2 ] DEBUG Engine               - soundNotification: core/notification.wav
13:44:42.293 [FXGL Background Thread 2 ] DEBUG Engine               - devShowBBoxProperty: BooleanProperty [value: false]
13:44:42.293 [FXGL Background Thread 2 ] DEBUG Engine               - pixelsPerMeter: 50.0
13:44:42.293 [FXGL Background Thread 2 ] DEBUG Engine               - appIcon: fxgl_icon.png
13:44:42.293 [FXGL Background Thread 2 ] DEBUG Engine               - soundMenuBack: menu/back.wav
13:44:42.293 [FXGL Background Thread 2 ] DEBUG Engine               - isFullScreenAllowed: false
13:44:42.293 [FXGL Background Thread 2 ] DEBUG Engine               - isIntroEnabled: false
13:44:42.293 [FXGL Background Thread 2 ] DEBUG Engine               - fontMono: lucida_console.ttf
13:44:42.293 [FXGL Background Thread 2 ] DEBUG Engine               - soundMenuSelect: menu/select.wav
13:44:42.293 [FXGL Background Thread 2 ] DEBUG Engine               - isWindows: true
13:44:42.293 [FXGL Background Thread 2 ] DEBUG Engine               - isMobile: false
13:44:42.293 [FXGL Background Thread 2 ] DEBUG Engine               - isUserProfileEnabled: false
13:44:42.293 [FXGL Background Thread 2 ] DEBUG Engine               - height: 1200
13:44:42.293 [FXGL Background Thread 2 ] DEBUG Engine               - isExperimentalNative: false
13:44:42.293 [FXGL Background Thread 2 ] DEBUG Engine               - settings: Title: BlasterBoy
Version: 0.1
Width: 1200
Height: 1200
Fullscreen: false
Intro: false
Menus: false
Profiling: false
Single step:false
App Mode: DEVELOPER
Menu Key: ESCAPE
Stage Style: DECORATED
Scene Factory: class com.almasb.fxgl.app.scene.SceneFactory

13:44:42.294 [FXGL Background Thread 2 ] DEBUG Engine               - isSingleStep: false
13:44:42.294 [FXGL Background Thread 2 ] DEBUG Engine               - cSSList: [fxgl_dark.css]
13:44:42.294 [FXGL Background Thread 2 ] DEBUG Engine               - fontGame: Abel-Regular.ttf
13:44:42.294 [FXGL Background Thread 2 ] DEBUG Engine               - menuKey: ESCAPE
13:44:42.294 [FXGL Background Thread 2 ] DEBUG Engine               - devShowPositionProperty: BooleanProperty [value: false]
13:44:42.294 [FXGL Background Thread 2 ] DEBUG Engine               - versionCheckDays: 7
13:44:42.294 [FXGL Background Thread 2 ] DEBUG Engine               - configClass: Optional.empty
13:44:42.294 [FXGL Background Thread 2 ] DEBUG Engine               - isFullScreenFromStart: false
13:44:42.294 [FXGL Background Thread 2 ] DEBUG Engine               - version: 0.1
13:44:42.294 [FXGL Background Thread 2 ] DEBUG Engine               - fullScreen: BooleanProperty [value: false]
13:44:42.294 [FXGL Background Thread 2 ] DEBUG Engine               - randomSeed: -1
13:44:42.294 [FXGL Background Thread 2 ] DEBUG Engine               - gameDifficultyProperty: ObjectProperty [value: MEDIUM]
13:44:42.294 [FXGL Background Thread 2 ] DEBUG Engine               - applicationMode: DEVELOPER
13:44:42.294 [FXGL Background Thread 2 ] DEBUG Engine               - isMac: false
13:44:42.294 [FXGL Background Thread 2 ] DEBUG Engine               - isMenuEnabled: false
13:44:42.294 [FXGL Background Thread 2 ] DEBUG Engine               - urlPOM: https://raw.githubusercontent.com/AlmasB/FXGL/master/pom.xml
13:44:42.294 [FXGL Background Thread 2 ] DEBUG Engine               - profileName: StringProperty [value: DEFAULT]
13:44:42.294 [FXGL Background Thread 2 ] DEBUG Engine               - notificationViewClass: class com.almasb.fxgl.notification.view.XboxNotificationView
13:44:42.295 [FXGL Background Thread 2 ] DEBUG Engine               - devSensorColorProperty: ObjectProperty [value: 0xffff00ff]
13:44:42.295 [FXGL Background Thread 2 ] DEBUG Engine               - sceneFactory: com.almasb.fxgl.app.scene.SceneFactory@2ca426c9
13:44:42.295 [FXGL Background Thread 2 ] DEBUG Engine               - stageStyle: DECORATED
13:44:42.295 [FXGL Background Thread 2 ] DEBUG Engine               - isManualResizeEnabled: false
13:44:42.295 [FXGL Background Thread 2 ] DEBUG Engine               - title: BlasterBoy
13:44:42.295 [FXGL Background Thread 2 ] DEBUG Engine               - platform: WINDOWS
13:44:42.295 [FXGL Background Thread 2 ] DEBUG Engine               - devBBoxColorProperty: ObjectProperty [value: 0xff0000ff]
13:44:42.295 [FXGL Background Thread 2 ] DEBUG Engine               - gameDifficulty: MEDIUM
13:44:42.295 [FXGL Background Thread 2 ] DEBUG Engine               - isDesktop: true
13:44:42.295 [FXGL Background Thread 2 ] DEBUG Engine               - supportedLanguages: [ENGLISH, FRENCH, GERMAN, HUNGARIAN, RUSSIAN]
13:44:42.295 [FXGL Background Thread 2 ] DEBUG Engine               - globalMusicVolumeProperty: DoubleProperty [value: 0.5]
13:44:42.295 [FXGL Background Thread 2 ] DEBUG Engine               - credits: []
13:44:42.295 [FXGL Background Thread 2 ] DEBUG Engine               - isPreserveResizeRatio: false
13:44:42.295 [FXGL Background Thread 2 ] DEBUG Engine               - fontText: Courier-Prime.ttf
13:44:42.295 [FXGL Background Thread 2 ] DEBUG Engine               - isExperimentalTiledLargeMap: false
13:44:42.296 [FXGL Background Thread 2 ] DEBUG Engine               - secondsIn24h: 60
13:44:42.296 [FXGL Background Thread 2 ] DEBUG Engine               - runtimeInfo: RuntimeInfo(platform=WINDOWS, version=11.8, build=08.03.2020 09.09)
13:44:42.296 [FXGL Background Thread 2 ] DEBUG Engine               - isLinux: false
13:44:42.296 [FXGL Background Thread 2 ] DEBUG Engine               - soundMenuPress: menu/press.wav
13:44:42.296 [FXGL Background Thread 2 ] DEBUG Engine               - urlGithub: https://github.com/AlmasB/FXGL
13:44:42.296 [FXGL Background Thread 2 ] DEBUG Engine               - profileDir: profiles/
13:44:42.296 [FXGL Background Thread 2 ] DEBUG Engine               - isDeveloperMenuEnabled: false
13:44:42.296 [FXGL Background Thread 2 ] DEBUG Engine               - globalSoundVolumeProperty: DoubleProperty [value: 0.5]
13:44:42.296 [FXGL Background Thread 2 ] DEBUG Engine               - mainWindow: com.almasb.fxgl.app.MainWindow@289ba785
13:44:42.296 [FXGL Background Thread 2 ] DEBUG Engine               - isBrowser: false
13:44:42.296 [FXGL Background Thread 2 ] DEBUG Engine               - globalSoundVolume: 0.5
13:44:42.296 [FXGL Background Thread 2 ] DEBUG Engine               - urlLeaderboard: http://fxgl-top.herokuapp.com/
13:44:42.296 [FXGL Background Thread 2 ] DEBUG Engine               - engineServices: [class com.almasb.fxgl.app.GameApplication$GameApplicationService, class com.almasb.fxgl.app.services.WindowService, class com.almasb.fxgl.app.services.FXGLDialogService, class com.almasb.fxgl.app.services.IOTaskExecutorService, class com.almasb.fxgl.event.EventBusService, class com.almasb.fxgl.io.FileSystemService, class com.almasb.fxgl.localization.LocalizationService, class com.almasb.fxgl.app.services.AssetLoaderService, class com.almasb.fxgl.app.services.SystemBundleService, class com.almasb.fxgl.profile.SaveLoadService, class com.almasb.fxgl.ui.FXGLUIFactoryServiceProvider, class com.almasb.fxgl.ui.FXGLDialogFactoryServiceProvider, class com.almasb.fxgl.audio.AudioPlayer, class com.almasb.fxgl.notification.impl.NotificationServiceProvider, class com.almasb.fxgl.achievement.AchievementService, class com.almasb.fxgl.cutscene.CutsceneService, class com.almasb.fxgl.minigames.MiniGameService, class com.almasb.fxgl.net.NetService, class com.almasb.fxgl.app.services.UpdaterService]
13:44:42.296 [FXGL Background Thread 2 ] DEBUG Engine               - globalMusicVolume: 0.5
13:44:42.296 [FXGL Background Thread 2 ] DEBUG Engine               - width: 1200
13:44:42.296 [FXGL Background Thread 2 ] DEBUG Engine               - saveFileExt: sav
13:44:42.296 [FXGL Background Thread 2 ] DEBUG Engine               - isAndroid: false
13:44:42.297 [FXGL Background Thread 2 ] DEBUG Engine               - fontUI: VarelaRound-Regular.ttf
13:44:42.297 [FXGL Background Thread 2 ] DEBUG Engine               - enabledMenuItems: []
13:44:42.297 [FXGL Background Thread 2 ] DEBUG Engine               - isIOS: false
13:44:42.297 [FXGL Background Thread 2 ] DEBUG Engine               - Logging services
13:44:42.297 [FXGL Background Thread 2 ] DEBUG Engine               - class com.almasb.fxgl.app.GameApplication$GameApplicationService
13:44:42.297 [FXGL Background Thread 2 ] DEBUG Engine               - class com.almasb.fxgl.app.services.WindowService
13:44:42.297 [FXGL Background Thread 2 ] DEBUG Engine               - class com.almasb.fxgl.app.services.FXGLDialogService
13:44:42.297 [FXGL Background Thread 2 ] DEBUG Engine               - class com.almasb.fxgl.app.services.IOTaskExecutorService
13:44:42.297 [FXGL Background Thread 2 ] DEBUG Engine               - class com.almasb.fxgl.event.EventBusService
13:44:42.297 [FXGL Background Thread 2 ] DEBUG Engine               - class com.almasb.fxgl.io.FileSystemService
13:44:42.297 [FXGL Background Thread 2 ] DEBUG Engine               - class com.almasb.fxgl.localization.LocalizationService
13:44:42.297 [FXGL Background Thread 2 ] DEBUG Engine               - class com.almasb.fxgl.app.services.AssetLoaderService
13:44:42.297 [FXGL Background Thread 2 ] DEBUG Engine               - class com.almasb.fxgl.app.services.SystemBundleService
13:44:42.297 [FXGL Background Thread 2 ] DEBUG Engine               - class com.almasb.fxgl.profile.SaveLoadService
13:44:42.297 [FXGL Background Thread 2 ] DEBUG Engine               - class com.almasb.fxgl.ui.FXGLUIFactoryServiceProvider
13:44:42.297 [FXGL Background Thread 2 ] DEBUG Engine               - class com.almasb.fxgl.ui.FXGLDialogFactoryServiceProvider
13:44:42.297 [FXGL Background Thread 2 ] DEBUG Engine               - class com.almasb.fxgl.audio.AudioPlayer
13:44:42.297 [FXGL Background Thread 2 ] DEBUG Engine               - class com.almasb.fxgl.notification.impl.NotificationServiceProvider
13:44:42.297 [FXGL Background Thread 2 ] DEBUG Engine               - class com.almasb.fxgl.achievement.AchievementService
13:44:42.297 [FXGL Background Thread 2 ] DEBUG Engine               - class com.almasb.fxgl.cutscene.CutsceneService
13:44:42.298 [FXGL Background Thread 2 ] DEBUG Engine               - class com.almasb.fxgl.minigames.MiniGameService
13:44:42.298 [FXGL Background Thread 2 ] DEBUG Engine               - class com.almasb.fxgl.net.NetService
13:44:42.298 [FXGL Background Thread 2 ] DEBUG Engine               - class com.almasb.fxgl.app.services.UpdaterService
13:44:49.166 [JavaFX Application Thread] DEBUG GameApplication      - Exiting FXGL
13:44:49.167 [JavaFX Application Thread] DEBUG LoopRunner           - Stopping loop
13:44:49.167 [JavaFX Application Thread] DEBUG SystemBundleService  - Saving FXGL system data
13:44:49.168 [JavaFX Application Thread] DEBUG FileSystemAccess     - Writing to: C:\Users\lucas\IdeaProjects\BlasterBoy\system\fxgl.bundle
13:44:49.169 [JavaFX Application Thread] DEBUG GameApplication      - Shutting down background threads
13:44:49.169 [JavaFX Application Thread] DEBUG GameApplication      - Closing logger and exiting JavaFX
