12:56:19.026 [AWT-EventQueue-0         ] DEBUG GameApplication      - Logger initialized
12:56:19.028 [AWT-EventQueue-0         ] DEBUG GameApplication      - Logging settings
Title: BlasterBoy
Version: 0.1
Width: 1200
Height: 1200
Fullscreen: false
Intro: false
Menus: false
Profiling: false
Single step:false
App Mode: DEVELOPER
Menu Key: ESCAPE
Stage Style: DECORATED
Scene Factory: class com.almasb.fxgl.app.scene.SceneFactory

12:56:19.305 [JavaFX Application Thread] DEBUG GameApplication      - Initializing FXGL
12:56:19.314 [JavaFX Application Thread] INFO  Engine               - FXGL-11.8 (08.03.2020 09.09) on WINDOWS (J:14.0.1 FX:13.0.2)
12:56:19.314 [JavaFX Application Thread] INFO  Engine               - Source code and latest versions at: https://github.com/AlmasB/FXGL
12:56:19.314 [JavaFX Application Thread] INFO  Engine               -              Join the FXGL chat at: https://gitter.im/AlmasB/FXGL
12:56:19.403 [JavaFX Application Thread] DEBUG MainWindow           - Creating a JavaFX scene
12:56:19.443 [JavaFX Application Thread] DEBUG MainWindow           - Target settings size: 1200.0 x 1200.0
12:56:19.444 [JavaFX Application Thread] DEBUG MainWindow           - Scaled scene size:    1200.0 x 1200.0
12:56:19.444 [JavaFX Application Thread] DEBUG MainWindow           - Scaled ratio: (1.0, 1.0)
12:56:19.445 [JavaFX Application Thread] DEBUG MainWindow           - Set initial scene to FXGLStartupScene
12:56:19.450 [JavaFX Application Thread] DEBUG MainWindow           - Opening main window
12:56:19.499 [JavaFX Application Thread] DEBUG MainWindow           - Window border size: (16.0, 39.0)
12:56:19.499 [JavaFX Application Thread] DEBUG MainWindow           - Scaled size: 1200.0 x 1200.0
12:56:19.499 [JavaFX Application Thread] DEBUG MainWindow           - Scaled ratio: (1.0, 1.0)
12:56:19.500 [JavaFX Application Thread] DEBUG MainWindow           - Scene size: 1200.0 x 1200.0
12:56:19.500 [JavaFX Application Thread] DEBUG MainWindow           - Stage size: 1216.0 x 1239.0
12:56:19.505 [FXGL Background Thread 1 ] DEBUG Engine               - Initializing environment variables
12:56:19.528 [FXGL Background Thread 1 ] DEBUG WindowService        - Applying CSS: fxgl_dark.css
12:56:19.528 [FXGL Background Thread 1 ] DEBUG AssetLoaderService   - Loading from file system: /assets/ui/css/fxgl_dark.css
12:56:19.562 [FXGL Background Thread 1 ] DEBUG WindowService        - Initializing application scenes
12:56:19.595 [FXGL Background Thread 1 ] DEBUG GameWorld            - Game world initialized
12:56:19.640 [FXGL Background Thread 1 ] DEBUG PhysicsWorld         - Physics world initialized: appHeight=1200, physics.ppm=50.0
12:56:19.642 [FXGL Background Thread 1 ] DEBUG GameScene            - Game scene initialized: 1200x1200
12:56:19.648 [FXGL Background Thread 1 ] DEBUG Input                - Registered new binding: Resume - Esc
12:56:19.652 [FXGL Background Thread 1 ] DEBUG AssetLoaderService   - Loading from file system: /assets/textures/pause_menu_bg.png
12:56:19.689 [FXGL Background Thread 1 ] DEBUG Input                - Registered new binding: Pause - Esc
12:56:19.689 [FXGL Background Thread 1 ] DEBUG WindowService        - Application scenes initialized
12:56:19.696 [FXGL Background Thread 1 ] DEBUG SystemBundleService  - Loading FXGL system data
12:56:19.699 [FXGL Background Thread 1 ] DEBUG FileSystemAccess     - Reading from: C:\Users\lucas\IdeaProjects\BlasterBoy\system\fxgl.bundle
12:56:19.703 [FXGL Background Thread 1 ] DEBUG SystemBundleService  - Bundle FXGL: {}
12:56:19.703 [FXGL Background Thread 1 ] INFO  Engine               - FXGL initialization took: 0.197 sec
12:56:19.704 [FXGL Background Thread 1 ] DEBUG GameApplication      - Loading localizations
12:56:19.705 [FXGL Background Thread 1 ] DEBUG AssetLoaderService   - Loading from file system: /assets/properties/languages/english.properties
12:56:19.706 [FXGL Background Thread 1 ] DEBUG AssetLoaderService   - Loading from file system: /assets/properties/languages/french.properties
12:56:19.707 [FXGL Background Thread 1 ] DEBUG AssetLoaderService   - Loading from file system: /assets/properties/languages/german.properties
12:56:19.708 [FXGL Background Thread 1 ] DEBUG AssetLoaderService   - Loading from file system: /assets/properties/languages/hungarian.properties
12:56:19.709 [FXGL Background Thread 1 ] DEBUG AssetLoaderService   - Loading from file system: /assets/properties/languages/russian.properties
12:56:19.710 [FXGL Background Thread 1 ] DEBUG GameApplication      - Registering font factories with UI factory
12:56:19.711 [FXGL Background Thread 1 ] DEBUG AssetLoaderService   - Loading from file system: /assets/ui/fonts/VarelaRound-Regular.ttf
12:56:19.753 [FXGL Background Thread 1 ] DEBUG AssetLoaderService   - Loading from file system: /assets/ui/fonts/Abel-Regular.ttf
12:56:19.756 [FXGL Background Thread 1 ] DEBUG AssetLoaderService   - Loading from file system: /assets/ui/fonts/lucida_console.ttf
12:56:19.761 [FXGL Background Thread 1 ] DEBUG AssetLoaderService   - Loading from file system: /assets/ui/fonts/Courier-Prime.ttf
12:56:19.766 [JavaFX Application Thread] DEBUG Input                - Registered new binding: Launch - Space
12:56:19.766 [JavaFX Application Thread] DEBUG AssetLoaderService   - Loading from file system: /assets/textures/fxgl_icon.png
12:56:19.781 [JavaFX Application Thread] DEBUG AssetLoaderService   - Loading from file system: /assets/ui/cursors/fxgl_default.png
12:56:19.782 [JavaFX Application Thread] DEBUG Input                - Registered new binding: Screenshot - P
12:56:19.782 [JavaFX Application Thread] DEBUG Input                - Registered new binding: System info dump - CTRL+9
12:56:19.783 [JavaFX Application Thread] DEBUG Input                - Registered new binding: Restart - CTRL+R
12:56:19.783 [JavaFX Application Thread] DEBUG LoopRunner           - Starting loop
12:56:19.793 [JavaFX Application Thread] DEBUG FXGLStartupScene     - STARTUP
12:56:19.794 [JavaFX Application Thread] DEBUG WindowService        - Starting new game
12:56:19.796 [JavaFX Application Thread] DEBUG Input                - Clearing active input actions
12:56:19.804 [JavaFX Application Thread] DEBUG WindowService        - Removing overlay from FXGLStartupScene and adding to FXGLLoadingScene
12:56:19.805 [JavaFX Application Thread] DEBUG MainWindow           - FXGLStartupScene -> FXGLLoadingScene
12:56:19.805 [JavaFX Application Thread] DEBUG WindowService        - Clearing previous game
12:56:19.805 [JavaFX Application Thread] DEBUG GameScene            - Clearing game scene
12:56:19.805 [JavaFX Application Thread] DEBUG GameWorld            - Clearing game world
12:56:19.805 [JavaFX Application Thread] DEBUG PhysicsWorld         - Clearing physics world
12:56:19.806 [FXGL Background Thread 1 ] DEBUG GameApplication      - Initializing game
12:56:19.812 [FXGL Background Thread 1 ] DEBUG AssetLoaderService   - Loading from file system: /assets/levels/0.txt
12:56:19.858 [FXGL Background Thread 1 ] DEBUG GameWorld            - Clearing removable entities
12:56:19.859 [FXGL Background Thread 1 ] DEBUG GameWorld            - Setting level: com.almasb.fxgl.entity.level.Level@51c3d06e
12:56:19.888 [FXGL Background Thread 1 ] DEBUG AssetLoaderService   - Loading from file system: /assets/textures/textures/background.png
12:56:19.889 [FXGL Background Thread 1 ] WARN  AssetLoaderService   - Failed to load texture textures/background.png Error: java.lang.IllegalArgumentException: Asset "/assets/textures/textures/background.png" was not found!
12:56:19.919 [FXGL Background Thread 1 ] DEBUG AssetLoaderService   - Loading from file system: /assets/textures/player.png
12:56:19.923 [FXGL Background Thread 1 ] DEBUG AssetLoaderService   - Loading from file system: /assets/textures/gun.png
12:56:19.926 [FXGL Background Thread 1 ] INFO  GameApplication      - Game initialization took: 0.121 sec
12:56:19.928 [JavaFX Application Thread] DEBUG Input                - Clearing active input actions
12:56:19.953 [JavaFX Application Thread] DEBUG WindowService        - Removing overlay from FXGLLoadingScene and adding to GameScene
12:56:19.953 [JavaFX Application Thread] DEBUG MainWindow           - FXGLLoadingScene -> GameScene
12:56:22.705 [FXGL Background Thread 2 ] DEBUG Engine               - Logging environment variables
12:56:22.705 [FXGL Background Thread 2 ] DEBUG Engine               - achievements: []
12:56:22.705 [FXGL Background Thread 2 ] DEBUG Engine               - language: ObjectProperty [value: ENGLISH]
12:56:22.705 [FXGL Background Thread 2 ] DEBUG Engine               - isCloseConfirmation: false
12:56:22.705 [FXGL Background Thread 2 ] DEBUG Engine               - isProfilingEnabled: false
12:56:22.705 [FXGL Background Thread 2 ] DEBUG Engine               - soundNotification: core/notification.wav
12:56:22.705 [FXGL Background Thread 2 ] DEBUG Engine               - devShowBBoxProperty: BooleanProperty [value: false]
12:56:22.705 [FXGL Background Thread 2 ] DEBUG Engine               - pixelsPerMeter: 50.0
12:56:22.705 [FXGL Background Thread 2 ] DEBUG Engine               - appIcon: fxgl_icon.png
12:56:22.705 [FXGL Background Thread 2 ] DEBUG Engine               - soundMenuBack: menu/back.wav
12:56:22.705 [FXGL Background Thread 2 ] DEBUG Engine               - isFullScreenAllowed: false
12:56:22.705 [FXGL Background Thread 2 ] DEBUG Engine               - isIntroEnabled: false
12:56:22.706 [FXGL Background Thread 2 ] DEBUG Engine               - fontMono: lucida_console.ttf
12:56:22.706 [FXGL Background Thread 2 ] DEBUG Engine               - soundMenuSelect: menu/select.wav
12:56:22.706 [FXGL Background Thread 2 ] DEBUG Engine               - isWindows: true
12:56:22.706 [FXGL Background Thread 2 ] DEBUG Engine               - isMobile: false
12:56:22.706 [FXGL Background Thread 2 ] DEBUG Engine               - isUserProfileEnabled: false
12:56:22.706 [FXGL Background Thread 2 ] DEBUG Engine               - height: 1200
12:56:22.706 [FXGL Background Thread 2 ] DEBUG Engine               - isExperimentalNative: false
12:56:22.706 [FXGL Background Thread 2 ] DEBUG Engine               - settings: Title: BlasterBoy
Version: 0.1
Width: 1200
Height: 1200
Fullscreen: false
Intro: false
Menus: false
Profiling: false
Single step:false
App Mode: DEVELOPER
Menu Key: ESCAPE
Stage Style: DECORATED
Scene Factory: class com.almasb.fxgl.app.scene.SceneFactory

12:56:22.706 [FXGL Background Thread 2 ] DEBUG Engine               - isSingleStep: false
12:56:22.706 [FXGL Background Thread 2 ] DEBUG Engine               - cSSList: [fxgl_dark.css]
12:56:22.706 [FXGL Background Thread 2 ] DEBUG Engine               - fontGame: Abel-Regular.ttf
12:56:22.706 [FXGL Background Thread 2 ] DEBUG Engine               - menuKey: ESCAPE
12:56:22.706 [FXGL Background Thread 2 ] DEBUG Engine               - devShowPositionProperty: BooleanProperty [value: false]
12:56:22.706 [FXGL Background Thread 2 ] DEBUG Engine               - versionCheckDays: 7
12:56:22.706 [FXGL Background Thread 2 ] DEBUG Engine               - configClass: Optional.empty
12:56:22.706 [FXGL Background Thread 2 ] DEBUG Engine               - isFullScreenFromStart: false
12:56:22.706 [FXGL Background Thread 2 ] DEBUG Engine               - version: 0.1
12:56:22.706 [FXGL Background Thread 2 ] DEBUG Engine               - fullScreen: BooleanProperty [value: false]
12:56:22.707 [FXGL Background Thread 2 ] DEBUG Engine               - randomSeed: -1
12:56:22.707 [FXGL Background Thread 2 ] DEBUG Engine               - gameDifficultyProperty: ObjectProperty [value: MEDIUM]
12:56:22.707 [FXGL Background Thread 2 ] DEBUG Engine               - applicationMode: DEVELOPER
12:56:22.707 [FXGL Background Thread 2 ] DEBUG Engine               - isMac: false
12:56:22.707 [FXGL Background Thread 2 ] DEBUG Engine               - isMenuEnabled: false
12:56:22.707 [FXGL Background Thread 2 ] DEBUG Engine               - urlPOM: https://raw.githubusercontent.com/AlmasB/FXGL/master/pom.xml
12:56:22.707 [FXGL Background Thread 2 ] DEBUG Engine               - profileName: StringProperty [value: DEFAULT]
12:56:22.707 [FXGL Background Thread 2 ] DEBUG Engine               - notificationViewClass: class com.almasb.fxgl.notification.view.XboxNotificationView
12:56:22.707 [FXGL Background Thread 2 ] DEBUG Engine               - devSensorColorProperty: ObjectProperty [value: 0xffff00ff]
12:56:22.707 [FXGL Background Thread 2 ] DEBUG Engine               - sceneFactory: com.almasb.fxgl.app.scene.SceneFactory@2ca426c9
12:56:22.707 [FXGL Background Thread 2 ] DEBUG Engine               - stageStyle: DECORATED
12:56:22.707 [FXGL Background Thread 2 ] DEBUG Engine               - isManualResizeEnabled: false
12:56:22.707 [FXGL Background Thread 2 ] DEBUG Engine               - title: BlasterBoy
12:56:22.707 [FXGL Background Thread 2 ] DEBUG Engine               - platform: WINDOWS
12:56:22.707 [FXGL Background Thread 2 ] DEBUG Engine               - devBBoxColorProperty: ObjectProperty [value: 0xff0000ff]
12:56:22.708 [FXGL Background Thread 2 ] DEBUG Engine               - gameDifficulty: MEDIUM
12:56:22.708 [FXGL Background Thread 2 ] DEBUG Engine               - isDesktop: true
12:56:22.708 [FXGL Background Thread 2 ] DEBUG Engine               - supportedLanguages: [ENGLISH, FRENCH, GERMAN, HUNGARIAN, RUSSIAN]
12:56:22.708 [FXGL Background Thread 2 ] DEBUG Engine               - credits: []
12:56:22.708 [FXGL Background Thread 2 ] DEBUG Engine               - globalMusicVolumeProperty: DoubleProperty [value: 0.5]
12:56:22.708 [FXGL Background Thread 2 ] DEBUG Engine               - isPreserveResizeRatio: false
12:56:22.708 [FXGL Background Thread 2 ] DEBUG Engine               - fontText: Courier-Prime.ttf
12:56:22.708 [FXGL Background Thread 2 ] DEBUG Engine               - isExperimentalTiledLargeMap: false
12:56:22.708 [FXGL Background Thread 2 ] DEBUG Engine               - secondsIn24h: 60
12:56:22.708 [FXGL Background Thread 2 ] DEBUG Engine               - runtimeInfo: RuntimeInfo(platform=WINDOWS, version=11.8, build=08.03.2020 09.09)
12:56:22.708 [FXGL Background Thread 2 ] DEBUG Engine               - isLinux: false
12:56:22.708 [FXGL Background Thread 2 ] DEBUG Engine               - soundMenuPress: menu/press.wav
12:56:22.708 [FXGL Background Thread 2 ] DEBUG Engine               - urlGithub: https://github.com/AlmasB/FXGL
12:56:22.708 [FXGL Background Thread 2 ] DEBUG Engine               - profileDir: profiles/
12:56:22.708 [FXGL Background Thread 2 ] DEBUG Engine               - isDeveloperMenuEnabled: false
12:56:22.708 [FXGL Background Thread 2 ] DEBUG Engine               - globalSoundVolumeProperty: DoubleProperty [value: 0.5]
12:56:22.708 [FXGL Background Thread 2 ] DEBUG Engine               - mainWindow: com.almasb.fxgl.app.MainWindow@289ba785
12:56:22.709 [FXGL Background Thread 2 ] DEBUG Engine               - isBrowser: false
12:56:22.709 [FXGL Background Thread 2 ] DEBUG Engine               - globalSoundVolume: 0.5
12:56:22.709 [FXGL Background Thread 2 ] DEBUG Engine               - urlLeaderboard: http://fxgl-top.herokuapp.com/
12:56:22.709 [FXGL Background Thread 2 ] DEBUG Engine               - engineServices: [class com.almasb.fxgl.app.GameApplication$GameApplicationService, class com.almasb.fxgl.app.services.WindowService, class com.almasb.fxgl.app.services.FXGLDialogService, class com.almasb.fxgl.app.services.IOTaskExecutorService, class com.almasb.fxgl.event.EventBusService, class com.almasb.fxgl.io.FileSystemService, class com.almasb.fxgl.localization.LocalizationService, class com.almasb.fxgl.app.services.AssetLoaderService, class com.almasb.fxgl.app.services.SystemBundleService, class com.almasb.fxgl.profile.SaveLoadService, class com.almasb.fxgl.ui.FXGLUIFactoryServiceProvider, class com.almasb.fxgl.ui.FXGLDialogFactoryServiceProvider, class com.almasb.fxgl.audio.AudioPlayer, class com.almasb.fxgl.notification.impl.NotificationServiceProvider, class com.almasb.fxgl.achievement.AchievementService, class com.almasb.fxgl.cutscene.CutsceneService, class com.almasb.fxgl.minigames.MiniGameService, class com.almasb.fxgl.net.NetService, class com.almasb.fxgl.app.services.UpdaterService]
12:56:22.709 [FXGL Background Thread 2 ] DEBUG Engine               - globalMusicVolume: 0.5
12:56:22.709 [FXGL Background Thread 2 ] DEBUG Engine               - width: 1200
12:56:22.709 [FXGL Background Thread 2 ] DEBUG Engine               - saveFileExt: sav
12:56:22.709 [FXGL Background Thread 2 ] DEBUG Engine               - isAndroid: false
12:56:22.709 [FXGL Background Thread 2 ] DEBUG Engine               - fontUI: VarelaRound-Regular.ttf
12:56:22.709 [FXGL Background Thread 2 ] DEBUG Engine               - enabledMenuItems: []
12:56:22.709 [FXGL Background Thread 2 ] DEBUG Engine               - isIOS: false
12:56:22.709 [FXGL Background Thread 2 ] DEBUG Engine               - Logging services
12:56:22.709 [FXGL Background Thread 2 ] DEBUG Engine               - class com.almasb.fxgl.app.GameApplication$GameApplicationService
12:56:22.709 [FXGL Background Thread 2 ] DEBUG Engine               - class com.almasb.fxgl.app.services.WindowService
12:56:22.709 [FXGL Background Thread 2 ] DEBUG Engine               - class com.almasb.fxgl.app.services.FXGLDialogService
12:56:22.709 [FXGL Background Thread 2 ] DEBUG Engine               - class com.almasb.fxgl.app.services.IOTaskExecutorService
12:56:22.709 [FXGL Background Thread 2 ] DEBUG Engine               - class com.almasb.fxgl.event.EventBusService
12:56:22.709 [FXGL Background Thread 2 ] DEBUG Engine               - class com.almasb.fxgl.io.FileSystemService
12:56:22.709 [FXGL Background Thread 2 ] DEBUG Engine               - class com.almasb.fxgl.localization.LocalizationService
12:56:22.709 [FXGL Background Thread 2 ] DEBUG Engine               - class com.almasb.fxgl.app.services.AssetLoaderService
12:56:22.710 [FXGL Background Thread 2 ] DEBUG Engine               - class com.almasb.fxgl.app.services.SystemBundleService
12:56:22.710 [FXGL Background Thread 2 ] DEBUG Engine               - class com.almasb.fxgl.profile.SaveLoadService
12:56:22.710 [FXGL Background Thread 2 ] DEBUG Engine               - class com.almasb.fxgl.ui.FXGLUIFactoryServiceProvider
12:56:22.710 [FXGL Background Thread 2 ] DEBUG Engine               - class com.almasb.fxgl.ui.FXGLDialogFactoryServiceProvider
12:56:22.710 [FXGL Background Thread 2 ] DEBUG Engine               - class com.almasb.fxgl.audio.AudioPlayer
12:56:22.710 [FXGL Background Thread 2 ] DEBUG Engine               - class com.almasb.fxgl.notification.impl.NotificationServiceProvider
12:56:22.710 [FXGL Background Thread 2 ] DEBUG Engine               - class com.almasb.fxgl.achievement.AchievementService
12:56:22.710 [FXGL Background Thread 2 ] DEBUG Engine               - class com.almasb.fxgl.cutscene.CutsceneService
12:56:22.710 [FXGL Background Thread 2 ] DEBUG Engine               - class com.almasb.fxgl.minigames.MiniGameService
12:56:22.710 [FXGL Background Thread 2 ] DEBUG Engine               - class com.almasb.fxgl.net.NetService
12:56:22.710 [FXGL Background Thread 2 ] DEBUG Engine               - class com.almasb.fxgl.app.services.UpdaterService
12:56:27.119 [JavaFX Application Thread] DEBUG GameApplication      - Exiting FXGL
12:56:27.120 [JavaFX Application Thread] DEBUG LoopRunner           - Stopping loop
12:56:27.120 [JavaFX Application Thread] DEBUG SystemBundleService  - Saving FXGL system data
12:56:27.121 [JavaFX Application Thread] DEBUG FileSystemAccess     - Writing to: C:\Users\lucas\IdeaProjects\BlasterBoy\system\fxgl.bundle
12:56:27.122 [JavaFX Application Thread] DEBUG GameApplication      - Shutting down background threads
12:56:27.122 [JavaFX Application Thread] DEBUG GameApplication      - Closing logger and exiting JavaFX
