11:13:22.980 [AWT-EventQueue-0         ] DEBUG GameApplication      - Logger initialized
11:13:22.984 [AWT-EventQueue-0         ] DEBUG GameApplication      - Logging settings
Title: BlasterBoy
Version: 1.0
Width: 1200
Height: 1200
Fullscreen: false
Intro: false
Menus: false
Profiling: false
Single step:false
App Mode: DEVELOPER
Menu Key: ESCAPE
Stage Style: DECORATED
Scene Factory: class com.almasb.fxgl.app.scene.SceneFactory

11:13:23.299 [JavaFX Application Thread] DEBUG GameApplication      - Initializing FXGL
11:13:23.307 [JavaFX Application Thread] INFO  Engine               - FXGL-11.8 (08.03.2020 09.09) on WINDOWS (J:14.0.1 FX:13.0.2)
11:13:23.307 [JavaFX Application Thread] INFO  Engine               - Source code and latest versions at: https://github.com/AlmasB/FXGL
11:13:23.307 [JavaFX Application Thread] INFO  Engine               -              Join the FXGL chat at: https://gitter.im/AlmasB/FXGL
11:13:23.400 [JavaFX Application Thread] DEBUG MainWindow           - Creating a JavaFX scene
11:13:23.443 [JavaFX Application Thread] DEBUG MainWindow           - Target settings size: 1200.0 x 1200.0
11:13:23.443 [JavaFX Application Thread] DEBUG MainWindow           - Scaled scene size:    1200.0 x 1200.0
11:13:23.444 [JavaFX Application Thread] DEBUG MainWindow           - Scaled ratio: (1.0, 1.0)
11:13:23.445 [JavaFX Application Thread] DEBUG MainWindow           - Set initial scene to FXGLStartupScene
11:13:23.450 [JavaFX Application Thread] DEBUG MainWindow           - Opening main window
11:13:23.501 [JavaFX Application Thread] DEBUG MainWindow           - Window border size: (16.0, 39.0)
11:13:23.501 [JavaFX Application Thread] DEBUG MainWindow           - Scaled size: 1200.0 x 1200.0
11:13:23.501 [JavaFX Application Thread] DEBUG MainWindow           - Scaled ratio: (1.0, 1.0)
11:13:23.502 [JavaFX Application Thread] DEBUG MainWindow           - Scene size: 1200.0 x 1200.0
11:13:23.502 [JavaFX Application Thread] DEBUG MainWindow           - Stage size: 1216.0 x 1239.0
11:13:23.507 [FXGL Background Thread 1 ] DEBUG Engine               - Initializing environment variables
11:13:23.535 [FXGL Background Thread 1 ] DEBUG WindowService        - Applying CSS: fxgl_dark.css
11:13:23.536 [FXGL Background Thread 1 ] DEBUG AssetLoaderService   - Loading from file system: /assets/ui/css/fxgl_dark.css
11:13:23.573 [FXGL Background Thread 1 ] DEBUG WindowService        - Initializing application scenes
11:13:23.604 [FXGL Background Thread 1 ] DEBUG GameWorld            - Game world initialized
11:13:23.651 [FXGL Background Thread 1 ] DEBUG PhysicsWorld         - Physics world initialized: appHeight=1200, physics.ppm=50.0
11:13:23.653 [FXGL Background Thread 1 ] DEBUG GameScene            - Game scene initialized: 1200x1200
11:13:23.659 [FXGL Background Thread 1 ] DEBUG Input                - Registered new binding: Resume - Esc
11:13:23.663 [FXGL Background Thread 1 ] DEBUG AssetLoaderService   - Loading from file system: /assets/textures/pause_menu_bg.png
11:13:23.707 [FXGL Background Thread 1 ] DEBUG Input                - Registered new binding: Pause - Esc
11:13:23.707 [FXGL Background Thread 1 ] DEBUG WindowService        - Application scenes initialized
11:13:23.715 [FXGL Background Thread 1 ] DEBUG SystemBundleService  - Loading FXGL system data
11:13:23.719 [FXGL Background Thread 1 ] DEBUG FileSystemAccess     - Reading from: C:\Users\lucas\Downloads\BlasterBoy\system\fxgl.bundle
11:13:23.725 [FXGL Background Thread 1 ] DEBUG SystemBundleService  - Bundle FXGL: {}
11:13:23.725 [FXGL Background Thread 1 ] INFO  Engine               - FXGL initialization took: 0.216 sec
11:13:23.727 [FXGL Background Thread 1 ] DEBUG GameApplication      - Loading localizations
11:13:23.728 [FXGL Background Thread 1 ] DEBUG AssetLoaderService   - Loading from file system: /assets/properties/languages/english.properties
11:13:23.729 [FXGL Background Thread 1 ] DEBUG AssetLoaderService   - Loading from file system: /assets/properties/languages/french.properties
11:13:23.730 [FXGL Background Thread 1 ] DEBUG AssetLoaderService   - Loading from file system: /assets/properties/languages/german.properties
11:13:23.731 [FXGL Background Thread 1 ] DEBUG AssetLoaderService   - Loading from file system: /assets/properties/languages/hungarian.properties
11:13:23.733 [FXGL Background Thread 1 ] DEBUG AssetLoaderService   - Loading from file system: /assets/properties/languages/russian.properties
11:13:23.734 [FXGL Background Thread 1 ] DEBUG GameApplication      - Registering font factories with UI factory
11:13:23.734 [FXGL Background Thread 1 ] DEBUG AssetLoaderService   - Loading from file system: /assets/ui/fonts/VarelaRound-Regular.ttf
11:13:23.775 [FXGL Background Thread 1 ] DEBUG AssetLoaderService   - Loading from file system: /assets/ui/fonts/Abel-Regular.ttf
11:13:23.777 [FXGL Background Thread 1 ] DEBUG AssetLoaderService   - Loading from file system: /assets/ui/fonts/lucida_console.ttf
11:13:23.781 [FXGL Background Thread 1 ] DEBUG AssetLoaderService   - Loading from file system: /assets/ui/fonts/Courier-Prime.ttf
11:13:23.785 [JavaFX Application Thread] DEBUG Input                - Registered new binding: Launch - Space
11:13:23.785 [JavaFX Application Thread] DEBUG AssetLoaderService   - Loading from file system: /assets/textures/fxgl_icon.png
11:13:23.800 [JavaFX Application Thread] DEBUG AssetLoaderService   - Loading from file system: /assets/ui/cursors/fxgl_default.png
11:13:23.802 [JavaFX Application Thread] DEBUG Input                - Registered new binding: Screenshot - P
11:13:23.802 [JavaFX Application Thread] DEBUG Input                - Registered new binding: System info dump - CTRL+9
11:13:23.802 [JavaFX Application Thread] DEBUG Input                - Registered new binding: Restart - CTRL+R
11:13:23.803 [JavaFX Application Thread] DEBUG LoopRunner           - Starting loop
11:13:23.818 [JavaFX Application Thread] DEBUG FXGLStartupScene     - STARTUP
11:13:23.818 [JavaFX Application Thread] DEBUG WindowService        - Starting new game
11:13:23.820 [JavaFX Application Thread] DEBUG Input                - Clearing active input actions
11:13:23.829 [JavaFX Application Thread] DEBUG WindowService        - Removing overlay from FXGLStartupScene and adding to FXGLLoadingScene
11:13:23.829 [JavaFX Application Thread] DEBUG MainWindow           - FXGLStartupScene -> FXGLLoadingScene
11:13:23.829 [JavaFX Application Thread] DEBUG WindowService        - Clearing previous game
11:13:23.829 [JavaFX Application Thread] DEBUG GameScene            - Clearing game scene
11:13:23.829 [JavaFX Application Thread] DEBUG GameWorld            - Clearing game world
11:13:23.829 [JavaFX Application Thread] DEBUG PhysicsWorld         - Clearing physics world
11:13:23.830 [FXGL Background Thread 1 ] DEBUG GameApplication      - Initializing game
11:13:23.837 [FXGL Background Thread 1 ] DEBUG AssetLoaderService   - Loading from file system: /assets/levels/0.txt
11:13:23.847 [FXGL Background Thread 1 ] DEBUG AssetLoaderService   - Loading from file system: /assets/textures/left.png
11:13:23.857 [FXGL Background Thread 1 ] DEBUG AssetLoaderService   - Loading from file system: /assets/textures/right.png
11:13:23.861 [FXGL Background Thread 1 ] DEBUG AssetLoaderService   - Loading from cache: /assets/textures/left.png@80.0x80.0
11:13:23.862 [FXGL Background Thread 1 ] DEBUG AssetLoaderService   - Loading from cache: /assets/textures/right.png@80.0x80.0
11:13:23.863 [FXGL Background Thread 1 ] DEBUG AssetLoaderService   - Loading from cache: /assets/textures/left.png@80.0x80.0
11:13:23.864 [FXGL Background Thread 1 ] DEBUG AssetLoaderService   - Loading from cache: /assets/textures/right.png@80.0x80.0
11:13:23.865 [FXGL Background Thread 1 ] DEBUG AssetLoaderService   - Loading from cache: /assets/textures/left.png@80.0x80.0
11:13:23.865 [FXGL Background Thread 1 ] DEBUG AssetLoaderService   - Loading from cache: /assets/textures/right.png@80.0x80.0
11:13:23.866 [FXGL Background Thread 1 ] DEBUG AssetLoaderService   - Loading from cache: /assets/textures/left.png@80.0x80.0
11:13:23.867 [FXGL Background Thread 1 ] DEBUG AssetLoaderService   - Loading from cache: /assets/textures/right.png@80.0x80.0
11:13:23.868 [FXGL Background Thread 1 ] DEBUG AssetLoaderService   - Loading from cache: /assets/textures/left.png@80.0x80.0
11:13:23.868 [FXGL Background Thread 1 ] DEBUG AssetLoaderService   - Loading from cache: /assets/textures/right.png@80.0x80.0
11:13:23.869 [FXGL Background Thread 1 ] DEBUG AssetLoaderService   - Loading from cache: /assets/textures/left.png@80.0x80.0
11:13:23.870 [FXGL Background Thread 1 ] DEBUG AssetLoaderService   - Loading from cache: /assets/textures/right.png@80.0x80.0
11:13:23.870 [FXGL Background Thread 1 ] DEBUG AssetLoaderService   - Loading from cache: /assets/textures/left.png@80.0x80.0
11:13:23.871 [FXGL Background Thread 1 ] DEBUG AssetLoaderService   - Loading from cache: /assets/textures/right.png@80.0x80.0
11:13:23.872 [FXGL Background Thread 1 ] DEBUG AssetLoaderService   - Loading from cache: /assets/textures/left.png@80.0x80.0
11:13:23.873 [FXGL Background Thread 1 ] DEBUG AssetLoaderService   - Loading from file system: /assets/textures/platform.png
11:13:23.876 [FXGL Background Thread 1 ] DEBUG AssetLoaderService   - Loading from cache: /assets/textures/platform.png@80.0x80.0
11:13:23.877 [FXGL Background Thread 1 ] DEBUG AssetLoaderService   - Loading from cache: /assets/textures/platform.png@80.0x80.0
11:13:23.878 [FXGL Background Thread 1 ] DEBUG AssetLoaderService   - Loading from cache: /assets/textures/platform.png@80.0x80.0
11:13:23.878 [FXGL Background Thread 1 ] DEBUG AssetLoaderService   - Loading from cache: /assets/textures/platform.png@80.0x80.0
11:13:23.879 [FXGL Background Thread 1 ] DEBUG AssetLoaderService   - Loading from cache: /assets/textures/platform.png@80.0x80.0
11:13:23.884 [FXGL Background Thread 1 ] DEBUG AssetLoaderService   - Loading from cache: /assets/textures/platform.png@80.0x80.0
11:13:23.885 [FXGL Background Thread 1 ] DEBUG AssetLoaderService   - Loading from cache: /assets/textures/platform.png@80.0x80.0
11:13:23.885 [FXGL Background Thread 1 ] DEBUG AssetLoaderService   - Loading from cache: /assets/textures/platform.png@80.0x80.0
11:13:23.886 [FXGL Background Thread 1 ] DEBUG AssetLoaderService   - Loading from cache: /assets/textures/platform.png@80.0x80.0
11:13:23.887 [FXGL Background Thread 1 ] DEBUG AssetLoaderService   - Loading from cache: /assets/textures/right.png@80.0x80.0
11:13:23.887 [FXGL Background Thread 1 ] DEBUG AssetLoaderService   - Loading from cache: /assets/textures/left.png@80.0x80.0
11:13:23.888 [FXGL Background Thread 1 ] DEBUG AssetLoaderService   - Loading from cache: /assets/textures/right.png@80.0x80.0
11:13:23.889 [FXGL Background Thread 1 ] DEBUG AssetLoaderService   - Loading from cache: /assets/textures/left.png@80.0x80.0
11:13:23.890 [FXGL Background Thread 1 ] DEBUG AssetLoaderService   - Loading from cache: /assets/textures/right.png@80.0x80.0
11:13:23.891 [FXGL Background Thread 1 ] DEBUG AssetLoaderService   - Loading from cache: /assets/textures/left.png@80.0x80.0
11:13:23.892 [FXGL Background Thread 1 ] DEBUG AssetLoaderService   - Loading from cache: /assets/textures/platform.png@80.0x80.0
11:13:23.893 [FXGL Background Thread 1 ] DEBUG AssetLoaderService   - Loading from cache: /assets/textures/platform.png@80.0x80.0
11:13:23.894 [FXGL Background Thread 1 ] DEBUG AssetLoaderService   - Loading from cache: /assets/textures/platform.png@80.0x80.0
11:13:23.895 [FXGL Background Thread 1 ] DEBUG AssetLoaderService   - Loading from cache: /assets/textures/platform.png@80.0x80.0
11:13:23.896 [FXGL Background Thread 1 ] DEBUG AssetLoaderService   - Loading from cache: /assets/textures/platform.png@80.0x80.0
11:13:23.897 [FXGL Background Thread 1 ] DEBUG AssetLoaderService   - Loading from cache: /assets/textures/platform.png@80.0x80.0
11:13:23.897 [FXGL Background Thread 1 ] DEBUG AssetLoaderService   - Loading from cache: /assets/textures/right.png@80.0x80.0
11:13:23.898 [FXGL Background Thread 1 ] DEBUG AssetLoaderService   - Loading from cache: /assets/textures/left.png@80.0x80.0
11:13:23.899 [FXGL Background Thread 1 ] DEBUG AssetLoaderService   - Loading from cache: /assets/textures/right.png@80.0x80.0
11:13:23.899 [FXGL Background Thread 1 ] DEBUG AssetLoaderService   - Loading from cache: /assets/textures/left.png@80.0x80.0
11:13:23.900 [FXGL Background Thread 1 ] DEBUG AssetLoaderService   - Loading from cache: /assets/textures/platform.png@80.0x80.0
11:13:23.901 [FXGL Background Thread 1 ] DEBUG AssetLoaderService   - Loading from cache: /assets/textures/platform.png@80.0x80.0
11:13:23.901 [FXGL Background Thread 1 ] DEBUG AssetLoaderService   - Loading from cache: /assets/textures/platform.png@80.0x80.0
11:13:23.902 [FXGL Background Thread 1 ] DEBUG AssetLoaderService   - Loading from cache: /assets/textures/platform.png@80.0x80.0
11:13:23.903 [FXGL Background Thread 1 ] DEBUG AssetLoaderService   - Loading from cache: /assets/textures/platform.png@80.0x80.0
11:13:23.903 [FXGL Background Thread 1 ] DEBUG AssetLoaderService   - Loading from cache: /assets/textures/right.png@80.0x80.0
11:13:23.904 [FXGL Background Thread 1 ] DEBUG AssetLoaderService   - Loading from cache: /assets/textures/left.png@80.0x80.0
11:13:23.905 [FXGL Background Thread 1 ] DEBUG AssetLoaderService   - Loading from cache: /assets/textures/right.png@80.0x80.0
11:13:23.906 [FXGL Background Thread 1 ] DEBUG AssetLoaderService   - Loading from cache: /assets/textures/left.png@80.0x80.0
11:13:23.908 [FXGL Background Thread 1 ] DEBUG AssetLoaderService   - Loading from cache: /assets/textures/right.png@80.0x80.0
11:13:23.909 [FXGL Background Thread 1 ] DEBUG AssetLoaderService   - Loading from cache: /assets/textures/left.png@80.0x80.0
11:13:23.910 [FXGL Background Thread 1 ] DEBUG AssetLoaderService   - Loading from cache: /assets/textures/platform.png@80.0x80.0
11:13:23.911 [FXGL Background Thread 1 ] DEBUG AssetLoaderService   - Loading from cache: /assets/textures/platform.png@80.0x80.0
11:13:23.911 [FXGL Background Thread 1 ] DEBUG AssetLoaderService   - Loading from cache: /assets/textures/platform.png@80.0x80.0
11:13:23.912 [FXGL Background Thread 1 ] DEBUG AssetLoaderService   - Loading from cache: /assets/textures/platform.png@80.0x80.0
11:13:23.913 [FXGL Background Thread 1 ] DEBUG AssetLoaderService   - Loading from cache: /assets/textures/right.png@80.0x80.0
11:13:23.913 [FXGL Background Thread 1 ] DEBUG AssetLoaderService   - Loading from cache: /assets/textures/left.png@80.0x80.0
11:13:23.914 [FXGL Background Thread 1 ] DEBUG AssetLoaderService   - Loading from cache: /assets/textures/right.png@80.0x80.0
11:13:23.915 [FXGL Background Thread 1 ] DEBUG AssetLoaderService   - Loading from cache: /assets/textures/left.png@80.0x80.0
11:13:23.916 [FXGL Background Thread 1 ] DEBUG AssetLoaderService   - Loading from cache: /assets/textures/right.png@80.0x80.0
11:13:23.916 [FXGL Background Thread 1 ] DEBUG AssetLoaderService   - Loading from cache: /assets/textures/left.png@80.0x80.0
11:13:23.917 [FXGL Background Thread 1 ] DEBUG AssetLoaderService   - Loading from cache: /assets/textures/platform.png@80.0x80.0
11:13:23.917 [FXGL Background Thread 1 ] DEBUG AssetLoaderService   - Loading from cache: /assets/textures/platform.png@80.0x80.0
11:13:23.918 [FXGL Background Thread 1 ] DEBUG AssetLoaderService   - Loading from cache: /assets/textures/platform.png@80.0x80.0
11:13:23.918 [FXGL Background Thread 1 ] DEBUG AssetLoaderService   - Loading from cache: /assets/textures/platform.png@80.0x80.0
11:13:23.919 [FXGL Background Thread 1 ] DEBUG AssetLoaderService   - Loading from cache: /assets/textures/right.png@80.0x80.0
11:13:23.919 [FXGL Background Thread 1 ] DEBUG AssetLoaderService   - Loading from cache: /assets/textures/left.png@80.0x80.0
11:13:23.920 [FXGL Background Thread 1 ] DEBUG AssetLoaderService   - Loading from cache: /assets/textures/right.png@80.0x80.0
11:13:23.920 [FXGL Background Thread 1 ] DEBUG AssetLoaderService   - Loading from cache: /assets/textures/left.png@80.0x80.0
11:13:23.921 [FXGL Background Thread 1 ] DEBUG AssetLoaderService   - Loading from cache: /assets/textures/right.png@80.0x80.0
11:13:23.921 [FXGL Background Thread 1 ] DEBUG AssetLoaderService   - Loading from cache: /assets/textures/left.png@80.0x80.0
11:13:23.922 [FXGL Background Thread 1 ] DEBUG AssetLoaderService   - Loading from cache: /assets/textures/platform.png@80.0x80.0
11:13:23.923 [FXGL Background Thread 1 ] DEBUG AssetLoaderService   - Loading from cache: /assets/textures/platform.png@80.0x80.0
11:13:23.924 [FXGL Background Thread 1 ] DEBUG AssetLoaderService   - Loading from cache: /assets/textures/right.png@80.0x80.0
11:13:23.925 [FXGL Background Thread 1 ] DEBUG AssetLoaderService   - Loading from cache: /assets/textures/left.png@80.0x80.0
11:13:23.926 [FXGL Background Thread 1 ] DEBUG AssetLoaderService   - Loading from cache: /assets/textures/right.png@80.0x80.0
11:13:23.927 [FXGL Background Thread 1 ] DEBUG AssetLoaderService   - Loading from cache: /assets/textures/left.png@80.0x80.0
11:13:23.928 [FXGL Background Thread 1 ] DEBUG AssetLoaderService   - Loading from cache: /assets/textures/right.png@80.0x80.0
11:13:23.928 [FXGL Background Thread 1 ] DEBUG AssetLoaderService   - Loading from cache: /assets/textures/left.png@80.0x80.0
11:13:23.930 [FXGL Background Thread 1 ] DEBUG AssetLoaderService   - Loading from cache: /assets/textures/platform.png@80.0x80.0
11:13:23.931 [FXGL Background Thread 1 ] DEBUG AssetLoaderService   - Loading from cache: /assets/textures/platform.png@80.0x80.0
11:13:23.932 [FXGL Background Thread 1 ] DEBUG AssetLoaderService   - Loading from cache: /assets/textures/right.png@80.0x80.0
11:13:23.934 [FXGL Background Thread 1 ] DEBUG AssetLoaderService   - Loading from cache: /assets/textures/left.png@80.0x80.0
11:13:23.934 [FXGL Background Thread 1 ] DEBUG AssetLoaderService   - Loading from cache: /assets/textures/right.png@80.0x80.0
11:13:23.935 [FXGL Background Thread 1 ] DEBUG AssetLoaderService   - Loading from cache: /assets/textures/left.png@80.0x80.0
11:13:23.936 [FXGL Background Thread 1 ] DEBUG AssetLoaderService   - Loading from cache: /assets/textures/right.png@80.0x80.0
11:13:23.937 [FXGL Background Thread 1 ] DEBUG AssetLoaderService   - Loading from cache: /assets/textures/left.png@80.0x80.0
11:13:23.937 [FXGL Background Thread 1 ] DEBUG AssetLoaderService   - Loading from cache: /assets/textures/platform.png@80.0x80.0
11:13:23.938 [FXGL Background Thread 1 ] DEBUG AssetLoaderService   - Loading from cache: /assets/textures/platform.png@80.0x80.0
11:13:23.939 [FXGL Background Thread 1 ] DEBUG AssetLoaderService   - Loading from cache: /assets/textures/right.png@80.0x80.0
11:13:23.939 [FXGL Background Thread 1 ] DEBUG AssetLoaderService   - Loading from cache: /assets/textures/left.png@80.0x80.0
11:13:23.940 [FXGL Background Thread 1 ] DEBUG AssetLoaderService   - Loading from cache: /assets/textures/right.png@80.0x80.0
11:13:23.941 [FXGL Background Thread 1 ] DEBUG AssetLoaderService   - Loading from cache: /assets/textures/left.png@80.0x80.0
11:13:23.941 [FXGL Background Thread 1 ] DEBUG AssetLoaderService   - Loading from cache: /assets/textures/right.png@80.0x80.0
11:13:23.942 [FXGL Background Thread 1 ] DEBUG AssetLoaderService   - Loading from cache: /assets/textures/left.png@80.0x80.0
11:13:23.943 [FXGL Background Thread 1 ] DEBUG AssetLoaderService   - Loading from cache: /assets/textures/platform.png@80.0x80.0
11:13:23.943 [FXGL Background Thread 1 ] DEBUG AssetLoaderService   - Loading from cache: /assets/textures/platform.png@80.0x80.0
11:13:23.944 [FXGL Background Thread 1 ] DEBUG AssetLoaderService   - Loading from cache: /assets/textures/platform.png@80.0x80.0
11:13:23.945 [FXGL Background Thread 1 ] DEBUG AssetLoaderService   - Loading from cache: /assets/textures/platform.png@80.0x80.0
11:13:23.946 [FXGL Background Thread 1 ] DEBUG AssetLoaderService   - Loading from cache: /assets/textures/right.png@80.0x80.0
11:13:23.947 [FXGL Background Thread 1 ] DEBUG AssetLoaderService   - Loading from cache: /assets/textures/left.png@80.0x80.0
11:13:23.947 [FXGL Background Thread 1 ] DEBUG AssetLoaderService   - Loading from cache: /assets/textures/right.png@80.0x80.0
11:13:23.948 [FXGL Background Thread 1 ] DEBUG AssetLoaderService   - Loading from cache: /assets/textures/left.png@80.0x80.0
11:13:23.949 [FXGL Background Thread 1 ] DEBUG AssetLoaderService   - Loading from cache: /assets/textures/right.png@80.0x80.0
11:13:23.949 [FXGL Background Thread 1 ] DEBUG AssetLoaderService   - Loading from cache: /assets/textures/left.png@80.0x80.0
11:13:23.950 [FXGL Background Thread 1 ] DEBUG AssetLoaderService   - Loading from cache: /assets/textures/platform.png@80.0x80.0
11:13:23.951 [FXGL Background Thread 1 ] DEBUG AssetLoaderService   - Loading from cache: /assets/textures/platform.png@80.0x80.0
11:13:23.952 [FXGL Background Thread 1 ] DEBUG AssetLoaderService   - Loading from cache: /assets/textures/platform.png@80.0x80.0
11:13:23.952 [FXGL Background Thread 1 ] DEBUG AssetLoaderService   - Loading from cache: /assets/textures/platform.png@80.0x80.0
11:13:23.953 [FXGL Background Thread 1 ] DEBUG AssetLoaderService   - Loading from cache: /assets/textures/platform.png@80.0x80.0
11:13:23.953 [FXGL Background Thread 1 ] DEBUG AssetLoaderService   - Loading from cache: /assets/textures/right.png@80.0x80.0
11:13:23.954 [FXGL Background Thread 1 ] DEBUG AssetLoaderService   - Loading from cache: /assets/textures/left.png@80.0x80.0
11:13:23.954 [FXGL Background Thread 1 ] DEBUG AssetLoaderService   - Loading from cache: /assets/textures/right.png@80.0x80.0
11:13:23.955 [FXGL Background Thread 1 ] DEBUG AssetLoaderService   - Loading from cache: /assets/textures/left.png@80.0x80.0
11:13:23.955 [FXGL Background Thread 1 ] DEBUG AssetLoaderService   - Loading from cache: /assets/textures/right.png@80.0x80.0
11:13:23.955 [FXGL Background Thread 1 ] DEBUG AssetLoaderService   - Loading from cache: /assets/textures/left.png@80.0x80.0
11:13:23.956 [FXGL Background Thread 1 ] DEBUG AssetLoaderService   - Loading from cache: /assets/textures/platform.png@80.0x80.0
11:13:23.958 [FXGL Background Thread 1 ] DEBUG AssetLoaderService   - Loading from cache: /assets/textures/platform.png@80.0x80.0
11:13:23.959 [FXGL Background Thread 1 ] DEBUG AssetLoaderService   - Loading from cache: /assets/textures/platform.png@80.0x80.0
11:13:23.960 [FXGL Background Thread 1 ] DEBUG AssetLoaderService   - Loading from cache: /assets/textures/platform.png@80.0x80.0
11:13:23.961 [FXGL Background Thread 1 ] DEBUG AssetLoaderService   - Loading from cache: /assets/textures/right.png@80.0x80.0
11:13:23.961 [FXGL Background Thread 1 ] DEBUG AssetLoaderService   - Loading from cache: /assets/textures/left.png@80.0x80.0
11:13:23.962 [FXGL Background Thread 1 ] DEBUG AssetLoaderService   - Loading from cache: /assets/textures/right.png@80.0x80.0
11:13:23.962 [FXGL Background Thread 1 ] DEBUG AssetLoaderService   - Loading from cache: /assets/textures/left.png@80.0x80.0
11:13:23.963 [FXGL Background Thread 1 ] DEBUG AssetLoaderService   - Loading from cache: /assets/textures/right.png@80.0x80.0
11:13:23.963 [FXGL Background Thread 1 ] DEBUG AssetLoaderService   - Loading from cache: /assets/textures/left.png@80.0x80.0
11:13:23.964 [FXGL Background Thread 1 ] DEBUG AssetLoaderService   - Loading from cache: /assets/textures/platform.png@80.0x80.0
11:13:23.964 [FXGL Background Thread 1 ] DEBUG AssetLoaderService   - Loading from cache: /assets/textures/platform.png@80.0x80.0
11:13:23.965 [FXGL Background Thread 1 ] DEBUG AssetLoaderService   - Loading from cache: /assets/textures/platform.png@80.0x80.0
11:13:23.965 [FXGL Background Thread 1 ] DEBUG AssetLoaderService   - Loading from cache: /assets/textures/platform.png@80.0x80.0
11:13:23.966 [FXGL Background Thread 1 ] DEBUG AssetLoaderService   - Loading from cache: /assets/textures/platform.png@80.0x80.0
11:13:23.967 [FXGL Background Thread 1 ] DEBUG AssetLoaderService   - Loading from cache: /assets/textures/right.png@80.0x80.0
11:13:23.967 [FXGL Background Thread 1 ] DEBUG AssetLoaderService   - Loading from cache: /assets/textures/left.png@80.0x80.0
11:13:23.968 [FXGL Background Thread 1 ] DEBUG AssetLoaderService   - Loading from cache: /assets/textures/right.png@80.0x80.0
11:13:23.968 [FXGL Background Thread 1 ] DEBUG AssetLoaderService   - Loading from cache: /assets/textures/left.png@80.0x80.0
11:13:23.968 [FXGL Background Thread 1 ] DEBUG AssetLoaderService   - Loading from cache: /assets/textures/right.png@80.0x80.0
11:13:23.969 [FXGL Background Thread 1 ] DEBUG AssetLoaderService   - Loading from cache: /assets/textures/left.png@80.0x80.0
11:13:23.969 [FXGL Background Thread 1 ] DEBUG AssetLoaderService   - Loading from cache: /assets/textures/platform.png@80.0x80.0
11:13:23.969 [FXGL Background Thread 1 ] DEBUG AssetLoaderService   - Loading from cache: /assets/textures/platform.png@80.0x80.0
11:13:23.970 [FXGL Background Thread 1 ] DEBUG AssetLoaderService   - Loading from cache: /assets/textures/platform.png@80.0x80.0
11:13:23.970 [FXGL Background Thread 1 ] DEBUG AssetLoaderService   - Loading from cache: /assets/textures/right.png@80.0x80.0
11:13:23.971 [FXGL Background Thread 1 ] DEBUG AssetLoaderService   - Loading from cache: /assets/textures/left.png@80.0x80.0
11:13:23.971 [FXGL Background Thread 1 ] DEBUG AssetLoaderService   - Loading from cache: /assets/textures/right.png@80.0x80.0
11:13:23.971 [FXGL Background Thread 1 ] DEBUG AssetLoaderService   - Loading from cache: /assets/textures/left.png@80.0x80.0
11:13:23.972 [FXGL Background Thread 1 ] DEBUG AssetLoaderService   - Loading from cache: /assets/textures/platform.png@80.0x80.0
11:13:23.972 [FXGL Background Thread 1 ] DEBUG AssetLoaderService   - Loading from cache: /assets/textures/platform.png@80.0x80.0
11:13:23.973 [FXGL Background Thread 1 ] DEBUG AssetLoaderService   - Loading from cache: /assets/textures/platform.png@80.0x80.0
11:13:23.974 [FXGL Background Thread 1 ] DEBUG AssetLoaderService   - Loading from cache: /assets/textures/platform.png@80.0x80.0
11:13:23.974 [FXGL Background Thread 1 ] DEBUG AssetLoaderService   - Loading from cache: /assets/textures/right.png@80.0x80.0
11:13:23.975 [FXGL Background Thread 1 ] DEBUG AssetLoaderService   - Loading from cache: /assets/textures/left.png@80.0x80.0
11:13:23.976 [FXGL Background Thread 1 ] DEBUG AssetLoaderService   - Loading from cache: /assets/textures/platform.png@80.0x80.0
11:13:23.976 [FXGL Background Thread 1 ] DEBUG AssetLoaderService   - Loading from cache: /assets/textures/platform.png@80.0x80.0
11:13:23.977 [FXGL Background Thread 1 ] DEBUG AssetLoaderService   - Loading from cache: /assets/textures/right.png@80.0x80.0
11:13:23.977 [FXGL Background Thread 1 ] DEBUG AssetLoaderService   - Loading from cache: /assets/textures/left.png@80.0x80.0
11:13:23.977 [FXGL Background Thread 1 ] DEBUG AssetLoaderService   - Loading from cache: /assets/textures/right.png@80.0x80.0
11:13:23.977 [FXGL Background Thread 1 ] DEBUG AssetLoaderService   - Loading from cache: /assets/textures/left.png@80.0x80.0
11:13:23.978 [FXGL Background Thread 1 ] DEBUG AssetLoaderService   - Loading from cache: /assets/textures/right.png@80.0x80.0
11:13:23.978 [FXGL Background Thread 1 ] DEBUG AssetLoaderService   - Loading from cache: /assets/textures/left.png@80.0x80.0
11:13:23.978 [FXGL Background Thread 1 ] DEBUG AssetLoaderService   - Loading from cache: /assets/textures/platform.png@80.0x80.0
11:13:23.979 [FXGL Background Thread 1 ] DEBUG AssetLoaderService   - Loading from cache: /assets/textures/platform.png@80.0x80.0
11:13:23.979 [FXGL Background Thread 1 ] DEBUG AssetLoaderService   - Loading from cache: /assets/textures/right.png@80.0x80.0
11:13:23.980 [FXGL Background Thread 1 ] DEBUG AssetLoaderService   - Loading from cache: /assets/textures/left.png@80.0x80.0
11:13:23.980 [FXGL Background Thread 1 ] DEBUG AssetLoaderService   - Loading from cache: /assets/textures/right.png@80.0x80.0
11:13:23.980 [FXGL Background Thread 1 ] DEBUG AssetLoaderService   - Loading from cache: /assets/textures/left.png@80.0x80.0
11:13:23.981 [FXGL Background Thread 1 ] DEBUG AssetLoaderService   - Loading from cache: /assets/textures/platform.png@80.0x80.0
11:13:23.981 [FXGL Background Thread 1 ] DEBUG AssetLoaderService   - Loading from cache: /assets/textures/platform.png@80.0x80.0
11:13:23.982 [FXGL Background Thread 1 ] DEBUG AssetLoaderService   - Loading from cache: /assets/textures/platform.png@80.0x80.0
11:13:23.982 [FXGL Background Thread 1 ] DEBUG AssetLoaderService   - Loading from cache: /assets/textures/right.png@80.0x80.0
11:13:23.983 [FXGL Background Thread 1 ] DEBUG AssetLoaderService   - Loading from cache: /assets/textures/left.png@80.0x80.0
11:13:23.983 [FXGL Background Thread 1 ] DEBUG AssetLoaderService   - Loading from cache: /assets/textures/right.png@80.0x80.0
11:13:23.984 [FXGL Background Thread 1 ] DEBUG AssetLoaderService   - Loading from cache: /assets/textures/left.png@80.0x80.0
11:13:23.984 [FXGL Background Thread 1 ] DEBUG AssetLoaderService   - Loading from cache: /assets/textures/right.png@80.0x80.0
11:13:23.985 [FXGL Background Thread 1 ] DEBUG AssetLoaderService   - Loading from cache: /assets/textures/left.png@80.0x80.0
11:13:23.985 [FXGL Background Thread 1 ] DEBUG AssetLoaderService   - Loading from cache: /assets/textures/platform.png@80.0x80.0
11:13:23.986 [FXGL Background Thread 1 ] DEBUG AssetLoaderService   - Loading from cache: /assets/textures/platform.png@80.0x80.0
11:13:23.986 [FXGL Background Thread 1 ] DEBUG AssetLoaderService   - Loading from cache: /assets/textures/platform.png@80.0x80.0
11:13:23.987 [FXGL Background Thread 1 ] DEBUG AssetLoaderService   - Loading from cache: /assets/textures/platform.png@80.0x80.0
11:13:23.987 [FXGL Background Thread 1 ] DEBUG AssetLoaderService   - Loading from cache: /assets/textures/right.png@80.0x80.0
11:13:23.987 [FXGL Background Thread 1 ] DEBUG AssetLoaderService   - Loading from cache: /assets/textures/left.png@80.0x80.0
11:13:23.988 [FXGL Background Thread 1 ] DEBUG AssetLoaderService   - Loading from cache: /assets/textures/right.png@80.0x80.0
11:13:23.988 [FXGL Background Thread 1 ] DEBUG AssetLoaderService   - Loading from cache: /assets/textures/left.png@80.0x80.0
11:13:23.988 [FXGL Background Thread 1 ] DEBUG AssetLoaderService   - Loading from cache: /assets/textures/right.png@80.0x80.0
11:13:23.989 [FXGL Background Thread 1 ] DEBUG AssetLoaderService   - Loading from cache: /assets/textures/left.png@80.0x80.0
11:13:23.990 [FXGL Background Thread 1 ] DEBUG AssetLoaderService   - Loading from cache: /assets/textures/platform.png@80.0x80.0
11:13:23.990 [FXGL Background Thread 1 ] DEBUG AssetLoaderService   - Loading from cache: /assets/textures/platform.png@80.0x80.0
11:13:23.991 [FXGL Background Thread 1 ] DEBUG AssetLoaderService   - Loading from cache: /assets/textures/platform.png@80.0x80.0
11:13:23.992 [FXGL Background Thread 1 ] DEBUG AssetLoaderService   - Loading from cache: /assets/textures/right.png@80.0x80.0
11:13:23.992 [FXGL Background Thread 1 ] DEBUG AssetLoaderService   - Loading from cache: /assets/textures/left.png@80.0x80.0
11:13:23.992 [FXGL Background Thread 1 ] DEBUG AssetLoaderService   - Loading from cache: /assets/textures/right.png@80.0x80.0
11:13:23.993 [FXGL Background Thread 1 ] DEBUG AssetLoaderService   - Loading from cache: /assets/textures/left.png@80.0x80.0
11:13:23.993 [FXGL Background Thread 1 ] DEBUG AssetLoaderService   - Loading from cache: /assets/textures/right.png@80.0x80.0
11:13:23.993 [FXGL Background Thread 1 ] DEBUG AssetLoaderService   - Loading from cache: /assets/textures/left.png@80.0x80.0
11:13:23.994 [FXGL Background Thread 1 ] DEBUG AssetLoaderService   - Loading from cache: /assets/textures/platform.png@80.0x80.0
11:13:23.994 [FXGL Background Thread 1 ] DEBUG AssetLoaderService   - Loading from cache: /assets/textures/platform.png@80.0x80.0
11:13:23.995 [FXGL Background Thread 1 ] DEBUG AssetLoaderService   - Loading from cache: /assets/textures/platform.png@80.0x80.0
11:13:23.995 [FXGL Background Thread 1 ] DEBUG AssetLoaderService   - Loading from cache: /assets/textures/platform.png@80.0x80.0
11:13:23.995 [FXGL Background Thread 1 ] DEBUG AssetLoaderService   - Loading from cache: /assets/textures/right.png@80.0x80.0
11:13:23.995 [FXGL Background Thread 1 ] DEBUG AssetLoaderService   - Loading from cache: /assets/textures/left.png@80.0x80.0
11:13:23.996 [FXGL Background Thread 1 ] DEBUG AssetLoaderService   - Loading from cache: /assets/textures/right.png@80.0x80.0
11:13:23.997 [FXGL Background Thread 1 ] DEBUG AssetLoaderService   - Loading from cache: /assets/textures/left.png@80.0x80.0
11:13:23.997 [FXGL Background Thread 1 ] DEBUG AssetLoaderService   - Loading from cache: /assets/textures/right.png@80.0x80.0
11:13:23.997 [FXGL Background Thread 1 ] DEBUG AssetLoaderService   - Loading from cache: /assets/textures/left.png@80.0x80.0
11:13:23.998 [FXGL Background Thread 1 ] DEBUG AssetLoaderService   - Loading from cache: /assets/textures/platform.png@80.0x80.0
11:13:23.998 [FXGL Background Thread 1 ] DEBUG AssetLoaderService   - Loading from cache: /assets/textures/platform.png@80.0x80.0
11:13:23.999 [FXGL Background Thread 1 ] DEBUG AssetLoaderService   - Loading from cache: /assets/textures/platform.png@80.0x80.0
11:13:23.999 [FXGL Background Thread 1 ] DEBUG AssetLoaderService   - Loading from cache: /assets/textures/platform.png@80.0x80.0
11:13:23.999 [FXGL Background Thread 1 ] DEBUG AssetLoaderService   - Loading from cache: /assets/textures/platform.png@80.0x80.0
11:13:24.000 [FXGL Background Thread 1 ] DEBUG AssetLoaderService   - Loading from cache: /assets/textures/right.png@80.0x80.0
11:13:24.000 [FXGL Background Thread 1 ] DEBUG AssetLoaderService   - Loading from cache: /assets/textures/left.png@80.0x80.0
11:13:24.000 [FXGL Background Thread 1 ] DEBUG AssetLoaderService   - Loading from cache: /assets/textures/right.png@80.0x80.0
11:13:24.001 [FXGL Background Thread 1 ] DEBUG AssetLoaderService   - Loading from cache: /assets/textures/left.png@80.0x80.0
11:13:24.001 [FXGL Background Thread 1 ] DEBUG AssetLoaderService   - Loading from cache: /assets/textures/right.png@80.0x80.0
11:13:24.001 [FXGL Background Thread 1 ] DEBUG AssetLoaderService   - Loading from cache: /assets/textures/left.png@80.0x80.0
11:13:24.002 [FXGL Background Thread 1 ] DEBUG AssetLoaderService   - Loading from cache: /assets/textures/platform.png@80.0x80.0
11:13:24.002 [FXGL Background Thread 1 ] DEBUG AssetLoaderService   - Loading from cache: /assets/textures/platform.png@80.0x80.0
11:13:24.003 [FXGL Background Thread 1 ] DEBUG AssetLoaderService   - Loading from cache: /assets/textures/platform.png@80.0x80.0
11:13:24.003 [FXGL Background Thread 1 ] DEBUG AssetLoaderService   - Loading from cache: /assets/textures/platform.png@80.0x80.0
11:13:24.003 [FXGL Background Thread 1 ] DEBUG AssetLoaderService   - Loading from cache: /assets/textures/platform.png@80.0x80.0
11:13:24.004 [FXGL Background Thread 1 ] DEBUG AssetLoaderService   - Loading from cache: /assets/textures/platform.png@80.0x80.0
11:13:24.004 [FXGL Background Thread 1 ] DEBUG AssetLoaderService   - Loading from cache: /assets/textures/platform.png@80.0x80.0
11:13:24.005 [FXGL Background Thread 1 ] DEBUG AssetLoaderService   - Loading from cache: /assets/textures/platform.png@80.0x80.0
11:13:24.005 [FXGL Background Thread 1 ] DEBUG AssetLoaderService   - Loading from cache: /assets/textures/right.png@80.0x80.0
11:13:24.006 [FXGL Background Thread 1 ] DEBUG AssetLoaderService   - Loading from cache: /assets/textures/left.png@80.0x80.0
11:13:24.006 [FXGL Background Thread 1 ] DEBUG AssetLoaderService   - Loading from cache: /assets/textures/right.png@80.0x80.0
11:13:24.007 [FXGL Background Thread 1 ] DEBUG AssetLoaderService   - Loading from cache: /assets/textures/left.png@80.0x80.0
11:13:24.008 [FXGL Background Thread 1 ] DEBUG AssetLoaderService   - Loading from cache: /assets/textures/right.png@80.0x80.0
11:13:24.008 [FXGL Background Thread 1 ] DEBUG AssetLoaderService   - Loading from file system: /assets/textures/floor.png
11:13:24.016 [FXGL Background Thread 1 ] DEBUG AssetLoaderService   - Loading from cache: /assets/textures/floor.png@80.0x80.0
11:13:24.017 [FXGL Background Thread 1 ] DEBUG AssetLoaderService   - Loading from cache: /assets/textures/floor.png@80.0x80.0
11:13:24.017 [FXGL Background Thread 1 ] DEBUG AssetLoaderService   - Loading from cache: /assets/textures/floor.png@80.0x80.0
11:13:24.018 [FXGL Background Thread 1 ] DEBUG AssetLoaderService   - Loading from cache: /assets/textures/floor.png@80.0x80.0
11:13:24.018 [FXGL Background Thread 1 ] DEBUG AssetLoaderService   - Loading from cache: /assets/textures/floor.png@80.0x80.0
11:13:24.019 [FXGL Background Thread 1 ] DEBUG AssetLoaderService   - Loading from cache: /assets/textures/floor.png@80.0x80.0
11:13:24.019 [FXGL Background Thread 1 ] DEBUG AssetLoaderService   - Loading from cache: /assets/textures/floor.png@80.0x80.0
11:13:24.019 [FXGL Background Thread 1 ] DEBUG AssetLoaderService   - Loading from cache: /assets/textures/floor.png@80.0x80.0
11:13:24.020 [FXGL Background Thread 1 ] DEBUG AssetLoaderService   - Loading from cache: /assets/textures/floor.png@80.0x80.0
11:13:24.020 [FXGL Background Thread 1 ] DEBUG AssetLoaderService   - Loading from cache: /assets/textures/floor.png@80.0x80.0
11:13:24.021 [FXGL Background Thread 1 ] DEBUG AssetLoaderService   - Loading from cache: /assets/textures/floor.png@80.0x80.0
11:13:24.021 [FXGL Background Thread 1 ] DEBUG AssetLoaderService   - Loading from cache: /assets/textures/floor.png@80.0x80.0
11:13:24.022 [FXGL Background Thread 1 ] DEBUG AssetLoaderService   - Loading from cache: /assets/textures/floor.png@80.0x80.0
11:13:24.022 [FXGL Background Thread 1 ] DEBUG AssetLoaderService   - Loading from cache: /assets/textures/floor.png@80.0x80.0
11:13:24.023 [FXGL Background Thread 1 ] DEBUG GameWorld            - Clearing removable entities
11:13:24.024 [FXGL Background Thread 1 ] DEBUG GameWorld            - Setting level: com.almasb.fxgl.entity.level.Level@67705e42
11:13:24.077 [FXGL Background Thread 1 ] DEBUG AssetLoaderService   - Loading from file system: /assets/textures/background.png
11:13:24.249 [FXGL Background Thread 1 ] DEBUG AssetLoaderService   - Loading from file system: /assets/textures/player.png
11:13:24.252 [FXGL Background Thread 1 ] DEBUG AssetLoaderService   - Loading from file system: /assets/textures/gun.png
11:13:24.255 [FXGL Background Thread 1 ] INFO  GameApplication      - Game initialization took: 0.424 sec
11:13:24.257 [JavaFX Application Thread] DEBUG Input                - Clearing active input actions
11:13:24.301 [JavaFX Application Thread] DEBUG WindowService        - Removing overlay from FXGLLoadingScene and adding to GameScene
11:13:24.301 [JavaFX Application Thread] DEBUG MainWindow           - FXGLLoadingScene -> GameScene
11:13:26.727 [FXGL Background Thread 2 ] DEBUG Engine               - Logging environment variables
11:13:26.728 [FXGL Background Thread 2 ] DEBUG Engine               - achievements: []
11:13:26.728 [FXGL Background Thread 2 ] DEBUG Engine               - language: ObjectProperty [value: ENGLISH]
11:13:26.728 [FXGL Background Thread 2 ] DEBUG Engine               - isCloseConfirmation: false
11:13:26.728 [FXGL Background Thread 2 ] DEBUG Engine               - isProfilingEnabled: false
11:13:26.728 [FXGL Background Thread 2 ] DEBUG Engine               - soundNotification: core/notification.wav
11:13:26.728 [FXGL Background Thread 2 ] DEBUG Engine               - devShowBBoxProperty: BooleanProperty [value: false]
11:13:26.728 [FXGL Background Thread 2 ] DEBUG Engine               - pixelsPerMeter: 50.0
11:13:26.728 [FXGL Background Thread 2 ] DEBUG Engine               - soundMenuBack: menu/back.wav
11:13:26.728 [FXGL Background Thread 2 ] DEBUG Engine               - appIcon: fxgl_icon.png
11:13:26.728 [FXGL Background Thread 2 ] DEBUG Engine               - isFullScreenAllowed: false
11:13:26.728 [FXGL Background Thread 2 ] DEBUG Engine               - isIntroEnabled: false
11:13:26.728 [FXGL Background Thread 2 ] DEBUG Engine               - fontMono: lucida_console.ttf
11:13:26.728 [FXGL Background Thread 2 ] DEBUG Engine               - soundMenuSelect: menu/select.wav
11:13:26.728 [FXGL Background Thread 2 ] DEBUG Engine               - isWindows: true
11:13:26.728 [FXGL Background Thread 2 ] DEBUG Engine               - isMobile: false
11:13:26.728 [FXGL Background Thread 2 ] DEBUG Engine               - isUserProfileEnabled: false
11:13:26.728 [FXGL Background Thread 2 ] DEBUG Engine               - height: 1200
11:13:26.728 [FXGL Background Thread 2 ] DEBUG Engine               - isExperimentalNative: false
11:13:26.728 [FXGL Background Thread 2 ] DEBUG Engine               - settings: Title: BlasterBoy
Version: 1.0
Width: 1200
Height: 1200
Fullscreen: false
Intro: false
Menus: false
Profiling: false
Single step:false
App Mode: DEVELOPER
Menu Key: ESCAPE
Stage Style: DECORATED
Scene Factory: class com.almasb.fxgl.app.scene.SceneFactory

11:13:26.728 [FXGL Background Thread 2 ] DEBUG Engine               - isSingleStep: false
11:13:26.728 [FXGL Background Thread 2 ] DEBUG Engine               - cSSList: [fxgl_dark.css]
11:13:26.728 [FXGL Background Thread 2 ] DEBUG Engine               - fontGame: Abel-Regular.ttf
11:13:26.728 [FXGL Background Thread 2 ] DEBUG Engine               - menuKey: ESCAPE
11:13:26.728 [FXGL Background Thread 2 ] DEBUG Engine               - devShowPositionProperty: BooleanProperty [value: false]
11:13:26.729 [FXGL Background Thread 2 ] DEBUG Engine               - versionCheckDays: 7
11:13:26.729 [FXGL Background Thread 2 ] DEBUG Engine               - configClass: Optional.empty
11:13:26.729 [FXGL Background Thread 2 ] DEBUG Engine               - isFullScreenFromStart: false
11:13:26.729 [FXGL Background Thread 2 ] DEBUG Engine               - version: 1.0
11:13:26.729 [FXGL Background Thread 2 ] DEBUG Engine               - fullScreen: BooleanProperty [value: false]
11:13:26.729 [FXGL Background Thread 2 ] DEBUG Engine               - randomSeed: -1
11:13:26.729 [FXGL Background Thread 2 ] DEBUG Engine               - gameDifficultyProperty: ObjectProperty [value: MEDIUM]
11:13:26.729 [FXGL Background Thread 2 ] DEBUG Engine               - applicationMode: DEVELOPER
11:13:26.729 [FXGL Background Thread 2 ] DEBUG Engine               - isMac: false
11:13:26.729 [FXGL Background Thread 2 ] DEBUG Engine               - isMenuEnabled: false
11:13:26.729 [FXGL Background Thread 2 ] DEBUG Engine               - urlPOM: https://raw.githubusercontent.com/AlmasB/FXGL/master/pom.xml
11:13:26.729 [FXGL Background Thread 2 ] DEBUG Engine               - profileName: StringProperty [value: DEFAULT]
11:13:26.729 [FXGL Background Thread 2 ] DEBUG Engine               - notificationViewClass: class com.almasb.fxgl.notification.view.XboxNotificationView
11:13:26.729 [FXGL Background Thread 2 ] DEBUG Engine               - devSensorColorProperty: ObjectProperty [value: 0xffff00ff]
11:13:26.729 [FXGL Background Thread 2 ] DEBUG Engine               - sceneFactory: com.almasb.fxgl.app.scene.SceneFactory@2ca426c9
11:13:26.729 [FXGL Background Thread 2 ] DEBUG Engine               - stageStyle: DECORATED
11:13:26.729 [FXGL Background Thread 2 ] DEBUG Engine               - isManualResizeEnabled: false
11:13:26.729 [FXGL Background Thread 2 ] DEBUG Engine               - title: BlasterBoy
11:13:26.730 [FXGL Background Thread 2 ] DEBUG Engine               - platform: WINDOWS
11:13:26.730 [FXGL Background Thread 2 ] DEBUG Engine               - devBBoxColorProperty: ObjectProperty [value: 0xff0000ff]
11:13:26.730 [FXGL Background Thread 2 ] DEBUG Engine               - gameDifficulty: MEDIUM
11:13:26.730 [FXGL Background Thread 2 ] DEBUG Engine               - isDesktop: true
11:13:26.730 [FXGL Background Thread 2 ] DEBUG Engine               - supportedLanguages: [ENGLISH, FRENCH, GERMAN, HUNGARIAN, RUSSIAN]
11:13:26.730 [FXGL Background Thread 2 ] DEBUG Engine               - credits: []
11:13:26.730 [FXGL Background Thread 2 ] DEBUG Engine               - globalMusicVolumeProperty: DoubleProperty [value: 0.5]
11:13:26.730 [FXGL Background Thread 2 ] DEBUG Engine               - isPreserveResizeRatio: false
11:13:26.730 [FXGL Background Thread 2 ] DEBUG Engine               - fontText: Courier-Prime.ttf
11:13:26.730 [FXGL Background Thread 2 ] DEBUG Engine               - isExperimentalTiledLargeMap: false
11:13:26.730 [FXGL Background Thread 2 ] DEBUG Engine               - secondsIn24h: 60
11:13:26.730 [FXGL Background Thread 2 ] DEBUG Engine               - runtimeInfo: RuntimeInfo(platform=WINDOWS, version=11.8, build=08.03.2020 09.09)
11:13:26.730 [FXGL Background Thread 2 ] DEBUG Engine               - isLinux: false
11:13:26.730 [FXGL Background Thread 2 ] DEBUG Engine               - soundMenuPress: menu/press.wav
11:13:26.730 [FXGL Background Thread 2 ] DEBUG Engine               - urlGithub: https://github.com/AlmasB/FXGL
11:13:26.730 [FXGL Background Thread 2 ] DEBUG Engine               - profileDir: profiles/
11:13:26.731 [FXGL Background Thread 2 ] DEBUG Engine               - isDeveloperMenuEnabled: false
11:13:26.731 [FXGL Background Thread 2 ] DEBUG Engine               - globalSoundVolumeProperty: DoubleProperty [value: 0.5]
11:13:26.731 [FXGL Background Thread 2 ] DEBUG Engine               - mainWindow: com.almasb.fxgl.app.MainWindow@289ba785
11:13:26.731 [FXGL Background Thread 2 ] DEBUG Engine               - isBrowser: false
11:13:26.731 [FXGL Background Thread 2 ] DEBUG Engine               - globalSoundVolume: 0.5
11:13:26.731 [FXGL Background Thread 2 ] DEBUG Engine               - urlLeaderboard: http://fxgl-top.herokuapp.com/
11:13:26.731 [FXGL Background Thread 2 ] DEBUG Engine               - engineServices: [class com.almasb.fxgl.app.GameApplication$GameApplicationService, class com.almasb.fxgl.app.services.WindowService, class com.almasb.fxgl.app.services.FXGLDialogService, class com.almasb.fxgl.app.services.IOTaskExecutorService, class com.almasb.fxgl.event.EventBusService, class com.almasb.fxgl.io.FileSystemService, class com.almasb.fxgl.localization.LocalizationService, class com.almasb.fxgl.app.services.AssetLoaderService, class com.almasb.fxgl.app.services.SystemBundleService, class com.almasb.fxgl.profile.SaveLoadService, class com.almasb.fxgl.ui.FXGLUIFactoryServiceProvider, class com.almasb.fxgl.ui.FXGLDialogFactoryServiceProvider, class com.almasb.fxgl.audio.AudioPlayer, class com.almasb.fxgl.notification.impl.NotificationServiceProvider, class com.almasb.fxgl.achievement.AchievementService, class com.almasb.fxgl.cutscene.CutsceneService, class com.almasb.fxgl.minigames.MiniGameService, class com.almasb.fxgl.net.NetService, class com.almasb.fxgl.app.services.UpdaterService]
11:13:26.731 [FXGL Background Thread 2 ] DEBUG Engine               - globalMusicVolume: 0.5
11:13:26.731 [FXGL Background Thread 2 ] DEBUG Engine               - width: 1200
11:13:26.731 [FXGL Background Thread 2 ] DEBUG Engine               - saveFileExt: sav
11:13:26.731 [FXGL Background Thread 2 ] DEBUG Engine               - isAndroid: false
11:13:26.731 [FXGL Background Thread 2 ] DEBUG Engine               - fontUI: VarelaRound-Regular.ttf
11:13:26.731 [FXGL Background Thread 2 ] DEBUG Engine               - enabledMenuItems: []
11:13:26.731 [FXGL Background Thread 2 ] DEBUG Engine               - isIOS: false
11:13:26.731 [FXGL Background Thread 2 ] DEBUG Engine               - Logging services
11:13:26.731 [FXGL Background Thread 2 ] DEBUG Engine               - class com.almasb.fxgl.app.GameApplication$GameApplicationService
11:13:26.731 [FXGL Background Thread 2 ] DEBUG Engine               - class com.almasb.fxgl.app.services.WindowService
11:13:26.731 [FXGL Background Thread 2 ] DEBUG Engine               - class com.almasb.fxgl.app.services.FXGLDialogService
11:13:26.731 [FXGL Background Thread 2 ] DEBUG Engine               - class com.almasb.fxgl.app.services.IOTaskExecutorService
11:13:26.731 [FXGL Background Thread 2 ] DEBUG Engine               - class com.almasb.fxgl.event.EventBusService
11:13:26.732 [FXGL Background Thread 2 ] DEBUG Engine               - class com.almasb.fxgl.io.FileSystemService
11:13:26.732 [FXGL Background Thread 2 ] DEBUG Engine               - class com.almasb.fxgl.localization.LocalizationService
11:13:26.732 [FXGL Background Thread 2 ] DEBUG Engine               - class com.almasb.fxgl.app.services.AssetLoaderService
11:13:26.732 [FXGL Background Thread 2 ] DEBUG Engine               - class com.almasb.fxgl.app.services.SystemBundleService
11:13:26.732 [FXGL Background Thread 2 ] DEBUG Engine               - class com.almasb.fxgl.profile.SaveLoadService
11:13:26.732 [FXGL Background Thread 2 ] DEBUG Engine               - class com.almasb.fxgl.ui.FXGLUIFactoryServiceProvider
11:13:26.732 [FXGL Background Thread 2 ] DEBUG Engine               - class com.almasb.fxgl.ui.FXGLDialogFactoryServiceProvider
11:13:26.732 [FXGL Background Thread 2 ] DEBUG Engine               - class com.almasb.fxgl.audio.AudioPlayer
11:13:26.732 [FXGL Background Thread 2 ] DEBUG Engine               - class com.almasb.fxgl.notification.impl.NotificationServiceProvider
11:13:26.732 [FXGL Background Thread 2 ] DEBUG Engine               - class com.almasb.fxgl.achievement.AchievementService
11:13:26.732 [FXGL Background Thread 2 ] DEBUG Engine               - class com.almasb.fxgl.cutscene.CutsceneService
11:13:26.732 [FXGL Background Thread 2 ] DEBUG Engine               - class com.almasb.fxgl.minigames.MiniGameService
11:13:26.732 [FXGL Background Thread 2 ] DEBUG Engine               - class com.almasb.fxgl.net.NetService
11:13:26.732 [FXGL Background Thread 2 ] DEBUG Engine               - class com.almasb.fxgl.app.services.UpdaterService
11:13:47.944 [JavaFX Application Thread] DEBUG AssetLoaderService   - Loading from file system: /assets/sounds/shotgun1.wav
11:13:49.575 [JavaFX Application Thread] DEBUG AssetLoaderService   - Loading from file system: /assets/sounds/shotgun0.wav
11:13:52.023 [JavaFX Application Thread] DEBUG AssetLoaderService   - Loading from file system: /assets/sounds/shotgun2.wav
11:13:52.840 [JavaFX Application Thread] DEBUG AssetLoaderService   - Loading from cache: /assets/sounds/shotgun1.wav
11:13:54.296 [JavaFX Application Thread] DEBUG AssetLoaderService   - Loading from cache: /assets/sounds/shotgun1.wav
11:13:56.087 [JavaFX Application Thread] DEBUG AssetLoaderService   - Loading from cache: /assets/sounds/shotgun0.wav
11:13:59.367 [JavaFX Application Thread] DEBUG AssetLoaderService   - Loading from cache: /assets/sounds/shotgun0.wav
11:14:00.183 [JavaFX Application Thread] DEBUG AssetLoaderService   - Loading from cache: /assets/sounds/shotgun2.wav
11:14:03.447 [JavaFX Application Thread] DEBUG AssetLoaderService   - Loading from cache: /assets/sounds/shotgun2.wav
11:14:05.079 [JavaFX Application Thread] DEBUG AssetLoaderService   - Loading from cache: /assets/sounds/shotgun1.wav
11:14:09.959 [JavaFX Application Thread] DEBUG AssetLoaderService   - Loading from cache: /assets/sounds/shotgun0.wav
11:14:10.775 [JavaFX Application Thread] DEBUG AssetLoaderService   - Loading from cache: /assets/sounds/shotgun0.wav
11:14:17.303 [JavaFX Application Thread] DEBUG AssetLoaderService   - Loading from cache: /assets/sounds/shotgun1.wav
11:14:18.935 [JavaFX Application Thread] DEBUG AssetLoaderService   - Loading from cache: /assets/sounds/shotgun1.wav
11:14:21.159 [JavaFX Application Thread] DEBUG AssetLoaderService   - Loading from cache: /assets/sounds/shotgun0.wav
11:14:23.015 [JavaFX Application Thread] DEBUG AssetLoaderService   - Loading from cache: /assets/sounds/shotgun0.wav
11:14:26.279 [JavaFX Application Thread] DEBUG AssetLoaderService   - Loading from cache: /assets/sounds/shotgun1.wav
11:14:38.009 [JavaFX Application Thread] DEBUG GameApplication      - Exiting FXGL
11:14:38.009 [JavaFX Application Thread] DEBUG LoopRunner           - Stopping loop
11:14:38.009 [JavaFX Application Thread] DEBUG SystemBundleService  - Saving FXGL system data
11:14:38.011 [JavaFX Application Thread] DEBUG FileSystemAccess     - Writing to: C:\Users\lucas\Downloads\BlasterBoy\system\fxgl.bundle
11:14:38.012 [JavaFX Application Thread] DEBUG GameApplication      - Shutting down background threads
11:14:38.012 [JavaFX Application Thread] DEBUG GameApplication      - Closing logger and exiting JavaFX
