16:51:57.974 [AWT-EventQueue-0         ] DEBUG GameApplication      - Logger initialized
16:51:57.976 [AWT-EventQueue-0         ] DEBUG GameApplication      - Logging settings
Title: BlasterBoy
Version: 0.1
Width: 1200
Height: 1200
Fullscreen: false
Intro: false
Menus: false
Profiling: false
Single step:false
App Mode: DEVELOPER
Menu Key: ESCAPE
Stage Style: DECORATED
Scene Factory: class com.almasb.fxgl.app.scene.SceneFactory

16:51:58.266 [JavaFX Application Thread] DEBUG GameApplication      - Initializing FXGL
16:51:58.274 [JavaFX Application Thread] INFO  Engine               - FXGL-11.8 (08.03.2020 09.09) on WINDOWS (J:14.0.1 FX:13.0.2)
16:51:58.274 [JavaFX Application Thread] INFO  Engine               - Source code and latest versions at: https://github.com/AlmasB/FXGL
16:51:58.274 [JavaFX Application Thread] INFO  Engine               -              Join the FXGL chat at: https://gitter.im/AlmasB/FXGL
16:51:58.370 [JavaFX Application Thread] DEBUG MainWindow           - Creating a JavaFX scene
16:51:58.410 [JavaFX Application Thread] DEBUG MainWindow           - Target settings size: 1200.0 x 1200.0
16:51:58.410 [JavaFX Application Thread] DEBUG MainWindow           - Scaled scene size:    1200.0 x 1200.0
16:51:58.410 [JavaFX Application Thread] DEBUG MainWindow           - Scaled ratio: (1.0, 1.0)
16:51:58.411 [JavaFX Application Thread] DEBUG MainWindow           - Set initial scene to FXGLStartupScene
16:51:58.416 [JavaFX Application Thread] DEBUG MainWindow           - Opening main window
16:51:58.490 [JavaFX Application Thread] DEBUG MainWindow           - Window border size: (16.0, 39.0)
16:51:58.491 [JavaFX Application Thread] DEBUG MainWindow           - Scaled size: 1200.0 x 1200.0
16:51:58.491 [JavaFX Application Thread] DEBUG MainWindow           - Scaled ratio: (1.0, 1.0)
16:51:58.491 [JavaFX Application Thread] DEBUG MainWindow           - Scene size: 1200.0 x 1200.0
16:51:58.491 [JavaFX Application Thread] DEBUG MainWindow           - Stage size: 1216.0 x 1239.0
16:51:58.496 [FXGL Background Thread 1 ] DEBUG Engine               - Initializing environment variables
16:51:58.520 [FXGL Background Thread 1 ] DEBUG WindowService        - Applying CSS: fxgl_dark.css
16:51:58.520 [FXGL Background Thread 1 ] DEBUG AssetLoaderService   - Loading from file system: /assets/ui/css/fxgl_dark.css
16:51:58.561 [FXGL Background Thread 1 ] DEBUG WindowService        - Initializing application scenes
16:51:58.589 [FXGL Background Thread 1 ] DEBUG GameWorld            - Game world initialized
16:51:58.620 [FXGL Background Thread 1 ] DEBUG PhysicsWorld         - Physics world initialized: appHeight=1200, physics.ppm=50.0
16:51:58.621 [FXGL Background Thread 1 ] DEBUG GameScene            - Game scene initialized: 1200x1200
16:51:58.627 [FXGL Background Thread 1 ] DEBUG Input                - Registered new binding: Resume - Esc
16:51:58.631 [FXGL Background Thread 1 ] DEBUG AssetLoaderService   - Loading from file system: /assets/textures/pause_menu_bg.png
16:51:58.671 [FXGL Background Thread 1 ] DEBUG Input                - Registered new binding: Pause - Esc
16:51:58.671 [FXGL Background Thread 1 ] DEBUG WindowService        - Application scenes initialized
16:51:58.678 [FXGL Background Thread 1 ] DEBUG SystemBundleService  - Loading FXGL system data
16:51:58.681 [FXGL Background Thread 1 ] DEBUG FileSystemAccess     - Reading from: C:\Users\lucas\IdeaProjects\BlasterBoy\system\fxgl.bundle
16:51:58.686 [FXGL Background Thread 1 ] DEBUG SystemBundleService  - Bundle FXGL: {}
16:51:58.686 [FXGL Background Thread 1 ] INFO  Engine               - FXGL initialization took: 0.188 sec
16:51:58.688 [FXGL Background Thread 1 ] DEBUG GameApplication      - Loading localizations
16:51:58.688 [FXGL Background Thread 1 ] DEBUG AssetLoaderService   - Loading from file system: /assets/properties/languages/english.properties
16:51:58.689 [FXGL Background Thread 1 ] DEBUG AssetLoaderService   - Loading from file system: /assets/properties/languages/french.properties
16:51:58.690 [FXGL Background Thread 1 ] DEBUG AssetLoaderService   - Loading from file system: /assets/properties/languages/german.properties
16:51:58.691 [FXGL Background Thread 1 ] DEBUG AssetLoaderService   - Loading from file system: /assets/properties/languages/hungarian.properties
16:51:58.692 [FXGL Background Thread 1 ] DEBUG AssetLoaderService   - Loading from file system: /assets/properties/languages/russian.properties
16:51:58.693 [FXGL Background Thread 1 ] DEBUG GameApplication      - Registering font factories with UI factory
16:51:58.693 [FXGL Background Thread 1 ] DEBUG AssetLoaderService   - Loading from file system: /assets/ui/fonts/VarelaRound-Regular.ttf
16:51:58.737 [FXGL Background Thread 1 ] DEBUG AssetLoaderService   - Loading from file system: /assets/ui/fonts/Abel-Regular.ttf
16:51:58.741 [FXGL Background Thread 1 ] DEBUG AssetLoaderService   - Loading from file system: /assets/ui/fonts/lucida_console.ttf
16:51:58.745 [FXGL Background Thread 1 ] DEBUG AssetLoaderService   - Loading from file system: /assets/ui/fonts/Courier-Prime.ttf
16:51:58.756 [JavaFX Application Thread] DEBUG Input                - Registered new binding: Launch - Space
16:51:58.756 [JavaFX Application Thread] DEBUG AssetLoaderService   - Loading from file system: /assets/textures/fxgl_icon.png
16:51:58.777 [JavaFX Application Thread] DEBUG AssetLoaderService   - Loading from file system: /assets/ui/cursors/fxgl_default.png
16:51:58.779 [JavaFX Application Thread] DEBUG Input                - Registered new binding: Screenshot - P
16:51:58.780 [JavaFX Application Thread] DEBUG Input                - Registered new binding: System info dump - CTRL+9
16:51:58.780 [JavaFX Application Thread] DEBUG Input                - Registered new binding: Restart - CTRL+R
16:51:58.781 [JavaFX Application Thread] DEBUG LoopRunner           - Starting loop
16:51:58.788 [JavaFX Application Thread] DEBUG FXGLStartupScene     - STARTUP
16:51:58.788 [JavaFX Application Thread] DEBUG WindowService        - Starting new game
16:51:58.790 [JavaFX Application Thread] DEBUG Input                - Clearing active input actions
16:51:58.800 [JavaFX Application Thread] DEBUG WindowService        - Removing overlay from FXGLStartupScene and adding to FXGLLoadingScene
16:51:58.801 [JavaFX Application Thread] DEBUG MainWindow           - FXGLStartupScene -> FXGLLoadingScene
16:51:58.801 [JavaFX Application Thread] DEBUG WindowService        - Clearing previous game
16:51:58.801 [JavaFX Application Thread] DEBUG GameScene            - Clearing game scene
16:51:58.801 [JavaFX Application Thread] DEBUG GameWorld            - Clearing game world
16:51:58.801 [JavaFX Application Thread] DEBUG PhysicsWorld         - Clearing physics world
16:51:58.803 [FXGL Background Thread 1 ] DEBUG GameApplication      - Initializing game
16:51:58.810 [FXGL Background Thread 1 ] DEBUG AssetLoaderService   - Loading from file system: /assets/levels/0.txt
16:51:58.862 [FXGL Background Thread 1 ] DEBUG GameWorld            - Clearing removable entities
16:51:58.870 [FXGL Background Thread 1 ] DEBUG GameWorld            - Setting level: com.almasb.fxgl.entity.level.Level@41af2c52
16:51:58.896 [FXGL Background Thread 1 ] DEBUG AssetLoaderService   - Loading from file system: /assets/textures/player.png
16:51:58.913 [FXGL Background Thread 1 ] DEBUG AssetLoaderService   - Loading from file system: /assets/textures/gun.png
16:51:58.918 [FXGL Background Thread 1 ] INFO  GameApplication      - Game initialization took: 0.115 sec
16:51:58.928 [JavaFX Application Thread] DEBUG Input                - Clearing active input actions
16:51:58.954 [JavaFX Application Thread] DEBUG WindowService        - Removing overlay from FXGLLoadingScene and adding to GameScene
16:51:58.954 [JavaFX Application Thread] DEBUG MainWindow           - FXGLLoadingScene -> GameScene
16:52:01.688 [FXGL Background Thread 2 ] DEBUG Engine               - Logging environment variables
16:52:01.688 [FXGL Background Thread 2 ] DEBUG Engine               - achievements: []
16:52:01.688 [FXGL Background Thread 2 ] DEBUG Engine               - language: ObjectProperty [value: ENGLISH]
16:52:01.688 [FXGL Background Thread 2 ] DEBUG Engine               - isCloseConfirmation: false
16:52:01.688 [FXGL Background Thread 2 ] DEBUG Engine               - isProfilingEnabled: false
16:52:01.688 [FXGL Background Thread 2 ] DEBUG Engine               - soundNotification: core/notification.wav
16:52:01.688 [FXGL Background Thread 2 ] DEBUG Engine               - devShowBBoxProperty: BooleanProperty [value: false]
16:52:01.688 [FXGL Background Thread 2 ] DEBUG Engine               - pixelsPerMeter: 50.0
16:52:01.688 [FXGL Background Thread 2 ] DEBUG Engine               - appIcon: fxgl_icon.png
16:52:01.688 [FXGL Background Thread 2 ] DEBUG Engine               - soundMenuBack: menu/back.wav
16:52:01.688 [FXGL Background Thread 2 ] DEBUG Engine               - isFullScreenAllowed: false
16:52:01.688 [FXGL Background Thread 2 ] DEBUG Engine               - isIntroEnabled: false
16:52:01.689 [FXGL Background Thread 2 ] DEBUG Engine               - fontMono: lucida_console.ttf
16:52:01.689 [FXGL Background Thread 2 ] DEBUG Engine               - soundMenuSelect: menu/select.wav
16:52:01.689 [FXGL Background Thread 2 ] DEBUG Engine               - isWindows: true
16:52:01.689 [FXGL Background Thread 2 ] DEBUG Engine               - isMobile: false
16:52:01.689 [FXGL Background Thread 2 ] DEBUG Engine               - isUserProfileEnabled: false
16:52:01.689 [FXGL Background Thread 2 ] DEBUG Engine               - height: 1200
16:52:01.689 [FXGL Background Thread 2 ] DEBUG Engine               - isExperimentalNative: false
16:52:01.689 [FXGL Background Thread 2 ] DEBUG Engine               - settings: Title: BlasterBoy
Version: 0.1
Width: 1200
Height: 1200
Fullscreen: false
Intro: false
Menus: false
Profiling: false
Single step:false
App Mode: DEVELOPER
Menu Key: ESCAPE
Stage Style: DECORATED
Scene Factory: class com.almasb.fxgl.app.scene.SceneFactory

16:52:01.689 [FXGL Background Thread 2 ] DEBUG Engine               - cSSList: [fxgl_dark.css]
16:52:01.689 [FXGL Background Thread 2 ] DEBUG Engine               - isSingleStep: false
16:52:01.689 [FXGL Background Thread 2 ] DEBUG Engine               - fontGame: Abel-Regular.ttf
16:52:01.689 [FXGL Background Thread 2 ] DEBUG Engine               - menuKey: ESCAPE
16:52:01.689 [FXGL Background Thread 2 ] DEBUG Engine               - devShowPositionProperty: BooleanProperty [value: false]
16:52:01.689 [FXGL Background Thread 2 ] DEBUG Engine               - versionCheckDays: 7
16:52:01.689 [FXGL Background Thread 2 ] DEBUG Engine               - configClass: Optional.empty
16:52:01.689 [FXGL Background Thread 2 ] DEBUG Engine               - isFullScreenFromStart: false
16:52:01.689 [FXGL Background Thread 2 ] DEBUG Engine               - version: 0.1
16:52:01.689 [FXGL Background Thread 2 ] DEBUG Engine               - fullScreen: BooleanProperty [value: false]
16:52:01.690 [FXGL Background Thread 2 ] DEBUG Engine               - randomSeed: -1
16:52:01.690 [FXGL Background Thread 2 ] DEBUG Engine               - gameDifficultyProperty: ObjectProperty [value: MEDIUM]
16:52:01.690 [FXGL Background Thread 2 ] DEBUG Engine               - applicationMode: DEVELOPER
16:52:01.690 [FXGL Background Thread 2 ] DEBUG Engine               - isMac: false
16:52:01.690 [FXGL Background Thread 2 ] DEBUG Engine               - isMenuEnabled: false
16:52:01.690 [FXGL Background Thread 2 ] DEBUG Engine               - urlPOM: https://raw.githubusercontent.com/AlmasB/FXGL/master/pom.xml
16:52:01.690 [FXGL Background Thread 2 ] DEBUG Engine               - profileName: StringProperty [value: DEFAULT]
16:52:01.690 [FXGL Background Thread 2 ] DEBUG Engine               - notificationViewClass: class com.almasb.fxgl.notification.view.XboxNotificationView
16:52:01.690 [FXGL Background Thread 2 ] DEBUG Engine               - devSensorColorProperty: ObjectProperty [value: 0xffff00ff]
16:52:01.690 [FXGL Background Thread 2 ] DEBUG Engine               - sceneFactory: com.almasb.fxgl.app.scene.SceneFactory@3e824fd1
16:52:01.690 [FXGL Background Thread 2 ] DEBUG Engine               - stageStyle: DECORATED
16:52:01.690 [FXGL Background Thread 2 ] DEBUG Engine               - isManualResizeEnabled: false
16:52:01.690 [FXGL Background Thread 2 ] DEBUG Engine               - title: BlasterBoy
16:52:01.690 [FXGL Background Thread 2 ] DEBUG Engine               - platform: WINDOWS
16:52:01.691 [FXGL Background Thread 2 ] DEBUG Engine               - devBBoxColorProperty: ObjectProperty [value: 0xff0000ff]
16:52:01.691 [FXGL Background Thread 2 ] DEBUG Engine               - gameDifficulty: MEDIUM
16:52:01.691 [FXGL Background Thread 2 ] DEBUG Engine               - isDesktop: true
16:52:01.691 [FXGL Background Thread 2 ] DEBUG Engine               - supportedLanguages: [ENGLISH, FRENCH, GERMAN, HUNGARIAN, RUSSIAN]
16:52:01.691 [FXGL Background Thread 2 ] DEBUG Engine               - globalMusicVolumeProperty: DoubleProperty [value: 0.5]
16:52:01.691 [FXGL Background Thread 2 ] DEBUG Engine               - credits: []
16:52:01.691 [FXGL Background Thread 2 ] DEBUG Engine               - isPreserveResizeRatio: false
16:52:01.691 [FXGL Background Thread 2 ] DEBUG Engine               - fontText: Courier-Prime.ttf
16:52:01.691 [FXGL Background Thread 2 ] DEBUG Engine               - isExperimentalTiledLargeMap: false
16:52:01.691 [FXGL Background Thread 2 ] DEBUG Engine               - secondsIn24h: 60
16:52:01.691 [FXGL Background Thread 2 ] DEBUG Engine               - runtimeInfo: RuntimeInfo(platform=WINDOWS, version=11.8, build=08.03.2020 09.09)
16:52:01.691 [FXGL Background Thread 2 ] DEBUG Engine               - isLinux: false
16:52:01.691 [FXGL Background Thread 2 ] DEBUG Engine               - soundMenuPress: menu/press.wav
16:52:01.691 [FXGL Background Thread 2 ] DEBUG Engine               - urlGithub: https://github.com/AlmasB/FXGL
16:52:01.691 [FXGL Background Thread 2 ] DEBUG Engine               - profileDir: profiles/
16:52:01.692 [FXGL Background Thread 2 ] DEBUG Engine               - isDeveloperMenuEnabled: false
16:52:01.692 [FXGL Background Thread 2 ] DEBUG Engine               - globalSoundVolumeProperty: DoubleProperty [value: 0.5]
16:52:01.692 [FXGL Background Thread 2 ] DEBUG Engine               - mainWindow: com.almasb.fxgl.app.MainWindow@3abdccd9
16:52:01.692 [FXGL Background Thread 2 ] DEBUG Engine               - isBrowser: false
16:52:01.692 [FXGL Background Thread 2 ] DEBUG Engine               - urlLeaderboard: http://fxgl-top.herokuapp.com/
16:52:01.692 [FXGL Background Thread 2 ] DEBUG Engine               - globalSoundVolume: 0.5
16:52:01.692 [FXGL Background Thread 2 ] DEBUG Engine               - engineServices: [class com.almasb.fxgl.app.GameApplication$GameApplicationService, class com.almasb.fxgl.app.services.WindowService, class com.almasb.fxgl.app.services.FXGLDialogService, class com.almasb.fxgl.app.services.IOTaskExecutorService, class com.almasb.fxgl.event.EventBusService, class com.almasb.fxgl.io.FileSystemService, class com.almasb.fxgl.localization.LocalizationService, class com.almasb.fxgl.app.services.AssetLoaderService, class com.almasb.fxgl.app.services.SystemBundleService, class com.almasb.fxgl.profile.SaveLoadService, class com.almasb.fxgl.ui.FXGLUIFactoryServiceProvider, class com.almasb.fxgl.ui.FXGLDialogFactoryServiceProvider, class com.almasb.fxgl.audio.AudioPlayer, class com.almasb.fxgl.notification.impl.NotificationServiceProvider, class com.almasb.fxgl.achievement.AchievementService, class com.almasb.fxgl.cutscene.CutsceneService, class com.almasb.fxgl.minigames.MiniGameService, class com.almasb.fxgl.net.NetService, class com.almasb.fxgl.app.services.UpdaterService]
16:52:01.692 [FXGL Background Thread 2 ] DEBUG Engine               - globalMusicVolume: 0.5
16:52:01.692 [FXGL Background Thread 2 ] DEBUG Engine               - width: 1200
16:52:01.692 [FXGL Background Thread 2 ] DEBUG Engine               - saveFileExt: sav
16:52:01.692 [FXGL Background Thread 2 ] DEBUG Engine               - isAndroid: false
16:52:01.692 [FXGL Background Thread 2 ] DEBUG Engine               - fontUI: VarelaRound-Regular.ttf
16:52:01.692 [FXGL Background Thread 2 ] DEBUG Engine               - enabledMenuItems: []
16:52:01.692 [FXGL Background Thread 2 ] DEBUG Engine               - isIOS: false
16:52:01.692 [FXGL Background Thread 2 ] DEBUG Engine               - Logging services
16:52:01.692 [FXGL Background Thread 2 ] DEBUG Engine               - class com.almasb.fxgl.app.GameApplication$GameApplicationService
16:52:01.692 [FXGL Background Thread 2 ] DEBUG Engine               - class com.almasb.fxgl.app.services.WindowService
16:52:01.692 [FXGL Background Thread 2 ] DEBUG Engine               - class com.almasb.fxgl.app.services.FXGLDialogService
16:52:01.693 [FXGL Background Thread 2 ] DEBUG Engine               - class com.almasb.fxgl.app.services.IOTaskExecutorService
16:52:01.693 [FXGL Background Thread 2 ] DEBUG Engine               - class com.almasb.fxgl.event.EventBusService
16:52:01.693 [FXGL Background Thread 2 ] DEBUG Engine               - class com.almasb.fxgl.io.FileSystemService
16:52:01.693 [FXGL Background Thread 2 ] DEBUG Engine               - class com.almasb.fxgl.localization.LocalizationService
16:52:01.693 [FXGL Background Thread 2 ] DEBUG Engine               - class com.almasb.fxgl.app.services.AssetLoaderService
16:52:01.693 [FXGL Background Thread 2 ] DEBUG Engine               - class com.almasb.fxgl.app.services.SystemBundleService
16:52:01.693 [FXGL Background Thread 2 ] DEBUG Engine               - class com.almasb.fxgl.profile.SaveLoadService
16:52:01.693 [FXGL Background Thread 2 ] DEBUG Engine               - class com.almasb.fxgl.ui.FXGLUIFactoryServiceProvider
16:52:01.693 [FXGL Background Thread 2 ] DEBUG Engine               - class com.almasb.fxgl.ui.FXGLDialogFactoryServiceProvider
16:52:01.693 [FXGL Background Thread 2 ] DEBUG Engine               - class com.almasb.fxgl.audio.AudioPlayer
16:52:01.693 [FXGL Background Thread 2 ] DEBUG Engine               - class com.almasb.fxgl.notification.impl.NotificationServiceProvider
16:52:01.693 [FXGL Background Thread 2 ] DEBUG Engine               - class com.almasb.fxgl.achievement.AchievementService
16:52:01.693 [FXGL Background Thread 2 ] DEBUG Engine               - class com.almasb.fxgl.cutscene.CutsceneService
16:52:01.693 [FXGL Background Thread 2 ] DEBUG Engine               - class com.almasb.fxgl.minigames.MiniGameService
16:52:01.693 [FXGL Background Thread 2 ] DEBUG Engine               - class com.almasb.fxgl.net.NetService
16:52:01.693 [FXGL Background Thread 2 ] DEBUG Engine               - class com.almasb.fxgl.app.services.UpdaterService
16:54:22.767 [JavaFX Application Thread] DEBUG GameApplication      - Exiting FXGL
16:54:22.768 [JavaFX Application Thread] DEBUG LoopRunner           - Stopping loop
16:54:22.768 [JavaFX Application Thread] DEBUG SystemBundleService  - Saving FXGL system data
16:54:22.769 [JavaFX Application Thread] DEBUG FileSystemAccess     - Writing to: C:\Users\lucas\IdeaProjects\BlasterBoy\system\fxgl.bundle
16:54:22.770 [JavaFX Application Thread] DEBUG GameApplication      - Shutting down background threads
16:54:22.770 [JavaFX Application Thread] DEBUG GameApplication      - Closing logger and exiting JavaFX
