13:45:37.558 [AWT-EventQueue-0         ] DEBUG GameApplication      - Logger initialized
13:45:37.560 [AWT-EventQueue-0         ] DEBUG GameApplication      - Logging settings
Title: BlasterBoy
Version: 1.0
Width: 1200
Height: 1200
Fullscreen: false
Intro: false
Menus: false
Profiling: false
Single step:false
App Mode: DEVELOPER
Menu Key: ESCAPE
Stage Style: DECORATED
Scene Factory: class com.almasb.fxgl.app.scene.SceneFactory

13:45:37.850 [JavaFX Application Thread] DEBUG GameApplication      - Initializing FXGL
13:45:37.858 [JavaFX Application Thread] INFO  Engine               - FXGL-11.8 (08.03.2020 09.09) on WINDOWS (J:14.0.1 FX:13.0.2)
13:45:37.858 [JavaFX Application Thread] INFO  Engine               - Source code and latest versions at: https://github.com/AlmasB/FXGL
13:45:37.858 [JavaFX Application Thread] INFO  Engine               -              Join the FXGL chat at: https://gitter.im/AlmasB/FXGL
13:45:37.950 [JavaFX Application Thread] DEBUG MainWindow           - Creating a JavaFX scene
13:45:37.991 [JavaFX Application Thread] DEBUG MainWindow           - Target settings size: 1200.0 x 1200.0
13:45:37.991 [JavaFX Application Thread] DEBUG MainWindow           - Scaled scene size:    1200.0 x 1200.0
13:45:37.991 [JavaFX Application Thread] DEBUG MainWindow           - Scaled ratio: (1.0, 1.0)
13:45:37.992 [JavaFX Application Thread] DEBUG MainWindow           - Set initial scene to FXGLStartupScene
13:45:37.997 [JavaFX Application Thread] DEBUG MainWindow           - Opening main window
13:45:38.045 [JavaFX Application Thread] DEBUG MainWindow           - Window border size: (16.0, 39.0)
13:45:38.045 [JavaFX Application Thread] DEBUG MainWindow           - Scaled size: 1200.0 x 1200.0
13:45:38.046 [JavaFX Application Thread] DEBUG MainWindow           - Scaled ratio: (1.0, 1.0)
13:45:38.046 [JavaFX Application Thread] DEBUG MainWindow           - Scene size: 1200.0 x 1200.0
13:45:38.046 [JavaFX Application Thread] DEBUG MainWindow           - Stage size: 1216.0 x 1239.0
13:45:38.052 [FXGL Background Thread 1 ] DEBUG Engine               - Initializing environment variables
13:45:38.076 [FXGL Background Thread 1 ] DEBUG WindowService        - Applying CSS: fxgl_dark.css
13:45:38.076 [FXGL Background Thread 1 ] DEBUG AssetLoaderService   - Loading from file system: /assets/ui/css/fxgl_dark.css
13:45:38.113 [FXGL Background Thread 1 ] DEBUG WindowService        - Initializing application scenes
13:45:38.140 [FXGL Background Thread 1 ] DEBUG GameWorld            - Game world initialized
13:45:38.178 [FXGL Background Thread 1 ] DEBUG PhysicsWorld         - Physics world initialized: appHeight=1200, physics.ppm=50.0
13:45:38.179 [FXGL Background Thread 1 ] DEBUG GameScene            - Game scene initialized: 1200x1200
13:45:38.185 [FXGL Background Thread 1 ] DEBUG Input                - Registered new binding: Resume - Esc
13:45:38.190 [FXGL Background Thread 1 ] DEBUG AssetLoaderService   - Loading from file system: /assets/textures/pause_menu_bg.png
13:45:38.228 [FXGL Background Thread 1 ] DEBUG Input                - Registered new binding: Pause - Esc
13:45:38.228 [FXGL Background Thread 1 ] DEBUG WindowService        - Application scenes initialized
13:45:38.236 [FXGL Background Thread 1 ] DEBUG SystemBundleService  - Loading FXGL system data
13:45:38.239 [FXGL Background Thread 1 ] DEBUG FileSystemAccess     - Reading from: C:\Users\lucas\Downloads\BlasterBoy\system\fxgl.bundle
13:45:38.243 [FXGL Background Thread 1 ] DEBUG SystemBundleService  - Bundle FXGL: {}
13:45:38.244 [FXGL Background Thread 1 ] INFO  Engine               - FXGL initialization took: 0.191 sec
13:45:38.245 [FXGL Background Thread 1 ] DEBUG GameApplication      - Loading localizations
13:45:38.245 [FXGL Background Thread 1 ] DEBUG AssetLoaderService   - Loading from file system: /assets/properties/languages/english.properties
13:45:38.246 [FXGL Background Thread 1 ] DEBUG AssetLoaderService   - Loading from file system: /assets/properties/languages/french.properties
13:45:38.247 [FXGL Background Thread 1 ] DEBUG AssetLoaderService   - Loading from file system: /assets/properties/languages/german.properties
13:45:38.248 [FXGL Background Thread 1 ] DEBUG AssetLoaderService   - Loading from file system: /assets/properties/languages/hungarian.properties
13:45:38.249 [FXGL Background Thread 1 ] DEBUG AssetLoaderService   - Loading from file system: /assets/properties/languages/russian.properties
13:45:38.250 [FXGL Background Thread 1 ] DEBUG GameApplication      - Registering font factories with UI factory
13:45:38.251 [FXGL Background Thread 1 ] DEBUG AssetLoaderService   - Loading from file system: /assets/ui/fonts/VarelaRound-Regular.ttf
13:45:38.287 [FXGL Background Thread 1 ] DEBUG AssetLoaderService   - Loading from file system: /assets/ui/fonts/Abel-Regular.ttf
13:45:38.289 [FXGL Background Thread 1 ] DEBUG AssetLoaderService   - Loading from file system: /assets/ui/fonts/lucida_console.ttf
13:45:38.293 [FXGL Background Thread 1 ] DEBUG AssetLoaderService   - Loading from file system: /assets/ui/fonts/Courier-Prime.ttf
13:45:38.297 [JavaFX Application Thread] DEBUG Input                - Registered new binding: Launch - Space
13:45:38.297 [JavaFX Application Thread] DEBUG AssetLoaderService   - Loading from file system: /assets/textures/fxgl_icon.png
13:45:38.311 [JavaFX Application Thread] DEBUG AssetLoaderService   - Loading from file system: /assets/ui/cursors/fxgl_default.png
13:45:38.313 [JavaFX Application Thread] DEBUG Input                - Registered new binding: Screenshot - P
13:45:38.313 [JavaFX Application Thread] DEBUG Input                - Registered new binding: System info dump - CTRL+9
13:45:38.313 [JavaFX Application Thread] DEBUG Input                - Registered new binding: Restart - CTRL+R
13:45:38.314 [JavaFX Application Thread] DEBUG LoopRunner           - Starting loop
13:45:38.321 [JavaFX Application Thread] DEBUG FXGLStartupScene     - STARTUP
13:45:38.322 [JavaFX Application Thread] DEBUG WindowService        - Starting new game
13:45:38.324 [JavaFX Application Thread] DEBUG Input                - Clearing active input actions
13:45:38.331 [JavaFX Application Thread] DEBUG WindowService        - Removing overlay from FXGLStartupScene and adding to FXGLLoadingScene
13:45:38.332 [JavaFX Application Thread] DEBUG MainWindow           - FXGLStartupScene -> FXGLLoadingScene
13:45:38.332 [JavaFX Application Thread] DEBUG WindowService        - Clearing previous game
13:45:38.332 [JavaFX Application Thread] DEBUG GameScene            - Clearing game scene
13:45:38.332 [JavaFX Application Thread] DEBUG GameWorld            - Clearing game world
13:45:38.332 [JavaFX Application Thread] DEBUG PhysicsWorld         - Clearing physics world
13:45:38.333 [FXGL Background Thread 1 ] DEBUG GameApplication      - Initializing game
13:45:38.339 [FXGL Background Thread 1 ] DEBUG AssetLoaderService   - Loading from file system: /assets/levels/0.txt
13:45:38.348 [FXGL Background Thread 1 ] DEBUG AssetLoaderService   - Loading from file system: /assets/textures/left.png
13:45:38.357 [FXGL Background Thread 1 ] DEBUG AssetLoaderService   - Loading from file system: /assets/textures/right.png
13:45:38.360 [FXGL Background Thread 1 ] DEBUG AssetLoaderService   - Loading from cache: /assets/textures/left.png@80.0x80.0
13:45:38.361 [FXGL Background Thread 1 ] DEBUG AssetLoaderService   - Loading from cache: /assets/textures/right.png@80.0x80.0
13:45:38.362 [FXGL Background Thread 1 ] DEBUG AssetLoaderService   - Loading from cache: /assets/textures/left.png@80.0x80.0
13:45:38.363 [FXGL Background Thread 1 ] DEBUG AssetLoaderService   - Loading from cache: /assets/textures/right.png@80.0x80.0
13:45:38.363 [FXGL Background Thread 1 ] DEBUG AssetLoaderService   - Loading from cache: /assets/textures/left.png@80.0x80.0
13:45:38.365 [FXGL Background Thread 1 ] DEBUG AssetLoaderService   - Loading from cache: /assets/textures/right.png@80.0x80.0
13:45:38.365 [FXGL Background Thread 1 ] DEBUG AssetLoaderService   - Loading from cache: /assets/textures/left.png@80.0x80.0
13:45:38.366 [FXGL Background Thread 1 ] DEBUG AssetLoaderService   - Loading from cache: /assets/textures/right.png@80.0x80.0
13:45:38.368 [FXGL Background Thread 1 ] DEBUG AssetLoaderService   - Loading from cache: /assets/textures/left.png@80.0x80.0
13:45:38.369 [FXGL Background Thread 1 ] DEBUG AssetLoaderService   - Loading from cache: /assets/textures/right.png@80.0x80.0
13:45:38.370 [FXGL Background Thread 1 ] DEBUG AssetLoaderService   - Loading from cache: /assets/textures/left.png@80.0x80.0
13:45:38.370 [FXGL Background Thread 1 ] DEBUG AssetLoaderService   - Loading from cache: /assets/textures/right.png@80.0x80.0
13:45:38.371 [FXGL Background Thread 1 ] DEBUG AssetLoaderService   - Loading from cache: /assets/textures/left.png@80.0x80.0
13:45:38.372 [FXGL Background Thread 1 ] DEBUG AssetLoaderService   - Loading from cache: /assets/textures/right.png@80.0x80.0
13:45:38.373 [FXGL Background Thread 1 ] DEBUG AssetLoaderService   - Loading from cache: /assets/textures/left.png@80.0x80.0
13:45:38.374 [FXGL Background Thread 1 ] DEBUG AssetLoaderService   - Loading from file system: /assets/textures/platform.png
13:45:38.375 [FXGL Background Thread 1 ] DEBUG AssetLoaderService   - Loading from cache: /assets/textures/platform.png@80.0x80.0
13:45:38.376 [FXGL Background Thread 1 ] DEBUG AssetLoaderService   - Loading from cache: /assets/textures/platform.png@80.0x80.0
13:45:38.377 [FXGL Background Thread 1 ] DEBUG AssetLoaderService   - Loading from cache: /assets/textures/platform.png@80.0x80.0
13:45:38.377 [FXGL Background Thread 1 ] DEBUG AssetLoaderService   - Loading from cache: /assets/textures/platform.png@80.0x80.0
13:45:38.378 [FXGL Background Thread 1 ] DEBUG AssetLoaderService   - Loading from cache: /assets/textures/platform.png@80.0x80.0
13:45:38.379 [FXGL Background Thread 1 ] DEBUG AssetLoaderService   - Loading from cache: /assets/textures/platform.png@80.0x80.0
13:45:38.379 [FXGL Background Thread 1 ] DEBUG AssetLoaderService   - Loading from cache: /assets/textures/platform.png@80.0x80.0
13:45:38.380 [FXGL Background Thread 1 ] DEBUG AssetLoaderService   - Loading from cache: /assets/textures/platform.png@80.0x80.0
13:45:38.380 [FXGL Background Thread 1 ] DEBUG AssetLoaderService   - Loading from cache: /assets/textures/platform.png@80.0x80.0
13:45:38.381 [FXGL Background Thread 1 ] DEBUG AssetLoaderService   - Loading from cache: /assets/textures/right.png@80.0x80.0
13:45:38.382 [FXGL Background Thread 1 ] DEBUG AssetLoaderService   - Loading from cache: /assets/textures/left.png@80.0x80.0
13:45:38.382 [FXGL Background Thread 1 ] DEBUG AssetLoaderService   - Loading from cache: /assets/textures/right.png@80.0x80.0
13:45:38.383 [FXGL Background Thread 1 ] DEBUG AssetLoaderService   - Loading from cache: /assets/textures/left.png@80.0x80.0
13:45:38.389 [FXGL Background Thread 1 ] DEBUG AssetLoaderService   - Loading from cache: /assets/textures/right.png@80.0x80.0
13:45:38.390 [FXGL Background Thread 1 ] DEBUG AssetLoaderService   - Loading from cache: /assets/textures/left.png@80.0x80.0
13:45:38.390 [FXGL Background Thread 1 ] DEBUG AssetLoaderService   - Loading from cache: /assets/textures/platform.png@80.0x80.0
13:45:38.391 [FXGL Background Thread 1 ] DEBUG AssetLoaderService   - Loading from cache: /assets/textures/platform.png@80.0x80.0
13:45:38.392 [FXGL Background Thread 1 ] DEBUG AssetLoaderService   - Loading from cache: /assets/textures/platform.png@80.0x80.0
13:45:38.392 [FXGL Background Thread 1 ] DEBUG AssetLoaderService   - Loading from cache: /assets/textures/platform.png@80.0x80.0
13:45:38.393 [FXGL Background Thread 1 ] DEBUG AssetLoaderService   - Loading from cache: /assets/textures/platform.png@80.0x80.0
13:45:38.394 [FXGL Background Thread 1 ] DEBUG AssetLoaderService   - Loading from cache: /assets/textures/platform.png@80.0x80.0
13:45:38.395 [FXGL Background Thread 1 ] DEBUG AssetLoaderService   - Loading from cache: /assets/textures/right.png@80.0x80.0
13:45:38.395 [FXGL Background Thread 1 ] DEBUG AssetLoaderService   - Loading from cache: /assets/textures/left.png@80.0x80.0
13:45:38.396 [FXGL Background Thread 1 ] DEBUG AssetLoaderService   - Loading from cache: /assets/textures/right.png@80.0x80.0
13:45:38.397 [FXGL Background Thread 1 ] DEBUG AssetLoaderService   - Loading from cache: /assets/textures/left.png@80.0x80.0
13:45:38.397 [FXGL Background Thread 1 ] DEBUG AssetLoaderService   - Loading from cache: /assets/textures/platform.png@80.0x80.0
13:45:38.398 [FXGL Background Thread 1 ] DEBUG AssetLoaderService   - Loading from cache: /assets/textures/platform.png@80.0x80.0
13:45:38.398 [FXGL Background Thread 1 ] DEBUG AssetLoaderService   - Loading from cache: /assets/textures/platform.png@80.0x80.0
13:45:38.399 [FXGL Background Thread 1 ] DEBUG AssetLoaderService   - Loading from cache: /assets/textures/platform.png@80.0x80.0
13:45:38.400 [FXGL Background Thread 1 ] DEBUG AssetLoaderService   - Loading from cache: /assets/textures/platform.png@80.0x80.0
13:45:38.401 [FXGL Background Thread 1 ] DEBUG AssetLoaderService   - Loading from cache: /assets/textures/right.png@80.0x80.0
13:45:38.401 [FXGL Background Thread 1 ] DEBUG AssetLoaderService   - Loading from cache: /assets/textures/left.png@80.0x80.0
13:45:38.402 [FXGL Background Thread 1 ] DEBUG AssetLoaderService   - Loading from cache: /assets/textures/right.png@80.0x80.0
13:45:38.403 [FXGL Background Thread 1 ] DEBUG AssetLoaderService   - Loading from cache: /assets/textures/left.png@80.0x80.0
13:45:38.404 [FXGL Background Thread 1 ] DEBUG AssetLoaderService   - Loading from cache: /assets/textures/right.png@80.0x80.0
13:45:38.405 [FXGL Background Thread 1 ] DEBUG AssetLoaderService   - Loading from cache: /assets/textures/left.png@80.0x80.0
13:45:38.406 [FXGL Background Thread 1 ] DEBUG AssetLoaderService   - Loading from cache: /assets/textures/platform.png@80.0x80.0
13:45:38.406 [FXGL Background Thread 1 ] DEBUG AssetLoaderService   - Loading from cache: /assets/textures/platform.png@80.0x80.0
13:45:38.407 [FXGL Background Thread 1 ] DEBUG AssetLoaderService   - Loading from cache: /assets/textures/platform.png@80.0x80.0
13:45:38.408 [FXGL Background Thread 1 ] DEBUG AssetLoaderService   - Loading from cache: /assets/textures/platform.png@80.0x80.0
13:45:38.408 [FXGL Background Thread 1 ] DEBUG AssetLoaderService   - Loading from cache: /assets/textures/right.png@80.0x80.0
13:45:38.409 [FXGL Background Thread 1 ] DEBUG AssetLoaderService   - Loading from cache: /assets/textures/left.png@80.0x80.0
13:45:38.410 [FXGL Background Thread 1 ] DEBUG AssetLoaderService   - Loading from cache: /assets/textures/right.png@80.0x80.0
13:45:38.410 [FXGL Background Thread 1 ] DEBUG AssetLoaderService   - Loading from cache: /assets/textures/left.png@80.0x80.0
13:45:38.411 [FXGL Background Thread 1 ] DEBUG AssetLoaderService   - Loading from cache: /assets/textures/right.png@80.0x80.0
13:45:38.411 [FXGL Background Thread 1 ] DEBUG AssetLoaderService   - Loading from cache: /assets/textures/left.png@80.0x80.0
13:45:38.412 [FXGL Background Thread 1 ] DEBUG AssetLoaderService   - Loading from cache: /assets/textures/platform.png@80.0x80.0
13:45:38.412 [FXGL Background Thread 1 ] DEBUG AssetLoaderService   - Loading from cache: /assets/textures/platform.png@80.0x80.0
13:45:38.413 [FXGL Background Thread 1 ] DEBUG AssetLoaderService   - Loading from cache: /assets/textures/platform.png@80.0x80.0
13:45:38.414 [FXGL Background Thread 1 ] DEBUG AssetLoaderService   - Loading from cache: /assets/textures/platform.png@80.0x80.0
13:45:38.414 [FXGL Background Thread 1 ] DEBUG AssetLoaderService   - Loading from cache: /assets/textures/right.png@80.0x80.0
13:45:38.415 [FXGL Background Thread 1 ] DEBUG AssetLoaderService   - Loading from cache: /assets/textures/left.png@80.0x80.0
13:45:38.416 [FXGL Background Thread 1 ] DEBUG AssetLoaderService   - Loading from cache: /assets/textures/right.png@80.0x80.0
13:45:38.417 [FXGL Background Thread 1 ] DEBUG AssetLoaderService   - Loading from cache: /assets/textures/left.png@80.0x80.0
13:45:38.418 [FXGL Background Thread 1 ] DEBUG AssetLoaderService   - Loading from cache: /assets/textures/right.png@80.0x80.0
13:45:38.419 [FXGL Background Thread 1 ] DEBUG AssetLoaderService   - Loading from cache: /assets/textures/left.png@80.0x80.0
13:45:38.419 [FXGL Background Thread 1 ] DEBUG AssetLoaderService   - Loading from cache: /assets/textures/platform.png@80.0x80.0
13:45:38.420 [FXGL Background Thread 1 ] DEBUG AssetLoaderService   - Loading from cache: /assets/textures/platform.png@80.0x80.0
13:45:38.420 [FXGL Background Thread 1 ] DEBUG AssetLoaderService   - Loading from cache: /assets/textures/right.png@80.0x80.0
13:45:38.421 [FXGL Background Thread 1 ] DEBUG AssetLoaderService   - Loading from cache: /assets/textures/left.png@80.0x80.0
13:45:38.421 [FXGL Background Thread 1 ] DEBUG AssetLoaderService   - Loading from cache: /assets/textures/right.png@80.0x80.0
13:45:38.422 [FXGL Background Thread 1 ] DEBUG AssetLoaderService   - Loading from cache: /assets/textures/left.png@80.0x80.0
13:45:38.422 [FXGL Background Thread 1 ] DEBUG AssetLoaderService   - Loading from cache: /assets/textures/right.png@80.0x80.0
13:45:38.423 [FXGL Background Thread 1 ] DEBUG AssetLoaderService   - Loading from cache: /assets/textures/left.png@80.0x80.0
13:45:38.423 [FXGL Background Thread 1 ] DEBUG AssetLoaderService   - Loading from cache: /assets/textures/platform.png@80.0x80.0
13:45:38.424 [FXGL Background Thread 1 ] DEBUG AssetLoaderService   - Loading from cache: /assets/textures/platform.png@80.0x80.0
13:45:38.424 [FXGL Background Thread 1 ] DEBUG AssetLoaderService   - Loading from cache: /assets/textures/right.png@80.0x80.0
13:45:38.424 [FXGL Background Thread 1 ] DEBUG AssetLoaderService   - Loading from cache: /assets/textures/left.png@80.0x80.0
13:45:38.425 [FXGL Background Thread 1 ] DEBUG AssetLoaderService   - Loading from cache: /assets/textures/right.png@80.0x80.0
13:45:38.425 [FXGL Background Thread 1 ] DEBUG AssetLoaderService   - Loading from cache: /assets/textures/left.png@80.0x80.0
13:45:38.426 [FXGL Background Thread 1 ] DEBUG AssetLoaderService   - Loading from cache: /assets/textures/right.png@80.0x80.0
13:45:38.426 [FXGL Background Thread 1 ] DEBUG AssetLoaderService   - Loading from cache: /assets/textures/left.png@80.0x80.0
13:45:38.426 [FXGL Background Thread 1 ] DEBUG AssetLoaderService   - Loading from cache: /assets/textures/platform.png@80.0x80.0
13:45:38.427 [FXGL Background Thread 1 ] DEBUG AssetLoaderService   - Loading from cache: /assets/textures/platform.png@80.0x80.0
13:45:38.427 [FXGL Background Thread 1 ] DEBUG AssetLoaderService   - Loading from cache: /assets/textures/right.png@80.0x80.0
13:45:38.428 [FXGL Background Thread 1 ] DEBUG AssetLoaderService   - Loading from cache: /assets/textures/left.png@80.0x80.0
13:45:38.428 [FXGL Background Thread 1 ] DEBUG AssetLoaderService   - Loading from cache: /assets/textures/right.png@80.0x80.0
13:45:38.429 [FXGL Background Thread 1 ] DEBUG AssetLoaderService   - Loading from cache: /assets/textures/left.png@80.0x80.0
13:45:38.429 [FXGL Background Thread 1 ] DEBUG AssetLoaderService   - Loading from cache: /assets/textures/right.png@80.0x80.0
13:45:38.429 [FXGL Background Thread 1 ] DEBUG AssetLoaderService   - Loading from cache: /assets/textures/left.png@80.0x80.0
13:45:38.430 [FXGL Background Thread 1 ] DEBUG AssetLoaderService   - Loading from cache: /assets/textures/platform.png@80.0x80.0
13:45:38.430 [FXGL Background Thread 1 ] DEBUG AssetLoaderService   - Loading from cache: /assets/textures/platform.png@80.0x80.0
13:45:38.431 [FXGL Background Thread 1 ] DEBUG AssetLoaderService   - Loading from cache: /assets/textures/platform.png@80.0x80.0
13:45:38.431 [FXGL Background Thread 1 ] DEBUG AssetLoaderService   - Loading from cache: /assets/textures/platform.png@80.0x80.0
13:45:38.432 [FXGL Background Thread 1 ] DEBUG AssetLoaderService   - Loading from cache: /assets/textures/right.png@80.0x80.0
13:45:38.432 [FXGL Background Thread 1 ] DEBUG AssetLoaderService   - Loading from cache: /assets/textures/left.png@80.0x80.0
13:45:38.433 [FXGL Background Thread 1 ] DEBUG AssetLoaderService   - Loading from cache: /assets/textures/right.png@80.0x80.0
13:45:38.435 [FXGL Background Thread 1 ] DEBUG AssetLoaderService   - Loading from cache: /assets/textures/left.png@80.0x80.0
13:45:38.435 [FXGL Background Thread 1 ] DEBUG AssetLoaderService   - Loading from cache: /assets/textures/right.png@80.0x80.0
13:45:38.436 [FXGL Background Thread 1 ] DEBUG AssetLoaderService   - Loading from cache: /assets/textures/left.png@80.0x80.0
13:45:38.436 [FXGL Background Thread 1 ] DEBUG AssetLoaderService   - Loading from cache: /assets/textures/platform.png@80.0x80.0
13:45:38.436 [FXGL Background Thread 1 ] DEBUG AssetLoaderService   - Loading from cache: /assets/textures/platform.png@80.0x80.0
13:45:38.437 [FXGL Background Thread 1 ] DEBUG AssetLoaderService   - Loading from cache: /assets/textures/platform.png@80.0x80.0
13:45:38.437 [FXGL Background Thread 1 ] DEBUG AssetLoaderService   - Loading from cache: /assets/textures/platform.png@80.0x80.0
13:45:38.438 [FXGL Background Thread 1 ] DEBUG AssetLoaderService   - Loading from cache: /assets/textures/platform.png@80.0x80.0
13:45:38.438 [FXGL Background Thread 1 ] DEBUG AssetLoaderService   - Loading from cache: /assets/textures/right.png@80.0x80.0
13:45:38.438 [FXGL Background Thread 1 ] DEBUG AssetLoaderService   - Loading from cache: /assets/textures/left.png@80.0x80.0
13:45:38.439 [FXGL Background Thread 1 ] DEBUG AssetLoaderService   - Loading from cache: /assets/textures/right.png@80.0x80.0
13:45:38.439 [FXGL Background Thread 1 ] DEBUG AssetLoaderService   - Loading from cache: /assets/textures/left.png@80.0x80.0
13:45:38.439 [FXGL Background Thread 1 ] DEBUG AssetLoaderService   - Loading from cache: /assets/textures/right.png@80.0x80.0
13:45:38.440 [FXGL Background Thread 1 ] DEBUG AssetLoaderService   - Loading from cache: /assets/textures/left.png@80.0x80.0
13:45:38.440 [FXGL Background Thread 1 ] DEBUG AssetLoaderService   - Loading from cache: /assets/textures/platform.png@80.0x80.0
13:45:38.440 [FXGL Background Thread 1 ] DEBUG AssetLoaderService   - Loading from cache: /assets/textures/platform.png@80.0x80.0
13:45:38.441 [FXGL Background Thread 1 ] DEBUG AssetLoaderService   - Loading from cache: /assets/textures/platform.png@80.0x80.0
13:45:38.441 [FXGL Background Thread 1 ] DEBUG AssetLoaderService   - Loading from cache: /assets/textures/platform.png@80.0x80.0
13:45:38.441 [FXGL Background Thread 1 ] DEBUG AssetLoaderService   - Loading from cache: /assets/textures/right.png@80.0x80.0
13:45:38.442 [FXGL Background Thread 1 ] DEBUG AssetLoaderService   - Loading from cache: /assets/textures/left.png@80.0x80.0
13:45:38.442 [FXGL Background Thread 1 ] DEBUG AssetLoaderService   - Loading from cache: /assets/textures/right.png@80.0x80.0
13:45:38.442 [FXGL Background Thread 1 ] DEBUG AssetLoaderService   - Loading from cache: /assets/textures/left.png@80.0x80.0
13:45:38.443 [FXGL Background Thread 1 ] DEBUG AssetLoaderService   - Loading from cache: /assets/textures/right.png@80.0x80.0
13:45:38.443 [FXGL Background Thread 1 ] DEBUG AssetLoaderService   - Loading from cache: /assets/textures/left.png@80.0x80.0
13:45:38.443 [FXGL Background Thread 1 ] DEBUG AssetLoaderService   - Loading from cache: /assets/textures/platform.png@80.0x80.0
13:45:38.444 [FXGL Background Thread 1 ] DEBUG AssetLoaderService   - Loading from cache: /assets/textures/platform.png@80.0x80.0
13:45:38.444 [FXGL Background Thread 1 ] DEBUG AssetLoaderService   - Loading from cache: /assets/textures/platform.png@80.0x80.0
13:45:38.444 [FXGL Background Thread 1 ] DEBUG AssetLoaderService   - Loading from cache: /assets/textures/platform.png@80.0x80.0
13:45:38.444 [FXGL Background Thread 1 ] DEBUG AssetLoaderService   - Loading from cache: /assets/textures/platform.png@80.0x80.0
13:45:38.445 [FXGL Background Thread 1 ] DEBUG AssetLoaderService   - Loading from cache: /assets/textures/right.png@80.0x80.0
13:45:38.445 [FXGL Background Thread 1 ] DEBUG AssetLoaderService   - Loading from cache: /assets/textures/left.png@80.0x80.0
13:45:38.445 [FXGL Background Thread 1 ] DEBUG AssetLoaderService   - Loading from cache: /assets/textures/right.png@80.0x80.0
13:45:38.446 [FXGL Background Thread 1 ] DEBUG AssetLoaderService   - Loading from cache: /assets/textures/left.png@80.0x80.0
13:45:38.446 [FXGL Background Thread 1 ] DEBUG AssetLoaderService   - Loading from cache: /assets/textures/right.png@80.0x80.0
13:45:38.446 [FXGL Background Thread 1 ] DEBUG AssetLoaderService   - Loading from cache: /assets/textures/left.png@80.0x80.0
13:45:38.447 [FXGL Background Thread 1 ] DEBUG AssetLoaderService   - Loading from cache: /assets/textures/platform.png@80.0x80.0
13:45:38.447 [FXGL Background Thread 1 ] DEBUG AssetLoaderService   - Loading from cache: /assets/textures/platform.png@80.0x80.0
13:45:38.447 [FXGL Background Thread 1 ] DEBUG AssetLoaderService   - Loading from cache: /assets/textures/platform.png@80.0x80.0
13:45:38.448 [FXGL Background Thread 1 ] DEBUG AssetLoaderService   - Loading from cache: /assets/textures/right.png@80.0x80.0
13:45:38.448 [FXGL Background Thread 1 ] DEBUG AssetLoaderService   - Loading from cache: /assets/textures/left.png@80.0x80.0
13:45:38.449 [FXGL Background Thread 1 ] DEBUG AssetLoaderService   - Loading from cache: /assets/textures/right.png@80.0x80.0
13:45:38.450 [FXGL Background Thread 1 ] DEBUG AssetLoaderService   - Loading from cache: /assets/textures/left.png@80.0x80.0
13:45:38.450 [FXGL Background Thread 1 ] DEBUG AssetLoaderService   - Loading from cache: /assets/textures/platform.png@80.0x80.0
13:45:38.451 [FXGL Background Thread 1 ] DEBUG AssetLoaderService   - Loading from cache: /assets/textures/platform.png@80.0x80.0
13:45:38.452 [FXGL Background Thread 1 ] DEBUG AssetLoaderService   - Loading from cache: /assets/textures/platform.png@80.0x80.0
13:45:38.452 [FXGL Background Thread 1 ] DEBUG AssetLoaderService   - Loading from cache: /assets/textures/platform.png@80.0x80.0
13:45:38.453 [FXGL Background Thread 1 ] DEBUG AssetLoaderService   - Loading from cache: /assets/textures/right.png@80.0x80.0
13:45:38.453 [FXGL Background Thread 1 ] DEBUG AssetLoaderService   - Loading from cache: /assets/textures/left.png@80.0x80.0
13:45:38.454 [FXGL Background Thread 1 ] DEBUG AssetLoaderService   - Loading from cache: /assets/textures/platform.png@80.0x80.0
13:45:38.454 [FXGL Background Thread 1 ] DEBUG AssetLoaderService   - Loading from cache: /assets/textures/platform.png@80.0x80.0
13:45:38.454 [FXGL Background Thread 1 ] DEBUG AssetLoaderService   - Loading from cache: /assets/textures/right.png@80.0x80.0
13:45:38.455 [FXGL Background Thread 1 ] DEBUG AssetLoaderService   - Loading from cache: /assets/textures/left.png@80.0x80.0
13:45:38.455 [FXGL Background Thread 1 ] DEBUG AssetLoaderService   - Loading from cache: /assets/textures/right.png@80.0x80.0
13:45:38.455 [FXGL Background Thread 1 ] DEBUG AssetLoaderService   - Loading from cache: /assets/textures/left.png@80.0x80.0
13:45:38.455 [FXGL Background Thread 1 ] DEBUG AssetLoaderService   - Loading from cache: /assets/textures/right.png@80.0x80.0
13:45:38.456 [FXGL Background Thread 1 ] DEBUG AssetLoaderService   - Loading from cache: /assets/textures/left.png@80.0x80.0
13:45:38.456 [FXGL Background Thread 1 ] DEBUG AssetLoaderService   - Loading from cache: /assets/textures/platform.png@80.0x80.0
13:45:38.456 [FXGL Background Thread 1 ] DEBUG AssetLoaderService   - Loading from cache: /assets/textures/platform.png@80.0x80.0
13:45:38.457 [FXGL Background Thread 1 ] DEBUG AssetLoaderService   - Loading from cache: /assets/textures/right.png@80.0x80.0
13:45:38.457 [FXGL Background Thread 1 ] DEBUG AssetLoaderService   - Loading from cache: /assets/textures/left.png@80.0x80.0
13:45:38.457 [FXGL Background Thread 1 ] DEBUG AssetLoaderService   - Loading from cache: /assets/textures/right.png@80.0x80.0
13:45:38.458 [FXGL Background Thread 1 ] DEBUG AssetLoaderService   - Loading from cache: /assets/textures/left.png@80.0x80.0
13:45:38.458 [FXGL Background Thread 1 ] DEBUG AssetLoaderService   - Loading from cache: /assets/textures/platform.png@80.0x80.0
13:45:38.458 [FXGL Background Thread 1 ] DEBUG AssetLoaderService   - Loading from cache: /assets/textures/platform.png@80.0x80.0
13:45:38.459 [FXGL Background Thread 1 ] DEBUG AssetLoaderService   - Loading from cache: /assets/textures/platform.png@80.0x80.0
13:45:38.459 [FXGL Background Thread 1 ] DEBUG AssetLoaderService   - Loading from cache: /assets/textures/right.png@80.0x80.0
13:45:38.459 [FXGL Background Thread 1 ] DEBUG AssetLoaderService   - Loading from cache: /assets/textures/left.png@80.0x80.0
13:45:38.459 [FXGL Background Thread 1 ] DEBUG AssetLoaderService   - Loading from cache: /assets/textures/right.png@80.0x80.0
13:45:38.460 [FXGL Background Thread 1 ] DEBUG AssetLoaderService   - Loading from cache: /assets/textures/left.png@80.0x80.0
13:45:38.460 [FXGL Background Thread 1 ] DEBUG AssetLoaderService   - Loading from cache: /assets/textures/right.png@80.0x80.0
13:45:38.460 [FXGL Background Thread 1 ] DEBUG AssetLoaderService   - Loading from cache: /assets/textures/left.png@80.0x80.0
13:45:38.461 [FXGL Background Thread 1 ] DEBUG AssetLoaderService   - Loading from cache: /assets/textures/platform.png@80.0x80.0
13:45:38.461 [FXGL Background Thread 1 ] DEBUG AssetLoaderService   - Loading from cache: /assets/textures/platform.png@80.0x80.0
13:45:38.461 [FXGL Background Thread 1 ] DEBUG AssetLoaderService   - Loading from cache: /assets/textures/platform.png@80.0x80.0
13:45:38.462 [FXGL Background Thread 1 ] DEBUG AssetLoaderService   - Loading from cache: /assets/textures/platform.png@80.0x80.0
13:45:38.462 [FXGL Background Thread 1 ] DEBUG AssetLoaderService   - Loading from cache: /assets/textures/right.png@80.0x80.0
13:45:38.462 [FXGL Background Thread 1 ] DEBUG AssetLoaderService   - Loading from cache: /assets/textures/left.png@80.0x80.0
13:45:38.463 [FXGL Background Thread 1 ] DEBUG AssetLoaderService   - Loading from cache: /assets/textures/right.png@80.0x80.0
13:45:38.463 [FXGL Background Thread 1 ] DEBUG AssetLoaderService   - Loading from cache: /assets/textures/left.png@80.0x80.0
13:45:38.463 [FXGL Background Thread 1 ] DEBUG AssetLoaderService   - Loading from cache: /assets/textures/right.png@80.0x80.0
13:45:38.464 [FXGL Background Thread 1 ] DEBUG AssetLoaderService   - Loading from cache: /assets/textures/left.png@80.0x80.0
13:45:38.464 [FXGL Background Thread 1 ] DEBUG AssetLoaderService   - Loading from cache: /assets/textures/platform.png@80.0x80.0
13:45:38.464 [FXGL Background Thread 1 ] DEBUG AssetLoaderService   - Loading from cache: /assets/textures/platform.png@80.0x80.0
13:45:38.464 [FXGL Background Thread 1 ] DEBUG AssetLoaderService   - Loading from cache: /assets/textures/platform.png@80.0x80.0
13:45:38.465 [FXGL Background Thread 1 ] DEBUG AssetLoaderService   - Loading from cache: /assets/textures/right.png@80.0x80.0
13:45:38.465 [FXGL Background Thread 1 ] DEBUG AssetLoaderService   - Loading from cache: /assets/textures/left.png@80.0x80.0
13:45:38.465 [FXGL Background Thread 1 ] DEBUG AssetLoaderService   - Loading from cache: /assets/textures/right.png@80.0x80.0
13:45:38.466 [FXGL Background Thread 1 ] DEBUG AssetLoaderService   - Loading from cache: /assets/textures/left.png@80.0x80.0
13:45:38.466 [FXGL Background Thread 1 ] DEBUG AssetLoaderService   - Loading from cache: /assets/textures/right.png@80.0x80.0
13:45:38.467 [FXGL Background Thread 1 ] DEBUG AssetLoaderService   - Loading from cache: /assets/textures/left.png@80.0x80.0
13:45:38.468 [FXGL Background Thread 1 ] DEBUG AssetLoaderService   - Loading from cache: /assets/textures/platform.png@80.0x80.0
13:45:38.468 [FXGL Background Thread 1 ] DEBUG AssetLoaderService   - Loading from cache: /assets/textures/platform.png@80.0x80.0
13:45:38.469 [FXGL Background Thread 1 ] DEBUG AssetLoaderService   - Loading from cache: /assets/textures/platform.png@80.0x80.0
13:45:38.469 [FXGL Background Thread 1 ] DEBUG AssetLoaderService   - Loading from cache: /assets/textures/platform.png@80.0x80.0
13:45:38.469 [FXGL Background Thread 1 ] DEBUG AssetLoaderService   - Loading from cache: /assets/textures/right.png@80.0x80.0
13:45:38.469 [FXGL Background Thread 1 ] DEBUG AssetLoaderService   - Loading from cache: /assets/textures/left.png@80.0x80.0
13:45:38.470 [FXGL Background Thread 1 ] DEBUG AssetLoaderService   - Loading from cache: /assets/textures/right.png@80.0x80.0
13:45:38.470 [FXGL Background Thread 1 ] DEBUG AssetLoaderService   - Loading from cache: /assets/textures/left.png@80.0x80.0
13:45:38.470 [FXGL Background Thread 1 ] DEBUG AssetLoaderService   - Loading from cache: /assets/textures/right.png@80.0x80.0
13:45:38.470 [FXGL Background Thread 1 ] DEBUG AssetLoaderService   - Loading from cache: /assets/textures/left.png@80.0x80.0
13:45:38.471 [FXGL Background Thread 1 ] DEBUG AssetLoaderService   - Loading from cache: /assets/textures/platform.png@80.0x80.0
13:45:38.471 [FXGL Background Thread 1 ] DEBUG AssetLoaderService   - Loading from cache: /assets/textures/platform.png@80.0x80.0
13:45:38.471 [FXGL Background Thread 1 ] DEBUG AssetLoaderService   - Loading from cache: /assets/textures/platform.png@80.0x80.0
13:45:38.471 [FXGL Background Thread 1 ] DEBUG AssetLoaderService   - Loading from cache: /assets/textures/platform.png@80.0x80.0
13:45:38.472 [FXGL Background Thread 1 ] DEBUG AssetLoaderService   - Loading from cache: /assets/textures/platform.png@80.0x80.0
13:45:38.472 [FXGL Background Thread 1 ] DEBUG AssetLoaderService   - Loading from cache: /assets/textures/right.png@80.0x80.0
13:45:38.472 [FXGL Background Thread 1 ] DEBUG AssetLoaderService   - Loading from cache: /assets/textures/left.png@80.0x80.0
13:45:38.472 [FXGL Background Thread 1 ] DEBUG AssetLoaderService   - Loading from cache: /assets/textures/right.png@80.0x80.0
13:45:38.473 [FXGL Background Thread 1 ] DEBUG AssetLoaderService   - Loading from cache: /assets/textures/left.png@80.0x80.0
13:45:38.473 [FXGL Background Thread 1 ] DEBUG AssetLoaderService   - Loading from cache: /assets/textures/right.png@80.0x80.0
13:45:38.473 [FXGL Background Thread 1 ] DEBUG AssetLoaderService   - Loading from cache: /assets/textures/left.png@80.0x80.0
13:45:38.473 [FXGL Background Thread 1 ] DEBUG AssetLoaderService   - Loading from cache: /assets/textures/platform.png@80.0x80.0
13:45:38.473 [FXGL Background Thread 1 ] DEBUG AssetLoaderService   - Loading from cache: /assets/textures/platform.png@80.0x80.0
13:45:38.474 [FXGL Background Thread 1 ] DEBUG AssetLoaderService   - Loading from cache: /assets/textures/platform.png@80.0x80.0
13:45:38.474 [FXGL Background Thread 1 ] DEBUG AssetLoaderService   - Loading from cache: /assets/textures/platform.png@80.0x80.0
13:45:38.474 [FXGL Background Thread 1 ] DEBUG AssetLoaderService   - Loading from cache: /assets/textures/platform.png@80.0x80.0
13:45:38.474 [FXGL Background Thread 1 ] DEBUG AssetLoaderService   - Loading from cache: /assets/textures/platform.png@80.0x80.0
13:45:38.475 [FXGL Background Thread 1 ] DEBUG AssetLoaderService   - Loading from cache: /assets/textures/platform.png@80.0x80.0
13:45:38.475 [FXGL Background Thread 1 ] DEBUG AssetLoaderService   - Loading from cache: /assets/textures/platform.png@80.0x80.0
13:45:38.475 [FXGL Background Thread 1 ] DEBUG AssetLoaderService   - Loading from cache: /assets/textures/right.png@80.0x80.0
13:45:38.476 [FXGL Background Thread 1 ] DEBUG AssetLoaderService   - Loading from cache: /assets/textures/left.png@80.0x80.0
13:45:38.476 [FXGL Background Thread 1 ] DEBUG AssetLoaderService   - Loading from cache: /assets/textures/right.png@80.0x80.0
13:45:38.476 [FXGL Background Thread 1 ] DEBUG AssetLoaderService   - Loading from cache: /assets/textures/left.png@80.0x80.0
13:45:38.476 [FXGL Background Thread 1 ] DEBUG AssetLoaderService   - Loading from cache: /assets/textures/right.png@80.0x80.0
13:45:38.477 [FXGL Background Thread 1 ] DEBUG AssetLoaderService   - Loading from file system: /assets/textures/floor.png
13:45:38.478 [FXGL Background Thread 1 ] DEBUG AssetLoaderService   - Loading from cache: /assets/textures/floor.png@80.0x80.0
13:45:38.479 [FXGL Background Thread 1 ] DEBUG AssetLoaderService   - Loading from cache: /assets/textures/floor.png@80.0x80.0
13:45:38.479 [FXGL Background Thread 1 ] DEBUG AssetLoaderService   - Loading from cache: /assets/textures/floor.png@80.0x80.0
13:45:38.479 [FXGL Background Thread 1 ] DEBUG AssetLoaderService   - Loading from cache: /assets/textures/floor.png@80.0x80.0
13:45:38.480 [FXGL Background Thread 1 ] DEBUG AssetLoaderService   - Loading from cache: /assets/textures/floor.png@80.0x80.0
13:45:38.480 [FXGL Background Thread 1 ] DEBUG AssetLoaderService   - Loading from cache: /assets/textures/floor.png@80.0x80.0
13:45:38.480 [FXGL Background Thread 1 ] DEBUG AssetLoaderService   - Loading from cache: /assets/textures/floor.png@80.0x80.0
13:45:38.480 [FXGL Background Thread 1 ] DEBUG AssetLoaderService   - Loading from cache: /assets/textures/floor.png@80.0x80.0
13:45:38.481 [FXGL Background Thread 1 ] DEBUG AssetLoaderService   - Loading from cache: /assets/textures/floor.png@80.0x80.0
13:45:38.481 [FXGL Background Thread 1 ] DEBUG AssetLoaderService   - Loading from cache: /assets/textures/floor.png@80.0x80.0
13:45:38.481 [FXGL Background Thread 1 ] DEBUG AssetLoaderService   - Loading from cache: /assets/textures/floor.png@80.0x80.0
13:45:38.481 [FXGL Background Thread 1 ] DEBUG AssetLoaderService   - Loading from cache: /assets/textures/floor.png@80.0x80.0
13:45:38.482 [FXGL Background Thread 1 ] DEBUG AssetLoaderService   - Loading from cache: /assets/textures/floor.png@80.0x80.0
13:45:38.482 [FXGL Background Thread 1 ] DEBUG AssetLoaderService   - Loading from cache: /assets/textures/floor.png@80.0x80.0
13:45:38.483 [FXGL Background Thread 1 ] DEBUG GameWorld            - Clearing removable entities
13:45:38.483 [FXGL Background Thread 1 ] DEBUG GameWorld            - Setting level: com.almasb.fxgl.entity.level.Level@52c0e26c
13:45:38.519 [FXGL Background Thread 1 ] DEBUG AssetLoaderService   - Loading from file system: /assets/textures/background.png
13:45:38.673 [FXGL Background Thread 1 ] DEBUG AssetLoaderService   - Loading from file system: /assets/textures/player.png
13:45:38.678 [FXGL Background Thread 1 ] DEBUG AssetLoaderService   - Loading from file system: /assets/textures/gun.png
13:45:38.681 [FXGL Background Thread 1 ] INFO  GameApplication      - Game initialization took: 0.348 sec
13:45:38.685 [JavaFX Application Thread] DEBUG Input                - Clearing active input actions
13:45:38.728 [JavaFX Application Thread] DEBUG WindowService        - Removing overlay from FXGLLoadingScene and adding to GameScene
13:45:38.729 [JavaFX Application Thread] DEBUG MainWindow           - FXGLLoadingScene -> GameScene
13:45:39.503 [JavaFX Application Thread] DEBUG AssetLoaderService   - Loading from file system: /assets/sounds/shotgun2.wav
13:45:41.245 [FXGL Background Thread 2 ] DEBUG Engine               - Logging environment variables
13:45:41.245 [FXGL Background Thread 2 ] DEBUG Engine               - achievements: []
13:45:41.245 [FXGL Background Thread 2 ] DEBUG Engine               - language: ObjectProperty [value: ENGLISH]
13:45:41.245 [FXGL Background Thread 2 ] DEBUG Engine               - isCloseConfirmation: false
13:45:41.245 [FXGL Background Thread 2 ] DEBUG Engine               - isProfilingEnabled: false
13:45:41.245 [FXGL Background Thread 2 ] DEBUG Engine               - soundNotification: core/notification.wav
13:45:41.245 [FXGL Background Thread 2 ] DEBUG Engine               - devShowBBoxProperty: BooleanProperty [value: false]
13:45:41.245 [FXGL Background Thread 2 ] DEBUG Engine               - pixelsPerMeter: 50.0
13:45:41.245 [FXGL Background Thread 2 ] DEBUG Engine               - soundMenuBack: menu/back.wav
13:45:41.245 [FXGL Background Thread 2 ] DEBUG Engine               - appIcon: fxgl_icon.png
13:45:41.245 [FXGL Background Thread 2 ] DEBUG Engine               - isFullScreenAllowed: false
13:45:41.245 [FXGL Background Thread 2 ] DEBUG Engine               - isIntroEnabled: false
13:45:41.245 [FXGL Background Thread 2 ] DEBUG Engine               - fontMono: lucida_console.ttf
13:45:41.245 [FXGL Background Thread 2 ] DEBUG Engine               - soundMenuSelect: menu/select.wav
13:45:41.245 [FXGL Background Thread 2 ] DEBUG Engine               - isWindows: true
13:45:41.245 [FXGL Background Thread 2 ] DEBUG Engine               - isUserProfileEnabled: false
13:45:41.245 [FXGL Background Thread 2 ] DEBUG Engine               - isMobile: false
13:45:41.245 [FXGL Background Thread 2 ] DEBUG Engine               - height: 1200
13:45:41.245 [FXGL Background Thread 2 ] DEBUG Engine               - isExperimentalNative: false
13:45:41.245 [FXGL Background Thread 2 ] DEBUG Engine               - settings: Title: BlasterBoy
Version: 1.0
Width: 1200
Height: 1200
Fullscreen: false
Intro: false
Menus: false
Profiling: false
Single step:false
App Mode: DEVELOPER
Menu Key: ESCAPE
Stage Style: DECORATED
Scene Factory: class com.almasb.fxgl.app.scene.SceneFactory

13:45:41.245 [FXGL Background Thread 2 ] DEBUG Engine               - isSingleStep: false
13:45:41.245 [FXGL Background Thread 2 ] DEBUG Engine               - cSSList: [fxgl_dark.css]
13:45:41.245 [FXGL Background Thread 2 ] DEBUG Engine               - fontGame: Abel-Regular.ttf
13:45:41.246 [FXGL Background Thread 2 ] DEBUG Engine               - menuKey: ESCAPE
13:45:41.246 [FXGL Background Thread 2 ] DEBUG Engine               - devShowPositionProperty: BooleanProperty [value: false]
13:45:41.246 [FXGL Background Thread 2 ] DEBUG Engine               - versionCheckDays: 7
13:45:41.246 [FXGL Background Thread 2 ] DEBUG Engine               - configClass: Optional.empty
13:45:41.246 [FXGL Background Thread 2 ] DEBUG Engine               - isFullScreenFromStart: false
13:45:41.246 [FXGL Background Thread 2 ] DEBUG Engine               - version: 1.0
13:45:41.246 [FXGL Background Thread 2 ] DEBUG Engine               - fullScreen: BooleanProperty [value: false]
13:45:41.246 [FXGL Background Thread 2 ] DEBUG Engine               - randomSeed: -1
13:45:41.246 [FXGL Background Thread 2 ] DEBUG Engine               - gameDifficultyProperty: ObjectProperty [value: MEDIUM]
13:45:41.246 [FXGL Background Thread 2 ] DEBUG Engine               - applicationMode: DEVELOPER
13:45:41.246 [FXGL Background Thread 2 ] DEBUG Engine               - isMac: false
13:45:41.246 [FXGL Background Thread 2 ] DEBUG Engine               - isMenuEnabled: false
13:45:41.246 [FXGL Background Thread 2 ] DEBUG Engine               - profileName: StringProperty [value: DEFAULT]
13:45:41.246 [FXGL Background Thread 2 ] DEBUG Engine               - urlPOM: https://raw.githubusercontent.com/AlmasB/FXGL/master/pom.xml
13:45:41.246 [FXGL Background Thread 2 ] DEBUG Engine               - devSensorColorProperty: ObjectProperty [value: 0xffff00ff]
13:45:41.246 [FXGL Background Thread 2 ] DEBUG Engine               - notificationViewClass: class com.almasb.fxgl.notification.view.XboxNotificationView
13:45:41.246 [FXGL Background Thread 2 ] DEBUG Engine               - sceneFactory: com.almasb.fxgl.app.scene.SceneFactory@2c8ae4e6
13:45:41.246 [FXGL Background Thread 2 ] DEBUG Engine               - stageStyle: DECORATED
13:45:41.246 [FXGL Background Thread 2 ] DEBUG Engine               - isManualResizeEnabled: false
13:45:41.246 [FXGL Background Thread 2 ] DEBUG Engine               - title: BlasterBoy
13:45:41.246 [FXGL Background Thread 2 ] DEBUG Engine               - platform: WINDOWS
13:45:41.247 [FXGL Background Thread 2 ] DEBUG Engine               - devBBoxColorProperty: ObjectProperty [value: 0xff0000ff]
13:45:41.247 [FXGL Background Thread 2 ] DEBUG Engine               - gameDifficulty: MEDIUM
13:45:41.247 [FXGL Background Thread 2 ] DEBUG Engine               - isDesktop: true
13:45:41.247 [FXGL Background Thread 2 ] DEBUG Engine               - supportedLanguages: [ENGLISH, FRENCH, GERMAN, HUNGARIAN, RUSSIAN]
13:45:41.247 [FXGL Background Thread 2 ] DEBUG Engine               - globalMusicVolumeProperty: DoubleProperty [value: 0.5]
13:45:41.247 [FXGL Background Thread 2 ] DEBUG Engine               - credits: []
13:45:41.247 [FXGL Background Thread 2 ] DEBUG Engine               - isPreserveResizeRatio: false
13:45:41.247 [FXGL Background Thread 2 ] DEBUG Engine               - fontText: Courier-Prime.ttf
13:45:41.247 [FXGL Background Thread 2 ] DEBUG Engine               - isExperimentalTiledLargeMap: false
13:45:41.247 [FXGL Background Thread 2 ] DEBUG Engine               - secondsIn24h: 60
13:45:41.247 [FXGL Background Thread 2 ] DEBUG Engine               - runtimeInfo: RuntimeInfo(platform=WINDOWS, version=11.8, build=08.03.2020 09.09)
13:45:41.247 [FXGL Background Thread 2 ] DEBUG Engine               - urlGithub: https://github.com/AlmasB/FXGL
13:45:41.247 [FXGL Background Thread 2 ] DEBUG Engine               - soundMenuPress: menu/press.wav
13:45:41.247 [FXGL Background Thread 2 ] DEBUG Engine               - isLinux: false
13:45:41.247 [FXGL Background Thread 2 ] DEBUG Engine               - profileDir: profiles/
13:45:41.247 [FXGL Background Thread 2 ] DEBUG Engine               - globalSoundVolumeProperty: DoubleProperty [value: 0.5]
13:45:41.247 [FXGL Background Thread 2 ] DEBUG Engine               - isDeveloperMenuEnabled: false
13:45:41.248 [FXGL Background Thread 2 ] DEBUG Engine               - mainWindow: com.almasb.fxgl.app.MainWindow@28b565af
13:45:41.248 [FXGL Background Thread 2 ] DEBUG Engine               - urlLeaderboard: http://fxgl-top.herokuapp.com/
13:45:41.248 [FXGL Background Thread 2 ] DEBUG Engine               - globalSoundVolume: 0.5
13:45:41.248 [FXGL Background Thread 2 ] DEBUG Engine               - isBrowser: false
13:45:41.248 [FXGL Background Thread 2 ] DEBUG Engine               - engineServices: [class com.almasb.fxgl.app.GameApplication$GameApplicationService, class com.almasb.fxgl.app.services.WindowService, class com.almasb.fxgl.app.services.FXGLDialogService, class com.almasb.fxgl.app.services.IOTaskExecutorService, class com.almasb.fxgl.event.EventBusService, class com.almasb.fxgl.io.FileSystemService, class com.almasb.fxgl.localization.LocalizationService, class com.almasb.fxgl.app.services.AssetLoaderService, class com.almasb.fxgl.app.services.SystemBundleService, class com.almasb.fxgl.profile.SaveLoadService, class com.almasb.fxgl.ui.FXGLUIFactoryServiceProvider, class com.almasb.fxgl.ui.FXGLDialogFactoryServiceProvider, class com.almasb.fxgl.audio.AudioPlayer, class com.almasb.fxgl.notification.impl.NotificationServiceProvider, class com.almasb.fxgl.achievement.AchievementService, class com.almasb.fxgl.cutscene.CutsceneService, class com.almasb.fxgl.minigames.MiniGameService, class com.almasb.fxgl.net.NetService, class com.almasb.fxgl.app.services.UpdaterService]
13:45:41.248 [FXGL Background Thread 2 ] DEBUG Engine               - globalMusicVolume: 0.5
13:45:41.248 [FXGL Background Thread 2 ] DEBUG Engine               - width: 1200
13:45:41.248 [FXGL Background Thread 2 ] DEBUG Engine               - saveFileExt: sav
13:45:41.248 [FXGL Background Thread 2 ] DEBUG Engine               - isAndroid: false
13:45:41.248 [FXGL Background Thread 2 ] DEBUG Engine               - fontUI: VarelaRound-Regular.ttf
13:45:41.248 [FXGL Background Thread 2 ] DEBUG Engine               - isIOS: false
13:45:41.248 [FXGL Background Thread 2 ] DEBUG Engine               - enabledMenuItems: []
13:45:41.248 [FXGL Background Thread 2 ] DEBUG Engine               - Logging services
13:45:41.248 [FXGL Background Thread 2 ] DEBUG Engine               - class com.almasb.fxgl.app.GameApplication$GameApplicationService
13:45:41.248 [FXGL Background Thread 2 ] DEBUG Engine               - class com.almasb.fxgl.app.services.WindowService
13:45:41.248 [FXGL Background Thread 2 ] DEBUG Engine               - class com.almasb.fxgl.app.services.FXGLDialogService
13:45:41.248 [FXGL Background Thread 2 ] DEBUG Engine               - class com.almasb.fxgl.app.services.IOTaskExecutorService
13:45:41.248 [FXGL Background Thread 2 ] DEBUG Engine               - class com.almasb.fxgl.event.EventBusService
13:45:41.248 [FXGL Background Thread 2 ] DEBUG Engine               - class com.almasb.fxgl.io.FileSystemService
13:45:41.248 [FXGL Background Thread 2 ] DEBUG Engine               - class com.almasb.fxgl.localization.LocalizationService
13:45:41.248 [FXGL Background Thread 2 ] DEBUG Engine               - class com.almasb.fxgl.app.services.AssetLoaderService
13:45:41.249 [FXGL Background Thread 2 ] DEBUG Engine               - class com.almasb.fxgl.app.services.SystemBundleService
13:45:41.249 [FXGL Background Thread 2 ] DEBUG Engine               - class com.almasb.fxgl.profile.SaveLoadService
13:45:41.249 [FXGL Background Thread 2 ] DEBUG Engine               - class com.almasb.fxgl.ui.FXGLUIFactoryServiceProvider
13:45:41.249 [FXGL Background Thread 2 ] DEBUG Engine               - class com.almasb.fxgl.ui.FXGLDialogFactoryServiceProvider
13:45:41.249 [FXGL Background Thread 2 ] DEBUG Engine               - class com.almasb.fxgl.audio.AudioPlayer
13:45:41.249 [FXGL Background Thread 2 ] DEBUG Engine               - class com.almasb.fxgl.notification.impl.NotificationServiceProvider
13:45:41.249 [FXGL Background Thread 2 ] DEBUG Engine               - class com.almasb.fxgl.achievement.AchievementService
13:45:41.249 [FXGL Background Thread 2 ] DEBUG Engine               - class com.almasb.fxgl.cutscene.CutsceneService
13:45:41.249 [FXGL Background Thread 2 ] DEBUG Engine               - class com.almasb.fxgl.minigames.MiniGameService
13:45:41.249 [FXGL Background Thread 2 ] DEBUG Engine               - class com.almasb.fxgl.net.NetService
13:45:41.249 [FXGL Background Thread 2 ] DEBUG Engine               - class com.almasb.fxgl.app.services.UpdaterService
13:45:41.950 [JavaFX Application Thread] DEBUG AssetLoaderService   - Loading from file system: /assets/sounds/shotgun1.wav
13:45:42.799 [JavaFX Application Thread] DEBUG AssetLoaderService   - Loading from cache: /assets/sounds/shotgun1.wav
13:45:45.214 [JavaFX Application Thread] DEBUG AssetLoaderService   - Loading from file system: /assets/sounds/shotgun0.wav
13:45:46.031 [JavaFX Application Thread] DEBUG AssetLoaderService   - Loading from cache: /assets/sounds/shotgun0.wav
13:45:46.847 [JavaFX Application Thread] DEBUG AssetLoaderService   - Loading from cache: /assets/sounds/shotgun0.wav
13:45:50.110 [JavaFX Application Thread] DEBUG AssetLoaderService   - Loading from cache: /assets/sounds/shotgun0.wav
13:45:50.926 [JavaFX Application Thread] DEBUG AssetLoaderService   - Loading from cache: /assets/sounds/shotgun0.wav
13:45:56.889 [JavaFX Application Thread] DEBUG GameApplication      - Exiting FXGL
13:45:56.889 [JavaFX Application Thread] DEBUG LoopRunner           - Stopping loop
13:45:56.889 [JavaFX Application Thread] DEBUG SystemBundleService  - Saving FXGL system data
13:45:56.890 [JavaFX Application Thread] DEBUG FileSystemAccess     - Writing to: C:\Users\lucas\Downloads\BlasterBoy\system\fxgl.bundle
13:45:56.891 [JavaFX Application Thread] DEBUG GameApplication      - Shutting down background threads
13:45:56.891 [JavaFX Application Thread] DEBUG GameApplication      - Closing logger and exiting JavaFX
