17:47:51.420 [AWT-EventQueue-0         ] DEBUG GameApplication      - Logger initialized
17:47:51.421 [AWT-EventQueue-0         ] DEBUG GameApplication      - Logging settings
Title: BlasterBoy
Version: 0.1
Width: 1200
Height: 1200
Fullscreen: false
Intro: false
Menus: false
Profiling: false
Single step:false
App Mode: DEVELOPER
Menu Key: ESCAPE
Stage Style: DECORATED
Scene Factory: class com.almasb.fxgl.app.scene.SceneFactory

17:47:51.698 [JavaFX Application Thread] DEBUG GameApplication      - Initializing FXGL
17:47:51.706 [JavaFX Application Thread] INFO  Engine               - FXGL-11.8 (08.03.2020 09.09) on WINDOWS (J:14.0.1 FX:13.0.2)
17:47:51.706 [JavaFX Application Thread] INFO  Engine               - Source code and latest versions at: https://github.com/AlmasB/FXGL
17:47:51.706 [JavaFX Application Thread] INFO  Engine               -              Join the FXGL chat at: https://gitter.im/AlmasB/FXGL
17:47:51.792 [JavaFX Application Thread] DEBUG MainWindow           - Creating a JavaFX scene
17:47:51.831 [JavaFX Application Thread] DEBUG MainWindow           - Target settings size: 1200.0 x 1200.0
17:47:51.831 [JavaFX Application Thread] DEBUG MainWindow           - Scaled scene size:    1200.0 x 1200.0
17:47:51.831 [JavaFX Application Thread] DEBUG MainWindow           - Scaled ratio: (1.0, 1.0)
17:47:51.833 [JavaFX Application Thread] DEBUG MainWindow           - Set initial scene to FXGLStartupScene
17:47:51.838 [JavaFX Application Thread] DEBUG MainWindow           - Opening main window
17:47:51.884 [JavaFX Application Thread] DEBUG MainWindow           - Window border size: (16.0, 39.0)
17:47:51.884 [JavaFX Application Thread] DEBUG MainWindow           - Scaled size: 1200.0 x 1200.0
17:47:51.884 [JavaFX Application Thread] DEBUG MainWindow           - Scaled ratio: (1.0, 1.0)
17:47:51.884 [JavaFX Application Thread] DEBUG MainWindow           - Scene size: 1200.0 x 1200.0
17:47:51.885 [JavaFX Application Thread] DEBUG MainWindow           - Stage size: 1216.0 x 1239.0
17:47:51.890 [FXGL Background Thread 1 ] DEBUG Engine               - Initializing environment variables
17:47:51.909 [FXGL Background Thread 1 ] DEBUG WindowService        - Applying CSS: fxgl_dark.css
17:47:51.909 [FXGL Background Thread 1 ] DEBUG AssetLoaderService   - Loading from file system: /assets/ui/css/fxgl_dark.css
17:47:51.945 [FXGL Background Thread 1 ] DEBUG WindowService        - Initializing application scenes
17:47:51.970 [FXGL Background Thread 1 ] DEBUG GameWorld            - Game world initialized
17:47:52.005 [FXGL Background Thread 1 ] DEBUG PhysicsWorld         - Physics world initialized: appHeight=1200, physics.ppm=50.0
17:47:52.007 [FXGL Background Thread 1 ] DEBUG GameScene            - Game scene initialized: 1200x1200
17:47:52.013 [FXGL Background Thread 1 ] DEBUG Input                - Registered new binding: Resume - Esc
17:47:52.017 [FXGL Background Thread 1 ] DEBUG AssetLoaderService   - Loading from file system: /assets/textures/pause_menu_bg.png
17:47:52.054 [FXGL Background Thread 1 ] DEBUG Input                - Registered new binding: Pause - Esc
17:47:52.054 [FXGL Background Thread 1 ] DEBUG WindowService        - Application scenes initialized
17:47:52.062 [FXGL Background Thread 1 ] DEBUG SystemBundleService  - Loading FXGL system data
17:47:52.065 [FXGL Background Thread 1 ] DEBUG FileSystemAccess     - Reading from: C:\Users\lucas\IdeaProjects\BlasterBoy\system\fxgl.bundle
17:47:52.069 [FXGL Background Thread 1 ] DEBUG SystemBundleService  - Bundle FXGL: {}
17:47:52.070 [FXGL Background Thread 1 ] INFO  Engine               - FXGL initialization took: 0.179 sec
17:47:52.071 [FXGL Background Thread 1 ] DEBUG GameApplication      - Loading localizations
17:47:52.071 [FXGL Background Thread 1 ] DEBUG AssetLoaderService   - Loading from file system: /assets/properties/languages/english.properties
17:47:52.072 [FXGL Background Thread 1 ] DEBUG AssetLoaderService   - Loading from file system: /assets/properties/languages/french.properties
17:47:52.073 [FXGL Background Thread 1 ] DEBUG AssetLoaderService   - Loading from file system: /assets/properties/languages/german.properties
17:47:52.074 [FXGL Background Thread 1 ] DEBUG AssetLoaderService   - Loading from file system: /assets/properties/languages/hungarian.properties
17:47:52.075 [FXGL Background Thread 1 ] DEBUG AssetLoaderService   - Loading from file system: /assets/properties/languages/russian.properties
17:47:52.076 [FXGL Background Thread 1 ] DEBUG GameApplication      - Registering font factories with UI factory
17:47:52.076 [FXGL Background Thread 1 ] DEBUG AssetLoaderService   - Loading from file system: /assets/ui/fonts/VarelaRound-Regular.ttf
17:47:52.116 [FXGL Background Thread 1 ] DEBUG AssetLoaderService   - Loading from file system: /assets/ui/fonts/Abel-Regular.ttf
17:47:52.119 [FXGL Background Thread 1 ] DEBUG AssetLoaderService   - Loading from file system: /assets/ui/fonts/lucida_console.ttf
17:47:52.122 [FXGL Background Thread 1 ] DEBUG AssetLoaderService   - Loading from file system: /assets/ui/fonts/Courier-Prime.ttf
17:47:52.127 [JavaFX Application Thread] DEBUG Input                - Registered new binding: Launch - Space
17:47:52.127 [JavaFX Application Thread] DEBUG AssetLoaderService   - Loading from file system: /assets/textures/fxgl_icon.png
17:47:52.141 [JavaFX Application Thread] DEBUG AssetLoaderService   - Loading from file system: /assets/ui/cursors/fxgl_default.png
17:47:52.143 [JavaFX Application Thread] DEBUG Input                - Registered new binding: Screenshot - P
17:47:52.143 [JavaFX Application Thread] DEBUG Input                - Registered new binding: System info dump - CTRL+9
17:47:52.143 [JavaFX Application Thread] DEBUG Input                - Registered new binding: Restart - CTRL+R
17:47:52.144 [JavaFX Application Thread] DEBUG LoopRunner           - Starting loop
17:47:52.154 [JavaFX Application Thread] DEBUG FXGLStartupScene     - STARTUP
17:47:52.155 [JavaFX Application Thread] DEBUG WindowService        - Starting new game
17:47:52.157 [JavaFX Application Thread] DEBUG Input                - Clearing active input actions
17:47:52.165 [JavaFX Application Thread] DEBUG WindowService        - Removing overlay from FXGLStartupScene and adding to FXGLLoadingScene
17:47:52.165 [JavaFX Application Thread] DEBUG MainWindow           - FXGLStartupScene -> FXGLLoadingScene
17:47:52.165 [JavaFX Application Thread] DEBUG WindowService        - Clearing previous game
17:47:52.165 [JavaFX Application Thread] DEBUG GameScene            - Clearing game scene
17:47:52.165 [JavaFX Application Thread] DEBUG GameWorld            - Clearing game world
17:47:52.165 [JavaFX Application Thread] DEBUG PhysicsWorld         - Clearing physics world
17:47:52.166 [FXGL Background Thread 1 ] DEBUG GameApplication      - Initializing game
17:47:52.172 [FXGL Background Thread 1 ] DEBUG AssetLoaderService   - Loading from file system: /assets/levels/0.txt
17:47:52.212 [FXGL Background Thread 1 ] DEBUG GameWorld            - Clearing removable entities
17:47:52.212 [FXGL Background Thread 1 ] DEBUG GameWorld            - Setting level: com.almasb.fxgl.entity.level.Level@42f9a836
17:47:52.239 [FXGL Background Thread 1 ] DEBUG AssetLoaderService   - Loading from file system: /assets/textures/background.png
17:47:52.371 [FXGL Background Thread 1 ] DEBUG AssetLoaderService   - Loading from file system: /assets/textures/player.png
17:47:52.377 [FXGL Background Thread 1 ] DEBUG AssetLoaderService   - Loading from file system: /assets/textures/gun.png
17:47:52.379 [FXGL Background Thread 1 ] INFO  GameApplication      - Game initialization took: 0.213 sec
17:47:52.384 [JavaFX Application Thread] DEBUG Input                - Clearing active input actions
17:47:52.408 [JavaFX Application Thread] DEBUG WindowService        - Removing overlay from FXGLLoadingScene and adding to GameScene
17:47:52.408 [JavaFX Application Thread] DEBUG MainWindow           - FXGLLoadingScene -> GameScene
17:47:55.071 [FXGL Background Thread 2 ] DEBUG Engine               - Logging environment variables
17:47:55.071 [FXGL Background Thread 2 ] DEBUG Engine               - achievements: []
17:47:55.071 [FXGL Background Thread 2 ] DEBUG Engine               - language: ObjectProperty [value: ENGLISH]
17:47:55.071 [FXGL Background Thread 2 ] DEBUG Engine               - isCloseConfirmation: false
17:47:55.072 [FXGL Background Thread 2 ] DEBUG Engine               - isProfilingEnabled: false
17:47:55.072 [FXGL Background Thread 2 ] DEBUG Engine               - soundNotification: core/notification.wav
17:47:55.072 [FXGL Background Thread 2 ] DEBUG Engine               - devShowBBoxProperty: BooleanProperty [value: false]
17:47:55.072 [FXGL Background Thread 2 ] DEBUG Engine               - pixelsPerMeter: 50.0
17:47:55.072 [FXGL Background Thread 2 ] DEBUG Engine               - appIcon: fxgl_icon.png
17:47:55.072 [FXGL Background Thread 2 ] DEBUG Engine               - soundMenuBack: menu/back.wav
17:47:55.072 [FXGL Background Thread 2 ] DEBUG Engine               - isFullScreenAllowed: false
17:47:55.072 [FXGL Background Thread 2 ] DEBUG Engine               - isIntroEnabled: false
17:47:55.072 [FXGL Background Thread 2 ] DEBUG Engine               - fontMono: lucida_console.ttf
17:47:55.072 [FXGL Background Thread 2 ] DEBUG Engine               - soundMenuSelect: menu/select.wav
17:47:55.072 [FXGL Background Thread 2 ] DEBUG Engine               - isWindows: true
17:47:55.072 [FXGL Background Thread 2 ] DEBUG Engine               - isMobile: false
17:47:55.072 [FXGL Background Thread 2 ] DEBUG Engine               - isUserProfileEnabled: false
17:47:55.072 [FXGL Background Thread 2 ] DEBUG Engine               - height: 1200
17:47:55.072 [FXGL Background Thread 2 ] DEBUG Engine               - isExperimentalNative: false
17:47:55.072 [FXGL Background Thread 2 ] DEBUG Engine               - settings: Title: BlasterBoy
Version: 0.1
Width: 1200
Height: 1200
Fullscreen: false
Intro: false
Menus: false
Profiling: false
Single step:false
App Mode: DEVELOPER
Menu Key: ESCAPE
Stage Style: DECORATED
Scene Factory: class com.almasb.fxgl.app.scene.SceneFactory

17:47:55.072 [FXGL Background Thread 2 ] DEBUG Engine               - isSingleStep: false
17:47:55.073 [FXGL Background Thread 2 ] DEBUG Engine               - cSSList: [fxgl_dark.css]
17:47:55.073 [FXGL Background Thread 2 ] DEBUG Engine               - fontGame: Abel-Regular.ttf
17:47:55.073 [FXGL Background Thread 2 ] DEBUG Engine               - menuKey: ESCAPE
17:47:55.073 [FXGL Background Thread 2 ] DEBUG Engine               - devShowPositionProperty: BooleanProperty [value: false]
17:47:55.073 [FXGL Background Thread 2 ] DEBUG Engine               - versionCheckDays: 7
17:47:55.073 [FXGL Background Thread 2 ] DEBUG Engine               - configClass: Optional.empty
17:47:55.073 [FXGL Background Thread 2 ] DEBUG Engine               - isFullScreenFromStart: false
17:47:55.073 [FXGL Background Thread 2 ] DEBUG Engine               - version: 0.1
17:47:55.073 [FXGL Background Thread 2 ] DEBUG Engine               - fullScreen: BooleanProperty [value: false]
17:47:55.073 [FXGL Background Thread 2 ] DEBUG Engine               - randomSeed: -1
17:47:55.073 [FXGL Background Thread 2 ] DEBUG Engine               - gameDifficultyProperty: ObjectProperty [value: MEDIUM]
17:47:55.073 [FXGL Background Thread 2 ] DEBUG Engine               - applicationMode: DEVELOPER
17:47:55.073 [FXGL Background Thread 2 ] DEBUG Engine               - isMac: false
17:47:55.073 [FXGL Background Thread 2 ] DEBUG Engine               - isMenuEnabled: false
17:47:55.073 [FXGL Background Thread 2 ] DEBUG Engine               - urlPOM: https://raw.githubusercontent.com/AlmasB/FXGL/master/pom.xml
17:47:55.073 [FXGL Background Thread 2 ] DEBUG Engine               - profileName: StringProperty [value: DEFAULT]
17:47:55.073 [FXGL Background Thread 2 ] DEBUG Engine               - notificationViewClass: class com.almasb.fxgl.notification.view.XboxNotificationView
17:47:55.074 [FXGL Background Thread 2 ] DEBUG Engine               - devSensorColorProperty: ObjectProperty [value: 0xffff00ff]
17:47:55.074 [FXGL Background Thread 2 ] DEBUG Engine               - sceneFactory: com.almasb.fxgl.app.scene.SceneFactory@5ddade2f
17:47:55.074 [FXGL Background Thread 2 ] DEBUG Engine               - stageStyle: DECORATED
17:47:55.074 [FXGL Background Thread 2 ] DEBUG Engine               - isManualResizeEnabled: false
17:47:55.074 [FXGL Background Thread 2 ] DEBUG Engine               - title: BlasterBoy
17:47:55.074 [FXGL Background Thread 2 ] DEBUG Engine               - platform: WINDOWS
17:47:55.074 [FXGL Background Thread 2 ] DEBUG Engine               - devBBoxColorProperty: ObjectProperty [value: 0xff0000ff]
17:47:55.074 [FXGL Background Thread 2 ] DEBUG Engine               - gameDifficulty: MEDIUM
17:47:55.074 [FXGL Background Thread 2 ] DEBUG Engine               - isDesktop: true
17:47:55.074 [FXGL Background Thread 2 ] DEBUG Engine               - supportedLanguages: [ENGLISH, FRENCH, GERMAN, HUNGARIAN, RUSSIAN]
17:47:55.074 [FXGL Background Thread 2 ] DEBUG Engine               - credits: []
17:47:55.074 [FXGL Background Thread 2 ] DEBUG Engine               - globalMusicVolumeProperty: DoubleProperty [value: 0.5]
17:47:55.074 [FXGL Background Thread 2 ] DEBUG Engine               - isPreserveResizeRatio: false
17:47:55.075 [FXGL Background Thread 2 ] DEBUG Engine               - fontText: Courier-Prime.ttf
17:47:55.075 [FXGL Background Thread 2 ] DEBUG Engine               - isExperimentalTiledLargeMap: false
17:47:55.075 [FXGL Background Thread 2 ] DEBUG Engine               - secondsIn24h: 60
17:47:55.075 [FXGL Background Thread 2 ] DEBUG Engine               - runtimeInfo: RuntimeInfo(platform=WINDOWS, version=11.8, build=08.03.2020 09.09)
17:47:55.075 [FXGL Background Thread 2 ] DEBUG Engine               - isLinux: false
17:47:55.075 [FXGL Background Thread 2 ] DEBUG Engine               - soundMenuPress: menu/press.wav
17:47:55.075 [FXGL Background Thread 2 ] DEBUG Engine               - urlGithub: https://github.com/AlmasB/FXGL
17:47:55.075 [FXGL Background Thread 2 ] DEBUG Engine               - profileDir: profiles/
17:47:55.075 [FXGL Background Thread 2 ] DEBUG Engine               - isDeveloperMenuEnabled: false
17:47:55.075 [FXGL Background Thread 2 ] DEBUG Engine               - globalSoundVolumeProperty: DoubleProperty [value: 0.5]
17:47:55.075 [FXGL Background Thread 2 ] DEBUG Engine               - mainWindow: com.almasb.fxgl.app.MainWindow@59e5514c
17:47:55.075 [FXGL Background Thread 2 ] DEBUG Engine               - isBrowser: false
17:47:55.075 [FXGL Background Thread 2 ] DEBUG Engine               - globalSoundVolume: 0.5
17:47:55.075 [FXGL Background Thread 2 ] DEBUG Engine               - urlLeaderboard: http://fxgl-top.herokuapp.com/
17:47:55.075 [FXGL Background Thread 2 ] DEBUG Engine               - engineServices: [class com.almasb.fxgl.app.GameApplication$GameApplicationService, class com.almasb.fxgl.app.services.WindowService, class com.almasb.fxgl.app.services.FXGLDialogService, class com.almasb.fxgl.app.services.IOTaskExecutorService, class com.almasb.fxgl.event.EventBusService, class com.almasb.fxgl.io.FileSystemService, class com.almasb.fxgl.localization.LocalizationService, class com.almasb.fxgl.app.services.AssetLoaderService, class com.almasb.fxgl.app.services.SystemBundleService, class com.almasb.fxgl.profile.SaveLoadService, class com.almasb.fxgl.ui.FXGLUIFactoryServiceProvider, class com.almasb.fxgl.ui.FXGLDialogFactoryServiceProvider, class com.almasb.fxgl.audio.AudioPlayer, class com.almasb.fxgl.notification.impl.NotificationServiceProvider, class com.almasb.fxgl.achievement.AchievementService, class com.almasb.fxgl.cutscene.CutsceneService, class com.almasb.fxgl.minigames.MiniGameService, class com.almasb.fxgl.net.NetService, class com.almasb.fxgl.app.services.UpdaterService]
17:47:55.075 [FXGL Background Thread 2 ] DEBUG Engine               - globalMusicVolume: 0.5
17:47:55.075 [FXGL Background Thread 2 ] DEBUG Engine               - width: 1200
17:47:55.075 [FXGL Background Thread 2 ] DEBUG Engine               - saveFileExt: sav
17:47:55.076 [FXGL Background Thread 2 ] DEBUG Engine               - isAndroid: false
17:47:55.076 [FXGL Background Thread 2 ] DEBUG Engine               - fontUI: VarelaRound-Regular.ttf
17:47:55.076 [FXGL Background Thread 2 ] DEBUG Engine               - enabledMenuItems: []
17:47:55.076 [FXGL Background Thread 2 ] DEBUG Engine               - isIOS: false
17:47:55.076 [FXGL Background Thread 2 ] DEBUG Engine               - Logging services
17:47:55.076 [FXGL Background Thread 2 ] DEBUG Engine               - class com.almasb.fxgl.app.GameApplication$GameApplicationService
17:47:55.076 [FXGL Background Thread 2 ] DEBUG Engine               - class com.almasb.fxgl.app.services.WindowService
17:47:55.076 [FXGL Background Thread 2 ] DEBUG Engine               - class com.almasb.fxgl.app.services.FXGLDialogService
17:47:55.076 [FXGL Background Thread 2 ] DEBUG Engine               - class com.almasb.fxgl.app.services.IOTaskExecutorService
17:47:55.076 [FXGL Background Thread 2 ] DEBUG Engine               - class com.almasb.fxgl.event.EventBusService
17:47:55.076 [FXGL Background Thread 2 ] DEBUG Engine               - class com.almasb.fxgl.io.FileSystemService
17:47:55.076 [FXGL Background Thread 2 ] DEBUG Engine               - class com.almasb.fxgl.localization.LocalizationService
17:47:55.076 [FXGL Background Thread 2 ] DEBUG Engine               - class com.almasb.fxgl.app.services.AssetLoaderService
17:47:55.076 [FXGL Background Thread 2 ] DEBUG Engine               - class com.almasb.fxgl.app.services.SystemBundleService
17:47:55.076 [FXGL Background Thread 2 ] DEBUG Engine               - class com.almasb.fxgl.profile.SaveLoadService
17:47:55.076 [FXGL Background Thread 2 ] DEBUG Engine               - class com.almasb.fxgl.ui.FXGLUIFactoryServiceProvider
17:47:55.076 [FXGL Background Thread 2 ] DEBUG Engine               - class com.almasb.fxgl.ui.FXGLDialogFactoryServiceProvider
17:47:55.076 [FXGL Background Thread 2 ] DEBUG Engine               - class com.almasb.fxgl.audio.AudioPlayer
17:47:55.076 [FXGL Background Thread 2 ] DEBUG Engine               - class com.almasb.fxgl.notification.impl.NotificationServiceProvider
17:47:55.076 [FXGL Background Thread 2 ] DEBUG Engine               - class com.almasb.fxgl.achievement.AchievementService
17:47:55.077 [FXGL Background Thread 2 ] DEBUG Engine               - class com.almasb.fxgl.cutscene.CutsceneService
17:47:55.077 [FXGL Background Thread 2 ] DEBUG Engine               - class com.almasb.fxgl.minigames.MiniGameService
17:47:55.077 [FXGL Background Thread 2 ] DEBUG Engine               - class com.almasb.fxgl.net.NetService
17:47:55.077 [FXGL Background Thread 2 ] DEBUG Engine               - class com.almasb.fxgl.app.services.UpdaterService
17:47:56.472 [JavaFX Application Thread] DEBUG AssetLoaderService   - Loading from file system: /assets/sounds/shotgun0.wav
17:47:58.103 [JavaFX Application Thread] DEBUG AssetLoaderService   - Loading from cache: /assets/sounds/shotgun0.wav
17:47:59.400 [JavaFX Application Thread] DEBUG AssetLoaderService   - Loading from file system: /assets/sounds/shotgun2.wav
17:47:59.735 [JavaFX Application Thread] DEBUG AssetLoaderService   - Loading from file system: /assets/sounds/shotgun1.wav
17:48:17.687 [JavaFX Application Thread] DEBUG AssetLoaderService   - Loading from cache: /assets/sounds/shotgun0.wav
17:48:18.503 [JavaFX Application Thread] DEBUG AssetLoaderService   - Loading from cache: /assets/sounds/shotgun2.wav
17:48:19.319 [JavaFX Application Thread] DEBUG AssetLoaderService   - Loading from cache: /assets/sounds/shotgun1.wav
17:48:20.135 [JavaFX Application Thread] DEBUG AssetLoaderService   - Loading from cache: /assets/sounds/shotgun2.wav
17:48:20.935 [JavaFX Application Thread] DEBUG AssetLoaderService   - Loading from cache: /assets/sounds/shotgun2.wav
17:48:21.767 [JavaFX Application Thread] DEBUG AssetLoaderService   - Loading from cache: /assets/sounds/shotgun2.wav
17:48:22.583 [JavaFX Application Thread] DEBUG AssetLoaderService   - Loading from cache: /assets/sounds/shotgun2.wav
17:48:23.383 [JavaFX Application Thread] DEBUG AssetLoaderService   - Loading from cache: /assets/sounds/shotgun0.wav
17:48:24.215 [JavaFX Application Thread] DEBUG AssetLoaderService   - Loading from cache: /assets/sounds/shotgun2.wav
17:48:25.031 [JavaFX Application Thread] DEBUG AssetLoaderService   - Loading from cache: /assets/sounds/shotgun1.wav
17:48:25.831 [JavaFX Application Thread] DEBUG AssetLoaderService   - Loading from cache: /assets/sounds/shotgun0.wav
17:48:26.647 [JavaFX Application Thread] DEBUG AssetLoaderService   - Loading from cache: /assets/sounds/shotgun2.wav
17:48:27.463 [JavaFX Application Thread] DEBUG AssetLoaderService   - Loading from cache: /assets/sounds/shotgun1.wav
17:48:28.279 [JavaFX Application Thread] DEBUG AssetLoaderService   - Loading from cache: /assets/sounds/shotgun1.wav
17:48:29.095 [JavaFX Application Thread] DEBUG AssetLoaderService   - Loading from cache: /assets/sounds/shotgun2.wav
17:48:29.911 [JavaFX Application Thread] DEBUG AssetLoaderService   - Loading from cache: /assets/sounds/shotgun2.wav
17:48:30.727 [JavaFX Application Thread] DEBUG AssetLoaderService   - Loading from cache: /assets/sounds/shotgun2.wav
17:48:31.543 [JavaFX Application Thread] DEBUG AssetLoaderService   - Loading from cache: /assets/sounds/shotgun1.wav
17:48:32.359 [JavaFX Application Thread] DEBUG AssetLoaderService   - Loading from cache: /assets/sounds/shotgun2.wav
17:48:33.175 [JavaFX Application Thread] DEBUG AssetLoaderService   - Loading from cache: /assets/sounds/shotgun2.wav
17:48:37.255 [JavaFX Application Thread] DEBUG AssetLoaderService   - Loading from cache: /assets/sounds/shotgun1.wav
17:48:38.071 [JavaFX Application Thread] DEBUG AssetLoaderService   - Loading from cache: /assets/sounds/shotgun2.wav
17:48:38.887 [JavaFX Application Thread] DEBUG AssetLoaderService   - Loading from cache: /assets/sounds/shotgun0.wav
17:48:39.703 [JavaFX Application Thread] DEBUG AssetLoaderService   - Loading from cache: /assets/sounds/shotgun0.wav
17:48:40.519 [JavaFX Application Thread] DEBUG AssetLoaderService   - Loading from cache: /assets/sounds/shotgun0.wav
17:48:41.335 [JavaFX Application Thread] DEBUG AssetLoaderService   - Loading from cache: /assets/sounds/shotgun0.wav
17:48:42.151 [JavaFX Application Thread] DEBUG AssetLoaderService   - Loading from cache: /assets/sounds/shotgun1.wav
17:48:42.967 [JavaFX Application Thread] DEBUG AssetLoaderService   - Loading from cache: /assets/sounds/shotgun1.wav
17:48:43.783 [JavaFX Application Thread] DEBUG AssetLoaderService   - Loading from cache: /assets/sounds/shotgun0.wav
17:48:44.599 [JavaFX Application Thread] DEBUG AssetLoaderService   - Loading from cache: /assets/sounds/shotgun0.wav
17:48:45.415 [JavaFX Application Thread] DEBUG AssetLoaderService   - Loading from cache: /assets/sounds/shotgun1.wav
17:48:46.871 [JavaFX Application Thread] DEBUG AssetLoaderService   - Loading from cache: /assets/sounds/shotgun1.wav
17:48:47.047 [JavaFX Application Thread] DEBUG AssetLoaderService   - Loading from cache: /assets/sounds/shotgun0.wav
17:48:49.351 [JavaFX Application Thread] DEBUG AssetLoaderService   - Loading from cache: /assets/sounds/shotgun0.wav
17:48:49.495 [JavaFX Application Thread] DEBUG AssetLoaderService   - Loading from cache: /assets/sounds/shotgun1.wav
17:48:51.255 [JavaFX Application Thread] DEBUG AssetLoaderService   - Loading from cache: /assets/sounds/shotgun1.wav
17:48:51.943 [JavaFX Application Thread] DEBUG AssetLoaderService   - Loading from cache: /assets/sounds/shotgun1.wav
17:48:54.055 [JavaFX Application Thread] DEBUG AssetLoaderService   - Loading from cache: /assets/sounds/shotgun0.wav
17:48:54.391 [JavaFX Application Thread] DEBUG AssetLoaderService   - Loading from cache: /assets/sounds/shotgun1.wav
17:48:56.391 [JavaFX Application Thread] DEBUG AssetLoaderService   - Loading from cache: /assets/sounds/shotgun1.wav
17:48:58.471 [JavaFX Application Thread] DEBUG AssetLoaderService   - Loading from cache: /assets/sounds/shotgun2.wav
17:48:59.287 [JavaFX Application Thread] DEBUG AssetLoaderService   - Loading from cache: /assets/sounds/shotgun1.wav
17:49:00.103 [JavaFX Application Thread] DEBUG AssetLoaderService   - Loading from cache: /assets/sounds/shotgun2.wav
17:49:00.919 [JavaFX Application Thread] DEBUG AssetLoaderService   - Loading from cache: /assets/sounds/shotgun2.wav
17:49:03.383 [JavaFX Application Thread] DEBUG AssetLoaderService   - Loading from cache: /assets/sounds/shotgun0.wav
17:49:04.183 [JavaFX Application Thread] DEBUG AssetLoaderService   - Loading from cache: /assets/sounds/shotgun2.wav
17:49:05.575 [JavaFX Application Thread] DEBUG AssetLoaderService   - Loading from cache: /assets/sounds/shotgun0.wav
17:49:05.815 [JavaFX Application Thread] DEBUG AssetLoaderService   - Loading from cache: /assets/sounds/shotgun0.wav
17:49:08.247 [JavaFX Application Thread] DEBUG AssetLoaderService   - Loading from cache: /assets/sounds/shotgun0.wav
17:49:09.063 [JavaFX Application Thread] DEBUG AssetLoaderService   - Loading from cache: /assets/sounds/shotgun0.wav
17:49:11.511 [JavaFX Application Thread] DEBUG AssetLoaderService   - Loading from cache: /assets/sounds/shotgun2.wav
17:49:13.143 [JavaFX Application Thread] DEBUG AssetLoaderService   - Loading from cache: /assets/sounds/shotgun2.wav
17:49:14.311 [JavaFX Application Thread] DEBUG AssetLoaderService   - Loading from cache: /assets/sounds/shotgun1.wav
17:49:18.039 [JavaFX Application Thread] DEBUG AssetLoaderService   - Loading from cache: /assets/sounds/shotgun2.wav
17:49:19.687 [JavaFX Application Thread] DEBUG AssetLoaderService   - Loading from cache: /assets/sounds/shotgun1.wav
17:49:26.199 [JavaFX Application Thread] DEBUG AssetLoaderService   - Loading from cache: /assets/sounds/shotgun0.wav
17:49:27.815 [JavaFX Application Thread] DEBUG AssetLoaderService   - Loading from cache: /assets/sounds/shotgun0.wav
17:49:33.527 [JavaFX Application Thread] DEBUG AssetLoaderService   - Loading from cache: /assets/sounds/shotgun1.wav
17:49:34.343 [JavaFX Application Thread] DEBUG AssetLoaderService   - Loading from cache: /assets/sounds/shotgun1.wav
17:49:42.103 [JavaFX Application Thread] DEBUG GameApplication      - Exiting FXGL
17:49:42.103 [JavaFX Application Thread] DEBUG LoopRunner           - Stopping loop
17:49:42.103 [JavaFX Application Thread] DEBUG SystemBundleService  - Saving FXGL system data
17:49:42.104 [JavaFX Application Thread] DEBUG FileSystemAccess     - Writing to: C:\Users\lucas\IdeaProjects\BlasterBoy\system\fxgl.bundle
17:49:42.105 [JavaFX Application Thread] DEBUG GameApplication      - Shutting down background threads
17:49:42.106 [JavaFX Application Thread] DEBUG GameApplication      - Closing logger and exiting JavaFX
