18:07:12.314 [AWT-EventQueue-0         ] DEBUG GameApplication      - Logger initialized
18:07:12.316 [AWT-EventQueue-0         ] DEBUG GameApplication      - Logging settings
Title: BlasterBoy
Version: 0.1
Width: 1200
Height: 1200
Fullscreen: false
Intro: false
Menus: false
Profiling: false
Single step:false
App Mode: DEVELOPER
Menu Key: ESCAPE
Stage Style: DECORATED
Scene Factory: class com.almasb.fxgl.app.scene.SceneFactory

18:07:12.603 [JavaFX Application Thread] DEBUG GameApplication      - Initializing FXGL
18:07:12.611 [JavaFX Application Thread] INFO  Engine               - FXGL-11.8 (08.03.2020 09.09) on WINDOWS (J:14.0.1 FX:13.0.2)
18:07:12.611 [JavaFX Application Thread] INFO  Engine               - Source code and latest versions at: https://github.com/AlmasB/FXGL
18:07:12.612 [JavaFX Application Thread] INFO  Engine               -              Join the FXGL chat at: https://gitter.im/AlmasB/FXGL
18:07:12.700 [JavaFX Application Thread] DEBUG MainWindow           - Creating a JavaFX scene
18:07:12.740 [JavaFX Application Thread] DEBUG MainWindow           - Target settings size: 1200.0 x 1200.0
18:07:12.741 [JavaFX Application Thread] DEBUG MainWindow           - Scaled scene size:    1200.0 x 1200.0
18:07:12.741 [JavaFX Application Thread] DEBUG MainWindow           - Scaled ratio: (1.0, 1.0)
18:07:12.742 [JavaFX Application Thread] DEBUG MainWindow           - Set initial scene to FXGLStartupScene
18:07:12.748 [JavaFX Application Thread] DEBUG MainWindow           - Opening main window
18:07:12.829 [JavaFX Application Thread] DEBUG MainWindow           - Window border size: (16.0, 39.0)
18:07:12.829 [JavaFX Application Thread] DEBUG MainWindow           - Scaled size: 1200.0 x 1200.0
18:07:12.829 [JavaFX Application Thread] DEBUG MainWindow           - Scaled ratio: (1.0, 1.0)
18:07:12.829 [JavaFX Application Thread] DEBUG MainWindow           - Scene size: 1200.0 x 1200.0
18:07:12.829 [JavaFX Application Thread] DEBUG MainWindow           - Stage size: 1216.0 x 1239.0
18:07:12.835 [FXGL Background Thread 1 ] DEBUG Engine               - Initializing environment variables
18:07:12.855 [FXGL Background Thread 1 ] DEBUG WindowService        - Applying CSS: fxgl_dark.css
18:07:12.856 [FXGL Background Thread 1 ] DEBUG AssetLoaderService   - Loading from file system: /assets/ui/css/fxgl_dark.css
18:07:12.889 [FXGL Background Thread 1 ] DEBUG WindowService        - Initializing application scenes
18:07:12.925 [FXGL Background Thread 1 ] DEBUG GameWorld            - Game world initialized
18:07:12.955 [FXGL Background Thread 1 ] DEBUG PhysicsWorld         - Physics world initialized: appHeight=1200, physics.ppm=50.0
18:07:12.957 [FXGL Background Thread 1 ] DEBUG GameScene            - Game scene initialized: 1200x1200
18:07:12.962 [FXGL Background Thread 1 ] DEBUG Input                - Registered new binding: Resume - Esc
18:07:12.967 [FXGL Background Thread 1 ] DEBUG AssetLoaderService   - Loading from file system: /assets/textures/pause_menu_bg.png
18:07:13.005 [FXGL Background Thread 1 ] DEBUG Input                - Registered new binding: Pause - Esc
18:07:13.005 [FXGL Background Thread 1 ] DEBUG WindowService        - Application scenes initialized
18:07:13.012 [FXGL Background Thread 1 ] DEBUG SystemBundleService  - Loading FXGL system data
18:07:13.015 [FXGL Background Thread 1 ] DEBUG FileSystemAccess     - Reading from: C:\Users\lucas\IdeaProjects\BlasterBoy\system\fxgl.bundle
18:07:13.019 [FXGL Background Thread 1 ] DEBUG SystemBundleService  - Bundle FXGL: {}
18:07:13.019 [FXGL Background Thread 1 ] INFO  Engine               - FXGL initialization took: 0.183 sec
18:07:13.020 [FXGL Background Thread 1 ] DEBUG GameApplication      - Loading localizations
18:07:13.021 [FXGL Background Thread 1 ] DEBUG AssetLoaderService   - Loading from file system: /assets/properties/languages/english.properties
18:07:13.022 [FXGL Background Thread 1 ] DEBUG AssetLoaderService   - Loading from file system: /assets/properties/languages/french.properties
18:07:13.022 [FXGL Background Thread 1 ] DEBUG AssetLoaderService   - Loading from file system: /assets/properties/languages/german.properties
18:07:13.023 [FXGL Background Thread 1 ] DEBUG AssetLoaderService   - Loading from file system: /assets/properties/languages/hungarian.properties
18:07:13.024 [FXGL Background Thread 1 ] DEBUG AssetLoaderService   - Loading from file system: /assets/properties/languages/russian.properties
18:07:13.025 [FXGL Background Thread 1 ] DEBUG GameApplication      - Registering font factories with UI factory
18:07:13.025 [FXGL Background Thread 1 ] DEBUG AssetLoaderService   - Loading from file system: /assets/ui/fonts/VarelaRound-Regular.ttf
18:07:13.064 [FXGL Background Thread 1 ] DEBUG AssetLoaderService   - Loading from file system: /assets/ui/fonts/Abel-Regular.ttf
18:07:13.068 [FXGL Background Thread 1 ] DEBUG AssetLoaderService   - Loading from file system: /assets/ui/fonts/lucida_console.ttf
18:07:13.073 [FXGL Background Thread 1 ] DEBUG AssetLoaderService   - Loading from file system: /assets/ui/fonts/Courier-Prime.ttf
18:07:13.078 [JavaFX Application Thread] DEBUG Input                - Registered new binding: Launch - Space
18:07:13.078 [JavaFX Application Thread] DEBUG AssetLoaderService   - Loading from file system: /assets/textures/fxgl_icon.png
18:07:13.092 [JavaFX Application Thread] DEBUG AssetLoaderService   - Loading from file system: /assets/ui/cursors/fxgl_default.png
18:07:13.093 [JavaFX Application Thread] DEBUG Input                - Registered new binding: Screenshot - P
18:07:13.094 [JavaFX Application Thread] DEBUG Input                - Registered new binding: System info dump - CTRL+9
18:07:13.094 [JavaFX Application Thread] DEBUG Input                - Registered new binding: Restart - CTRL+R
18:07:13.095 [JavaFX Application Thread] DEBUG LoopRunner           - Starting loop
18:07:13.108 [JavaFX Application Thread] DEBUG FXGLStartupScene     - STARTUP
18:07:13.108 [JavaFX Application Thread] DEBUG WindowService        - Starting new game
18:07:13.110 [JavaFX Application Thread] DEBUG Input                - Clearing active input actions
18:07:13.121 [JavaFX Application Thread] DEBUG WindowService        - Removing overlay from FXGLStartupScene and adding to FXGLLoadingScene
18:07:13.121 [JavaFX Application Thread] DEBUG MainWindow           - FXGLStartupScene -> FXGLLoadingScene
18:07:13.121 [JavaFX Application Thread] DEBUG WindowService        - Clearing previous game
18:07:13.121 [JavaFX Application Thread] DEBUG GameScene            - Clearing game scene
18:07:13.121 [JavaFX Application Thread] DEBUG GameWorld            - Clearing game world
18:07:13.121 [JavaFX Application Thread] DEBUG PhysicsWorld         - Clearing physics world
18:07:13.122 [FXGL Background Thread 1 ] DEBUG GameApplication      - Initializing game
18:07:13.131 [FXGL Background Thread 1 ] DEBUG AssetLoaderService   - Loading from file system: /assets/levels/0.txt
18:07:13.185 [FXGL Background Thread 1 ] DEBUG GameWorld            - Clearing removable entities
18:07:13.185 [FXGL Background Thread 1 ] DEBUG GameWorld            - Setting level: com.almasb.fxgl.entity.level.Level@50054195
18:07:13.211 [FXGL Background Thread 1 ] DEBUG AssetLoaderService   - Loading from file system: /assets/textures/player.png
18:07:13.220 [FXGL Background Thread 1 ] DEBUG AssetLoaderService   - Loading from file system: /assets/textures/gun.png
18:07:13.226 [FXGL Background Thread 1 ] INFO  GameApplication      - Game initialization took: 0.104 sec
18:07:13.235 [JavaFX Application Thread] DEBUG Input                - Clearing active input actions
18:07:13.259 [JavaFX Application Thread] DEBUG WindowService        - Removing overlay from FXGLLoadingScene and adding to GameScene
18:07:13.260 [JavaFX Application Thread] DEBUG MainWindow           - FXGLLoadingScene -> GameScene
18:07:16.021 [FXGL Background Thread 2 ] DEBUG Engine               - Logging environment variables
18:07:16.021 [FXGL Background Thread 2 ] DEBUG Engine               - achievements: []
18:07:16.021 [FXGL Background Thread 2 ] DEBUG Engine               - language: ObjectProperty [value: ENGLISH]
18:07:16.021 [FXGL Background Thread 2 ] DEBUG Engine               - isCloseConfirmation: false
18:07:16.021 [FXGL Background Thread 2 ] DEBUG Engine               - isProfilingEnabled: false
18:07:16.021 [FXGL Background Thread 2 ] DEBUG Engine               - soundNotification: core/notification.wav
18:07:16.021 [FXGL Background Thread 2 ] DEBUG Engine               - devShowBBoxProperty: BooleanProperty [value: false]
18:07:16.021 [FXGL Background Thread 2 ] DEBUG Engine               - pixelsPerMeter: 50.0
18:07:16.021 [FXGL Background Thread 2 ] DEBUG Engine               - appIcon: fxgl_icon.png
18:07:16.021 [FXGL Background Thread 2 ] DEBUG Engine               - soundMenuBack: menu/back.wav
18:07:16.021 [FXGL Background Thread 2 ] DEBUG Engine               - isFullScreenAllowed: false
18:07:16.022 [FXGL Background Thread 2 ] DEBUG Engine               - isIntroEnabled: false
18:07:16.022 [FXGL Background Thread 2 ] DEBUG Engine               - fontMono: lucida_console.ttf
18:07:16.022 [FXGL Background Thread 2 ] DEBUG Engine               - soundMenuSelect: menu/select.wav
18:07:16.022 [FXGL Background Thread 2 ] DEBUG Engine               - isWindows: true
18:07:16.022 [FXGL Background Thread 2 ] DEBUG Engine               - isMobile: false
18:07:16.022 [FXGL Background Thread 2 ] DEBUG Engine               - isUserProfileEnabled: false
18:07:16.022 [FXGL Background Thread 2 ] DEBUG Engine               - height: 1200
18:07:16.022 [FXGL Background Thread 2 ] DEBUG Engine               - isExperimentalNative: false
18:07:16.022 [FXGL Background Thread 2 ] DEBUG Engine               - settings: Title: BlasterBoy
Version: 0.1
Width: 1200
Height: 1200
Fullscreen: false
Intro: false
Menus: false
Profiling: false
Single step:false
App Mode: DEVELOPER
Menu Key: ESCAPE
Stage Style: DECORATED
Scene Factory: class com.almasb.fxgl.app.scene.SceneFactory

18:07:16.022 [FXGL Background Thread 2 ] DEBUG Engine               - isSingleStep: false
18:07:16.022 [FXGL Background Thread 2 ] DEBUG Engine               - cSSList: [fxgl_dark.css]
18:07:16.022 [FXGL Background Thread 2 ] DEBUG Engine               - fontGame: Abel-Regular.ttf
18:07:16.022 [FXGL Background Thread 2 ] DEBUG Engine               - menuKey: ESCAPE
18:07:16.022 [FXGL Background Thread 2 ] DEBUG Engine               - devShowPositionProperty: BooleanProperty [value: false]
18:07:16.022 [FXGL Background Thread 2 ] DEBUG Engine               - versionCheckDays: 7
18:07:16.022 [FXGL Background Thread 2 ] DEBUG Engine               - configClass: Optional.empty
18:07:16.022 [FXGL Background Thread 2 ] DEBUG Engine               - isFullScreenFromStart: false
18:07:16.022 [FXGL Background Thread 2 ] DEBUG Engine               - version: 0.1
18:07:16.022 [FXGL Background Thread 2 ] DEBUG Engine               - fullScreen: BooleanProperty [value: false]
18:07:16.023 [FXGL Background Thread 2 ] DEBUG Engine               - randomSeed: -1
18:07:16.023 [FXGL Background Thread 2 ] DEBUG Engine               - gameDifficultyProperty: ObjectProperty [value: MEDIUM]
18:07:16.023 [FXGL Background Thread 2 ] DEBUG Engine               - applicationMode: DEVELOPER
18:07:16.023 [FXGL Background Thread 2 ] DEBUG Engine               - isMac: false
18:07:16.023 [FXGL Background Thread 2 ] DEBUG Engine               - isMenuEnabled: false
18:07:16.023 [FXGL Background Thread 2 ] DEBUG Engine               - profileName: StringProperty [value: DEFAULT]
18:07:16.023 [FXGL Background Thread 2 ] DEBUG Engine               - urlPOM: https://raw.githubusercontent.com/AlmasB/FXGL/master/pom.xml
18:07:16.023 [FXGL Background Thread 2 ] DEBUG Engine               - notificationViewClass: class com.almasb.fxgl.notification.view.XboxNotificationView
18:07:16.023 [FXGL Background Thread 2 ] DEBUG Engine               - devSensorColorProperty: ObjectProperty [value: 0xffff00ff]
18:07:16.023 [FXGL Background Thread 2 ] DEBUG Engine               - sceneFactory: com.almasb.fxgl.app.scene.SceneFactory@41f18f20
18:07:16.023 [FXGL Background Thread 2 ] DEBUG Engine               - stageStyle: DECORATED
18:07:16.023 [FXGL Background Thread 2 ] DEBUG Engine               - isManualResizeEnabled: false
18:07:16.023 [FXGL Background Thread 2 ] DEBUG Engine               - title: BlasterBoy
18:07:16.023 [FXGL Background Thread 2 ] DEBUG Engine               - platform: WINDOWS
18:07:16.023 [FXGL Background Thread 2 ] DEBUG Engine               - devBBoxColorProperty: ObjectProperty [value: 0xff0000ff]
18:07:16.024 [FXGL Background Thread 2 ] DEBUG Engine               - gameDifficulty: MEDIUM
18:07:16.024 [FXGL Background Thread 2 ] DEBUG Engine               - isDesktop: true
18:07:16.024 [FXGL Background Thread 2 ] DEBUG Engine               - supportedLanguages: [ENGLISH, FRENCH, GERMAN, HUNGARIAN, RUSSIAN]
18:07:16.024 [FXGL Background Thread 2 ] DEBUG Engine               - credits: []
18:07:16.024 [FXGL Background Thread 2 ] DEBUG Engine               - globalMusicVolumeProperty: DoubleProperty [value: 0.5]
18:07:16.024 [FXGL Background Thread 2 ] DEBUG Engine               - isPreserveResizeRatio: false
18:07:16.024 [FXGL Background Thread 2 ] DEBUG Engine               - fontText: Courier-Prime.ttf
18:07:16.024 [FXGL Background Thread 2 ] DEBUG Engine               - isExperimentalTiledLargeMap: false
18:07:16.024 [FXGL Background Thread 2 ] DEBUG Engine               - secondsIn24h: 60
18:07:16.024 [FXGL Background Thread 2 ] DEBUG Engine               - runtimeInfo: RuntimeInfo(platform=WINDOWS, version=11.8, build=08.03.2020 09.09)
18:07:16.024 [FXGL Background Thread 2 ] DEBUG Engine               - isLinux: false
18:07:16.024 [FXGL Background Thread 2 ] DEBUG Engine               - soundMenuPress: menu/press.wav
18:07:16.024 [FXGL Background Thread 2 ] DEBUG Engine               - urlGithub: https://github.com/AlmasB/FXGL
18:07:16.024 [FXGL Background Thread 2 ] DEBUG Engine               - profileDir: profiles/
18:07:16.025 [FXGL Background Thread 2 ] DEBUG Engine               - isDeveloperMenuEnabled: false
18:07:16.025 [FXGL Background Thread 2 ] DEBUG Engine               - globalSoundVolumeProperty: DoubleProperty [value: 0.5]
18:07:16.025 [FXGL Background Thread 2 ] DEBUG Engine               - mainWindow: com.almasb.fxgl.app.MainWindow@45ce13c6
18:07:16.025 [FXGL Background Thread 2 ] DEBUG Engine               - isBrowser: false
18:07:16.025 [FXGL Background Thread 2 ] DEBUG Engine               - urlLeaderboard: http://fxgl-top.herokuapp.com/
18:07:16.025 [FXGL Background Thread 2 ] DEBUG Engine               - globalSoundVolume: 0.5
18:07:16.025 [FXGL Background Thread 2 ] DEBUG Engine               - engineServices: [class com.almasb.fxgl.app.GameApplication$GameApplicationService, class com.almasb.fxgl.app.services.WindowService, class com.almasb.fxgl.app.services.FXGLDialogService, class com.almasb.fxgl.app.services.IOTaskExecutorService, class com.almasb.fxgl.event.EventBusService, class com.almasb.fxgl.io.FileSystemService, class com.almasb.fxgl.localization.LocalizationService, class com.almasb.fxgl.app.services.AssetLoaderService, class com.almasb.fxgl.app.services.SystemBundleService, class com.almasb.fxgl.profile.SaveLoadService, class com.almasb.fxgl.ui.FXGLUIFactoryServiceProvider, class com.almasb.fxgl.ui.FXGLDialogFactoryServiceProvider, class com.almasb.fxgl.audio.AudioPlayer, class com.almasb.fxgl.notification.impl.NotificationServiceProvider, class com.almasb.fxgl.achievement.AchievementService, class com.almasb.fxgl.cutscene.CutsceneService, class com.almasb.fxgl.minigames.MiniGameService, class com.almasb.fxgl.net.NetService, class com.almasb.fxgl.app.services.UpdaterService]
18:07:16.025 [FXGL Background Thread 2 ] DEBUG Engine               - globalMusicVolume: 0.5
18:07:16.025 [FXGL Background Thread 2 ] DEBUG Engine               - width: 1200
18:07:16.025 [FXGL Background Thread 2 ] DEBUG Engine               - saveFileExt: sav
18:07:16.025 [FXGL Background Thread 2 ] DEBUG Engine               - isAndroid: false
18:07:16.025 [FXGL Background Thread 2 ] DEBUG Engine               - fontUI: VarelaRound-Regular.ttf
18:07:16.025 [FXGL Background Thread 2 ] DEBUG Engine               - enabledMenuItems: []
18:07:16.025 [FXGL Background Thread 2 ] DEBUG Engine               - isIOS: false
18:07:16.025 [FXGL Background Thread 2 ] DEBUG Engine               - Logging services
18:07:16.025 [FXGL Background Thread 2 ] DEBUG Engine               - class com.almasb.fxgl.app.GameApplication$GameApplicationService
18:07:16.025 [FXGL Background Thread 2 ] DEBUG Engine               - class com.almasb.fxgl.app.services.WindowService
18:07:16.026 [FXGL Background Thread 2 ] DEBUG Engine               - class com.almasb.fxgl.app.services.FXGLDialogService
18:07:16.026 [FXGL Background Thread 2 ] DEBUG Engine               - class com.almasb.fxgl.app.services.IOTaskExecutorService
18:07:16.026 [FXGL Background Thread 2 ] DEBUG Engine               - class com.almasb.fxgl.event.EventBusService
18:07:16.026 [FXGL Background Thread 2 ] DEBUG Engine               - class com.almasb.fxgl.io.FileSystemService
18:07:16.026 [FXGL Background Thread 2 ] DEBUG Engine               - class com.almasb.fxgl.localization.LocalizationService
18:07:16.026 [FXGL Background Thread 2 ] DEBUG Engine               - class com.almasb.fxgl.app.services.AssetLoaderService
18:07:16.026 [FXGL Background Thread 2 ] DEBUG Engine               - class com.almasb.fxgl.app.services.SystemBundleService
18:07:16.026 [FXGL Background Thread 2 ] DEBUG Engine               - class com.almasb.fxgl.profile.SaveLoadService
18:07:16.026 [FXGL Background Thread 2 ] DEBUG Engine               - class com.almasb.fxgl.ui.FXGLUIFactoryServiceProvider
18:07:16.026 [FXGL Background Thread 2 ] DEBUG Engine               - class com.almasb.fxgl.ui.FXGLDialogFactoryServiceProvider
18:07:16.026 [FXGL Background Thread 2 ] DEBUG Engine               - class com.almasb.fxgl.audio.AudioPlayer
18:07:16.026 [FXGL Background Thread 2 ] DEBUG Engine               - class com.almasb.fxgl.notification.impl.NotificationServiceProvider
18:07:16.026 [FXGL Background Thread 2 ] DEBUG Engine               - class com.almasb.fxgl.achievement.AchievementService
18:07:16.026 [FXGL Background Thread 2 ] DEBUG Engine               - class com.almasb.fxgl.cutscene.CutsceneService
18:07:16.026 [FXGL Background Thread 2 ] DEBUG Engine               - class com.almasb.fxgl.minigames.MiniGameService
18:07:16.026 [FXGL Background Thread 2 ] DEBUG Engine               - class com.almasb.fxgl.net.NetService
18:07:16.026 [FXGL Background Thread 2 ] DEBUG Engine               - class com.almasb.fxgl.app.services.UpdaterService
18:08:06.698 [JavaFX Application Thread] DEBUG GameApplication      - Exiting FXGL
18:08:06.698 [JavaFX Application Thread] DEBUG LoopRunner           - Stopping loop
18:08:06.698 [JavaFX Application Thread] DEBUG SystemBundleService  - Saving FXGL system data
18:08:06.699 [JavaFX Application Thread] DEBUG FileSystemAccess     - Writing to: C:\Users\lucas\IdeaProjects\BlasterBoy\system\fxgl.bundle
18:08:06.700 [JavaFX Application Thread] DEBUG GameApplication      - Shutting down background threads
18:08:06.700 [JavaFX Application Thread] DEBUG GameApplication      - Closing logger and exiting JavaFX
