11:05:19.705 [AWT-EventQueue-0         ] DEBUG GameApplication      - Logger initialized
11:05:19.709 [AWT-EventQueue-0         ] DEBUG GameApplication      - Logging settings
Title: BlasterBoy
Version: 1.0
Width: 1200
Height: 1200
Fullscreen: false
Intro: false
Menus: false
Profiling: false
Single step:false
App Mode: DEVELOPER
Menu Key: ESCAPE
Stage Style: DECORATED
Scene Factory: class com.almasb.fxgl.app.scene.SceneFactory

11:05:20.061 [JavaFX Application Thread] DEBUG GameApplication      - Initializing FXGL
11:05:20.073 [JavaFX Application Thread] INFO  Engine               - FXGL-11.8 (08.03.2020 09.09) on WINDOWS (J:14.0.1 FX:13.0.2)
11:05:20.073 [JavaFX Application Thread] INFO  Engine               - Source code and latest versions at: https://github.com/AlmasB/FXGL
11:05:20.073 [JavaFX Application Thread] INFO  Engine               -              Join the FXGL chat at: https://gitter.im/AlmasB/FXGL
11:05:20.187 [JavaFX Application Thread] DEBUG MainWindow           - Creating a JavaFX scene
11:05:20.235 [JavaFX Application Thread] DEBUG MainWindow           - Target settings size: 1200.0 x 1200.0
11:05:20.235 [JavaFX Application Thread] DEBUG MainWindow           - Scaled scene size:    1200.0 x 1200.0
11:05:20.235 [JavaFX Application Thread] DEBUG MainWindow           - Scaled ratio: (1.0, 1.0)
11:05:20.236 [JavaFX Application Thread] DEBUG MainWindow           - Set initial scene to FXGLStartupScene
11:05:20.242 [JavaFX Application Thread] DEBUG MainWindow           - Opening main window
11:05:20.328 [JavaFX Application Thread] DEBUG MainWindow           - Window border size: (16.0, 39.0)
11:05:20.328 [JavaFX Application Thread] DEBUG MainWindow           - Scaled size: 1200.0 x 1200.0
11:05:20.328 [JavaFX Application Thread] DEBUG MainWindow           - Scaled ratio: (1.0, 1.0)
11:05:20.328 [JavaFX Application Thread] DEBUG MainWindow           - Scene size: 1200.0 x 1200.0
11:05:20.328 [JavaFX Application Thread] DEBUG MainWindow           - Stage size: 1216.0 x 1239.0
11:05:20.335 [FXGL Background Thread 1 ] DEBUG Engine               - Initializing environment variables
11:05:20.358 [FXGL Background Thread 1 ] DEBUG WindowService        - Applying CSS: fxgl_dark.css
11:05:20.359 [FXGL Background Thread 1 ] DEBUG AssetLoaderService   - Loading from file system: /assets/ui/css/fxgl_dark.css
11:05:20.401 [FXGL Background Thread 1 ] DEBUG WindowService        - Initializing application scenes
11:05:20.436 [FXGL Background Thread 1 ] DEBUG GameWorld            - Game world initialized
11:05:20.478 [FXGL Background Thread 1 ] DEBUG PhysicsWorld         - Physics world initialized: appHeight=1200, physics.ppm=50.0
11:05:20.480 [FXGL Background Thread 1 ] DEBUG GameScene            - Game scene initialized: 1200x1200
11:05:20.486 [FXGL Background Thread 1 ] DEBUG Input                - Registered new binding: Resume - Esc
11:05:20.491 [FXGL Background Thread 1 ] DEBUG AssetLoaderService   - Loading from file system: /assets/textures/pause_menu_bg.png
11:05:20.534 [FXGL Background Thread 1 ] DEBUG Input                - Registered new binding: Pause - Esc
11:05:20.534 [FXGL Background Thread 1 ] DEBUG WindowService        - Application scenes initialized
11:05:20.542 [FXGL Background Thread 1 ] DEBUG SystemBundleService  - Loading FXGL system data
11:05:20.547 [FXGL Background Thread 1 ] DEBUG FileSystemAccess     - Reading from: C:\Users\lucas\Downloads\BlasterBoy\system\fxgl.bundle
11:05:20.553 [FXGL Background Thread 1 ] DEBUG SystemBundleService  - Bundle FXGL: {}
11:05:20.553 [FXGL Background Thread 1 ] INFO  Engine               - FXGL initialization took: 0.217 sec
11:05:20.554 [FXGL Background Thread 1 ] DEBUG GameApplication      - Loading localizations
11:05:20.554 [FXGL Background Thread 1 ] DEBUG AssetLoaderService   - Loading from file system: /assets/properties/languages/english.properties
11:05:20.555 [FXGL Background Thread 1 ] DEBUG AssetLoaderService   - Loading from file system: /assets/properties/languages/french.properties
11:05:20.556 [FXGL Background Thread 1 ] DEBUG AssetLoaderService   - Loading from file system: /assets/properties/languages/german.properties
11:05:20.557 [FXGL Background Thread 1 ] DEBUG AssetLoaderService   - Loading from file system: /assets/properties/languages/hungarian.properties
11:05:20.558 [FXGL Background Thread 1 ] DEBUG AssetLoaderService   - Loading from file system: /assets/properties/languages/russian.properties
11:05:20.559 [FXGL Background Thread 1 ] DEBUG GameApplication      - Registering font factories with UI factory
11:05:20.559 [FXGL Background Thread 1 ] DEBUG AssetLoaderService   - Loading from file system: /assets/ui/fonts/VarelaRound-Regular.ttf
11:05:20.599 [FXGL Background Thread 1 ] DEBUG AssetLoaderService   - Loading from file system: /assets/ui/fonts/Abel-Regular.ttf
11:05:20.602 [FXGL Background Thread 1 ] DEBUG AssetLoaderService   - Loading from file system: /assets/ui/fonts/lucida_console.ttf
11:05:20.606 [FXGL Background Thread 1 ] DEBUG AssetLoaderService   - Loading from file system: /assets/ui/fonts/Courier-Prime.ttf
11:05:20.611 [JavaFX Application Thread] DEBUG Input                - Registered new binding: Launch - Space
11:05:20.611 [JavaFX Application Thread] DEBUG AssetLoaderService   - Loading from file system: /assets/textures/fxgl_icon.png
11:05:20.625 [JavaFX Application Thread] DEBUG AssetLoaderService   - Loading from file system: /assets/ui/cursors/fxgl_default.png
11:05:20.627 [JavaFX Application Thread] DEBUG Input                - Registered new binding: Screenshot - P
11:05:20.627 [JavaFX Application Thread] DEBUG Input                - Registered new binding: System info dump - CTRL+9
11:05:20.627 [JavaFX Application Thread] DEBUG Input                - Registered new binding: Restart - CTRL+R
11:05:20.628 [JavaFX Application Thread] DEBUG LoopRunner           - Starting loop
11:05:20.641 [JavaFX Application Thread] DEBUG FXGLStartupScene     - STARTUP
11:05:20.641 [JavaFX Application Thread] DEBUG WindowService        - Starting new game
11:05:20.643 [JavaFX Application Thread] DEBUG Input                - Clearing active input actions
11:05:20.652 [JavaFX Application Thread] DEBUG WindowService        - Removing overlay from FXGLStartupScene and adding to FXGLLoadingScene
11:05:20.653 [JavaFX Application Thread] DEBUG MainWindow           - FXGLStartupScene -> FXGLLoadingScene
11:05:20.653 [JavaFX Application Thread] DEBUG WindowService        - Clearing previous game
11:05:20.653 [JavaFX Application Thread] DEBUG GameScene            - Clearing game scene
11:05:20.653 [JavaFX Application Thread] DEBUG GameWorld            - Clearing game world
11:05:20.653 [JavaFX Application Thread] DEBUG PhysicsWorld         - Clearing physics world
11:05:20.654 [FXGL Background Thread 1 ] DEBUG GameApplication      - Initializing game
11:05:20.662 [FXGL Background Thread 1 ] DEBUG AssetLoaderService   - Loading from file system: /assets/levels/0.txt
11:05:20.677 [FXGL Background Thread 1 ] DEBUG AssetLoaderService   - Loading from file system: /assets/textures/left.png
11:05:20.693 [FXGL Background Thread 1 ] DEBUG AssetLoaderService   - Loading from file system: /assets/textures/right.png
11:05:20.696 [FXGL Background Thread 1 ] DEBUG AssetLoaderService   - Loading from cache: /assets/textures/left.png@80.0x80.0
11:05:20.697 [FXGL Background Thread 1 ] DEBUG AssetLoaderService   - Loading from cache: /assets/textures/right.png@80.0x80.0
11:05:20.698 [FXGL Background Thread 1 ] DEBUG AssetLoaderService   - Loading from cache: /assets/textures/left.png@80.0x80.0
11:05:20.699 [FXGL Background Thread 1 ] DEBUG AssetLoaderService   - Loading from cache: /assets/textures/right.png@80.0x80.0
11:05:20.700 [FXGL Background Thread 1 ] DEBUG AssetLoaderService   - Loading from cache: /assets/textures/left.png@80.0x80.0
11:05:20.702 [FXGL Background Thread 1 ] DEBUG AssetLoaderService   - Loading from cache: /assets/textures/right.png@80.0x80.0
11:05:20.703 [FXGL Background Thread 1 ] DEBUG AssetLoaderService   - Loading from cache: /assets/textures/left.png@80.0x80.0
11:05:20.704 [FXGL Background Thread 1 ] DEBUG AssetLoaderService   - Loading from cache: /assets/textures/right.png@80.0x80.0
11:05:20.704 [FXGL Background Thread 1 ] DEBUG AssetLoaderService   - Loading from cache: /assets/textures/left.png@80.0x80.0
11:05:20.705 [FXGL Background Thread 1 ] DEBUG AssetLoaderService   - Loading from cache: /assets/textures/right.png@80.0x80.0
11:05:20.706 [FXGL Background Thread 1 ] DEBUG AssetLoaderService   - Loading from cache: /assets/textures/left.png@80.0x80.0
11:05:20.707 [FXGL Background Thread 1 ] DEBUG AssetLoaderService   - Loading from cache: /assets/textures/right.png@80.0x80.0
11:05:20.707 [FXGL Background Thread 1 ] DEBUG AssetLoaderService   - Loading from cache: /assets/textures/left.png@80.0x80.0
11:05:20.708 [FXGL Background Thread 1 ] DEBUG AssetLoaderService   - Loading from cache: /assets/textures/right.png@80.0x80.0
11:05:20.710 [FXGL Background Thread 1 ] DEBUG AssetLoaderService   - Loading from cache: /assets/textures/left.png@80.0x80.0
11:05:20.711 [FXGL Background Thread 1 ] DEBUG AssetLoaderService   - Loading from file system: /assets/textures/platform.png
11:05:20.713 [FXGL Background Thread 1 ] DEBUG AssetLoaderService   - Loading from cache: /assets/textures/platform.png@80.0x80.0
11:05:20.715 [FXGL Background Thread 1 ] DEBUG AssetLoaderService   - Loading from cache: /assets/textures/platform.png@80.0x80.0
11:05:20.716 [FXGL Background Thread 1 ] DEBUG AssetLoaderService   - Loading from cache: /assets/textures/platform.png@80.0x80.0
11:05:20.717 [FXGL Background Thread 1 ] DEBUG AssetLoaderService   - Loading from cache: /assets/textures/platform.png@80.0x80.0
11:05:20.718 [FXGL Background Thread 1 ] DEBUG AssetLoaderService   - Loading from cache: /assets/textures/platform.png@80.0x80.0
11:05:20.719 [FXGL Background Thread 1 ] DEBUG AssetLoaderService   - Loading from cache: /assets/textures/platform.png@80.0x80.0
11:05:20.720 [FXGL Background Thread 1 ] DEBUG AssetLoaderService   - Loading from cache: /assets/textures/platform.png@80.0x80.0
11:05:20.720 [FXGL Background Thread 1 ] DEBUG AssetLoaderService   - Loading from cache: /assets/textures/platform.png@80.0x80.0
11:05:20.721 [FXGL Background Thread 1 ] DEBUG AssetLoaderService   - Loading from cache: /assets/textures/platform.png@80.0x80.0
11:05:20.722 [FXGL Background Thread 1 ] DEBUG AssetLoaderService   - Loading from cache: /assets/textures/right.png@80.0x80.0
11:05:20.723 [FXGL Background Thread 1 ] DEBUG AssetLoaderService   - Loading from cache: /assets/textures/left.png@80.0x80.0
11:05:20.724 [FXGL Background Thread 1 ] DEBUG AssetLoaderService   - Loading from cache: /assets/textures/right.png@80.0x80.0
11:05:20.724 [FXGL Background Thread 1 ] DEBUG AssetLoaderService   - Loading from cache: /assets/textures/left.png@80.0x80.0
11:05:20.725 [FXGL Background Thread 1 ] DEBUG AssetLoaderService   - Loading from cache: /assets/textures/right.png@80.0x80.0
11:05:20.726 [FXGL Background Thread 1 ] DEBUG AssetLoaderService   - Loading from cache: /assets/textures/left.png@80.0x80.0
11:05:20.727 [FXGL Background Thread 1 ] DEBUG AssetLoaderService   - Loading from cache: /assets/textures/platform.png@80.0x80.0
11:05:20.728 [FXGL Background Thread 1 ] DEBUG AssetLoaderService   - Loading from cache: /assets/textures/platform.png@80.0x80.0
11:05:20.729 [FXGL Background Thread 1 ] DEBUG AssetLoaderService   - Loading from cache: /assets/textures/platform.png@80.0x80.0
11:05:20.730 [FXGL Background Thread 1 ] DEBUG AssetLoaderService   - Loading from cache: /assets/textures/platform.png@80.0x80.0
11:05:20.732 [FXGL Background Thread 1 ] DEBUG AssetLoaderService   - Loading from cache: /assets/textures/platform.png@80.0x80.0
11:05:20.734 [FXGL Background Thread 1 ] DEBUG AssetLoaderService   - Loading from cache: /assets/textures/platform.png@80.0x80.0
11:05:20.735 [FXGL Background Thread 1 ] DEBUG AssetLoaderService   - Loading from cache: /assets/textures/right.png@80.0x80.0
11:05:20.736 [FXGL Background Thread 1 ] DEBUG AssetLoaderService   - Loading from cache: /assets/textures/left.png@80.0x80.0
11:05:20.737 [FXGL Background Thread 1 ] DEBUG AssetLoaderService   - Loading from cache: /assets/textures/right.png@80.0x80.0
11:05:20.743 [FXGL Background Thread 1 ] DEBUG AssetLoaderService   - Loading from cache: /assets/textures/left.png@80.0x80.0
11:05:20.743 [FXGL Background Thread 1 ] DEBUG AssetLoaderService   - Loading from cache: /assets/textures/platform.png@80.0x80.0
11:05:20.744 [FXGL Background Thread 1 ] DEBUG AssetLoaderService   - Loading from cache: /assets/textures/platform.png@80.0x80.0
11:05:20.745 [FXGL Background Thread 1 ] DEBUG AssetLoaderService   - Loading from cache: /assets/textures/platform.png@80.0x80.0
11:05:20.746 [FXGL Background Thread 1 ] DEBUG AssetLoaderService   - Loading from cache: /assets/textures/platform.png@80.0x80.0
11:05:20.746 [FXGL Background Thread 1 ] DEBUG AssetLoaderService   - Loading from cache: /assets/textures/platform.png@80.0x80.0
11:05:20.747 [FXGL Background Thread 1 ] DEBUG AssetLoaderService   - Loading from cache: /assets/textures/right.png@80.0x80.0
11:05:20.749 [FXGL Background Thread 1 ] DEBUG AssetLoaderService   - Loading from cache: /assets/textures/left.png@80.0x80.0
11:05:20.750 [FXGL Background Thread 1 ] DEBUG AssetLoaderService   - Loading from cache: /assets/textures/right.png@80.0x80.0
11:05:20.752 [FXGL Background Thread 1 ] DEBUG AssetLoaderService   - Loading from cache: /assets/textures/left.png@80.0x80.0
11:05:20.753 [FXGL Background Thread 1 ] DEBUG AssetLoaderService   - Loading from cache: /assets/textures/right.png@80.0x80.0
11:05:20.754 [FXGL Background Thread 1 ] DEBUG AssetLoaderService   - Loading from cache: /assets/textures/left.png@80.0x80.0
11:05:20.756 [FXGL Background Thread 1 ] DEBUG AssetLoaderService   - Loading from cache: /assets/textures/platform.png@80.0x80.0
11:05:20.756 [FXGL Background Thread 1 ] DEBUG AssetLoaderService   - Loading from cache: /assets/textures/platform.png@80.0x80.0
11:05:20.757 [FXGL Background Thread 1 ] DEBUG AssetLoaderService   - Loading from cache: /assets/textures/platform.png@80.0x80.0
11:05:20.758 [FXGL Background Thread 1 ] DEBUG AssetLoaderService   - Loading from cache: /assets/textures/platform.png@80.0x80.0
11:05:20.758 [FXGL Background Thread 1 ] DEBUG AssetLoaderService   - Loading from cache: /assets/textures/right.png@80.0x80.0
11:05:20.759 [FXGL Background Thread 1 ] DEBUG AssetLoaderService   - Loading from cache: /assets/textures/left.png@80.0x80.0
11:05:20.760 [FXGL Background Thread 1 ] DEBUG AssetLoaderService   - Loading from cache: /assets/textures/right.png@80.0x80.0
11:05:20.763 [FXGL Background Thread 1 ] DEBUG AssetLoaderService   - Loading from cache: /assets/textures/left.png@80.0x80.0
11:05:20.764 [FXGL Background Thread 1 ] DEBUG AssetLoaderService   - Loading from cache: /assets/textures/right.png@80.0x80.0
11:05:20.767 [FXGL Background Thread 1 ] DEBUG AssetLoaderService   - Loading from cache: /assets/textures/left.png@80.0x80.0
11:05:20.769 [FXGL Background Thread 1 ] DEBUG AssetLoaderService   - Loading from cache: /assets/textures/platform.png@80.0x80.0
11:05:20.770 [FXGL Background Thread 1 ] DEBUG AssetLoaderService   - Loading from cache: /assets/textures/platform.png@80.0x80.0
11:05:20.772 [FXGL Background Thread 1 ] DEBUG AssetLoaderService   - Loading from cache: /assets/textures/platform.png@80.0x80.0
11:05:20.774 [FXGL Background Thread 1 ] DEBUG AssetLoaderService   - Loading from cache: /assets/textures/platform.png@80.0x80.0
11:05:20.776 [FXGL Background Thread 1 ] DEBUG AssetLoaderService   - Loading from cache: /assets/textures/right.png@80.0x80.0
11:05:20.777 [FXGL Background Thread 1 ] DEBUG AssetLoaderService   - Loading from cache: /assets/textures/left.png@80.0x80.0
11:05:20.778 [FXGL Background Thread 1 ] DEBUG AssetLoaderService   - Loading from cache: /assets/textures/right.png@80.0x80.0
11:05:20.779 [FXGL Background Thread 1 ] DEBUG AssetLoaderService   - Loading from cache: /assets/textures/left.png@80.0x80.0
11:05:20.780 [FXGL Background Thread 1 ] DEBUG AssetLoaderService   - Loading from cache: /assets/textures/right.png@80.0x80.0
11:05:20.780 [FXGL Background Thread 1 ] DEBUG AssetLoaderService   - Loading from cache: /assets/textures/left.png@80.0x80.0
11:05:20.781 [FXGL Background Thread 1 ] DEBUG AssetLoaderService   - Loading from cache: /assets/textures/platform.png@80.0x80.0
11:05:20.782 [FXGL Background Thread 1 ] DEBUG AssetLoaderService   - Loading from cache: /assets/textures/platform.png@80.0x80.0
11:05:20.783 [FXGL Background Thread 1 ] DEBUG AssetLoaderService   - Loading from cache: /assets/textures/right.png@80.0x80.0
11:05:20.784 [FXGL Background Thread 1 ] DEBUG AssetLoaderService   - Loading from cache: /assets/textures/left.png@80.0x80.0
11:05:20.784 [FXGL Background Thread 1 ] DEBUG AssetLoaderService   - Loading from cache: /assets/textures/right.png@80.0x80.0
11:05:20.785 [FXGL Background Thread 1 ] DEBUG AssetLoaderService   - Loading from cache: /assets/textures/left.png@80.0x80.0
11:05:20.785 [FXGL Background Thread 1 ] DEBUG AssetLoaderService   - Loading from cache: /assets/textures/right.png@80.0x80.0
11:05:20.785 [FXGL Background Thread 1 ] DEBUG AssetLoaderService   - Loading from cache: /assets/textures/left.png@80.0x80.0
11:05:20.786 [FXGL Background Thread 1 ] DEBUG AssetLoaderService   - Loading from cache: /assets/textures/platform.png@80.0x80.0
11:05:20.786 [FXGL Background Thread 1 ] DEBUG AssetLoaderService   - Loading from cache: /assets/textures/platform.png@80.0x80.0
11:05:20.787 [FXGL Background Thread 1 ] DEBUG AssetLoaderService   - Loading from cache: /assets/textures/right.png@80.0x80.0
11:05:20.787 [FXGL Background Thread 1 ] DEBUG AssetLoaderService   - Loading from cache: /assets/textures/left.png@80.0x80.0
11:05:20.788 [FXGL Background Thread 1 ] DEBUG AssetLoaderService   - Loading from cache: /assets/textures/right.png@80.0x80.0
11:05:20.788 [FXGL Background Thread 1 ] DEBUG AssetLoaderService   - Loading from cache: /assets/textures/left.png@80.0x80.0
11:05:20.788 [FXGL Background Thread 1 ] DEBUG AssetLoaderService   - Loading from cache: /assets/textures/right.png@80.0x80.0
11:05:20.789 [FXGL Background Thread 1 ] DEBUG AssetLoaderService   - Loading from cache: /assets/textures/left.png@80.0x80.0
11:05:20.789 [FXGL Background Thread 1 ] DEBUG AssetLoaderService   - Loading from cache: /assets/textures/platform.png@80.0x80.0
11:05:20.790 [FXGL Background Thread 1 ] DEBUG AssetLoaderService   - Loading from cache: /assets/textures/platform.png@80.0x80.0
11:05:20.790 [FXGL Background Thread 1 ] DEBUG AssetLoaderService   - Loading from cache: /assets/textures/right.png@80.0x80.0
11:05:20.791 [FXGL Background Thread 1 ] DEBUG AssetLoaderService   - Loading from cache: /assets/textures/left.png@80.0x80.0
11:05:20.791 [FXGL Background Thread 1 ] DEBUG AssetLoaderService   - Loading from cache: /assets/textures/right.png@80.0x80.0
11:05:20.792 [FXGL Background Thread 1 ] DEBUG AssetLoaderService   - Loading from cache: /assets/textures/left.png@80.0x80.0
11:05:20.793 [FXGL Background Thread 1 ] DEBUG AssetLoaderService   - Loading from cache: /assets/textures/right.png@80.0x80.0
11:05:20.793 [FXGL Background Thread 1 ] DEBUG AssetLoaderService   - Loading from cache: /assets/textures/left.png@80.0x80.0
11:05:20.794 [FXGL Background Thread 1 ] DEBUG AssetLoaderService   - Loading from cache: /assets/textures/platform.png@80.0x80.0
11:05:20.794 [FXGL Background Thread 1 ] DEBUG AssetLoaderService   - Loading from cache: /assets/textures/platform.png@80.0x80.0
11:05:20.795 [FXGL Background Thread 1 ] DEBUG AssetLoaderService   - Loading from cache: /assets/textures/platform.png@80.0x80.0
11:05:20.796 [FXGL Background Thread 1 ] DEBUG AssetLoaderService   - Loading from cache: /assets/textures/platform.png@80.0x80.0
11:05:20.797 [FXGL Background Thread 1 ] DEBUG AssetLoaderService   - Loading from cache: /assets/textures/right.png@80.0x80.0
11:05:20.797 [FXGL Background Thread 1 ] DEBUG AssetLoaderService   - Loading from cache: /assets/textures/left.png@80.0x80.0
11:05:20.797 [FXGL Background Thread 1 ] DEBUG AssetLoaderService   - Loading from cache: /assets/textures/right.png@80.0x80.0
11:05:20.798 [FXGL Background Thread 1 ] DEBUG AssetLoaderService   - Loading from cache: /assets/textures/left.png@80.0x80.0
11:05:20.798 [FXGL Background Thread 1 ] DEBUG AssetLoaderService   - Loading from cache: /assets/textures/right.png@80.0x80.0
11:05:20.798 [FXGL Background Thread 1 ] DEBUG AssetLoaderService   - Loading from cache: /assets/textures/left.png@80.0x80.0
11:05:20.799 [FXGL Background Thread 1 ] DEBUG AssetLoaderService   - Loading from cache: /assets/textures/platform.png@80.0x80.0
11:05:20.800 [FXGL Background Thread 1 ] DEBUG AssetLoaderService   - Loading from cache: /assets/textures/platform.png@80.0x80.0
11:05:20.801 [FXGL Background Thread 1 ] DEBUG AssetLoaderService   - Loading from cache: /assets/textures/platform.png@80.0x80.0
11:05:20.801 [FXGL Background Thread 1 ] DEBUG AssetLoaderService   - Loading from cache: /assets/textures/platform.png@80.0x80.0
11:05:20.802 [FXGL Background Thread 1 ] DEBUG AssetLoaderService   - Loading from cache: /assets/textures/platform.png@80.0x80.0
11:05:20.802 [FXGL Background Thread 1 ] DEBUG AssetLoaderService   - Loading from cache: /assets/textures/right.png@80.0x80.0
11:05:20.803 [FXGL Background Thread 1 ] DEBUG AssetLoaderService   - Loading from cache: /assets/textures/left.png@80.0x80.0
11:05:20.803 [FXGL Background Thread 1 ] DEBUG AssetLoaderService   - Loading from cache: /assets/textures/right.png@80.0x80.0
11:05:20.803 [FXGL Background Thread 1 ] DEBUG AssetLoaderService   - Loading from cache: /assets/textures/left.png@80.0x80.0
11:05:20.803 [FXGL Background Thread 1 ] DEBUG AssetLoaderService   - Loading from cache: /assets/textures/right.png@80.0x80.0
11:05:20.804 [FXGL Background Thread 1 ] DEBUG AssetLoaderService   - Loading from cache: /assets/textures/left.png@80.0x80.0
11:05:20.804 [FXGL Background Thread 1 ] DEBUG AssetLoaderService   - Loading from cache: /assets/textures/platform.png@80.0x80.0
11:05:20.805 [FXGL Background Thread 1 ] DEBUG AssetLoaderService   - Loading from cache: /assets/textures/platform.png@80.0x80.0
11:05:20.805 [FXGL Background Thread 1 ] DEBUG AssetLoaderService   - Loading from cache: /assets/textures/platform.png@80.0x80.0
11:05:20.806 [FXGL Background Thread 1 ] DEBUG AssetLoaderService   - Loading from cache: /assets/textures/platform.png@80.0x80.0
11:05:20.806 [FXGL Background Thread 1 ] DEBUG AssetLoaderService   - Loading from cache: /assets/textures/right.png@80.0x80.0
11:05:20.807 [FXGL Background Thread 1 ] DEBUG AssetLoaderService   - Loading from cache: /assets/textures/left.png@80.0x80.0
11:05:20.807 [FXGL Background Thread 1 ] DEBUG AssetLoaderService   - Loading from cache: /assets/textures/right.png@80.0x80.0
11:05:20.807 [FXGL Background Thread 1 ] DEBUG AssetLoaderService   - Loading from cache: /assets/textures/left.png@80.0x80.0
11:05:20.808 [FXGL Background Thread 1 ] DEBUG AssetLoaderService   - Loading from cache: /assets/textures/right.png@80.0x80.0
11:05:20.808 [FXGL Background Thread 1 ] DEBUG AssetLoaderService   - Loading from cache: /assets/textures/left.png@80.0x80.0
11:05:20.808 [FXGL Background Thread 1 ] DEBUG AssetLoaderService   - Loading from cache: /assets/textures/platform.png@80.0x80.0
11:05:20.809 [FXGL Background Thread 1 ] DEBUG AssetLoaderService   - Loading from cache: /assets/textures/platform.png@80.0x80.0
11:05:20.809 [FXGL Background Thread 1 ] DEBUG AssetLoaderService   - Loading from cache: /assets/textures/platform.png@80.0x80.0
11:05:20.809 [FXGL Background Thread 1 ] DEBUG AssetLoaderService   - Loading from cache: /assets/textures/platform.png@80.0x80.0
11:05:20.810 [FXGL Background Thread 1 ] DEBUG AssetLoaderService   - Loading from cache: /assets/textures/platform.png@80.0x80.0
11:05:20.810 [FXGL Background Thread 1 ] DEBUG AssetLoaderService   - Loading from cache: /assets/textures/right.png@80.0x80.0
11:05:20.810 [FXGL Background Thread 1 ] DEBUG AssetLoaderService   - Loading from cache: /assets/textures/left.png@80.0x80.0
11:05:20.811 [FXGL Background Thread 1 ] DEBUG AssetLoaderService   - Loading from cache: /assets/textures/right.png@80.0x80.0
11:05:20.811 [FXGL Background Thread 1 ] DEBUG AssetLoaderService   - Loading from cache: /assets/textures/left.png@80.0x80.0
11:05:20.811 [FXGL Background Thread 1 ] DEBUG AssetLoaderService   - Loading from cache: /assets/textures/right.png@80.0x80.0
11:05:20.812 [FXGL Background Thread 1 ] DEBUG AssetLoaderService   - Loading from cache: /assets/textures/left.png@80.0x80.0
11:05:20.812 [FXGL Background Thread 1 ] DEBUG AssetLoaderService   - Loading from cache: /assets/textures/platform.png@80.0x80.0
11:05:20.813 [FXGL Background Thread 1 ] DEBUG AssetLoaderService   - Loading from cache: /assets/textures/platform.png@80.0x80.0
11:05:20.813 [FXGL Background Thread 1 ] DEBUG AssetLoaderService   - Loading from cache: /assets/textures/platform.png@80.0x80.0
11:05:20.813 [FXGL Background Thread 1 ] DEBUG AssetLoaderService   - Loading from cache: /assets/textures/right.png@80.0x80.0
11:05:20.814 [FXGL Background Thread 1 ] DEBUG AssetLoaderService   - Loading from cache: /assets/textures/left.png@80.0x80.0
11:05:20.814 [FXGL Background Thread 1 ] DEBUG AssetLoaderService   - Loading from cache: /assets/textures/right.png@80.0x80.0
11:05:20.815 [FXGL Background Thread 1 ] DEBUG AssetLoaderService   - Loading from cache: /assets/textures/left.png@80.0x80.0
11:05:20.815 [FXGL Background Thread 1 ] DEBUG AssetLoaderService   - Loading from cache: /assets/textures/platform.png@80.0x80.0
11:05:20.816 [FXGL Background Thread 1 ] DEBUG AssetLoaderService   - Loading from cache: /assets/textures/platform.png@80.0x80.0
11:05:20.817 [FXGL Background Thread 1 ] DEBUG AssetLoaderService   - Loading from cache: /assets/textures/platform.png@80.0x80.0
11:05:20.817 [FXGL Background Thread 1 ] DEBUG AssetLoaderService   - Loading from cache: /assets/textures/platform.png@80.0x80.0
11:05:20.817 [FXGL Background Thread 1 ] DEBUG AssetLoaderService   - Loading from cache: /assets/textures/right.png@80.0x80.0
11:05:20.818 [FXGL Background Thread 1 ] DEBUG AssetLoaderService   - Loading from cache: /assets/textures/left.png@80.0x80.0
11:05:20.818 [FXGL Background Thread 1 ] DEBUG AssetLoaderService   - Loading from cache: /assets/textures/platform.png@80.0x80.0
11:05:20.818 [FXGL Background Thread 1 ] DEBUG AssetLoaderService   - Loading from cache: /assets/textures/platform.png@80.0x80.0
11:05:20.819 [FXGL Background Thread 1 ] DEBUG AssetLoaderService   - Loading from cache: /assets/textures/right.png@80.0x80.0
11:05:20.819 [FXGL Background Thread 1 ] DEBUG AssetLoaderService   - Loading from cache: /assets/textures/left.png@80.0x80.0
11:05:20.820 [FXGL Background Thread 1 ] DEBUG AssetLoaderService   - Loading from cache: /assets/textures/right.png@80.0x80.0
11:05:20.820 [FXGL Background Thread 1 ] DEBUG AssetLoaderService   - Loading from cache: /assets/textures/left.png@80.0x80.0
11:05:20.820 [FXGL Background Thread 1 ] DEBUG AssetLoaderService   - Loading from cache: /assets/textures/right.png@80.0x80.0
11:05:20.821 [FXGL Background Thread 1 ] DEBUG AssetLoaderService   - Loading from cache: /assets/textures/left.png@80.0x80.0
11:05:20.821 [FXGL Background Thread 1 ] DEBUG AssetLoaderService   - Loading from cache: /assets/textures/platform.png@80.0x80.0
11:05:20.822 [FXGL Background Thread 1 ] DEBUG AssetLoaderService   - Loading from cache: /assets/textures/platform.png@80.0x80.0
11:05:20.822 [FXGL Background Thread 1 ] DEBUG AssetLoaderService   - Loading from cache: /assets/textures/right.png@80.0x80.0
11:05:20.823 [FXGL Background Thread 1 ] DEBUG AssetLoaderService   - Loading from cache: /assets/textures/left.png@80.0x80.0
11:05:20.823 [FXGL Background Thread 1 ] DEBUG AssetLoaderService   - Loading from cache: /assets/textures/right.png@80.0x80.0
11:05:20.823 [FXGL Background Thread 1 ] DEBUG AssetLoaderService   - Loading from cache: /assets/textures/left.png@80.0x80.0
11:05:20.824 [FXGL Background Thread 1 ] DEBUG AssetLoaderService   - Loading from cache: /assets/textures/platform.png@80.0x80.0
11:05:20.824 [FXGL Background Thread 1 ] DEBUG AssetLoaderService   - Loading from cache: /assets/textures/platform.png@80.0x80.0
11:05:20.825 [FXGL Background Thread 1 ] DEBUG AssetLoaderService   - Loading from cache: /assets/textures/platform.png@80.0x80.0
11:05:20.825 [FXGL Background Thread 1 ] DEBUG AssetLoaderService   - Loading from cache: /assets/textures/right.png@80.0x80.0
11:05:20.826 [FXGL Background Thread 1 ] DEBUG AssetLoaderService   - Loading from cache: /assets/textures/left.png@80.0x80.0
11:05:20.826 [FXGL Background Thread 1 ] DEBUG AssetLoaderService   - Loading from cache: /assets/textures/right.png@80.0x80.0
11:05:20.826 [FXGL Background Thread 1 ] DEBUG AssetLoaderService   - Loading from cache: /assets/textures/left.png@80.0x80.0
11:05:20.827 [FXGL Background Thread 1 ] DEBUG AssetLoaderService   - Loading from cache: /assets/textures/right.png@80.0x80.0
11:05:20.827 [FXGL Background Thread 1 ] DEBUG AssetLoaderService   - Loading from cache: /assets/textures/left.png@80.0x80.0
11:05:20.828 [FXGL Background Thread 1 ] DEBUG AssetLoaderService   - Loading from cache: /assets/textures/platform.png@80.0x80.0
11:05:20.828 [FXGL Background Thread 1 ] DEBUG AssetLoaderService   - Loading from cache: /assets/textures/platform.png@80.0x80.0
11:05:20.829 [FXGL Background Thread 1 ] DEBUG AssetLoaderService   - Loading from cache: /assets/textures/platform.png@80.0x80.0
11:05:20.829 [FXGL Background Thread 1 ] DEBUG AssetLoaderService   - Loading from cache: /assets/textures/platform.png@80.0x80.0
11:05:20.829 [FXGL Background Thread 1 ] DEBUG AssetLoaderService   - Loading from cache: /assets/textures/right.png@80.0x80.0
11:05:20.830 [FXGL Background Thread 1 ] DEBUG AssetLoaderService   - Loading from cache: /assets/textures/left.png@80.0x80.0
11:05:20.830 [FXGL Background Thread 1 ] DEBUG AssetLoaderService   - Loading from cache: /assets/textures/right.png@80.0x80.0
11:05:20.830 [FXGL Background Thread 1 ] DEBUG AssetLoaderService   - Loading from cache: /assets/textures/left.png@80.0x80.0
11:05:20.831 [FXGL Background Thread 1 ] DEBUG AssetLoaderService   - Loading from cache: /assets/textures/right.png@80.0x80.0
11:05:20.832 [FXGL Background Thread 1 ] DEBUG AssetLoaderService   - Loading from cache: /assets/textures/left.png@80.0x80.0
11:05:20.833 [FXGL Background Thread 1 ] DEBUG AssetLoaderService   - Loading from cache: /assets/textures/platform.png@80.0x80.0
11:05:20.834 [FXGL Background Thread 1 ] DEBUG AssetLoaderService   - Loading from cache: /assets/textures/platform.png@80.0x80.0
11:05:20.834 [FXGL Background Thread 1 ] DEBUG AssetLoaderService   - Loading from cache: /assets/textures/platform.png@80.0x80.0
11:05:20.835 [FXGL Background Thread 1 ] DEBUG AssetLoaderService   - Loading from cache: /assets/textures/right.png@80.0x80.0
11:05:20.835 [FXGL Background Thread 1 ] DEBUG AssetLoaderService   - Loading from cache: /assets/textures/left.png@80.0x80.0
11:05:20.836 [FXGL Background Thread 1 ] DEBUG AssetLoaderService   - Loading from cache: /assets/textures/right.png@80.0x80.0
11:05:20.836 [FXGL Background Thread 1 ] DEBUG AssetLoaderService   - Loading from cache: /assets/textures/left.png@80.0x80.0
11:05:20.836 [FXGL Background Thread 1 ] DEBUG AssetLoaderService   - Loading from cache: /assets/textures/right.png@80.0x80.0
11:05:20.837 [FXGL Background Thread 1 ] DEBUG AssetLoaderService   - Loading from cache: /assets/textures/left.png@80.0x80.0
11:05:20.837 [FXGL Background Thread 1 ] DEBUG AssetLoaderService   - Loading from cache: /assets/textures/platform.png@80.0x80.0
11:05:20.837 [FXGL Background Thread 1 ] DEBUG AssetLoaderService   - Loading from cache: /assets/textures/platform.png@80.0x80.0
11:05:20.838 [FXGL Background Thread 1 ] DEBUG AssetLoaderService   - Loading from cache: /assets/textures/platform.png@80.0x80.0
11:05:20.838 [FXGL Background Thread 1 ] DEBUG AssetLoaderService   - Loading from cache: /assets/textures/platform.png@80.0x80.0
11:05:20.839 [FXGL Background Thread 1 ] DEBUG AssetLoaderService   - Loading from cache: /assets/textures/right.png@80.0x80.0
11:05:20.839 [FXGL Background Thread 1 ] DEBUG AssetLoaderService   - Loading from cache: /assets/textures/left.png@80.0x80.0
11:05:20.840 [FXGL Background Thread 1 ] DEBUG AssetLoaderService   - Loading from cache: /assets/textures/right.png@80.0x80.0
11:05:20.840 [FXGL Background Thread 1 ] DEBUG AssetLoaderService   - Loading from cache: /assets/textures/left.png@80.0x80.0
11:05:20.840 [FXGL Background Thread 1 ] DEBUG AssetLoaderService   - Loading from cache: /assets/textures/right.png@80.0x80.0
11:05:20.841 [FXGL Background Thread 1 ] DEBUG AssetLoaderService   - Loading from cache: /assets/textures/left.png@80.0x80.0
11:05:20.842 [FXGL Background Thread 1 ] DEBUG AssetLoaderService   - Loading from cache: /assets/textures/platform.png@80.0x80.0
11:05:20.843 [FXGL Background Thread 1 ] DEBUG AssetLoaderService   - Loading from cache: /assets/textures/platform.png@80.0x80.0
11:05:20.844 [FXGL Background Thread 1 ] DEBUG AssetLoaderService   - Loading from cache: /assets/textures/platform.png@80.0x80.0
11:05:20.845 [FXGL Background Thread 1 ] DEBUG AssetLoaderService   - Loading from cache: /assets/textures/platform.png@80.0x80.0
11:05:20.845 [FXGL Background Thread 1 ] DEBUG AssetLoaderService   - Loading from cache: /assets/textures/platform.png@80.0x80.0
11:05:20.846 [FXGL Background Thread 1 ] DEBUG AssetLoaderService   - Loading from cache: /assets/textures/right.png@80.0x80.0
11:05:20.846 [FXGL Background Thread 1 ] DEBUG AssetLoaderService   - Loading from cache: /assets/textures/left.png@80.0x80.0
11:05:20.846 [FXGL Background Thread 1 ] DEBUG AssetLoaderService   - Loading from cache: /assets/textures/right.png@80.0x80.0
11:05:20.847 [FXGL Background Thread 1 ] DEBUG AssetLoaderService   - Loading from cache: /assets/textures/left.png@80.0x80.0
11:05:20.847 [FXGL Background Thread 1 ] DEBUG AssetLoaderService   - Loading from cache: /assets/textures/right.png@80.0x80.0
11:05:20.847 [FXGL Background Thread 1 ] DEBUG AssetLoaderService   - Loading from cache: /assets/textures/left.png@80.0x80.0
11:05:20.848 [FXGL Background Thread 1 ] DEBUG AssetLoaderService   - Loading from cache: /assets/textures/platform.png@80.0x80.0
11:05:20.850 [FXGL Background Thread 1 ] DEBUG AssetLoaderService   - Loading from cache: /assets/textures/platform.png@80.0x80.0
11:05:20.851 [FXGL Background Thread 1 ] DEBUG AssetLoaderService   - Loading from cache: /assets/textures/platform.png@80.0x80.0
11:05:20.852 [FXGL Background Thread 1 ] DEBUG AssetLoaderService   - Loading from cache: /assets/textures/platform.png@80.0x80.0
11:05:20.853 [FXGL Background Thread 1 ] DEBUG AssetLoaderService   - Loading from cache: /assets/textures/platform.png@80.0x80.0
11:05:20.853 [FXGL Background Thread 1 ] DEBUG AssetLoaderService   - Loading from cache: /assets/textures/platform.png@80.0x80.0
11:05:20.853 [FXGL Background Thread 1 ] DEBUG AssetLoaderService   - Loading from cache: /assets/textures/platform.png@80.0x80.0
11:05:20.854 [FXGL Background Thread 1 ] DEBUG AssetLoaderService   - Loading from cache: /assets/textures/platform.png@80.0x80.0
11:05:20.854 [FXGL Background Thread 1 ] DEBUG AssetLoaderService   - Loading from cache: /assets/textures/right.png@80.0x80.0
11:05:20.854 [FXGL Background Thread 1 ] DEBUG AssetLoaderService   - Loading from cache: /assets/textures/left.png@80.0x80.0
11:05:20.854 [FXGL Background Thread 1 ] DEBUG AssetLoaderService   - Loading from cache: /assets/textures/right.png@80.0x80.0
11:05:20.854 [FXGL Background Thread 1 ] DEBUG AssetLoaderService   - Loading from cache: /assets/textures/left.png@80.0x80.0
11:05:20.855 [FXGL Background Thread 1 ] DEBUG AssetLoaderService   - Loading from cache: /assets/textures/right.png@80.0x80.0
11:05:20.855 [FXGL Background Thread 1 ] DEBUG AssetLoaderService   - Loading from file system: /assets/textures/floor.png
11:05:20.872 [FXGL Background Thread 1 ] DEBUG AssetLoaderService   - Loading from cache: /assets/textures/floor.png@80.0x80.0
11:05:20.872 [FXGL Background Thread 1 ] DEBUG AssetLoaderService   - Loading from cache: /assets/textures/floor.png@80.0x80.0
11:05:20.873 [FXGL Background Thread 1 ] DEBUG AssetLoaderService   - Loading from cache: /assets/textures/floor.png@80.0x80.0
11:05:20.873 [FXGL Background Thread 1 ] DEBUG AssetLoaderService   - Loading from cache: /assets/textures/floor.png@80.0x80.0
11:05:20.873 [FXGL Background Thread 1 ] DEBUG AssetLoaderService   - Loading from cache: /assets/textures/floor.png@80.0x80.0
11:05:20.874 [FXGL Background Thread 1 ] DEBUG AssetLoaderService   - Loading from cache: /assets/textures/floor.png@80.0x80.0
11:05:20.874 [FXGL Background Thread 1 ] DEBUG AssetLoaderService   - Loading from cache: /assets/textures/floor.png@80.0x80.0
11:05:20.874 [FXGL Background Thread 1 ] DEBUG AssetLoaderService   - Loading from cache: /assets/textures/floor.png@80.0x80.0
11:05:20.874 [FXGL Background Thread 1 ] DEBUG AssetLoaderService   - Loading from cache: /assets/textures/floor.png@80.0x80.0
11:05:20.875 [FXGL Background Thread 1 ] DEBUG AssetLoaderService   - Loading from cache: /assets/textures/floor.png@80.0x80.0
11:05:20.875 [FXGL Background Thread 1 ] DEBUG AssetLoaderService   - Loading from cache: /assets/textures/floor.png@80.0x80.0
11:05:20.875 [FXGL Background Thread 1 ] DEBUG AssetLoaderService   - Loading from cache: /assets/textures/floor.png@80.0x80.0
11:05:20.876 [FXGL Background Thread 1 ] DEBUG AssetLoaderService   - Loading from cache: /assets/textures/floor.png@80.0x80.0
11:05:20.876 [FXGL Background Thread 1 ] DEBUG AssetLoaderService   - Loading from cache: /assets/textures/floor.png@80.0x80.0
11:05:20.877 [FXGL Background Thread 1 ] DEBUG GameWorld            - Clearing removable entities
11:05:20.877 [FXGL Background Thread 1 ] DEBUG GameWorld            - Setting level: com.almasb.fxgl.entity.level.Level@24253e58
11:05:20.915 [FXGL Background Thread 1 ] DEBUG AssetLoaderService   - Loading from file system: /assets/textures/background.png
11:05:21.070 [FXGL Background Thread 1 ] DEBUG AssetLoaderService   - Loading from file system: /assets/textures/player.png
11:05:21.091 [FXGL Background Thread 1 ] DEBUG AssetLoaderService   - Loading from file system: /assets/textures/gun.png
11:05:21.094 [FXGL Background Thread 1 ] INFO  GameApplication      - Game initialization took: 0.440 sec
11:05:21.100 [JavaFX Application Thread] DEBUG Input                - Clearing active input actions
11:05:21.136 [JavaFX Application Thread] DEBUG WindowService        - Removing overlay from FXGLLoadingScene and adding to GameScene
11:05:21.136 [JavaFX Application Thread] DEBUG MainWindow           - FXGLLoadingScene -> GameScene
11:05:23.555 [FXGL Background Thread 2 ] DEBUG Engine               - Logging environment variables
11:05:23.555 [FXGL Background Thread 2 ] DEBUG Engine               - achievements: []
11:05:23.555 [FXGL Background Thread 2 ] DEBUG Engine               - language: ObjectProperty [value: ENGLISH]
11:05:23.555 [FXGL Background Thread 2 ] DEBUG Engine               - isCloseConfirmation: false
11:05:23.555 [FXGL Background Thread 2 ] DEBUG Engine               - isProfilingEnabled: false
11:05:23.555 [FXGL Background Thread 2 ] DEBUG Engine               - soundNotification: core/notification.wav
11:05:23.555 [FXGL Background Thread 2 ] DEBUG Engine               - devShowBBoxProperty: BooleanProperty [value: false]
11:05:23.555 [FXGL Background Thread 2 ] DEBUG Engine               - pixelsPerMeter: 50.0
11:05:23.555 [FXGL Background Thread 2 ] DEBUG Engine               - appIcon: fxgl_icon.png
11:05:23.555 [FXGL Background Thread 2 ] DEBUG Engine               - soundMenuBack: menu/back.wav
11:05:23.555 [FXGL Background Thread 2 ] DEBUG Engine               - isFullScreenAllowed: false
11:05:23.555 [FXGL Background Thread 2 ] DEBUG Engine               - isIntroEnabled: false
11:05:23.555 [FXGL Background Thread 2 ] DEBUG Engine               - fontMono: lucida_console.ttf
11:05:23.555 [FXGL Background Thread 2 ] DEBUG Engine               - soundMenuSelect: menu/select.wav
11:05:23.555 [FXGL Background Thread 2 ] DEBUG Engine               - isWindows: true
11:05:23.555 [FXGL Background Thread 2 ] DEBUG Engine               - isUserProfileEnabled: false
11:05:23.555 [FXGL Background Thread 2 ] DEBUG Engine               - isMobile: false
11:05:23.555 [FXGL Background Thread 2 ] DEBUG Engine               - height: 1200
11:05:23.555 [FXGL Background Thread 2 ] DEBUG Engine               - isExperimentalNative: false
11:05:23.555 [FXGL Background Thread 2 ] DEBUG Engine               - settings: Title: BlasterBoy
Version: 1.0
Width: 1200
Height: 1200
Fullscreen: false
Intro: false
Menus: false
Profiling: false
Single step:false
App Mode: DEVELOPER
Menu Key: ESCAPE
Stage Style: DECORATED
Scene Factory: class com.almasb.fxgl.app.scene.SceneFactory

11:05:23.555 [FXGL Background Thread 2 ] DEBUG Engine               - isSingleStep: false
11:05:23.556 [FXGL Background Thread 2 ] DEBUG Engine               - cSSList: [fxgl_dark.css]
11:05:23.556 [FXGL Background Thread 2 ] DEBUG Engine               - fontGame: Abel-Regular.ttf
11:05:23.556 [FXGL Background Thread 2 ] DEBUG Engine               - menuKey: ESCAPE
11:05:23.556 [FXGL Background Thread 2 ] DEBUG Engine               - devShowPositionProperty: BooleanProperty [value: false]
11:05:23.556 [FXGL Background Thread 2 ] DEBUG Engine               - versionCheckDays: 7
11:05:23.556 [FXGL Background Thread 2 ] DEBUG Engine               - configClass: Optional.empty
11:05:23.556 [FXGL Background Thread 2 ] DEBUG Engine               - isFullScreenFromStart: false
11:05:23.556 [FXGL Background Thread 2 ] DEBUG Engine               - version: 1.0
11:05:23.556 [FXGL Background Thread 2 ] DEBUG Engine               - fullScreen: BooleanProperty [value: false]
11:05:23.556 [FXGL Background Thread 2 ] DEBUG Engine               - randomSeed: -1
11:05:23.556 [FXGL Background Thread 2 ] DEBUG Engine               - gameDifficultyProperty: ObjectProperty [value: MEDIUM]
11:05:23.556 [FXGL Background Thread 2 ] DEBUG Engine               - applicationMode: DEVELOPER
11:05:23.556 [FXGL Background Thread 2 ] DEBUG Engine               - isMac: false
11:05:23.556 [FXGL Background Thread 2 ] DEBUG Engine               - isMenuEnabled: false
11:05:23.556 [FXGL Background Thread 2 ] DEBUG Engine               - urlPOM: https://raw.githubusercontent.com/AlmasB/FXGL/master/pom.xml
11:05:23.556 [FXGL Background Thread 2 ] DEBUG Engine               - profileName: StringProperty [value: DEFAULT]
11:05:23.556 [FXGL Background Thread 2 ] DEBUG Engine               - notificationViewClass: class com.almasb.fxgl.notification.view.XboxNotificationView
11:05:23.556 [FXGL Background Thread 2 ] DEBUG Engine               - devSensorColorProperty: ObjectProperty [value: 0xffff00ff]
11:05:23.556 [FXGL Background Thread 2 ] DEBUG Engine               - sceneFactory: com.almasb.fxgl.app.scene.SceneFactory@77660ff0
11:05:23.556 [FXGL Background Thread 2 ] DEBUG Engine               - stageStyle: DECORATED
11:05:23.556 [FXGL Background Thread 2 ] DEBUG Engine               - isManualResizeEnabled: false
11:05:23.556 [FXGL Background Thread 2 ] DEBUG Engine               - title: BlasterBoy
11:05:23.556 [FXGL Background Thread 2 ] DEBUG Engine               - platform: WINDOWS
11:05:23.556 [FXGL Background Thread 2 ] DEBUG Engine               - devBBoxColorProperty: ObjectProperty [value: 0xff0000ff]
11:05:23.557 [FXGL Background Thread 2 ] DEBUG Engine               - gameDifficulty: MEDIUM
11:05:23.557 [FXGL Background Thread 2 ] DEBUG Engine               - isDesktop: true
11:05:23.557 [FXGL Background Thread 2 ] DEBUG Engine               - supportedLanguages: [ENGLISH, FRENCH, GERMAN, HUNGARIAN, RUSSIAN]
11:05:23.557 [FXGL Background Thread 2 ] DEBUG Engine               - globalMusicVolumeProperty: DoubleProperty [value: 0.5]
11:05:23.557 [FXGL Background Thread 2 ] DEBUG Engine               - credits: []
11:05:23.557 [FXGL Background Thread 2 ] DEBUG Engine               - isPreserveResizeRatio: false
11:05:23.557 [FXGL Background Thread 2 ] DEBUG Engine               - fontText: Courier-Prime.ttf
11:05:23.557 [FXGL Background Thread 2 ] DEBUG Engine               - isExperimentalTiledLargeMap: false
11:05:23.557 [FXGL Background Thread 2 ] DEBUG Engine               - secondsIn24h: 60
11:05:23.557 [FXGL Background Thread 2 ] DEBUG Engine               - runtimeInfo: RuntimeInfo(platform=WINDOWS, version=11.8, build=08.03.2020 09.09)
11:05:23.557 [FXGL Background Thread 2 ] DEBUG Engine               - urlGithub: https://github.com/AlmasB/FXGL
11:05:23.557 [FXGL Background Thread 2 ] DEBUG Engine               - soundMenuPress: menu/press.wav
11:05:23.557 [FXGL Background Thread 2 ] DEBUG Engine               - isLinux: false
11:05:23.557 [FXGL Background Thread 2 ] DEBUG Engine               - profileDir: profiles/
11:05:23.557 [FXGL Background Thread 2 ] DEBUG Engine               - isDeveloperMenuEnabled: false
11:05:23.557 [FXGL Background Thread 2 ] DEBUG Engine               - globalSoundVolumeProperty: DoubleProperty [value: 0.5]
11:05:23.557 [FXGL Background Thread 2 ] DEBUG Engine               - mainWindow: com.almasb.fxgl.app.MainWindow@735985c4
11:05:23.557 [FXGL Background Thread 2 ] DEBUG Engine               - urlLeaderboard: http://fxgl-top.herokuapp.com/
11:05:23.557 [FXGL Background Thread 2 ] DEBUG Engine               - globalSoundVolume: 0.5
11:05:23.557 [FXGL Background Thread 2 ] DEBUG Engine               - isBrowser: false
11:05:23.557 [FXGL Background Thread 2 ] DEBUG Engine               - engineServices: [class com.almasb.fxgl.app.GameApplication$GameApplicationService, class com.almasb.fxgl.app.services.WindowService, class com.almasb.fxgl.app.services.FXGLDialogService, class com.almasb.fxgl.app.services.IOTaskExecutorService, class com.almasb.fxgl.event.EventBusService, class com.almasb.fxgl.io.FileSystemService, class com.almasb.fxgl.localization.LocalizationService, class com.almasb.fxgl.app.services.AssetLoaderService, class com.almasb.fxgl.app.services.SystemBundleService, class com.almasb.fxgl.profile.SaveLoadService, class com.almasb.fxgl.ui.FXGLUIFactoryServiceProvider, class com.almasb.fxgl.ui.FXGLDialogFactoryServiceProvider, class com.almasb.fxgl.audio.AudioPlayer, class com.almasb.fxgl.notification.impl.NotificationServiceProvider, class com.almasb.fxgl.achievement.AchievementService, class com.almasb.fxgl.cutscene.CutsceneService, class com.almasb.fxgl.minigames.MiniGameService, class com.almasb.fxgl.net.NetService, class com.almasb.fxgl.app.services.UpdaterService]
11:05:23.557 [FXGL Background Thread 2 ] DEBUG Engine               - globalMusicVolume: 0.5
11:05:23.557 [FXGL Background Thread 2 ] DEBUG Engine               - width: 1200
11:05:23.557 [FXGL Background Thread 2 ] DEBUG Engine               - saveFileExt: sav
11:05:23.557 [FXGL Background Thread 2 ] DEBUG Engine               - isAndroid: false
11:05:23.557 [FXGL Background Thread 2 ] DEBUG Engine               - fontUI: VarelaRound-Regular.ttf
11:05:23.558 [FXGL Background Thread 2 ] DEBUG Engine               - enabledMenuItems: []
11:05:23.558 [FXGL Background Thread 2 ] DEBUG Engine               - isIOS: false
11:05:23.558 [FXGL Background Thread 2 ] DEBUG Engine               - Logging services
11:05:23.558 [FXGL Background Thread 2 ] DEBUG Engine               - class com.almasb.fxgl.app.GameApplication$GameApplicationService
11:05:23.558 [FXGL Background Thread 2 ] DEBUG Engine               - class com.almasb.fxgl.app.services.WindowService
11:05:23.558 [FXGL Background Thread 2 ] DEBUG Engine               - class com.almasb.fxgl.app.services.FXGLDialogService
11:05:23.558 [FXGL Background Thread 2 ] DEBUG Engine               - class com.almasb.fxgl.app.services.IOTaskExecutorService
11:05:23.558 [FXGL Background Thread 2 ] DEBUG Engine               - class com.almasb.fxgl.event.EventBusService
11:05:23.558 [FXGL Background Thread 2 ] DEBUG Engine               - class com.almasb.fxgl.io.FileSystemService
11:05:23.558 [FXGL Background Thread 2 ] DEBUG Engine               - class com.almasb.fxgl.localization.LocalizationService
11:05:23.558 [FXGL Background Thread 2 ] DEBUG Engine               - class com.almasb.fxgl.app.services.AssetLoaderService
11:05:23.558 [FXGL Background Thread 2 ] DEBUG Engine               - class com.almasb.fxgl.app.services.SystemBundleService
11:05:23.558 [FXGL Background Thread 2 ] DEBUG Engine               - class com.almasb.fxgl.profile.SaveLoadService
11:05:23.558 [FXGL Background Thread 2 ] DEBUG Engine               - class com.almasb.fxgl.ui.FXGLUIFactoryServiceProvider
11:05:23.558 [FXGL Background Thread 2 ] DEBUG Engine               - class com.almasb.fxgl.ui.FXGLDialogFactoryServiceProvider
11:05:23.558 [FXGL Background Thread 2 ] DEBUG Engine               - class com.almasb.fxgl.audio.AudioPlayer
11:05:23.558 [FXGL Background Thread 2 ] DEBUG Engine               - class com.almasb.fxgl.notification.impl.NotificationServiceProvider
11:05:23.558 [FXGL Background Thread 2 ] DEBUG Engine               - class com.almasb.fxgl.achievement.AchievementService
11:05:23.558 [FXGL Background Thread 2 ] DEBUG Engine               - class com.almasb.fxgl.cutscene.CutsceneService
11:05:23.558 [FXGL Background Thread 2 ] DEBUG Engine               - class com.almasb.fxgl.minigames.MiniGameService
11:05:23.558 [FXGL Background Thread 2 ] DEBUG Engine               - class com.almasb.fxgl.net.NetService
11:05:23.558 [FXGL Background Thread 2 ] DEBUG Engine               - class com.almasb.fxgl.app.services.UpdaterService
11:12:04.263 [JavaFX Application Thread] DEBUG GameApplication      - Exiting FXGL
11:12:04.263 [JavaFX Application Thread] DEBUG LoopRunner           - Stopping loop
11:12:04.263 [JavaFX Application Thread] DEBUG SystemBundleService  - Saving FXGL system data
11:12:04.272 [JavaFX Application Thread] DEBUG FileSystemAccess     - Writing to: C:\Users\lucas\Downloads\BlasterBoy\system\fxgl.bundle
11:12:04.273 [JavaFX Application Thread] DEBUG GameApplication      - Shutting down background threads
11:12:04.273 [JavaFX Application Thread] DEBUG GameApplication      - Closing logger and exiting JavaFX
