13:50:46.695 [AWT-EventQueue-0         ] DEBUG GameApplication      - Logger initialized
13:50:46.697 [AWT-EventQueue-0         ] DEBUG GameApplication      - Logging settings
Title: BlasterBoy
Version: 0.1
Width: 1200
Height: 1200
Fullscreen: false
Intro: false
Menus: false
Profiling: false
Single step:false
App Mode: DEVELOPER
Menu Key: ESCAPE
Stage Style: DECORATED
Scene Factory: class com.almasb.fxgl.app.scene.SceneFactory

13:50:46.975 [JavaFX Application Thread] DEBUG GameApplication      - Initializing FXGL
13:50:46.984 [JavaFX Application Thread] INFO  Engine               - FXGL-11.8 (08.03.2020 09.09) on WINDOWS (J:14.0.1 FX:13.0.2)
13:50:46.984 [JavaFX Application Thread] INFO  Engine               - Source code and latest versions at: https://github.com/AlmasB/FXGL
13:50:46.985 [JavaFX Application Thread] INFO  Engine               -              Join the FXGL chat at: https://gitter.im/AlmasB/FXGL
13:50:47.074 [JavaFX Application Thread] DEBUG MainWindow           - Creating a JavaFX scene
13:50:47.114 [JavaFX Application Thread] DEBUG MainWindow           - Target settings size: 1200.0 x 1200.0
13:50:47.115 [JavaFX Application Thread] DEBUG MainWindow           - Scaled scene size:    1200.0 x 1200.0
13:50:47.115 [JavaFX Application Thread] DEBUG MainWindow           - Scaled ratio: (1.0, 1.0)
13:50:47.116 [JavaFX Application Thread] DEBUG MainWindow           - Set initial scene to FXGLStartupScene
13:50:47.122 [JavaFX Application Thread] DEBUG MainWindow           - Opening main window
13:50:47.173 [JavaFX Application Thread] DEBUG MainWindow           - Window border size: (16.0, 39.0)
13:50:47.173 [JavaFX Application Thread] DEBUG MainWindow           - Scaled size: 1200.0 x 1200.0
13:50:47.173 [JavaFX Application Thread] DEBUG MainWindow           - Scaled ratio: (1.0, 1.0)
13:50:47.173 [JavaFX Application Thread] DEBUG MainWindow           - Scene size: 1200.0 x 1200.0
13:50:47.173 [JavaFX Application Thread] DEBUG MainWindow           - Stage size: 1216.0 x 1239.0
13:50:47.179 [FXGL Background Thread 1 ] DEBUG Engine               - Initializing environment variables
13:50:47.202 [FXGL Background Thread 1 ] DEBUG WindowService        - Applying CSS: fxgl_dark.css
13:50:47.202 [FXGL Background Thread 1 ] DEBUG AssetLoaderService   - Loading from file system: /assets/ui/css/fxgl_dark.css
13:50:47.237 [FXGL Background Thread 1 ] DEBUG WindowService        - Initializing application scenes
13:50:47.269 [FXGL Background Thread 1 ] DEBUG GameWorld            - Game world initialized
13:50:47.307 [FXGL Background Thread 1 ] DEBUG PhysicsWorld         - Physics world initialized: appHeight=1200, physics.ppm=50.0
13:50:47.309 [FXGL Background Thread 1 ] DEBUG GameScene            - Game scene initialized: 1200x1200
13:50:47.315 [FXGL Background Thread 1 ] DEBUG Input                - Registered new binding: Resume - Esc
13:50:47.319 [FXGL Background Thread 1 ] DEBUG AssetLoaderService   - Loading from file system: /assets/textures/pause_menu_bg.png
13:50:47.358 [FXGL Background Thread 1 ] DEBUG Input                - Registered new binding: Pause - Esc
13:50:47.358 [FXGL Background Thread 1 ] DEBUG WindowService        - Application scenes initialized
13:50:47.366 [FXGL Background Thread 1 ] DEBUG SystemBundleService  - Loading FXGL system data
13:50:47.369 [FXGL Background Thread 1 ] DEBUG FileSystemAccess     - Reading from: C:\Users\lucas\IdeaProjects\BlasterBoy\system\fxgl.bundle
13:50:47.374 [FXGL Background Thread 1 ] DEBUG SystemBundleService  - Bundle FXGL: {}
13:50:47.374 [FXGL Background Thread 1 ] INFO  Engine               - FXGL initialization took: 0.193 sec
13:50:47.376 [FXGL Background Thread 1 ] DEBUG GameApplication      - Loading localizations
13:50:47.376 [FXGL Background Thread 1 ] DEBUG AssetLoaderService   - Loading from file system: /assets/properties/languages/english.properties
13:50:47.377 [FXGL Background Thread 1 ] DEBUG AssetLoaderService   - Loading from file system: /assets/properties/languages/french.properties
13:50:47.378 [FXGL Background Thread 1 ] DEBUG AssetLoaderService   - Loading from file system: /assets/properties/languages/german.properties
13:50:47.379 [FXGL Background Thread 1 ] DEBUG AssetLoaderService   - Loading from file system: /assets/properties/languages/hungarian.properties
13:50:47.380 [FXGL Background Thread 1 ] DEBUG AssetLoaderService   - Loading from file system: /assets/properties/languages/russian.properties
13:50:47.381 [FXGL Background Thread 1 ] DEBUG GameApplication      - Registering font factories with UI factory
13:50:47.381 [FXGL Background Thread 1 ] DEBUG AssetLoaderService   - Loading from file system: /assets/ui/fonts/VarelaRound-Regular.ttf
13:50:47.421 [FXGL Background Thread 1 ] DEBUG AssetLoaderService   - Loading from file system: /assets/ui/fonts/Abel-Regular.ttf
13:50:47.423 [FXGL Background Thread 1 ] DEBUG AssetLoaderService   - Loading from file system: /assets/ui/fonts/lucida_console.ttf
13:50:47.427 [FXGL Background Thread 1 ] DEBUG AssetLoaderService   - Loading from file system: /assets/ui/fonts/Courier-Prime.ttf
13:50:47.432 [JavaFX Application Thread] DEBUG Input                - Registered new binding: Launch - Space
13:50:47.432 [JavaFX Application Thread] DEBUG AssetLoaderService   - Loading from file system: /assets/textures/fxgl_icon.png
13:50:47.446 [JavaFX Application Thread] DEBUG AssetLoaderService   - Loading from file system: /assets/ui/cursors/fxgl_default.png
13:50:47.447 [JavaFX Application Thread] DEBUG Input                - Registered new binding: Screenshot - P
13:50:47.448 [JavaFX Application Thread] DEBUG Input                - Registered new binding: System info dump - CTRL+9
13:50:47.448 [JavaFX Application Thread] DEBUG Input                - Registered new binding: Restart - CTRL+R
13:50:47.448 [JavaFX Application Thread] DEBUG LoopRunner           - Starting loop
13:50:47.464 [JavaFX Application Thread] DEBUG FXGLStartupScene     - STARTUP
13:50:47.464 [JavaFX Application Thread] DEBUG WindowService        - Starting new game
13:50:47.466 [JavaFX Application Thread] DEBUG Input                - Clearing active input actions
13:50:47.474 [JavaFX Application Thread] DEBUG WindowService        - Removing overlay from FXGLStartupScene and adding to FXGLLoadingScene
13:50:47.474 [JavaFX Application Thread] DEBUG MainWindow           - FXGLStartupScene -> FXGLLoadingScene
13:50:47.474 [JavaFX Application Thread] DEBUG WindowService        - Clearing previous game
13:50:47.474 [JavaFX Application Thread] DEBUG GameScene            - Clearing game scene
13:50:47.474 [JavaFX Application Thread] DEBUG GameWorld            - Clearing game world
13:50:47.474 [JavaFX Application Thread] DEBUG PhysicsWorld         - Clearing physics world
13:50:47.475 [FXGL Background Thread 1 ] DEBUG GameApplication      - Initializing game
13:50:47.481 [FXGL Background Thread 1 ] DEBUG AssetLoaderService   - Loading from file system: /assets/levels/0.txt
13:50:47.535 [FXGL Background Thread 1 ] DEBUG GameWorld            - Clearing removable entities
13:50:47.535 [FXGL Background Thread 1 ] DEBUG GameWorld            - Setting level: com.almasb.fxgl.entity.level.Level@3aaee952
13:50:47.561 [FXGL Background Thread 1 ] DEBUG AssetLoaderService   - Loading from file system: /assets/textures/background.png
13:50:47.691 [FXGL Background Thread 1 ] DEBUG AssetLoaderService   - Loading from file system: /assets/textures/player.png
13:50:47.697 [FXGL Background Thread 1 ] DEBUG AssetLoaderService   - Loading from file system: /assets/textures/gun.png
13:50:47.701 [FXGL Background Thread 1 ] INFO  GameApplication      - Game initialization took: 0.225 sec
13:50:47.710 [JavaFX Application Thread] DEBUG Input                - Clearing active input actions
13:50:47.733 [JavaFX Application Thread] DEBUG WindowService        - Removing overlay from FXGLLoadingScene and adding to GameScene
13:50:47.734 [JavaFX Application Thread] DEBUG MainWindow           - FXGLLoadingScene -> GameScene
13:50:50.376 [FXGL Background Thread 2 ] DEBUG Engine               - Logging environment variables
13:50:50.376 [FXGL Background Thread 2 ] DEBUG Engine               - achievements: []
13:50:50.376 [FXGL Background Thread 2 ] DEBUG Engine               - language: ObjectProperty [value: ENGLISH]
13:50:50.376 [FXGL Background Thread 2 ] DEBUG Engine               - isCloseConfirmation: false
13:50:50.376 [FXGL Background Thread 2 ] DEBUG Engine               - isProfilingEnabled: false
13:50:50.376 [FXGL Background Thread 2 ] DEBUG Engine               - soundNotification: core/notification.wav
13:50:50.376 [FXGL Background Thread 2 ] DEBUG Engine               - devShowBBoxProperty: BooleanProperty [value: false]
13:50:50.376 [FXGL Background Thread 2 ] DEBUG Engine               - pixelsPerMeter: 50.0
13:50:50.376 [FXGL Background Thread 2 ] DEBUG Engine               - appIcon: fxgl_icon.png
13:50:50.377 [FXGL Background Thread 2 ] DEBUG Engine               - soundMenuBack: menu/back.wav
13:50:50.377 [FXGL Background Thread 2 ] DEBUG Engine               - isFullScreenAllowed: false
13:50:50.377 [FXGL Background Thread 2 ] DEBUG Engine               - isIntroEnabled: false
13:50:50.377 [FXGL Background Thread 2 ] DEBUG Engine               - fontMono: lucida_console.ttf
13:50:50.377 [FXGL Background Thread 2 ] DEBUG Engine               - soundMenuSelect: menu/select.wav
13:50:50.377 [FXGL Background Thread 2 ] DEBUG Engine               - isWindows: true
13:50:50.377 [FXGL Background Thread 2 ] DEBUG Engine               - isMobile: false
13:50:50.377 [FXGL Background Thread 2 ] DEBUG Engine               - isUserProfileEnabled: false
13:50:50.377 [FXGL Background Thread 2 ] DEBUG Engine               - height: 1200
13:50:50.377 [FXGL Background Thread 2 ] DEBUG Engine               - isExperimentalNative: false
13:50:50.377 [FXGL Background Thread 2 ] DEBUG Engine               - settings: Title: BlasterBoy
Version: 0.1
Width: 1200
Height: 1200
Fullscreen: false
Intro: false
Menus: false
Profiling: false
Single step:false
App Mode: DEVELOPER
Menu Key: ESCAPE
Stage Style: DECORATED
Scene Factory: class com.almasb.fxgl.app.scene.SceneFactory

13:50:50.377 [FXGL Background Thread 2 ] DEBUG Engine               - isSingleStep: false
13:50:50.377 [FXGL Background Thread 2 ] DEBUG Engine               - cSSList: [fxgl_dark.css]
13:50:50.377 [FXGL Background Thread 2 ] DEBUG Engine               - fontGame: Abel-Regular.ttf
13:50:50.377 [FXGL Background Thread 2 ] DEBUG Engine               - menuKey: ESCAPE
13:50:50.377 [FXGL Background Thread 2 ] DEBUG Engine               - devShowPositionProperty: BooleanProperty [value: false]
13:50:50.377 [FXGL Background Thread 2 ] DEBUG Engine               - versionCheckDays: 7
13:50:50.377 [FXGL Background Thread 2 ] DEBUG Engine               - configClass: Optional.empty
13:50:50.377 [FXGL Background Thread 2 ] DEBUG Engine               - isFullScreenFromStart: false
13:50:50.378 [FXGL Background Thread 2 ] DEBUG Engine               - version: 0.1
13:50:50.378 [FXGL Background Thread 2 ] DEBUG Engine               - fullScreen: BooleanProperty [value: false]
13:50:50.378 [FXGL Background Thread 2 ] DEBUG Engine               - randomSeed: -1
13:50:50.378 [FXGL Background Thread 2 ] DEBUG Engine               - gameDifficultyProperty: ObjectProperty [value: MEDIUM]
13:50:50.378 [FXGL Background Thread 2 ] DEBUG Engine               - applicationMode: DEVELOPER
13:50:50.378 [FXGL Background Thread 2 ] DEBUG Engine               - isMac: false
13:50:50.378 [FXGL Background Thread 2 ] DEBUG Engine               - isMenuEnabled: false
13:50:50.378 [FXGL Background Thread 2 ] DEBUG Engine               - urlPOM: https://raw.githubusercontent.com/AlmasB/FXGL/master/pom.xml
13:50:50.378 [FXGL Background Thread 2 ] DEBUG Engine               - profileName: StringProperty [value: DEFAULT]
13:50:50.378 [FXGL Background Thread 2 ] DEBUG Engine               - notificationViewClass: class com.almasb.fxgl.notification.view.XboxNotificationView
13:50:50.378 [FXGL Background Thread 2 ] DEBUG Engine               - devSensorColorProperty: ObjectProperty [value: 0xffff00ff]
13:50:50.378 [FXGL Background Thread 2 ] DEBUG Engine               - sceneFactory: com.almasb.fxgl.app.scene.SceneFactory@52272b55
13:50:50.378 [FXGL Background Thread 2 ] DEBUG Engine               - stageStyle: DECORATED
13:50:50.379 [FXGL Background Thread 2 ] DEBUG Engine               - isManualResizeEnabled: false
13:50:50.379 [FXGL Background Thread 2 ] DEBUG Engine               - title: BlasterBoy
13:50:50.379 [FXGL Background Thread 2 ] DEBUG Engine               - platform: WINDOWS
13:50:50.379 [FXGL Background Thread 2 ] DEBUG Engine               - devBBoxColorProperty: ObjectProperty [value: 0xff0000ff]
13:50:50.379 [FXGL Background Thread 2 ] DEBUG Engine               - gameDifficulty: MEDIUM
13:50:50.379 [FXGL Background Thread 2 ] DEBUG Engine               - isDesktop: true
13:50:50.379 [FXGL Background Thread 2 ] DEBUG Engine               - supportedLanguages: [ENGLISH, FRENCH, GERMAN, HUNGARIAN, RUSSIAN]
13:50:50.379 [FXGL Background Thread 2 ] DEBUG Engine               - credits: []
13:50:50.379 [FXGL Background Thread 2 ] DEBUG Engine               - globalMusicVolumeProperty: DoubleProperty [value: 0.5]
13:50:50.379 [FXGL Background Thread 2 ] DEBUG Engine               - isPreserveResizeRatio: false
13:50:50.379 [FXGL Background Thread 2 ] DEBUG Engine               - fontText: Courier-Prime.ttf
13:50:50.379 [FXGL Background Thread 2 ] DEBUG Engine               - isExperimentalTiledLargeMap: false
13:50:50.379 [FXGL Background Thread 2 ] DEBUG Engine               - secondsIn24h: 60
13:50:50.379 [FXGL Background Thread 2 ] DEBUG Engine               - runtimeInfo: RuntimeInfo(platform=WINDOWS, version=11.8, build=08.03.2020 09.09)
13:50:50.379 [FXGL Background Thread 2 ] DEBUG Engine               - soundMenuPress: menu/press.wav
13:50:50.379 [FXGL Background Thread 2 ] DEBUG Engine               - isLinux: false
13:50:50.380 [FXGL Background Thread 2 ] DEBUG Engine               - urlGithub: https://github.com/AlmasB/FXGL
13:50:50.380 [FXGL Background Thread 2 ] DEBUG Engine               - profileDir: profiles/
13:50:50.380 [FXGL Background Thread 2 ] DEBUG Engine               - isDeveloperMenuEnabled: false
13:50:50.380 [FXGL Background Thread 2 ] DEBUG Engine               - globalSoundVolumeProperty: DoubleProperty [value: 0.5]
13:50:50.380 [FXGL Background Thread 2 ] DEBUG Engine               - mainWindow: com.almasb.fxgl.app.MainWindow@5618a5c9
13:50:50.380 [FXGL Background Thread 2 ] DEBUG Engine               - isBrowser: false
13:50:50.380 [FXGL Background Thread 2 ] DEBUG Engine               - globalSoundVolume: 0.5
13:50:50.380 [FXGL Background Thread 2 ] DEBUG Engine               - urlLeaderboard: http://fxgl-top.herokuapp.com/
13:50:50.380 [FXGL Background Thread 2 ] DEBUG Engine               - engineServices: [class com.almasb.fxgl.app.GameApplication$GameApplicationService, class com.almasb.fxgl.app.services.WindowService, class com.almasb.fxgl.app.services.FXGLDialogService, class com.almasb.fxgl.app.services.IOTaskExecutorService, class com.almasb.fxgl.event.EventBusService, class com.almasb.fxgl.io.FileSystemService, class com.almasb.fxgl.localization.LocalizationService, class com.almasb.fxgl.app.services.AssetLoaderService, class com.almasb.fxgl.app.services.SystemBundleService, class com.almasb.fxgl.profile.SaveLoadService, class com.almasb.fxgl.ui.FXGLUIFactoryServiceProvider, class com.almasb.fxgl.ui.FXGLDialogFactoryServiceProvider, class com.almasb.fxgl.audio.AudioPlayer, class com.almasb.fxgl.notification.impl.NotificationServiceProvider, class com.almasb.fxgl.achievement.AchievementService, class com.almasb.fxgl.cutscene.CutsceneService, class com.almasb.fxgl.minigames.MiniGameService, class com.almasb.fxgl.net.NetService, class com.almasb.fxgl.app.services.UpdaterService]
13:50:50.380 [FXGL Background Thread 2 ] DEBUG Engine               - globalMusicVolume: 0.5
13:50:50.380 [FXGL Background Thread 2 ] DEBUG Engine               - width: 1200
13:50:50.380 [FXGL Background Thread 2 ] DEBUG Engine               - saveFileExt: sav
13:50:50.380 [FXGL Background Thread 2 ] DEBUG Engine               - isAndroid: false
13:50:50.380 [FXGL Background Thread 2 ] DEBUG Engine               - fontUI: VarelaRound-Regular.ttf
13:50:50.380 [FXGL Background Thread 2 ] DEBUG Engine               - enabledMenuItems: []
13:50:50.380 [FXGL Background Thread 2 ] DEBUG Engine               - isIOS: false
13:50:50.380 [FXGL Background Thread 2 ] DEBUG Engine               - Logging services
13:50:50.381 [FXGL Background Thread 2 ] DEBUG Engine               - class com.almasb.fxgl.app.GameApplication$GameApplicationService
13:50:50.381 [FXGL Background Thread 2 ] DEBUG Engine               - class com.almasb.fxgl.app.services.WindowService
13:50:50.381 [FXGL Background Thread 2 ] DEBUG Engine               - class com.almasb.fxgl.app.services.FXGLDialogService
13:50:50.381 [FXGL Background Thread 2 ] DEBUG Engine               - class com.almasb.fxgl.app.services.IOTaskExecutorService
13:50:50.381 [FXGL Background Thread 2 ] DEBUG Engine               - class com.almasb.fxgl.event.EventBusService
13:50:50.381 [FXGL Background Thread 2 ] DEBUG Engine               - class com.almasb.fxgl.io.FileSystemService
13:50:50.381 [FXGL Background Thread 2 ] DEBUG Engine               - class com.almasb.fxgl.localization.LocalizationService
13:50:50.381 [FXGL Background Thread 2 ] DEBUG Engine               - class com.almasb.fxgl.app.services.AssetLoaderService
13:50:50.381 [FXGL Background Thread 2 ] DEBUG Engine               - class com.almasb.fxgl.app.services.SystemBundleService
13:50:50.381 [FXGL Background Thread 2 ] DEBUG Engine               - class com.almasb.fxgl.profile.SaveLoadService
13:50:50.381 [FXGL Background Thread 2 ] DEBUG Engine               - class com.almasb.fxgl.ui.FXGLUIFactoryServiceProvider
13:50:50.381 [FXGL Background Thread 2 ] DEBUG Engine               - class com.almasb.fxgl.ui.FXGLDialogFactoryServiceProvider
13:50:50.381 [FXGL Background Thread 2 ] DEBUG Engine               - class com.almasb.fxgl.audio.AudioPlayer
13:50:50.381 [FXGL Background Thread 2 ] DEBUG Engine               - class com.almasb.fxgl.notification.impl.NotificationServiceProvider
13:50:50.381 [FXGL Background Thread 2 ] DEBUG Engine               - class com.almasb.fxgl.achievement.AchievementService
13:50:50.381 [FXGL Background Thread 2 ] DEBUG Engine               - class com.almasb.fxgl.cutscene.CutsceneService
13:50:50.381 [FXGL Background Thread 2 ] DEBUG Engine               - class com.almasb.fxgl.minigames.MiniGameService
13:50:50.381 [FXGL Background Thread 2 ] DEBUG Engine               - class com.almasb.fxgl.net.NetService
13:50:50.381 [FXGL Background Thread 2 ] DEBUG Engine               - class com.almasb.fxgl.app.services.UpdaterService
13:51:40.768 [JavaFX Application Thread] DEBUG GameApplication      - Exiting FXGL
13:51:40.768 [JavaFX Application Thread] DEBUG LoopRunner           - Stopping loop
13:51:40.768 [JavaFX Application Thread] DEBUG SystemBundleService  - Saving FXGL system data
13:51:40.769 [JavaFX Application Thread] DEBUG FileSystemAccess     - Writing to: C:\Users\lucas\IdeaProjects\BlasterBoy\system\fxgl.bundle
13:51:40.770 [JavaFX Application Thread] DEBUG GameApplication      - Shutting down background threads
13:51:40.771 [JavaFX Application Thread] DEBUG GameApplication      - Closing logger and exiting JavaFX
