16:41:24.551 [AWT-EventQueue-0         ] DEBUG GameApplication      - Logger initialized
16:41:24.553 [AWT-EventQueue-0         ] DEBUG GameApplication      - Logging settings
Title: BlasterBoy
Version: 0.1
Width: 1200
Height: 1200
Fullscreen: false
Intro: false
Menus: false
Profiling: false
Single step:false
App Mode: DEVELOPER
Menu Key: ESCAPE
Stage Style: DECORATED
Scene Factory: class com.almasb.fxgl.app.scene.SceneFactory

16:41:24.844 [JavaFX Application Thread] DEBUG GameApplication      - Initializing FXGL
16:41:24.853 [JavaFX Application Thread] INFO  Engine               - FXGL-11.8 (08.03.2020 09.09) on WINDOWS (J:14.0.1 FX:13.0.2)
16:41:24.853 [JavaFX Application Thread] INFO  Engine               - Source code and latest versions at: https://github.com/AlmasB/FXGL
16:41:24.853 [JavaFX Application Thread] INFO  Engine               -              Join the FXGL chat at: https://gitter.im/AlmasB/FXGL
16:41:24.946 [JavaFX Application Thread] DEBUG MainWindow           - Creating a JavaFX scene
16:41:24.987 [JavaFX Application Thread] DEBUG MainWindow           - Target settings size: 1200.0 x 1200.0
16:41:24.987 [JavaFX Application Thread] DEBUG MainWindow           - Scaled scene size:    1200.0 x 1200.0
16:41:24.987 [JavaFX Application Thread] DEBUG MainWindow           - Scaled ratio: (1.0, 1.0)
16:41:24.988 [JavaFX Application Thread] DEBUG MainWindow           - Set initial scene to FXGLStartupScene
16:41:24.994 [JavaFX Application Thread] DEBUG MainWindow           - Opening main window
16:41:25.070 [JavaFX Application Thread] DEBUG MainWindow           - Window border size: (16.0, 39.0)
16:41:25.070 [JavaFX Application Thread] DEBUG MainWindow           - Scaled size: 1200.0 x 1200.0
16:41:25.070 [JavaFX Application Thread] DEBUG MainWindow           - Scaled ratio: (1.0, 1.0)
16:41:25.070 [JavaFX Application Thread] DEBUG MainWindow           - Scene size: 1200.0 x 1200.0
16:41:25.071 [JavaFX Application Thread] DEBUG MainWindow           - Stage size: 1216.0 x 1239.0
16:41:25.076 [FXGL Background Thread 1 ] DEBUG Engine               - Initializing environment variables
16:41:25.097 [FXGL Background Thread 1 ] DEBUG WindowService        - Applying CSS: fxgl_dark.css
16:41:25.097 [FXGL Background Thread 1 ] DEBUG AssetLoaderService   - Loading from file system: /assets/ui/css/fxgl_dark.css
16:41:25.140 [FXGL Background Thread 1 ] DEBUG WindowService        - Initializing application scenes
16:41:25.168 [FXGL Background Thread 1 ] DEBUG GameWorld            - Game world initialized
16:41:25.199 [FXGL Background Thread 1 ] DEBUG PhysicsWorld         - Physics world initialized: appHeight=1200, physics.ppm=50.0
16:41:25.201 [FXGL Background Thread 1 ] DEBUG GameScene            - Game scene initialized: 1200x1200
16:41:25.206 [FXGL Background Thread 1 ] DEBUG Input                - Registered new binding: Resume - Esc
16:41:25.210 [FXGL Background Thread 1 ] DEBUG AssetLoaderService   - Loading from file system: /assets/textures/pause_menu_bg.png
16:41:25.249 [FXGL Background Thread 1 ] DEBUG Input                - Registered new binding: Pause - Esc
16:41:25.249 [FXGL Background Thread 1 ] DEBUG WindowService        - Application scenes initialized
16:41:25.257 [FXGL Background Thread 1 ] DEBUG SystemBundleService  - Loading FXGL system data
16:41:25.260 [FXGL Background Thread 1 ] DEBUG FileSystemAccess     - Reading from: C:\Users\lucas\IdeaProjects\BlasterBoy\system\fxgl.bundle
16:41:25.264 [FXGL Background Thread 1 ] DEBUG SystemBundleService  - Bundle FXGL: {}
16:41:25.264 [FXGL Background Thread 1 ] INFO  Engine               - FXGL initialization took: 0.187 sec
16:41:25.266 [FXGL Background Thread 1 ] DEBUG GameApplication      - Loading localizations
16:41:25.267 [FXGL Background Thread 1 ] DEBUG AssetLoaderService   - Loading from file system: /assets/properties/languages/english.properties
16:41:25.268 [FXGL Background Thread 1 ] DEBUG AssetLoaderService   - Loading from file system: /assets/properties/languages/french.properties
16:41:25.268 [FXGL Background Thread 1 ] DEBUG AssetLoaderService   - Loading from file system: /assets/properties/languages/german.properties
16:41:25.269 [FXGL Background Thread 1 ] DEBUG AssetLoaderService   - Loading from file system: /assets/properties/languages/hungarian.properties
16:41:25.270 [FXGL Background Thread 1 ] DEBUG AssetLoaderService   - Loading from file system: /assets/properties/languages/russian.properties
16:41:25.271 [FXGL Background Thread 1 ] DEBUG GameApplication      - Registering font factories with UI factory
16:41:25.271 [FXGL Background Thread 1 ] DEBUG AssetLoaderService   - Loading from file system: /assets/ui/fonts/VarelaRound-Regular.ttf
16:41:25.308 [FXGL Background Thread 1 ] DEBUG AssetLoaderService   - Loading from file system: /assets/ui/fonts/Abel-Regular.ttf
16:41:25.311 [FXGL Background Thread 1 ] DEBUG AssetLoaderService   - Loading from file system: /assets/ui/fonts/lucida_console.ttf
16:41:25.315 [FXGL Background Thread 1 ] DEBUG AssetLoaderService   - Loading from file system: /assets/ui/fonts/Courier-Prime.ttf
16:41:25.319 [JavaFX Application Thread] DEBUG Input                - Registered new binding: Launch - Space
16:41:25.319 [JavaFX Application Thread] DEBUG AssetLoaderService   - Loading from file system: /assets/textures/fxgl_icon.png
16:41:25.338 [JavaFX Application Thread] DEBUG AssetLoaderService   - Loading from file system: /assets/ui/cursors/fxgl_default.png
16:41:25.340 [JavaFX Application Thread] DEBUG Input                - Registered new binding: Screenshot - P
16:41:25.340 [JavaFX Application Thread] DEBUG Input                - Registered new binding: System info dump - CTRL+9
16:41:25.341 [JavaFX Application Thread] DEBUG Input                - Registered new binding: Restart - CTRL+R
16:41:25.341 [JavaFX Application Thread] DEBUG LoopRunner           - Starting loop
16:41:25.347 [JavaFX Application Thread] DEBUG FXGLStartupScene     - STARTUP
16:41:25.348 [JavaFX Application Thread] DEBUG WindowService        - Starting new game
16:41:25.350 [JavaFX Application Thread] DEBUG Input                - Clearing active input actions
16:41:25.359 [JavaFX Application Thread] DEBUG WindowService        - Removing overlay from FXGLStartupScene and adding to FXGLLoadingScene
16:41:25.359 [JavaFX Application Thread] DEBUG MainWindow           - FXGLStartupScene -> FXGLLoadingScene
16:41:25.359 [JavaFX Application Thread] DEBUG WindowService        - Clearing previous game
16:41:25.359 [JavaFX Application Thread] DEBUG GameScene            - Clearing game scene
16:41:25.359 [JavaFX Application Thread] DEBUG GameWorld            - Clearing game world
16:41:25.359 [JavaFX Application Thread] DEBUG PhysicsWorld         - Clearing physics world
16:41:25.360 [FXGL Background Thread 1 ] DEBUG GameApplication      - Initializing game
16:41:25.366 [FXGL Background Thread 1 ] DEBUG AssetLoaderService   - Loading from file system: /assets/levels/0.txt
16:41:25.411 [FXGL Background Thread 1 ] DEBUG GameWorld            - Clearing removable entities
16:41:25.411 [FXGL Background Thread 1 ] DEBUG GameWorld            - Setting level: com.almasb.fxgl.entity.level.Level@2c43fe6f
16:41:25.438 [FXGL Background Thread 1 ] DEBUG AssetLoaderService   - Loading from file system: /assets/textures/player.png
16:41:25.447 [FXGL Background Thread 1 ] DEBUG AssetLoaderService   - Loading from file system: /assets/textures/gun.png
16:41:25.451 [FXGL Background Thread 1 ] INFO  GameApplication      - Game initialization took: 0.090 sec
16:41:25.451 [JavaFX Application Thread] DEBUG Input                - Clearing active input actions
16:41:25.479 [JavaFX Application Thread] DEBUG WindowService        - Removing overlay from FXGLLoadingScene and adding to GameScene
16:41:25.479 [JavaFX Application Thread] DEBUG MainWindow           - FXGLLoadingScene -> GameScene
16:41:28.266 [FXGL Background Thread 2 ] DEBUG Engine               - Logging environment variables
16:41:28.266 [FXGL Background Thread 2 ] DEBUG Engine               - achievements: []
16:41:28.266 [FXGL Background Thread 2 ] DEBUG Engine               - language: ObjectProperty [value: ENGLISH]
16:41:28.266 [FXGL Background Thread 2 ] DEBUG Engine               - isCloseConfirmation: false
16:41:28.266 [FXGL Background Thread 2 ] DEBUG Engine               - isProfilingEnabled: false
16:41:28.266 [FXGL Background Thread 2 ] DEBUG Engine               - soundNotification: core/notification.wav
16:41:28.266 [FXGL Background Thread 2 ] DEBUG Engine               - devShowBBoxProperty: BooleanProperty [value: false]
16:41:28.266 [FXGL Background Thread 2 ] DEBUG Engine               - pixelsPerMeter: 50.0
16:41:28.266 [FXGL Background Thread 2 ] DEBUG Engine               - soundMenuBack: menu/back.wav
16:41:28.266 [FXGL Background Thread 2 ] DEBUG Engine               - appIcon: fxgl_icon.png
16:41:28.266 [FXGL Background Thread 2 ] DEBUG Engine               - isFullScreenAllowed: false
16:41:28.266 [FXGL Background Thread 2 ] DEBUG Engine               - isIntroEnabled: false
16:41:28.267 [FXGL Background Thread 2 ] DEBUG Engine               - fontMono: lucida_console.ttf
16:41:28.267 [FXGL Background Thread 2 ] DEBUG Engine               - soundMenuSelect: menu/select.wav
16:41:28.267 [FXGL Background Thread 2 ] DEBUG Engine               - isWindows: true
16:41:28.267 [FXGL Background Thread 2 ] DEBUG Engine               - isMobile: false
16:41:28.267 [FXGL Background Thread 2 ] DEBUG Engine               - isUserProfileEnabled: false
16:41:28.267 [FXGL Background Thread 2 ] DEBUG Engine               - height: 1200
16:41:28.267 [FXGL Background Thread 2 ] DEBUG Engine               - isExperimentalNative: false
16:41:28.267 [FXGL Background Thread 2 ] DEBUG Engine               - settings: Title: BlasterBoy
Version: 0.1
Width: 1200
Height: 1200
Fullscreen: false
Intro: false
Menus: false
Profiling: false
Single step:false
App Mode: DEVELOPER
Menu Key: ESCAPE
Stage Style: DECORATED
Scene Factory: class com.almasb.fxgl.app.scene.SceneFactory

16:41:28.267 [FXGL Background Thread 2 ] DEBUG Engine               - isSingleStep: false
16:41:28.267 [FXGL Background Thread 2 ] DEBUG Engine               - cSSList: [fxgl_dark.css]
16:41:28.267 [FXGL Background Thread 2 ] DEBUG Engine               - fontGame: Abel-Regular.ttf
16:41:28.267 [FXGL Background Thread 2 ] DEBUG Engine               - menuKey: ESCAPE
16:41:28.267 [FXGL Background Thread 2 ] DEBUG Engine               - devShowPositionProperty: BooleanProperty [value: false]
16:41:28.267 [FXGL Background Thread 2 ] DEBUG Engine               - versionCheckDays: 7
16:41:28.267 [FXGL Background Thread 2 ] DEBUG Engine               - configClass: Optional.empty
16:41:28.267 [FXGL Background Thread 2 ] DEBUG Engine               - isFullScreenFromStart: false
16:41:28.267 [FXGL Background Thread 2 ] DEBUG Engine               - version: 0.1
16:41:28.268 [FXGL Background Thread 2 ] DEBUG Engine               - fullScreen: BooleanProperty [value: false]
16:41:28.268 [FXGL Background Thread 2 ] DEBUG Engine               - randomSeed: -1
16:41:28.268 [FXGL Background Thread 2 ] DEBUG Engine               - gameDifficultyProperty: ObjectProperty [value: MEDIUM]
16:41:28.268 [FXGL Background Thread 2 ] DEBUG Engine               - applicationMode: DEVELOPER
16:41:28.268 [FXGL Background Thread 2 ] DEBUG Engine               - isMac: false
16:41:28.268 [FXGL Background Thread 2 ] DEBUG Engine               - isMenuEnabled: false
16:41:28.268 [FXGL Background Thread 2 ] DEBUG Engine               - urlPOM: https://raw.githubusercontent.com/AlmasB/FXGL/master/pom.xml
16:41:28.268 [FXGL Background Thread 2 ] DEBUG Engine               - profileName: StringProperty [value: DEFAULT]
16:41:28.268 [FXGL Background Thread 2 ] DEBUG Engine               - notificationViewClass: class com.almasb.fxgl.notification.view.XboxNotificationView
16:41:28.268 [FXGL Background Thread 2 ] DEBUG Engine               - devSensorColorProperty: ObjectProperty [value: 0xffff00ff]
16:41:28.268 [FXGL Background Thread 2 ] DEBUG Engine               - sceneFactory: com.almasb.fxgl.app.scene.SceneFactory@3c927a16
16:41:28.268 [FXGL Background Thread 2 ] DEBUG Engine               - stageStyle: DECORATED
16:41:28.269 [FXGL Background Thread 2 ] DEBUG Engine               - isManualResizeEnabled: false
16:41:28.269 [FXGL Background Thread 2 ] DEBUG Engine               - title: BlasterBoy
16:41:28.269 [FXGL Background Thread 2 ] DEBUG Engine               - platform: WINDOWS
16:41:28.269 [FXGL Background Thread 2 ] DEBUG Engine               - devBBoxColorProperty: ObjectProperty [value: 0xff0000ff]
16:41:28.269 [FXGL Background Thread 2 ] DEBUG Engine               - gameDifficulty: MEDIUM
16:41:28.269 [FXGL Background Thread 2 ] DEBUG Engine               - isDesktop: true
16:41:28.269 [FXGL Background Thread 2 ] DEBUG Engine               - supportedLanguages: [ENGLISH, FRENCH, GERMAN, HUNGARIAN, RUSSIAN]
16:41:28.269 [FXGL Background Thread 2 ] DEBUG Engine               - credits: []
16:41:28.269 [FXGL Background Thread 2 ] DEBUG Engine               - globalMusicVolumeProperty: DoubleProperty [value: 0.5]
16:41:28.269 [FXGL Background Thread 2 ] DEBUG Engine               - isPreserveResizeRatio: false
16:41:28.269 [FXGL Background Thread 2 ] DEBUG Engine               - fontText: Courier-Prime.ttf
16:41:28.269 [FXGL Background Thread 2 ] DEBUG Engine               - isExperimentalTiledLargeMap: false
16:41:28.269 [FXGL Background Thread 2 ] DEBUG Engine               - secondsIn24h: 60
16:41:28.269 [FXGL Background Thread 2 ] DEBUG Engine               - runtimeInfo: RuntimeInfo(platform=WINDOWS, version=11.8, build=08.03.2020 09.09)
16:41:28.269 [FXGL Background Thread 2 ] DEBUG Engine               - isLinux: false
16:41:28.270 [FXGL Background Thread 2 ] DEBUG Engine               - soundMenuPress: menu/press.wav
16:41:28.270 [FXGL Background Thread 2 ] DEBUG Engine               - urlGithub: https://github.com/AlmasB/FXGL
16:41:28.270 [FXGL Background Thread 2 ] DEBUG Engine               - profileDir: profiles/
16:41:28.270 [FXGL Background Thread 2 ] DEBUG Engine               - isDeveloperMenuEnabled: false
16:41:28.270 [FXGL Background Thread 2 ] DEBUG Engine               - globalSoundVolumeProperty: DoubleProperty [value: 0.5]
16:41:28.270 [FXGL Background Thread 2 ] DEBUG Engine               - mainWindow: com.almasb.fxgl.app.MainWindow@38adf95c
16:41:28.270 [FXGL Background Thread 2 ] DEBUG Engine               - isBrowser: false
16:41:28.270 [FXGL Background Thread 2 ] DEBUG Engine               - urlLeaderboard: http://fxgl-top.herokuapp.com/
16:41:28.270 [FXGL Background Thread 2 ] DEBUG Engine               - globalSoundVolume: 0.5
16:41:28.270 [FXGL Background Thread 2 ] DEBUG Engine               - engineServices: [class com.almasb.fxgl.app.GameApplication$GameApplicationService, class com.almasb.fxgl.app.services.WindowService, class com.almasb.fxgl.app.services.FXGLDialogService, class com.almasb.fxgl.app.services.IOTaskExecutorService, class com.almasb.fxgl.event.EventBusService, class com.almasb.fxgl.io.FileSystemService, class com.almasb.fxgl.localization.LocalizationService, class com.almasb.fxgl.app.services.AssetLoaderService, class com.almasb.fxgl.app.services.SystemBundleService, class com.almasb.fxgl.profile.SaveLoadService, class com.almasb.fxgl.ui.FXGLUIFactoryServiceProvider, class com.almasb.fxgl.ui.FXGLDialogFactoryServiceProvider, class com.almasb.fxgl.audio.AudioPlayer, class com.almasb.fxgl.notification.impl.NotificationServiceProvider, class com.almasb.fxgl.achievement.AchievementService, class com.almasb.fxgl.cutscene.CutsceneService, class com.almasb.fxgl.minigames.MiniGameService, class com.almasb.fxgl.net.NetService, class com.almasb.fxgl.app.services.UpdaterService]
16:41:28.270 [FXGL Background Thread 2 ] DEBUG Engine               - globalMusicVolume: 0.5
16:41:28.270 [FXGL Background Thread 2 ] DEBUG Engine               - width: 1200
16:41:28.270 [FXGL Background Thread 2 ] DEBUG Engine               - saveFileExt: sav
16:41:28.270 [FXGL Background Thread 2 ] DEBUG Engine               - isAndroid: false
16:41:28.270 [FXGL Background Thread 2 ] DEBUG Engine               - fontUI: VarelaRound-Regular.ttf
16:41:28.270 [FXGL Background Thread 2 ] DEBUG Engine               - enabledMenuItems: []
16:41:28.271 [FXGL Background Thread 2 ] DEBUG Engine               - isIOS: false
16:41:28.271 [FXGL Background Thread 2 ] DEBUG Engine               - Logging services
16:41:28.271 [FXGL Background Thread 2 ] DEBUG Engine               - class com.almasb.fxgl.app.GameApplication$GameApplicationService
16:41:28.271 [FXGL Background Thread 2 ] DEBUG Engine               - class com.almasb.fxgl.app.services.WindowService
16:41:28.271 [FXGL Background Thread 2 ] DEBUG Engine               - class com.almasb.fxgl.app.services.FXGLDialogService
16:41:28.271 [FXGL Background Thread 2 ] DEBUG Engine               - class com.almasb.fxgl.app.services.IOTaskExecutorService
16:41:28.271 [FXGL Background Thread 2 ] DEBUG Engine               - class com.almasb.fxgl.event.EventBusService
16:41:28.271 [FXGL Background Thread 2 ] DEBUG Engine               - class com.almasb.fxgl.io.FileSystemService
16:41:28.271 [FXGL Background Thread 2 ] DEBUG Engine               - class com.almasb.fxgl.localization.LocalizationService
16:41:28.271 [FXGL Background Thread 2 ] DEBUG Engine               - class com.almasb.fxgl.app.services.AssetLoaderService
16:41:28.271 [FXGL Background Thread 2 ] DEBUG Engine               - class com.almasb.fxgl.app.services.SystemBundleService
16:41:28.271 [FXGL Background Thread 2 ] DEBUG Engine               - class com.almasb.fxgl.profile.SaveLoadService
16:41:28.271 [FXGL Background Thread 2 ] DEBUG Engine               - class com.almasb.fxgl.ui.FXGLUIFactoryServiceProvider
16:41:28.271 [FXGL Background Thread 2 ] DEBUG Engine               - class com.almasb.fxgl.ui.FXGLDialogFactoryServiceProvider
16:41:28.271 [FXGL Background Thread 2 ] DEBUG Engine               - class com.almasb.fxgl.audio.AudioPlayer
16:41:28.271 [FXGL Background Thread 2 ] DEBUG Engine               - class com.almasb.fxgl.notification.impl.NotificationServiceProvider
16:41:28.271 [FXGL Background Thread 2 ] DEBUG Engine               - class com.almasb.fxgl.achievement.AchievementService
16:41:28.271 [FXGL Background Thread 2 ] DEBUG Engine               - class com.almasb.fxgl.cutscene.CutsceneService
16:41:28.271 [FXGL Background Thread 2 ] DEBUG Engine               - class com.almasb.fxgl.minigames.MiniGameService
16:41:28.271 [FXGL Background Thread 2 ] DEBUG Engine               - class com.almasb.fxgl.net.NetService
16:41:28.272 [FXGL Background Thread 2 ] DEBUG Engine               - class com.almasb.fxgl.app.services.UpdaterService
16:41:45.793 [JavaFX Application Thread] DEBUG GameApplication      - Exiting FXGL
16:41:45.793 [JavaFX Application Thread] DEBUG LoopRunner           - Stopping loop
16:41:45.793 [JavaFX Application Thread] DEBUG SystemBundleService  - Saving FXGL system data
16:41:45.794 [JavaFX Application Thread] DEBUG FileSystemAccess     - Writing to: C:\Users\lucas\IdeaProjects\BlasterBoy\system\fxgl.bundle
16:41:45.796 [JavaFX Application Thread] DEBUG GameApplication      - Shutting down background threads
16:41:45.796 [JavaFX Application Thread] DEBUG GameApplication      - Closing logger and exiting JavaFX
