09:01:12.388 [AWT-EventQueue-0         ] DEBUG GameApplication      - Logger initialized
09:01:12.391 [AWT-EventQueue-0         ] DEBUG GameApplication      - Logging settings
Title: BlasterBoy
Version: 0.1
Width: 600
Height: 600
Fullscreen: false
Intro: false
Menus: false
Profiling: false
Single step:false
App Mode: DEVELOPER
Menu Key: ESCAPE
Stage Style: DECORATED
Scene Factory: class com.almasb.fxgl.app.scene.SceneFactory

09:01:12.725 [JavaFX Application Thread] DEBUG GameApplication      - Initializing FXGL
09:01:12.738 [JavaFX Application Thread] INFO  Engine               - FXGL-11.8 (08.03.2020 09.09) on WINDOWS (J:14.0.1 FX:13.0.2)
09:01:12.738 [JavaFX Application Thread] INFO  Engine               - Source code and latest versions at: https://github.com/AlmasB/FXGL
09:01:12.738 [JavaFX Application Thread] INFO  Engine               -              Join the FXGL chat at: https://gitter.im/AlmasB/FXGL
09:01:12.844 [JavaFX Application Thread] DEBUG MainWindow           - Creating a JavaFX scene
09:01:12.889 [JavaFX Application Thread] DEBUG MainWindow           - Target settings size: 600.0 x 600.0
09:01:12.890 [JavaFX Application Thread] DEBUG MainWindow           - Scaled scene size:    600.0 x 600.0
09:01:12.890 [JavaFX Application Thread] DEBUG MainWindow           - Scaled ratio: (1.0, 1.0)
09:01:12.891 [JavaFX Application Thread] DEBUG MainWindow           - Set initial scene to FXGLStartupScene
09:01:12.896 [JavaFX Application Thread] DEBUG MainWindow           - Opening main window
09:01:12.990 [JavaFX Application Thread] DEBUG MainWindow           - Window border size: (16.0, 39.0)
09:01:12.990 [JavaFX Application Thread] DEBUG MainWindow           - Scaled size: 600.0 x 600.0
09:01:12.990 [JavaFX Application Thread] DEBUG MainWindow           - Scaled ratio: (1.0, 1.0)
09:01:12.990 [JavaFX Application Thread] DEBUG MainWindow           - Scene size: 600.0 x 600.0
09:01:12.990 [JavaFX Application Thread] DEBUG MainWindow           - Stage size: 616.0 x 639.0
09:01:12.997 [FXGL Background Thread 1 ] DEBUG Engine               - Initializing environment variables
09:01:13.021 [FXGL Background Thread 1 ] DEBUG WindowService        - Applying CSS: fxgl_dark.css
09:01:13.021 [FXGL Background Thread 1 ] DEBUG AssetLoaderService   - Loading from file system: /assets/ui/css/fxgl_dark.css
09:01:13.063 [FXGL Background Thread 1 ] DEBUG WindowService        - Initializing application scenes
09:01:13.098 [FXGL Background Thread 1 ] DEBUG GameWorld            - Game world initialized
09:01:13.137 [FXGL Background Thread 1 ] DEBUG PhysicsWorld         - Physics world initialized: appHeight=600, physics.ppm=50.0
09:01:13.139 [FXGL Background Thread 1 ] DEBUG GameScene            - Game scene initialized: 600x600
09:01:13.145 [FXGL Background Thread 1 ] DEBUG Input                - Registered new binding: Resume - Esc
09:01:13.150 [FXGL Background Thread 1 ] DEBUG AssetLoaderService   - Loading from file system: /assets/textures/pause_menu_bg.png
09:01:13.191 [FXGL Background Thread 1 ] DEBUG Input                - Registered new binding: Pause - Esc
09:01:13.191 [FXGL Background Thread 1 ] DEBUG WindowService        - Application scenes initialized
09:01:13.199 [FXGL Background Thread 1 ] DEBUG SystemBundleService  - Loading FXGL system data
09:01:13.204 [FXGL Background Thread 1 ] DEBUG FileSystemAccess     - Reading from: C:\Users\lucas\IdeaProjects\BlasterBoy\system\fxgl.bundle
09:01:13.210 [FXGL Background Thread 1 ] DEBUG SystemBundleService  - Bundle FXGL: {}
09:01:13.210 [FXGL Background Thread 1 ] INFO  Engine               - FXGL initialization took: 0.212 sec
09:01:13.211 [FXGL Background Thread 1 ] DEBUG GameApplication      - Loading localizations
09:01:13.212 [FXGL Background Thread 1 ] DEBUG AssetLoaderService   - Loading from file system: /assets/properties/languages/english.properties
09:01:13.213 [FXGL Background Thread 1 ] DEBUG AssetLoaderService   - Loading from file system: /assets/properties/languages/french.properties
09:01:13.214 [FXGL Background Thread 1 ] DEBUG AssetLoaderService   - Loading from file system: /assets/properties/languages/german.properties
09:01:13.215 [FXGL Background Thread 1 ] DEBUG AssetLoaderService   - Loading from file system: /assets/properties/languages/hungarian.properties
09:01:13.217 [FXGL Background Thread 1 ] DEBUG AssetLoaderService   - Loading from file system: /assets/properties/languages/russian.properties
09:01:13.218 [FXGL Background Thread 1 ] DEBUG GameApplication      - Registering font factories with UI factory
09:01:13.218 [FXGL Background Thread 1 ] DEBUG AssetLoaderService   - Loading from file system: /assets/ui/fonts/VarelaRound-Regular.ttf
09:01:13.255 [FXGL Background Thread 1 ] DEBUG AssetLoaderService   - Loading from file system: /assets/ui/fonts/Abel-Regular.ttf
09:01:13.258 [FXGL Background Thread 1 ] DEBUG AssetLoaderService   - Loading from file system: /assets/ui/fonts/lucida_console.ttf
09:01:13.264 [FXGL Background Thread 1 ] DEBUG AssetLoaderService   - Loading from file system: /assets/ui/fonts/Courier-Prime.ttf
09:01:13.270 [JavaFX Application Thread] DEBUG Input                - Registered new binding: moveLeft - A
09:01:13.270 [JavaFX Application Thread] DEBUG Input                - Registered new binding: moveRight - D
09:01:13.270 [JavaFX Application Thread] DEBUG Input                - Registered new binding: moveUp - Space
09:01:13.270 [JavaFX Application Thread] DEBUG AssetLoaderService   - Loading from file system: /assets/textures/fxgl_icon.png
09:01:13.289 [JavaFX Application Thread] DEBUG AssetLoaderService   - Loading from file system: /assets/ui/cursors/fxgl_default.png
09:01:13.291 [JavaFX Application Thread] DEBUG Input                - Registered new binding: Screenshot - P
09:01:13.291 [JavaFX Application Thread] DEBUG Input                - Registered new binding: System info dump - CTRL+9
09:01:13.292 [JavaFX Application Thread] DEBUG Input                - Registered new binding: Restart - CTRL+R
09:01:13.292 [JavaFX Application Thread] DEBUG LoopRunner           - Starting loop
09:01:13.309 [JavaFX Application Thread] DEBUG FXGLStartupScene     - STARTUP
09:01:13.309 [JavaFX Application Thread] DEBUG WindowService        - Starting new game
09:01:13.311 [JavaFX Application Thread] DEBUG Input                - Clearing active input actions
09:01:13.319 [JavaFX Application Thread] DEBUG WindowService        - Removing overlay from FXGLStartupScene and adding to FXGLLoadingScene
09:01:13.319 [JavaFX Application Thread] DEBUG MainWindow           - FXGLStartupScene -> FXGLLoadingScene
09:01:13.319 [JavaFX Application Thread] DEBUG WindowService        - Clearing previous game
09:01:13.319 [JavaFX Application Thread] DEBUG GameScene            - Clearing game scene
09:01:13.319 [JavaFX Application Thread] DEBUG GameWorld            - Clearing game world
09:01:13.320 [JavaFX Application Thread] DEBUG PhysicsWorld         - Clearing physics world
09:01:13.321 [FXGL Background Thread 1 ] DEBUG GameApplication      - Initializing game
09:01:13.328 [FXGL Background Thread 1 ] DEBUG AssetLoaderService   - Loading from file system: /assets/levels/0.txt
09:01:13.388 [FXGL Background Thread 1 ] DEBUG GameWorld            - Clearing removable entities
09:01:13.388 [FXGL Background Thread 1 ] DEBUG GameWorld            - Setting level: com.almasb.fxgl.entity.level.Level@42f28cfd
09:01:13.428 [FXGL Background Thread 1 ] DEBUG AssetLoaderService   - Loading from file system: /assets/textures/gun.png
09:01:13.435 [FXGL Background Thread 1 ] INFO  GameApplication      - Game initialization took: 0.115 sec
09:01:13.448 [JavaFX Application Thread] DEBUG Input                - Clearing active input actions
09:01:13.478 [JavaFX Application Thread] DEBUG WindowService        - Removing overlay from FXGLLoadingScene and adding to GameScene
09:01:13.478 [JavaFX Application Thread] DEBUG MainWindow           - FXGLLoadingScene -> GameScene
09:01:16.212 [FXGL Background Thread 2 ] DEBUG Engine               - Logging environment variables
09:01:16.212 [FXGL Background Thread 2 ] DEBUG Engine               - achievements: []
09:01:16.212 [FXGL Background Thread 2 ] DEBUG Engine               - language: ObjectProperty [value: ENGLISH]
09:01:16.212 [FXGL Background Thread 2 ] DEBUG Engine               - isCloseConfirmation: false
09:01:16.212 [FXGL Background Thread 2 ] DEBUG Engine               - isProfilingEnabled: false
09:01:16.212 [FXGL Background Thread 2 ] DEBUG Engine               - soundNotification: core/notification.wav
09:01:16.212 [FXGL Background Thread 2 ] DEBUG Engine               - devShowBBoxProperty: BooleanProperty [value: false]
09:01:16.212 [FXGL Background Thread 2 ] DEBUG Engine               - pixelsPerMeter: 50.0
09:01:16.212 [FXGL Background Thread 2 ] DEBUG Engine               - appIcon: fxgl_icon.png
09:01:16.212 [FXGL Background Thread 2 ] DEBUG Engine               - soundMenuBack: menu/back.wav
09:01:16.212 [FXGL Background Thread 2 ] DEBUG Engine               - isFullScreenAllowed: false
09:01:16.213 [FXGL Background Thread 2 ] DEBUG Engine               - isIntroEnabled: false
09:01:16.213 [FXGL Background Thread 2 ] DEBUG Engine               - fontMono: lucida_console.ttf
09:01:16.213 [FXGL Background Thread 2 ] DEBUG Engine               - soundMenuSelect: menu/select.wav
09:01:16.213 [FXGL Background Thread 2 ] DEBUG Engine               - isWindows: true
09:01:16.213 [FXGL Background Thread 2 ] DEBUG Engine               - isMobile: false
09:01:16.213 [FXGL Background Thread 2 ] DEBUG Engine               - isUserProfileEnabled: false
09:01:16.213 [FXGL Background Thread 2 ] DEBUG Engine               - height: 600
09:01:16.213 [FXGL Background Thread 2 ] DEBUG Engine               - isExperimentalNative: false
09:01:16.213 [FXGL Background Thread 2 ] DEBUG Engine               - settings: Title: BlasterBoy
Version: 0.1
Width: 600
Height: 600
Fullscreen: false
Intro: false
Menus: false
Profiling: false
Single step:false
App Mode: DEVELOPER
Menu Key: ESCAPE
Stage Style: DECORATED
Scene Factory: class com.almasb.fxgl.app.scene.SceneFactory

09:01:16.213 [FXGL Background Thread 2 ] DEBUG Engine               - isSingleStep: false
09:01:16.213 [FXGL Background Thread 2 ] DEBUG Engine               - cSSList: [fxgl_dark.css]
09:01:16.213 [FXGL Background Thread 2 ] DEBUG Engine               - fontGame: Abel-Regular.ttf
09:01:16.213 [FXGL Background Thread 2 ] DEBUG Engine               - menuKey: ESCAPE
09:01:16.213 [FXGL Background Thread 2 ] DEBUG Engine               - devShowPositionProperty: BooleanProperty [value: false]
09:01:16.213 [FXGL Background Thread 2 ] DEBUG Engine               - versionCheckDays: 7
09:01:16.213 [FXGL Background Thread 2 ] DEBUG Engine               - configClass: Optional.empty
09:01:16.213 [FXGL Background Thread 2 ] DEBUG Engine               - isFullScreenFromStart: false
09:01:16.214 [FXGL Background Thread 2 ] DEBUG Engine               - version: 0.1
09:01:16.214 [FXGL Background Thread 2 ] DEBUG Engine               - fullScreen: BooleanProperty [value: false]
09:01:16.214 [FXGL Background Thread 2 ] DEBUG Engine               - randomSeed: -1
09:01:16.214 [FXGL Background Thread 2 ] DEBUG Engine               - gameDifficultyProperty: ObjectProperty [value: MEDIUM]
09:01:16.214 [FXGL Background Thread 2 ] DEBUG Engine               - applicationMode: DEVELOPER
09:01:16.214 [FXGL Background Thread 2 ] DEBUG Engine               - isMac: false
09:01:16.214 [FXGL Background Thread 2 ] DEBUG Engine               - isMenuEnabled: false
09:01:16.214 [FXGL Background Thread 2 ] DEBUG Engine               - urlPOM: https://raw.githubusercontent.com/AlmasB/FXGL/master/pom.xml
09:01:16.214 [FXGL Background Thread 2 ] DEBUG Engine               - profileName: StringProperty [value: DEFAULT]
09:01:16.214 [FXGL Background Thread 2 ] DEBUG Engine               - notificationViewClass: class com.almasb.fxgl.notification.view.XboxNotificationView
09:01:16.214 [FXGL Background Thread 2 ] DEBUG Engine               - devSensorColorProperty: ObjectProperty [value: 0xffff00ff]
09:01:16.214 [FXGL Background Thread 2 ] DEBUG Engine               - sceneFactory: com.almasb.fxgl.app.scene.SceneFactory@76eec224
09:01:16.214 [FXGL Background Thread 2 ] DEBUG Engine               - stageStyle: DECORATED
09:01:16.214 [FXGL Background Thread 2 ] DEBUG Engine               - isManualResizeEnabled: false
09:01:16.214 [FXGL Background Thread 2 ] DEBUG Engine               - title: BlasterBoy
09:01:16.214 [FXGL Background Thread 2 ] DEBUG Engine               - platform: WINDOWS
09:01:16.215 [FXGL Background Thread 2 ] DEBUG Engine               - devBBoxColorProperty: ObjectProperty [value: 0xff0000ff]
09:01:16.215 [FXGL Background Thread 2 ] DEBUG Engine               - gameDifficulty: MEDIUM
09:01:16.215 [FXGL Background Thread 2 ] DEBUG Engine               - isDesktop: true
09:01:16.215 [FXGL Background Thread 2 ] DEBUG Engine               - supportedLanguages: [ENGLISH, FRENCH, GERMAN, HUNGARIAN, RUSSIAN]
09:01:16.215 [FXGL Background Thread 2 ] DEBUG Engine               - credits: []
09:01:16.215 [FXGL Background Thread 2 ] DEBUG Engine               - globalMusicVolumeProperty: DoubleProperty [value: 0.5]
09:01:16.215 [FXGL Background Thread 2 ] DEBUG Engine               - isPreserveResizeRatio: false
09:01:16.215 [FXGL Background Thread 2 ] DEBUG Engine               - fontText: Courier-Prime.ttf
09:01:16.215 [FXGL Background Thread 2 ] DEBUG Engine               - isExperimentalTiledLargeMap: false
09:01:16.215 [FXGL Background Thread 2 ] DEBUG Engine               - secondsIn24h: 60
09:01:16.215 [FXGL Background Thread 2 ] DEBUG Engine               - runtimeInfo: RuntimeInfo(platform=WINDOWS, version=11.8, build=08.03.2020 09.09)
09:01:16.215 [FXGL Background Thread 2 ] DEBUG Engine               - isLinux: false
09:01:16.215 [FXGL Background Thread 2 ] DEBUG Engine               - soundMenuPress: menu/press.wav
09:01:16.215 [FXGL Background Thread 2 ] DEBUG Engine               - urlGithub: https://github.com/AlmasB/FXGL
09:01:16.215 [FXGL Background Thread 2 ] DEBUG Engine               - profileDir: profiles/
09:01:16.215 [FXGL Background Thread 2 ] DEBUG Engine               - isDeveloperMenuEnabled: false
09:01:16.216 [FXGL Background Thread 2 ] DEBUG Engine               - globalSoundVolumeProperty: DoubleProperty [value: 0.5]
09:01:16.216 [FXGL Background Thread 2 ] DEBUG Engine               - mainWindow: com.almasb.fxgl.app.MainWindow@72d14821
09:01:16.216 [FXGL Background Thread 2 ] DEBUG Engine               - isBrowser: false
09:01:16.216 [FXGL Background Thread 2 ] DEBUG Engine               - globalSoundVolume: 0.5
09:01:16.216 [FXGL Background Thread 2 ] DEBUG Engine               - urlLeaderboard: http://fxgl-top.herokuapp.com/
09:01:16.216 [FXGL Background Thread 2 ] DEBUG Engine               - engineServices: [class com.almasb.fxgl.app.GameApplication$GameApplicationService, class com.almasb.fxgl.app.services.WindowService, class com.almasb.fxgl.app.services.FXGLDialogService, class com.almasb.fxgl.app.services.IOTaskExecutorService, class com.almasb.fxgl.event.EventBusService, class com.almasb.fxgl.io.FileSystemService, class com.almasb.fxgl.localization.LocalizationService, class com.almasb.fxgl.app.services.AssetLoaderService, class com.almasb.fxgl.app.services.SystemBundleService, class com.almasb.fxgl.profile.SaveLoadService, class com.almasb.fxgl.ui.FXGLUIFactoryServiceProvider, class com.almasb.fxgl.ui.FXGLDialogFactoryServiceProvider, class com.almasb.fxgl.audio.AudioPlayer, class com.almasb.fxgl.notification.impl.NotificationServiceProvider, class com.almasb.fxgl.achievement.AchievementService, class com.almasb.fxgl.cutscene.CutsceneService, class com.almasb.fxgl.minigames.MiniGameService, class com.almasb.fxgl.net.NetService, class com.almasb.fxgl.app.services.UpdaterService]
09:01:16.216 [FXGL Background Thread 2 ] DEBUG Engine               - globalMusicVolume: 0.5
09:01:16.216 [FXGL Background Thread 2 ] DEBUG Engine               - width: 600
09:01:16.216 [FXGL Background Thread 2 ] DEBUG Engine               - saveFileExt: sav
09:01:16.216 [FXGL Background Thread 2 ] DEBUG Engine               - isAndroid: false
09:01:16.216 [FXGL Background Thread 2 ] DEBUG Engine               - fontUI: VarelaRound-Regular.ttf
09:01:16.216 [FXGL Background Thread 2 ] DEBUG Engine               - enabledMenuItems: []
09:01:16.216 [FXGL Background Thread 2 ] DEBUG Engine               - isIOS: false
09:01:16.216 [FXGL Background Thread 2 ] DEBUG Engine               - Logging services
09:01:16.216 [FXGL Background Thread 2 ] DEBUG Engine               - class com.almasb.fxgl.app.GameApplication$GameApplicationService
09:01:16.216 [FXGL Background Thread 2 ] DEBUG Engine               - class com.almasb.fxgl.app.services.WindowService
09:01:16.216 [FXGL Background Thread 2 ] DEBUG Engine               - class com.almasb.fxgl.app.services.FXGLDialogService
09:01:16.217 [FXGL Background Thread 2 ] DEBUG Engine               - class com.almasb.fxgl.app.services.IOTaskExecutorService
09:01:16.217 [FXGL Background Thread 2 ] DEBUG Engine               - class com.almasb.fxgl.event.EventBusService
09:01:16.217 [FXGL Background Thread 2 ] DEBUG Engine               - class com.almasb.fxgl.io.FileSystemService
09:01:16.217 [FXGL Background Thread 2 ] DEBUG Engine               - class com.almasb.fxgl.localization.LocalizationService
09:01:16.217 [FXGL Background Thread 2 ] DEBUG Engine               - class com.almasb.fxgl.app.services.AssetLoaderService
09:01:16.217 [FXGL Background Thread 2 ] DEBUG Engine               - class com.almasb.fxgl.app.services.SystemBundleService
09:01:16.217 [FXGL Background Thread 2 ] DEBUG Engine               - class com.almasb.fxgl.profile.SaveLoadService
09:01:16.217 [FXGL Background Thread 2 ] DEBUG Engine               - class com.almasb.fxgl.ui.FXGLUIFactoryServiceProvider
09:01:16.217 [FXGL Background Thread 2 ] DEBUG Engine               - class com.almasb.fxgl.ui.FXGLDialogFactoryServiceProvider
09:01:16.217 [FXGL Background Thread 2 ] DEBUG Engine               - class com.almasb.fxgl.audio.AudioPlayer
09:01:16.217 [FXGL Background Thread 2 ] DEBUG Engine               - class com.almasb.fxgl.notification.impl.NotificationServiceProvider
09:01:16.217 [FXGL Background Thread 2 ] DEBUG Engine               - class com.almasb.fxgl.achievement.AchievementService
09:01:16.217 [FXGL Background Thread 2 ] DEBUG Engine               - class com.almasb.fxgl.cutscene.CutsceneService
09:01:16.217 [FXGL Background Thread 2 ] DEBUG Engine               - class com.almasb.fxgl.minigames.MiniGameService
09:01:16.217 [FXGL Background Thread 2 ] DEBUG Engine               - class com.almasb.fxgl.net.NetService
09:01:16.217 [FXGL Background Thread 2 ] DEBUG Engine               - class com.almasb.fxgl.app.services.UpdaterService
09:02:00.038 [JavaFX Application Thread] DEBUG GameApplication      - Exiting FXGL
09:02:00.039 [JavaFX Application Thread] DEBUG LoopRunner           - Stopping loop
09:02:00.039 [JavaFX Application Thread] DEBUG SystemBundleService  - Saving FXGL system data
09:02:00.041 [JavaFX Application Thread] DEBUG FileSystemAccess     - Writing to: C:\Users\lucas\IdeaProjects\BlasterBoy\system\fxgl.bundle
09:02:00.042 [JavaFX Application Thread] DEBUG GameApplication      - Shutting down background threads
09:02:00.042 [JavaFX Application Thread] DEBUG GameApplication      - Closing logger and exiting JavaFX
