13:46:01.397 [AWT-EventQueue-0         ] DEBUG GameApplication      - Logger initialized
13:46:01.400 [AWT-EventQueue-0         ] DEBUG GameApplication      - Logging settings
Title: BlasterBoy
Version: 1.0
Width: 1200
Height: 1200
Fullscreen: false
Intro: false
Menus: false
Profiling: false
Single step:false
App Mode: DEVELOPER
Menu Key: ESCAPE
Stage Style: DECORATED
Scene Factory: class com.almasb.fxgl.app.scene.SceneFactory

13:46:01.684 [JavaFX Application Thread] DEBUG GameApplication      - Initializing FXGL
13:46:01.691 [JavaFX Application Thread] INFO  Engine               - FXGL-11.8 (08.03.2020 09.09) on WINDOWS (J:14.0.1 FX:13.0.2)
13:46:01.692 [JavaFX Application Thread] INFO  Engine               - Source code and latest versions at: https://github.com/AlmasB/FXGL
13:46:01.692 [JavaFX Application Thread] INFO  Engine               -              Join the FXGL chat at: https://gitter.im/AlmasB/FXGL
13:46:01.781 [JavaFX Application Thread] DEBUG MainWindow           - Creating a JavaFX scene
13:46:01.822 [JavaFX Application Thread] DEBUG MainWindow           - Target settings size: 1200.0 x 1200.0
13:46:01.822 [JavaFX Application Thread] DEBUG MainWindow           - Scaled scene size:    1200.0 x 1200.0
13:46:01.822 [JavaFX Application Thread] DEBUG MainWindow           - Scaled ratio: (1.0, 1.0)
13:46:01.823 [JavaFX Application Thread] DEBUG MainWindow           - Set initial scene to FXGLStartupScene
13:46:01.828 [JavaFX Application Thread] DEBUG MainWindow           - Opening main window
13:46:01.876 [JavaFX Application Thread] DEBUG MainWindow           - Window border size: (16.0, 39.0)
13:46:01.876 [JavaFX Application Thread] DEBUG MainWindow           - Scaled size: 1200.0 x 1200.0
13:46:01.877 [JavaFX Application Thread] DEBUG MainWindow           - Scaled ratio: (1.0, 1.0)
13:46:01.877 [JavaFX Application Thread] DEBUG MainWindow           - Scene size: 1200.0 x 1200.0
13:46:01.877 [JavaFX Application Thread] DEBUG MainWindow           - Stage size: 1216.0 x 1239.0
13:46:01.882 [FXGL Background Thread 1 ] DEBUG Engine               - Initializing environment variables
13:46:01.906 [FXGL Background Thread 1 ] DEBUG WindowService        - Applying CSS: fxgl_dark.css
13:46:01.906 [FXGL Background Thread 1 ] DEBUG AssetLoaderService   - Loading from file system: /assets/ui/css/fxgl_dark.css
13:46:01.938 [FXGL Background Thread 1 ] DEBUG WindowService        - Initializing application scenes
13:46:01.966 [FXGL Background Thread 1 ] DEBUG GameWorld            - Game world initialized
13:46:02.008 [FXGL Background Thread 1 ] DEBUG PhysicsWorld         - Physics world initialized: appHeight=1200, physics.ppm=50.0
13:46:02.010 [FXGL Background Thread 1 ] DEBUG GameScene            - Game scene initialized: 1200x1200
13:46:02.015 [FXGL Background Thread 1 ] DEBUG Input                - Registered new binding: Resume - Esc
13:46:02.020 [FXGL Background Thread 1 ] DEBUG AssetLoaderService   - Loading from file system: /assets/textures/pause_menu_bg.png
13:46:02.057 [FXGL Background Thread 1 ] DEBUG Input                - Registered new binding: Pause - Esc
13:46:02.057 [FXGL Background Thread 1 ] DEBUG WindowService        - Application scenes initialized
13:46:02.064 [FXGL Background Thread 1 ] DEBUG SystemBundleService  - Loading FXGL system data
13:46:02.067 [FXGL Background Thread 1 ] DEBUG FileSystemAccess     - Reading from: C:\Users\lucas\Downloads\BlasterBoy\system\fxgl.bundle
13:46:02.071 [FXGL Background Thread 1 ] DEBUG SystemBundleService  - Bundle FXGL: {}
13:46:02.072 [FXGL Background Thread 1 ] INFO  Engine               - FXGL initialization took: 0.189 sec
13:46:02.073 [FXGL Background Thread 1 ] DEBUG GameApplication      - Loading localizations
13:46:02.074 [FXGL Background Thread 1 ] DEBUG AssetLoaderService   - Loading from file system: /assets/properties/languages/english.properties
13:46:02.075 [FXGL Background Thread 1 ] DEBUG AssetLoaderService   - Loading from file system: /assets/properties/languages/french.properties
13:46:02.076 [FXGL Background Thread 1 ] DEBUG AssetLoaderService   - Loading from file system: /assets/properties/languages/german.properties
13:46:02.077 [FXGL Background Thread 1 ] DEBUG AssetLoaderService   - Loading from file system: /assets/properties/languages/hungarian.properties
13:46:02.078 [FXGL Background Thread 1 ] DEBUG AssetLoaderService   - Loading from file system: /assets/properties/languages/russian.properties
13:46:02.079 [FXGL Background Thread 1 ] DEBUG GameApplication      - Registering font factories with UI factory
13:46:02.079 [FXGL Background Thread 1 ] DEBUG AssetLoaderService   - Loading from file system: /assets/ui/fonts/VarelaRound-Regular.ttf
13:46:02.114 [FXGL Background Thread 1 ] DEBUG AssetLoaderService   - Loading from file system: /assets/ui/fonts/Abel-Regular.ttf
13:46:02.117 [FXGL Background Thread 1 ] DEBUG AssetLoaderService   - Loading from file system: /assets/ui/fonts/lucida_console.ttf
13:46:02.121 [FXGL Background Thread 1 ] DEBUG AssetLoaderService   - Loading from file system: /assets/ui/fonts/Courier-Prime.ttf
13:46:02.125 [JavaFX Application Thread] DEBUG Input                - Registered new binding: Launch - Space
13:46:02.125 [JavaFX Application Thread] DEBUG AssetLoaderService   - Loading from file system: /assets/textures/fxgl_icon.png
13:46:02.139 [JavaFX Application Thread] DEBUG AssetLoaderService   - Loading from file system: /assets/ui/cursors/fxgl_default.png
13:46:02.141 [JavaFX Application Thread] DEBUG Input                - Registered new binding: Screenshot - P
13:46:02.141 [JavaFX Application Thread] DEBUG Input                - Registered new binding: System info dump - CTRL+9
13:46:02.141 [JavaFX Application Thread] DEBUG Input                - Registered new binding: Restart - CTRL+R
13:46:02.142 [JavaFX Application Thread] DEBUG LoopRunner           - Starting loop
13:46:02.157 [JavaFX Application Thread] DEBUG FXGLStartupScene     - STARTUP
13:46:02.157 [JavaFX Application Thread] DEBUG WindowService        - Starting new game
13:46:02.159 [JavaFX Application Thread] DEBUG Input                - Clearing active input actions
13:46:02.168 [JavaFX Application Thread] DEBUG WindowService        - Removing overlay from FXGLStartupScene and adding to FXGLLoadingScene
13:46:02.168 [JavaFX Application Thread] DEBUG MainWindow           - FXGLStartupScene -> FXGLLoadingScene
13:46:02.169 [JavaFX Application Thread] DEBUG WindowService        - Clearing previous game
13:46:02.169 [JavaFX Application Thread] DEBUG GameScene            - Clearing game scene
13:46:02.169 [JavaFX Application Thread] DEBUG GameWorld            - Clearing game world
13:46:02.169 [JavaFX Application Thread] DEBUG PhysicsWorld         - Clearing physics world
13:46:02.170 [FXGL Background Thread 1 ] DEBUG GameApplication      - Initializing game
13:46:02.176 [FXGL Background Thread 1 ] DEBUG AssetLoaderService   - Loading from file system: /assets/levels/0.txt
13:46:02.184 [FXGL Background Thread 1 ] DEBUG AssetLoaderService   - Loading from file system: /assets/textures/left.png
13:46:02.194 [FXGL Background Thread 1 ] DEBUG AssetLoaderService   - Loading from file system: /assets/textures/right.png
13:46:02.196 [FXGL Background Thread 1 ] DEBUG AssetLoaderService   - Loading from cache: /assets/textures/left.png@80.0x80.0
13:46:02.197 [FXGL Background Thread 1 ] DEBUG AssetLoaderService   - Loading from cache: /assets/textures/right.png@80.0x80.0
13:46:02.198 [FXGL Background Thread 1 ] DEBUG AssetLoaderService   - Loading from cache: /assets/textures/left.png@80.0x80.0
13:46:02.199 [FXGL Background Thread 1 ] DEBUG AssetLoaderService   - Loading from cache: /assets/textures/right.png@80.0x80.0
13:46:02.199 [FXGL Background Thread 1 ] DEBUG AssetLoaderService   - Loading from cache: /assets/textures/left.png@80.0x80.0
13:46:02.200 [FXGL Background Thread 1 ] DEBUG AssetLoaderService   - Loading from cache: /assets/textures/right.png@80.0x80.0
13:46:02.201 [FXGL Background Thread 1 ] DEBUG AssetLoaderService   - Loading from cache: /assets/textures/left.png@80.0x80.0
13:46:02.203 [FXGL Background Thread 1 ] DEBUG AssetLoaderService   - Loading from cache: /assets/textures/right.png@80.0x80.0
13:46:02.204 [FXGL Background Thread 1 ] DEBUG AssetLoaderService   - Loading from cache: /assets/textures/left.png@80.0x80.0
13:46:02.204 [FXGL Background Thread 1 ] DEBUG AssetLoaderService   - Loading from cache: /assets/textures/right.png@80.0x80.0
13:46:02.205 [FXGL Background Thread 1 ] DEBUG AssetLoaderService   - Loading from cache: /assets/textures/left.png@80.0x80.0
13:46:02.206 [FXGL Background Thread 1 ] DEBUG AssetLoaderService   - Loading from cache: /assets/textures/right.png@80.0x80.0
13:46:02.206 [FXGL Background Thread 1 ] DEBUG AssetLoaderService   - Loading from cache: /assets/textures/left.png@80.0x80.0
13:46:02.207 [FXGL Background Thread 1 ] DEBUG AssetLoaderService   - Loading from cache: /assets/textures/right.png@80.0x80.0
13:46:02.208 [FXGL Background Thread 1 ] DEBUG AssetLoaderService   - Loading from cache: /assets/textures/left.png@80.0x80.0
13:46:02.209 [FXGL Background Thread 1 ] DEBUG AssetLoaderService   - Loading from file system: /assets/textures/platform.png
13:46:02.211 [FXGL Background Thread 1 ] DEBUG AssetLoaderService   - Loading from cache: /assets/textures/platform.png@80.0x80.0
13:46:02.211 [FXGL Background Thread 1 ] DEBUG AssetLoaderService   - Loading from cache: /assets/textures/platform.png@80.0x80.0
13:46:02.212 [FXGL Background Thread 1 ] DEBUG AssetLoaderService   - Loading from cache: /assets/textures/platform.png@80.0x80.0
13:46:02.213 [FXGL Background Thread 1 ] DEBUG AssetLoaderService   - Loading from cache: /assets/textures/platform.png@80.0x80.0
13:46:02.213 [FXGL Background Thread 1 ] DEBUG AssetLoaderService   - Loading from cache: /assets/textures/platform.png@80.0x80.0
13:46:02.214 [FXGL Background Thread 1 ] DEBUG AssetLoaderService   - Loading from cache: /assets/textures/platform.png@80.0x80.0
13:46:02.215 [FXGL Background Thread 1 ] DEBUG AssetLoaderService   - Loading from cache: /assets/textures/platform.png@80.0x80.0
13:46:02.219 [FXGL Background Thread 1 ] DEBUG AssetLoaderService   - Loading from cache: /assets/textures/platform.png@80.0x80.0
13:46:02.220 [FXGL Background Thread 1 ] DEBUG AssetLoaderService   - Loading from cache: /assets/textures/platform.png@80.0x80.0
13:46:02.221 [FXGL Background Thread 1 ] DEBUG AssetLoaderService   - Loading from cache: /assets/textures/right.png@80.0x80.0
13:46:02.221 [FXGL Background Thread 1 ] DEBUG AssetLoaderService   - Loading from cache: /assets/textures/left.png@80.0x80.0
13:46:02.222 [FXGL Background Thread 1 ] DEBUG AssetLoaderService   - Loading from cache: /assets/textures/right.png@80.0x80.0
13:46:02.223 [FXGL Background Thread 1 ] DEBUG AssetLoaderService   - Loading from cache: /assets/textures/left.png@80.0x80.0
13:46:02.223 [FXGL Background Thread 1 ] DEBUG AssetLoaderService   - Loading from cache: /assets/textures/right.png@80.0x80.0
13:46:02.224 [FXGL Background Thread 1 ] DEBUG AssetLoaderService   - Loading from cache: /assets/textures/left.png@80.0x80.0
13:46:02.225 [FXGL Background Thread 1 ] DEBUG AssetLoaderService   - Loading from cache: /assets/textures/platform.png@80.0x80.0
13:46:02.225 [FXGL Background Thread 1 ] DEBUG AssetLoaderService   - Loading from cache: /assets/textures/platform.png@80.0x80.0
13:46:02.226 [FXGL Background Thread 1 ] DEBUG AssetLoaderService   - Loading from cache: /assets/textures/platform.png@80.0x80.0
13:46:02.226 [FXGL Background Thread 1 ] DEBUG AssetLoaderService   - Loading from cache: /assets/textures/platform.png@80.0x80.0
13:46:02.227 [FXGL Background Thread 1 ] DEBUG AssetLoaderService   - Loading from cache: /assets/textures/platform.png@80.0x80.0
13:46:02.228 [FXGL Background Thread 1 ] DEBUG AssetLoaderService   - Loading from cache: /assets/textures/platform.png@80.0x80.0
13:46:02.229 [FXGL Background Thread 1 ] DEBUG AssetLoaderService   - Loading from cache: /assets/textures/right.png@80.0x80.0
13:46:02.230 [FXGL Background Thread 1 ] DEBUG AssetLoaderService   - Loading from cache: /assets/textures/left.png@80.0x80.0
13:46:02.230 [FXGL Background Thread 1 ] DEBUG AssetLoaderService   - Loading from cache: /assets/textures/right.png@80.0x80.0
13:46:02.231 [FXGL Background Thread 1 ] DEBUG AssetLoaderService   - Loading from cache: /assets/textures/left.png@80.0x80.0
13:46:02.231 [FXGL Background Thread 1 ] DEBUG AssetLoaderService   - Loading from cache: /assets/textures/platform.png@80.0x80.0
13:46:02.232 [FXGL Background Thread 1 ] DEBUG AssetLoaderService   - Loading from cache: /assets/textures/platform.png@80.0x80.0
13:46:02.232 [FXGL Background Thread 1 ] DEBUG AssetLoaderService   - Loading from cache: /assets/textures/platform.png@80.0x80.0
13:46:02.233 [FXGL Background Thread 1 ] DEBUG AssetLoaderService   - Loading from cache: /assets/textures/platform.png@80.0x80.0
13:46:02.233 [FXGL Background Thread 1 ] DEBUG AssetLoaderService   - Loading from cache: /assets/textures/platform.png@80.0x80.0
13:46:02.234 [FXGL Background Thread 1 ] DEBUG AssetLoaderService   - Loading from cache: /assets/textures/right.png@80.0x80.0
13:46:02.234 [FXGL Background Thread 1 ] DEBUG AssetLoaderService   - Loading from cache: /assets/textures/left.png@80.0x80.0
13:46:02.235 [FXGL Background Thread 1 ] DEBUG AssetLoaderService   - Loading from cache: /assets/textures/right.png@80.0x80.0
13:46:02.236 [FXGL Background Thread 1 ] DEBUG AssetLoaderService   - Loading from cache: /assets/textures/left.png@80.0x80.0
13:46:02.237 [FXGL Background Thread 1 ] DEBUG AssetLoaderService   - Loading from cache: /assets/textures/right.png@80.0x80.0
13:46:02.238 [FXGL Background Thread 1 ] DEBUG AssetLoaderService   - Loading from cache: /assets/textures/left.png@80.0x80.0
13:46:02.238 [FXGL Background Thread 1 ] DEBUG AssetLoaderService   - Loading from cache: /assets/textures/platform.png@80.0x80.0
13:46:02.239 [FXGL Background Thread 1 ] DEBUG AssetLoaderService   - Loading from cache: /assets/textures/platform.png@80.0x80.0
13:46:02.240 [FXGL Background Thread 1 ] DEBUG AssetLoaderService   - Loading from cache: /assets/textures/platform.png@80.0x80.0
13:46:02.240 [FXGL Background Thread 1 ] DEBUG AssetLoaderService   - Loading from cache: /assets/textures/platform.png@80.0x80.0
13:46:02.241 [FXGL Background Thread 1 ] DEBUG AssetLoaderService   - Loading from cache: /assets/textures/right.png@80.0x80.0
13:46:02.241 [FXGL Background Thread 1 ] DEBUG AssetLoaderService   - Loading from cache: /assets/textures/left.png@80.0x80.0
13:46:02.242 [FXGL Background Thread 1 ] DEBUG AssetLoaderService   - Loading from cache: /assets/textures/right.png@80.0x80.0
13:46:02.242 [FXGL Background Thread 1 ] DEBUG AssetLoaderService   - Loading from cache: /assets/textures/left.png@80.0x80.0
13:46:02.243 [FXGL Background Thread 1 ] DEBUG AssetLoaderService   - Loading from cache: /assets/textures/right.png@80.0x80.0
13:46:02.243 [FXGL Background Thread 1 ] DEBUG AssetLoaderService   - Loading from cache: /assets/textures/left.png@80.0x80.0
13:46:02.244 [FXGL Background Thread 1 ] DEBUG AssetLoaderService   - Loading from cache: /assets/textures/platform.png@80.0x80.0
13:46:02.245 [FXGL Background Thread 1 ] DEBUG AssetLoaderService   - Loading from cache: /assets/textures/platform.png@80.0x80.0
13:46:02.245 [FXGL Background Thread 1 ] DEBUG AssetLoaderService   - Loading from cache: /assets/textures/platform.png@80.0x80.0
13:46:02.246 [FXGL Background Thread 1 ] DEBUG AssetLoaderService   - Loading from cache: /assets/textures/platform.png@80.0x80.0
13:46:02.248 [FXGL Background Thread 1 ] DEBUG AssetLoaderService   - Loading from cache: /assets/textures/right.png@80.0x80.0
13:46:02.248 [FXGL Background Thread 1 ] DEBUG AssetLoaderService   - Loading from cache: /assets/textures/left.png@80.0x80.0
13:46:02.249 [FXGL Background Thread 1 ] DEBUG AssetLoaderService   - Loading from cache: /assets/textures/right.png@80.0x80.0
13:46:02.250 [FXGL Background Thread 1 ] DEBUG AssetLoaderService   - Loading from cache: /assets/textures/left.png@80.0x80.0
13:46:02.251 [FXGL Background Thread 1 ] DEBUG AssetLoaderService   - Loading from cache: /assets/textures/right.png@80.0x80.0
13:46:02.251 [FXGL Background Thread 1 ] DEBUG AssetLoaderService   - Loading from cache: /assets/textures/left.png@80.0x80.0
13:46:02.252 [FXGL Background Thread 1 ] DEBUG AssetLoaderService   - Loading from cache: /assets/textures/platform.png@80.0x80.0
13:46:02.253 [FXGL Background Thread 1 ] DEBUG AssetLoaderService   - Loading from cache: /assets/textures/platform.png@80.0x80.0
13:46:02.254 [FXGL Background Thread 1 ] DEBUG AssetLoaderService   - Loading from cache: /assets/textures/right.png@80.0x80.0
13:46:02.254 [FXGL Background Thread 1 ] DEBUG AssetLoaderService   - Loading from cache: /assets/textures/left.png@80.0x80.0
13:46:02.255 [FXGL Background Thread 1 ] DEBUG AssetLoaderService   - Loading from cache: /assets/textures/right.png@80.0x80.0
13:46:02.255 [FXGL Background Thread 1 ] DEBUG AssetLoaderService   - Loading from cache: /assets/textures/left.png@80.0x80.0
13:46:02.256 [FXGL Background Thread 1 ] DEBUG AssetLoaderService   - Loading from cache: /assets/textures/right.png@80.0x80.0
13:46:02.256 [FXGL Background Thread 1 ] DEBUG AssetLoaderService   - Loading from cache: /assets/textures/left.png@80.0x80.0
13:46:02.257 [FXGL Background Thread 1 ] DEBUG AssetLoaderService   - Loading from cache: /assets/textures/platform.png@80.0x80.0
13:46:02.258 [FXGL Background Thread 1 ] DEBUG AssetLoaderService   - Loading from cache: /assets/textures/platform.png@80.0x80.0
13:46:02.259 [FXGL Background Thread 1 ] DEBUG AssetLoaderService   - Loading from cache: /assets/textures/right.png@80.0x80.0
13:46:02.260 [FXGL Background Thread 1 ] DEBUG AssetLoaderService   - Loading from cache: /assets/textures/left.png@80.0x80.0
13:46:02.260 [FXGL Background Thread 1 ] DEBUG AssetLoaderService   - Loading from cache: /assets/textures/right.png@80.0x80.0
13:46:02.261 [FXGL Background Thread 1 ] DEBUG AssetLoaderService   - Loading from cache: /assets/textures/left.png@80.0x80.0
13:46:02.261 [FXGL Background Thread 1 ] DEBUG AssetLoaderService   - Loading from cache: /assets/textures/right.png@80.0x80.0
13:46:02.262 [FXGL Background Thread 1 ] DEBUG AssetLoaderService   - Loading from cache: /assets/textures/left.png@80.0x80.0
13:46:02.262 [FXGL Background Thread 1 ] DEBUG AssetLoaderService   - Loading from cache: /assets/textures/platform.png@80.0x80.0
13:46:02.263 [FXGL Background Thread 1 ] DEBUG AssetLoaderService   - Loading from cache: /assets/textures/platform.png@80.0x80.0
13:46:02.263 [FXGL Background Thread 1 ] DEBUG AssetLoaderService   - Loading from cache: /assets/textures/right.png@80.0x80.0
13:46:02.264 [FXGL Background Thread 1 ] DEBUG AssetLoaderService   - Loading from cache: /assets/textures/left.png@80.0x80.0
13:46:02.264 [FXGL Background Thread 1 ] DEBUG AssetLoaderService   - Loading from cache: /assets/textures/right.png@80.0x80.0
13:46:02.265 [FXGL Background Thread 1 ] DEBUG AssetLoaderService   - Loading from cache: /assets/textures/left.png@80.0x80.0
13:46:02.265 [FXGL Background Thread 1 ] DEBUG AssetLoaderService   - Loading from cache: /assets/textures/right.png@80.0x80.0
13:46:02.265 [FXGL Background Thread 1 ] DEBUG AssetLoaderService   - Loading from cache: /assets/textures/left.png@80.0x80.0
13:46:02.266 [FXGL Background Thread 1 ] DEBUG AssetLoaderService   - Loading from cache: /assets/textures/platform.png@80.0x80.0
13:46:02.266 [FXGL Background Thread 1 ] DEBUG AssetLoaderService   - Loading from cache: /assets/textures/platform.png@80.0x80.0
13:46:02.267 [FXGL Background Thread 1 ] DEBUG AssetLoaderService   - Loading from cache: /assets/textures/platform.png@80.0x80.0
13:46:02.268 [FXGL Background Thread 1 ] DEBUG AssetLoaderService   - Loading from cache: /assets/textures/platform.png@80.0x80.0
13:46:02.269 [FXGL Background Thread 1 ] DEBUG AssetLoaderService   - Loading from cache: /assets/textures/right.png@80.0x80.0
13:46:02.270 [FXGL Background Thread 1 ] DEBUG AssetLoaderService   - Loading from cache: /assets/textures/left.png@80.0x80.0
13:46:02.271 [FXGL Background Thread 1 ] DEBUG AssetLoaderService   - Loading from cache: /assets/textures/right.png@80.0x80.0
13:46:02.272 [FXGL Background Thread 1 ] DEBUG AssetLoaderService   - Loading from cache: /assets/textures/left.png@80.0x80.0
13:46:02.272 [FXGL Background Thread 1 ] DEBUG AssetLoaderService   - Loading from cache: /assets/textures/right.png@80.0x80.0
13:46:02.273 [FXGL Background Thread 1 ] DEBUG AssetLoaderService   - Loading from cache: /assets/textures/left.png@80.0x80.0
13:46:02.274 [FXGL Background Thread 1 ] DEBUG AssetLoaderService   - Loading from cache: /assets/textures/platform.png@80.0x80.0
13:46:02.275 [FXGL Background Thread 1 ] DEBUG AssetLoaderService   - Loading from cache: /assets/textures/platform.png@80.0x80.0
13:46:02.277 [FXGL Background Thread 1 ] DEBUG AssetLoaderService   - Loading from cache: /assets/textures/platform.png@80.0x80.0
13:46:02.278 [FXGL Background Thread 1 ] DEBUG AssetLoaderService   - Loading from cache: /assets/textures/platform.png@80.0x80.0
13:46:02.278 [FXGL Background Thread 1 ] DEBUG AssetLoaderService   - Loading from cache: /assets/textures/platform.png@80.0x80.0
13:46:02.279 [FXGL Background Thread 1 ] DEBUG AssetLoaderService   - Loading from cache: /assets/textures/right.png@80.0x80.0
13:46:02.279 [FXGL Background Thread 1 ] DEBUG AssetLoaderService   - Loading from cache: /assets/textures/left.png@80.0x80.0
13:46:02.280 [FXGL Background Thread 1 ] DEBUG AssetLoaderService   - Loading from cache: /assets/textures/right.png@80.0x80.0
13:46:02.280 [FXGL Background Thread 1 ] DEBUG AssetLoaderService   - Loading from cache: /assets/textures/left.png@80.0x80.0
13:46:02.280 [FXGL Background Thread 1 ] DEBUG AssetLoaderService   - Loading from cache: /assets/textures/right.png@80.0x80.0
13:46:02.281 [FXGL Background Thread 1 ] DEBUG AssetLoaderService   - Loading from cache: /assets/textures/left.png@80.0x80.0
13:46:02.281 [FXGL Background Thread 1 ] DEBUG AssetLoaderService   - Loading from cache: /assets/textures/platform.png@80.0x80.0
13:46:02.281 [FXGL Background Thread 1 ] DEBUG AssetLoaderService   - Loading from cache: /assets/textures/platform.png@80.0x80.0
13:46:02.281 [FXGL Background Thread 1 ] DEBUG AssetLoaderService   - Loading from cache: /assets/textures/platform.png@80.0x80.0
13:46:02.281 [FXGL Background Thread 1 ] DEBUG AssetLoaderService   - Loading from cache: /assets/textures/platform.png@80.0x80.0
13:46:02.282 [FXGL Background Thread 1 ] DEBUG AssetLoaderService   - Loading from cache: /assets/textures/right.png@80.0x80.0
13:46:02.282 [FXGL Background Thread 1 ] DEBUG AssetLoaderService   - Loading from cache: /assets/textures/left.png@80.0x80.0
13:46:02.283 [FXGL Background Thread 1 ] DEBUG AssetLoaderService   - Loading from cache: /assets/textures/right.png@80.0x80.0
13:46:02.283 [FXGL Background Thread 1 ] DEBUG AssetLoaderService   - Loading from cache: /assets/textures/left.png@80.0x80.0
13:46:02.283 [FXGL Background Thread 1 ] DEBUG AssetLoaderService   - Loading from cache: /assets/textures/right.png@80.0x80.0
13:46:02.284 [FXGL Background Thread 1 ] DEBUG AssetLoaderService   - Loading from cache: /assets/textures/left.png@80.0x80.0
13:46:02.284 [FXGL Background Thread 1 ] DEBUG AssetLoaderService   - Loading from cache: /assets/textures/platform.png@80.0x80.0
13:46:02.284 [FXGL Background Thread 1 ] DEBUG AssetLoaderService   - Loading from cache: /assets/textures/platform.png@80.0x80.0
13:46:02.285 [FXGL Background Thread 1 ] DEBUG AssetLoaderService   - Loading from cache: /assets/textures/platform.png@80.0x80.0
13:46:02.285 [FXGL Background Thread 1 ] DEBUG AssetLoaderService   - Loading from cache: /assets/textures/platform.png@80.0x80.0
13:46:02.286 [FXGL Background Thread 1 ] DEBUG AssetLoaderService   - Loading from cache: /assets/textures/platform.png@80.0x80.0
13:46:02.286 [FXGL Background Thread 1 ] DEBUG AssetLoaderService   - Loading from cache: /assets/textures/right.png@80.0x80.0
13:46:02.287 [FXGL Background Thread 1 ] DEBUG AssetLoaderService   - Loading from cache: /assets/textures/left.png@80.0x80.0
13:46:02.288 [FXGL Background Thread 1 ] DEBUG AssetLoaderService   - Loading from cache: /assets/textures/right.png@80.0x80.0
13:46:02.288 [FXGL Background Thread 1 ] DEBUG AssetLoaderService   - Loading from cache: /assets/textures/left.png@80.0x80.0
13:46:02.288 [FXGL Background Thread 1 ] DEBUG AssetLoaderService   - Loading from cache: /assets/textures/right.png@80.0x80.0
13:46:02.289 [FXGL Background Thread 1 ] DEBUG AssetLoaderService   - Loading from cache: /assets/textures/left.png@80.0x80.0
13:46:02.289 [FXGL Background Thread 1 ] DEBUG AssetLoaderService   - Loading from cache: /assets/textures/platform.png@80.0x80.0
13:46:02.289 [FXGL Background Thread 1 ] DEBUG AssetLoaderService   - Loading from cache: /assets/textures/platform.png@80.0x80.0
13:46:02.290 [FXGL Background Thread 1 ] DEBUG AssetLoaderService   - Loading from cache: /assets/textures/platform.png@80.0x80.0
13:46:02.290 [FXGL Background Thread 1 ] DEBUG AssetLoaderService   - Loading from cache: /assets/textures/right.png@80.0x80.0
13:46:02.290 [FXGL Background Thread 1 ] DEBUG AssetLoaderService   - Loading from cache: /assets/textures/left.png@80.0x80.0
13:46:02.291 [FXGL Background Thread 1 ] DEBUG AssetLoaderService   - Loading from cache: /assets/textures/right.png@80.0x80.0
13:46:02.291 [FXGL Background Thread 1 ] DEBUG AssetLoaderService   - Loading from cache: /assets/textures/left.png@80.0x80.0
13:46:02.291 [FXGL Background Thread 1 ] DEBUG AssetLoaderService   - Loading from cache: /assets/textures/platform.png@80.0x80.0
13:46:02.291 [FXGL Background Thread 1 ] DEBUG AssetLoaderService   - Loading from cache: /assets/textures/platform.png@80.0x80.0
13:46:02.292 [FXGL Background Thread 1 ] DEBUG AssetLoaderService   - Loading from cache: /assets/textures/platform.png@80.0x80.0
13:46:02.292 [FXGL Background Thread 1 ] DEBUG AssetLoaderService   - Loading from cache: /assets/textures/platform.png@80.0x80.0
13:46:02.292 [FXGL Background Thread 1 ] DEBUG AssetLoaderService   - Loading from cache: /assets/textures/right.png@80.0x80.0
13:46:02.293 [FXGL Background Thread 1 ] DEBUG AssetLoaderService   - Loading from cache: /assets/textures/left.png@80.0x80.0
13:46:02.293 [FXGL Background Thread 1 ] DEBUG AssetLoaderService   - Loading from cache: /assets/textures/platform.png@80.0x80.0
13:46:02.293 [FXGL Background Thread 1 ] DEBUG AssetLoaderService   - Loading from cache: /assets/textures/platform.png@80.0x80.0
13:46:02.293 [FXGL Background Thread 1 ] DEBUG AssetLoaderService   - Loading from cache: /assets/textures/right.png@80.0x80.0
13:46:02.294 [FXGL Background Thread 1 ] DEBUG AssetLoaderService   - Loading from cache: /assets/textures/left.png@80.0x80.0
13:46:02.294 [FXGL Background Thread 1 ] DEBUG AssetLoaderService   - Loading from cache: /assets/textures/right.png@80.0x80.0
13:46:02.294 [FXGL Background Thread 1 ] DEBUG AssetLoaderService   - Loading from cache: /assets/textures/left.png@80.0x80.0
13:46:02.295 [FXGL Background Thread 1 ] DEBUG AssetLoaderService   - Loading from cache: /assets/textures/right.png@80.0x80.0
13:46:02.295 [FXGL Background Thread 1 ] DEBUG AssetLoaderService   - Loading from cache: /assets/textures/left.png@80.0x80.0
13:46:02.295 [FXGL Background Thread 1 ] DEBUG AssetLoaderService   - Loading from cache: /assets/textures/platform.png@80.0x80.0
13:46:02.295 [FXGL Background Thread 1 ] DEBUG AssetLoaderService   - Loading from cache: /assets/textures/platform.png@80.0x80.0
13:46:02.296 [FXGL Background Thread 1 ] DEBUG AssetLoaderService   - Loading from cache: /assets/textures/right.png@80.0x80.0
13:46:02.296 [FXGL Background Thread 1 ] DEBUG AssetLoaderService   - Loading from cache: /assets/textures/left.png@80.0x80.0
13:46:02.296 [FXGL Background Thread 1 ] DEBUG AssetLoaderService   - Loading from cache: /assets/textures/right.png@80.0x80.0
13:46:02.296 [FXGL Background Thread 1 ] DEBUG AssetLoaderService   - Loading from cache: /assets/textures/left.png@80.0x80.0
13:46:02.297 [FXGL Background Thread 1 ] DEBUG AssetLoaderService   - Loading from cache: /assets/textures/platform.png@80.0x80.0
13:46:02.297 [FXGL Background Thread 1 ] DEBUG AssetLoaderService   - Loading from cache: /assets/textures/platform.png@80.0x80.0
13:46:02.298 [FXGL Background Thread 1 ] DEBUG AssetLoaderService   - Loading from cache: /assets/textures/platform.png@80.0x80.0
13:46:02.298 [FXGL Background Thread 1 ] DEBUG AssetLoaderService   - Loading from cache: /assets/textures/right.png@80.0x80.0
13:46:02.298 [FXGL Background Thread 1 ] DEBUG AssetLoaderService   - Loading from cache: /assets/textures/left.png@80.0x80.0
13:46:02.298 [FXGL Background Thread 1 ] DEBUG AssetLoaderService   - Loading from cache: /assets/textures/right.png@80.0x80.0
13:46:02.299 [FXGL Background Thread 1 ] DEBUG AssetLoaderService   - Loading from cache: /assets/textures/left.png@80.0x80.0
13:46:02.299 [FXGL Background Thread 1 ] DEBUG AssetLoaderService   - Loading from cache: /assets/textures/right.png@80.0x80.0
13:46:02.299 [FXGL Background Thread 1 ] DEBUG AssetLoaderService   - Loading from cache: /assets/textures/left.png@80.0x80.0
13:46:02.300 [FXGL Background Thread 1 ] DEBUG AssetLoaderService   - Loading from cache: /assets/textures/platform.png@80.0x80.0
13:46:02.300 [FXGL Background Thread 1 ] DEBUG AssetLoaderService   - Loading from cache: /assets/textures/platform.png@80.0x80.0
13:46:02.300 [FXGL Background Thread 1 ] DEBUG AssetLoaderService   - Loading from cache: /assets/textures/platform.png@80.0x80.0
13:46:02.300 [FXGL Background Thread 1 ] DEBUG AssetLoaderService   - Loading from cache: /assets/textures/platform.png@80.0x80.0
13:46:02.301 [FXGL Background Thread 1 ] DEBUG AssetLoaderService   - Loading from cache: /assets/textures/right.png@80.0x80.0
13:46:02.301 [FXGL Background Thread 1 ] DEBUG AssetLoaderService   - Loading from cache: /assets/textures/left.png@80.0x80.0
13:46:02.301 [FXGL Background Thread 1 ] DEBUG AssetLoaderService   - Loading from cache: /assets/textures/right.png@80.0x80.0
13:46:02.301 [FXGL Background Thread 1 ] DEBUG AssetLoaderService   - Loading from cache: /assets/textures/left.png@80.0x80.0
13:46:02.302 [FXGL Background Thread 1 ] DEBUG AssetLoaderService   - Loading from cache: /assets/textures/right.png@80.0x80.0
13:46:02.302 [FXGL Background Thread 1 ] DEBUG AssetLoaderService   - Loading from cache: /assets/textures/left.png@80.0x80.0
13:46:02.303 [FXGL Background Thread 1 ] DEBUG AssetLoaderService   - Loading from cache: /assets/textures/platform.png@80.0x80.0
13:46:02.304 [FXGL Background Thread 1 ] DEBUG AssetLoaderService   - Loading from cache: /assets/textures/platform.png@80.0x80.0
13:46:02.304 [FXGL Background Thread 1 ] DEBUG AssetLoaderService   - Loading from cache: /assets/textures/platform.png@80.0x80.0
13:46:02.305 [FXGL Background Thread 1 ] DEBUG AssetLoaderService   - Loading from cache: /assets/textures/right.png@80.0x80.0
13:46:02.305 [FXGL Background Thread 1 ] DEBUG AssetLoaderService   - Loading from cache: /assets/textures/left.png@80.0x80.0
13:46:02.305 [FXGL Background Thread 1 ] DEBUG AssetLoaderService   - Loading from cache: /assets/textures/right.png@80.0x80.0
13:46:02.305 [FXGL Background Thread 1 ] DEBUG AssetLoaderService   - Loading from cache: /assets/textures/left.png@80.0x80.0
13:46:02.306 [FXGL Background Thread 1 ] DEBUG AssetLoaderService   - Loading from cache: /assets/textures/right.png@80.0x80.0
13:46:02.306 [FXGL Background Thread 1 ] DEBUG AssetLoaderService   - Loading from cache: /assets/textures/left.png@80.0x80.0
13:46:02.307 [FXGL Background Thread 1 ] DEBUG AssetLoaderService   - Loading from cache: /assets/textures/platform.png@80.0x80.0
13:46:02.307 [FXGL Background Thread 1 ] DEBUG AssetLoaderService   - Loading from cache: /assets/textures/platform.png@80.0x80.0
13:46:02.308 [FXGL Background Thread 1 ] DEBUG AssetLoaderService   - Loading from cache: /assets/textures/platform.png@80.0x80.0
13:46:02.308 [FXGL Background Thread 1 ] DEBUG AssetLoaderService   - Loading from cache: /assets/textures/platform.png@80.0x80.0
13:46:02.308 [FXGL Background Thread 1 ] DEBUG AssetLoaderService   - Loading from cache: /assets/textures/right.png@80.0x80.0
13:46:02.309 [FXGL Background Thread 1 ] DEBUG AssetLoaderService   - Loading from cache: /assets/textures/left.png@80.0x80.0
13:46:02.309 [FXGL Background Thread 1 ] DEBUG AssetLoaderService   - Loading from cache: /assets/textures/right.png@80.0x80.0
13:46:02.309 [FXGL Background Thread 1 ] DEBUG AssetLoaderService   - Loading from cache: /assets/textures/left.png@80.0x80.0
13:46:02.309 [FXGL Background Thread 1 ] DEBUG AssetLoaderService   - Loading from cache: /assets/textures/right.png@80.0x80.0
13:46:02.310 [FXGL Background Thread 1 ] DEBUG AssetLoaderService   - Loading from cache: /assets/textures/left.png@80.0x80.0
13:46:02.310 [FXGL Background Thread 1 ] DEBUG AssetLoaderService   - Loading from cache: /assets/textures/platform.png@80.0x80.0
13:46:02.310 [FXGL Background Thread 1 ] DEBUG AssetLoaderService   - Loading from cache: /assets/textures/platform.png@80.0x80.0
13:46:02.310 [FXGL Background Thread 1 ] DEBUG AssetLoaderService   - Loading from cache: /assets/textures/platform.png@80.0x80.0
13:46:02.311 [FXGL Background Thread 1 ] DEBUG AssetLoaderService   - Loading from cache: /assets/textures/platform.png@80.0x80.0
13:46:02.311 [FXGL Background Thread 1 ] DEBUG AssetLoaderService   - Loading from cache: /assets/textures/platform.png@80.0x80.0
13:46:02.311 [FXGL Background Thread 1 ] DEBUG AssetLoaderService   - Loading from cache: /assets/textures/right.png@80.0x80.0
13:46:02.311 [FXGL Background Thread 1 ] DEBUG AssetLoaderService   - Loading from cache: /assets/textures/left.png@80.0x80.0
13:46:02.312 [FXGL Background Thread 1 ] DEBUG AssetLoaderService   - Loading from cache: /assets/textures/right.png@80.0x80.0
13:46:02.312 [FXGL Background Thread 1 ] DEBUG AssetLoaderService   - Loading from cache: /assets/textures/left.png@80.0x80.0
13:46:02.312 [FXGL Background Thread 1 ] DEBUG AssetLoaderService   - Loading from cache: /assets/textures/right.png@80.0x80.0
13:46:02.313 [FXGL Background Thread 1 ] DEBUG AssetLoaderService   - Loading from cache: /assets/textures/left.png@80.0x80.0
13:46:02.313 [FXGL Background Thread 1 ] DEBUG AssetLoaderService   - Loading from cache: /assets/textures/platform.png@80.0x80.0
13:46:02.313 [FXGL Background Thread 1 ] DEBUG AssetLoaderService   - Loading from cache: /assets/textures/platform.png@80.0x80.0
13:46:02.313 [FXGL Background Thread 1 ] DEBUG AssetLoaderService   - Loading from cache: /assets/textures/platform.png@80.0x80.0
13:46:02.314 [FXGL Background Thread 1 ] DEBUG AssetLoaderService   - Loading from cache: /assets/textures/platform.png@80.0x80.0
13:46:02.314 [FXGL Background Thread 1 ] DEBUG AssetLoaderService   - Loading from cache: /assets/textures/platform.png@80.0x80.0
13:46:02.314 [FXGL Background Thread 1 ] DEBUG AssetLoaderService   - Loading from cache: /assets/textures/platform.png@80.0x80.0
13:46:02.314 [FXGL Background Thread 1 ] DEBUG AssetLoaderService   - Loading from cache: /assets/textures/platform.png@80.0x80.0
13:46:02.315 [FXGL Background Thread 1 ] DEBUG AssetLoaderService   - Loading from cache: /assets/textures/platform.png@80.0x80.0
13:46:02.315 [FXGL Background Thread 1 ] DEBUG AssetLoaderService   - Loading from cache: /assets/textures/right.png@80.0x80.0
13:46:02.315 [FXGL Background Thread 1 ] DEBUG AssetLoaderService   - Loading from cache: /assets/textures/left.png@80.0x80.0
13:46:02.315 [FXGL Background Thread 1 ] DEBUG AssetLoaderService   - Loading from cache: /assets/textures/right.png@80.0x80.0
13:46:02.316 [FXGL Background Thread 1 ] DEBUG AssetLoaderService   - Loading from cache: /assets/textures/left.png@80.0x80.0
13:46:02.316 [FXGL Background Thread 1 ] DEBUG AssetLoaderService   - Loading from cache: /assets/textures/right.png@80.0x80.0
13:46:02.316 [FXGL Background Thread 1 ] DEBUG AssetLoaderService   - Loading from file system: /assets/textures/floor.png
13:46:02.318 [FXGL Background Thread 1 ] DEBUG AssetLoaderService   - Loading from cache: /assets/textures/floor.png@80.0x80.0
13:46:02.319 [FXGL Background Thread 1 ] DEBUG AssetLoaderService   - Loading from cache: /assets/textures/floor.png@80.0x80.0
13:46:02.320 [FXGL Background Thread 1 ] DEBUG AssetLoaderService   - Loading from cache: /assets/textures/floor.png@80.0x80.0
13:46:02.320 [FXGL Background Thread 1 ] DEBUG AssetLoaderService   - Loading from cache: /assets/textures/floor.png@80.0x80.0
13:46:02.321 [FXGL Background Thread 1 ] DEBUG AssetLoaderService   - Loading from cache: /assets/textures/floor.png@80.0x80.0
13:46:02.321 [FXGL Background Thread 1 ] DEBUG AssetLoaderService   - Loading from cache: /assets/textures/floor.png@80.0x80.0
13:46:02.322 [FXGL Background Thread 1 ] DEBUG AssetLoaderService   - Loading from cache: /assets/textures/floor.png@80.0x80.0
13:46:02.322 [FXGL Background Thread 1 ] DEBUG AssetLoaderService   - Loading from cache: /assets/textures/floor.png@80.0x80.0
13:46:02.322 [FXGL Background Thread 1 ] DEBUG AssetLoaderService   - Loading from cache: /assets/textures/floor.png@80.0x80.0
13:46:02.322 [FXGL Background Thread 1 ] DEBUG AssetLoaderService   - Loading from cache: /assets/textures/floor.png@80.0x80.0
13:46:02.323 [FXGL Background Thread 1 ] DEBUG AssetLoaderService   - Loading from cache: /assets/textures/floor.png@80.0x80.0
13:46:02.323 [FXGL Background Thread 1 ] DEBUG AssetLoaderService   - Loading from cache: /assets/textures/floor.png@80.0x80.0
13:46:02.323 [FXGL Background Thread 1 ] DEBUG AssetLoaderService   - Loading from cache: /assets/textures/floor.png@80.0x80.0
13:46:02.328 [FXGL Background Thread 1 ] DEBUG AssetLoaderService   - Loading from cache: /assets/textures/floor.png@80.0x80.0
13:46:02.329 [FXGL Background Thread 1 ] DEBUG GameWorld            - Clearing removable entities
13:46:02.329 [FXGL Background Thread 1 ] DEBUG GameWorld            - Setting level: com.almasb.fxgl.entity.level.Level@30b93a33
13:46:02.358 [FXGL Background Thread 1 ] DEBUG AssetLoaderService   - Loading from file system: /assets/textures/background.png
13:46:02.513 [FXGL Background Thread 1 ] DEBUG AssetLoaderService   - Loading from file system: /assets/textures/player.png
13:46:02.516 [FXGL Background Thread 1 ] DEBUG AssetLoaderService   - Loading from file system: /assets/textures/gun.png
13:46:02.520 [FXGL Background Thread 1 ] INFO  GameApplication      - Game initialization took: 0.349 sec
13:46:02.521 [JavaFX Application Thread] DEBUG Input                - Clearing active input actions
13:46:02.562 [JavaFX Application Thread] DEBUG WindowService        - Removing overlay from FXGLLoadingScene and adding to GameScene
13:46:02.562 [JavaFX Application Thread] DEBUG MainWindow           - FXGLLoadingScene -> GameScene
13:46:04.171 [JavaFX Application Thread] DEBUG AssetLoaderService   - Loading from file system: /assets/sounds/shotgun2.wav
13:46:04.986 [JavaFX Application Thread] DEBUG AssetLoaderService   - Loading from cache: /assets/sounds/shotgun2.wav
13:46:05.074 [FXGL Background Thread 2 ] DEBUG Engine               - Logging environment variables
13:46:05.074 [FXGL Background Thread 2 ] DEBUG Engine               - achievements: []
13:46:05.074 [FXGL Background Thread 2 ] DEBUG Engine               - language: ObjectProperty [value: ENGLISH]
13:46:05.074 [FXGL Background Thread 2 ] DEBUG Engine               - isCloseConfirmation: false
13:46:05.074 [FXGL Background Thread 2 ] DEBUG Engine               - isProfilingEnabled: false
13:46:05.074 [FXGL Background Thread 2 ] DEBUG Engine               - soundNotification: core/notification.wav
13:46:05.074 [FXGL Background Thread 2 ] DEBUG Engine               - devShowBBoxProperty: BooleanProperty [value: false]
13:46:05.074 [FXGL Background Thread 2 ] DEBUG Engine               - pixelsPerMeter: 50.0
13:46:05.074 [FXGL Background Thread 2 ] DEBUG Engine               - appIcon: fxgl_icon.png
13:46:05.074 [FXGL Background Thread 2 ] DEBUG Engine               - soundMenuBack: menu/back.wav
13:46:05.074 [FXGL Background Thread 2 ] DEBUG Engine               - isFullScreenAllowed: false
13:46:05.074 [FXGL Background Thread 2 ] DEBUG Engine               - isIntroEnabled: false
13:46:05.074 [FXGL Background Thread 2 ] DEBUG Engine               - fontMono: lucida_console.ttf
13:46:05.074 [FXGL Background Thread 2 ] DEBUG Engine               - soundMenuSelect: menu/select.wav
13:46:05.074 [FXGL Background Thread 2 ] DEBUG Engine               - isWindows: true
13:46:05.074 [FXGL Background Thread 2 ] DEBUG Engine               - isMobile: false
13:46:05.074 [FXGL Background Thread 2 ] DEBUG Engine               - isUserProfileEnabled: false
13:46:05.074 [FXGL Background Thread 2 ] DEBUG Engine               - height: 1200
13:46:05.075 [FXGL Background Thread 2 ] DEBUG Engine               - isExperimentalNative: false
13:46:05.075 [FXGL Background Thread 2 ] DEBUG Engine               - settings: Title: BlasterBoy
Version: 1.0
Width: 1200
Height: 1200
Fullscreen: false
Intro: false
Menus: false
Profiling: false
Single step:false
App Mode: DEVELOPER
Menu Key: ESCAPE
Stage Style: DECORATED
Scene Factory: class com.almasb.fxgl.app.scene.SceneFactory

13:46:05.075 [FXGL Background Thread 2 ] DEBUG Engine               - isSingleStep: false
13:46:05.075 [FXGL Background Thread 2 ] DEBUG Engine               - cSSList: [fxgl_dark.css]
13:46:05.075 [FXGL Background Thread 2 ] DEBUG Engine               - fontGame: Abel-Regular.ttf
13:46:05.075 [FXGL Background Thread 2 ] DEBUG Engine               - menuKey: ESCAPE
13:46:05.075 [FXGL Background Thread 2 ] DEBUG Engine               - devShowPositionProperty: BooleanProperty [value: false]
13:46:05.075 [FXGL Background Thread 2 ] DEBUG Engine               - versionCheckDays: 7
13:46:05.075 [FXGL Background Thread 2 ] DEBUG Engine               - configClass: Optional.empty
13:46:05.075 [FXGL Background Thread 2 ] DEBUG Engine               - isFullScreenFromStart: false
13:46:05.075 [FXGL Background Thread 2 ] DEBUG Engine               - version: 1.0
13:46:05.075 [FXGL Background Thread 2 ] DEBUG Engine               - fullScreen: BooleanProperty [value: false]
13:46:05.075 [FXGL Background Thread 2 ] DEBUG Engine               - randomSeed: -1
13:46:05.075 [FXGL Background Thread 2 ] DEBUG Engine               - gameDifficultyProperty: ObjectProperty [value: MEDIUM]
13:46:05.075 [FXGL Background Thread 2 ] DEBUG Engine               - applicationMode: DEVELOPER
13:46:05.075 [FXGL Background Thread 2 ] DEBUG Engine               - isMac: false
13:46:05.075 [FXGL Background Thread 2 ] DEBUG Engine               - isMenuEnabled: false
13:46:05.075 [FXGL Background Thread 2 ] DEBUG Engine               - urlPOM: https://raw.githubusercontent.com/AlmasB/FXGL/master/pom.xml
13:46:05.075 [FXGL Background Thread 2 ] DEBUG Engine               - profileName: StringProperty [value: DEFAULT]
13:46:05.075 [FXGL Background Thread 2 ] DEBUG Engine               - notificationViewClass: class com.almasb.fxgl.notification.view.XboxNotificationView
13:46:05.075 [FXGL Background Thread 2 ] DEBUG Engine               - devSensorColorProperty: ObjectProperty [value: 0xffff00ff]
13:46:05.075 [FXGL Background Thread 2 ] DEBUG Engine               - sceneFactory: com.almasb.fxgl.app.scene.SceneFactory@17818024
13:46:05.076 [FXGL Background Thread 2 ] DEBUG Engine               - stageStyle: DECORATED
13:46:05.076 [FXGL Background Thread 2 ] DEBUG Engine               - isManualResizeEnabled: false
13:46:05.076 [FXGL Background Thread 2 ] DEBUG Engine               - title: BlasterBoy
13:46:05.076 [FXGL Background Thread 2 ] DEBUG Engine               - platform: WINDOWS
13:46:05.076 [FXGL Background Thread 2 ] DEBUG Engine               - devBBoxColorProperty: ObjectProperty [value: 0xff0000ff]
13:46:05.076 [FXGL Background Thread 2 ] DEBUG Engine               - gameDifficulty: MEDIUM
13:46:05.076 [FXGL Background Thread 2 ] DEBUG Engine               - isDesktop: true
13:46:05.076 [FXGL Background Thread 2 ] DEBUG Engine               - supportedLanguages: [ENGLISH, FRENCH, GERMAN, HUNGARIAN, RUSSIAN]
13:46:05.076 [FXGL Background Thread 2 ] DEBUG Engine               - credits: []
13:46:05.076 [FXGL Background Thread 2 ] DEBUG Engine               - globalMusicVolumeProperty: DoubleProperty [value: 0.5]
13:46:05.076 [FXGL Background Thread 2 ] DEBUG Engine               - isPreserveResizeRatio: false
13:46:05.076 [FXGL Background Thread 2 ] DEBUG Engine               - fontText: Courier-Prime.ttf
13:46:05.076 [FXGL Background Thread 2 ] DEBUG Engine               - isExperimentalTiledLargeMap: false
13:46:05.076 [FXGL Background Thread 2 ] DEBUG Engine               - secondsIn24h: 60
13:46:05.076 [FXGL Background Thread 2 ] DEBUG Engine               - runtimeInfo: RuntimeInfo(platform=WINDOWS, version=11.8, build=08.03.2020 09.09)
13:46:05.077 [FXGL Background Thread 2 ] DEBUG Engine               - isLinux: false
13:46:05.077 [FXGL Background Thread 2 ] DEBUG Engine               - soundMenuPress: menu/press.wav
13:46:05.077 [FXGL Background Thread 2 ] DEBUG Engine               - urlGithub: https://github.com/AlmasB/FXGL
13:46:05.077 [FXGL Background Thread 2 ] DEBUG Engine               - profileDir: profiles/
13:46:05.077 [FXGL Background Thread 2 ] DEBUG Engine               - isDeveloperMenuEnabled: false
13:46:05.077 [FXGL Background Thread 2 ] DEBUG Engine               - globalSoundVolumeProperty: DoubleProperty [value: 0.5]
13:46:05.077 [FXGL Background Thread 2 ] DEBUG Engine               - mainWindow: com.almasb.fxgl.app.MainWindow@13be060c
13:46:05.077 [FXGL Background Thread 2 ] DEBUG Engine               - isBrowser: false
13:46:05.077 [FXGL Background Thread 2 ] DEBUG Engine               - globalSoundVolume: 0.5
13:46:05.077 [FXGL Background Thread 2 ] DEBUG Engine               - urlLeaderboard: http://fxgl-top.herokuapp.com/
13:46:05.077 [FXGL Background Thread 2 ] DEBUG Engine               - engineServices: [class com.almasb.fxgl.app.GameApplication$GameApplicationService, class com.almasb.fxgl.app.services.WindowService, class com.almasb.fxgl.app.services.FXGLDialogService, class com.almasb.fxgl.app.services.IOTaskExecutorService, class com.almasb.fxgl.event.EventBusService, class com.almasb.fxgl.io.FileSystemService, class com.almasb.fxgl.localization.LocalizationService, class com.almasb.fxgl.app.services.AssetLoaderService, class com.almasb.fxgl.app.services.SystemBundleService, class com.almasb.fxgl.profile.SaveLoadService, class com.almasb.fxgl.ui.FXGLUIFactoryServiceProvider, class com.almasb.fxgl.ui.FXGLDialogFactoryServiceProvider, class com.almasb.fxgl.audio.AudioPlayer, class com.almasb.fxgl.notification.impl.NotificationServiceProvider, class com.almasb.fxgl.achievement.AchievementService, class com.almasb.fxgl.cutscene.CutsceneService, class com.almasb.fxgl.minigames.MiniGameService, class com.almasb.fxgl.net.NetService, class com.almasb.fxgl.app.services.UpdaterService]
13:46:05.077 [FXGL Background Thread 2 ] DEBUG Engine               - globalMusicVolume: 0.5
13:46:05.077 [FXGL Background Thread 2 ] DEBUG Engine               - width: 1200
13:46:05.077 [FXGL Background Thread 2 ] DEBUG Engine               - saveFileExt: sav
13:46:05.077 [FXGL Background Thread 2 ] DEBUG Engine               - isAndroid: false
13:46:05.077 [FXGL Background Thread 2 ] DEBUG Engine               - fontUI: VarelaRound-Regular.ttf
13:46:05.077 [FXGL Background Thread 2 ] DEBUG Engine               - enabledMenuItems: []
13:46:05.077 [FXGL Background Thread 2 ] DEBUG Engine               - isIOS: false
13:46:05.078 [FXGL Background Thread 2 ] DEBUG Engine               - Logging services
13:46:05.078 [FXGL Background Thread 2 ] DEBUG Engine               - class com.almasb.fxgl.app.GameApplication$GameApplicationService
13:46:05.078 [FXGL Background Thread 2 ] DEBUG Engine               - class com.almasb.fxgl.app.services.WindowService
13:46:05.078 [FXGL Background Thread 2 ] DEBUG Engine               - class com.almasb.fxgl.app.services.FXGLDialogService
13:46:05.078 [FXGL Background Thread 2 ] DEBUG Engine               - class com.almasb.fxgl.app.services.IOTaskExecutorService
13:46:05.078 [FXGL Background Thread 2 ] DEBUG Engine               - class com.almasb.fxgl.event.EventBusService
13:46:05.078 [FXGL Background Thread 2 ] DEBUG Engine               - class com.almasb.fxgl.io.FileSystemService
13:46:05.078 [FXGL Background Thread 2 ] DEBUG Engine               - class com.almasb.fxgl.localization.LocalizationService
13:46:05.078 [FXGL Background Thread 2 ] DEBUG Engine               - class com.almasb.fxgl.app.services.AssetLoaderService
13:46:05.078 [FXGL Background Thread 2 ] DEBUG Engine               - class com.almasb.fxgl.app.services.SystemBundleService
13:46:05.078 [FXGL Background Thread 2 ] DEBUG Engine               - class com.almasb.fxgl.profile.SaveLoadService
13:46:05.078 [FXGL Background Thread 2 ] DEBUG Engine               - class com.almasb.fxgl.ui.FXGLUIFactoryServiceProvider
13:46:05.078 [FXGL Background Thread 2 ] DEBUG Engine               - class com.almasb.fxgl.ui.FXGLDialogFactoryServiceProvider
13:46:05.078 [FXGL Background Thread 2 ] DEBUG Engine               - class com.almasb.fxgl.audio.AudioPlayer
13:46:05.078 [FXGL Background Thread 2 ] DEBUG Engine               - class com.almasb.fxgl.notification.impl.NotificationServiceProvider
13:46:05.078 [FXGL Background Thread 2 ] DEBUG Engine               - class com.almasb.fxgl.achievement.AchievementService
13:46:05.078 [FXGL Background Thread 2 ] DEBUG Engine               - class com.almasb.fxgl.cutscene.CutsceneService
13:46:05.078 [FXGL Background Thread 2 ] DEBUG Engine               - class com.almasb.fxgl.minigames.MiniGameService
13:46:05.078 [FXGL Background Thread 2 ] DEBUG Engine               - class com.almasb.fxgl.net.NetService
13:46:05.078 [FXGL Background Thread 2 ] DEBUG Engine               - class com.almasb.fxgl.app.services.UpdaterService
13:46:13.979 [JavaFX Application Thread] DEBUG GameApplication      - Exiting FXGL
13:46:13.980 [JavaFX Application Thread] DEBUG LoopRunner           - Stopping loop
13:46:13.980 [JavaFX Application Thread] DEBUG SystemBundleService  - Saving FXGL system data
13:46:13.981 [JavaFX Application Thread] DEBUG FileSystemAccess     - Writing to: C:\Users\lucas\Downloads\BlasterBoy\system\fxgl.bundle
13:46:13.982 [JavaFX Application Thread] DEBUG GameApplication      - Shutting down background threads
13:46:13.982 [JavaFX Application Thread] DEBUG GameApplication      - Closing logger and exiting JavaFX
