13:03:06.692 [AWT-EventQueue-0         ] DEBUG GameApplication      - Logger initialized
13:03:06.694 [AWT-EventQueue-0         ] DEBUG GameApplication      - Logging settings
Title: BlasterBoy
Version: 0.1
Width: 1200
Height: 1200
Fullscreen: false
Intro: false
Menus: false
Profiling: false
Single step:false
App Mode: DEVELOPER
Menu Key: ESCAPE
Stage Style: DECORATED
Scene Factory: class com.almasb.fxgl.app.scene.SceneFactory

13:03:06.980 [JavaFX Application Thread] DEBUG GameApplication      - Initializing FXGL
13:03:06.988 [JavaFX Application Thread] INFO  Engine               - FXGL-11.8 (08.03.2020 09.09) on WINDOWS (J:14.0.1 FX:13.0.2)
13:03:06.989 [JavaFX Application Thread] INFO  Engine               - Source code and latest versions at: https://github.com/AlmasB/FXGL
13:03:06.989 [JavaFX Application Thread] INFO  Engine               -              Join the FXGL chat at: https://gitter.im/AlmasB/FXGL
13:03:07.081 [JavaFX Application Thread] DEBUG MainWindow           - Creating a JavaFX scene
13:03:07.122 [JavaFX Application Thread] DEBUG MainWindow           - Target settings size: 1200.0 x 1200.0
13:03:07.122 [JavaFX Application Thread] DEBUG MainWindow           - Scaled scene size:    1200.0 x 1200.0
13:03:07.122 [JavaFX Application Thread] DEBUG MainWindow           - Scaled ratio: (1.0, 1.0)
13:03:07.124 [JavaFX Application Thread] DEBUG MainWindow           - Set initial scene to FXGLStartupScene
13:03:07.128 [JavaFX Application Thread] DEBUG MainWindow           - Opening main window
13:03:07.175 [JavaFX Application Thread] DEBUG MainWindow           - Window border size: (16.0, 39.0)
13:03:07.175 [JavaFX Application Thread] DEBUG MainWindow           - Scaled size: 1200.0 x 1200.0
13:03:07.176 [JavaFX Application Thread] DEBUG MainWindow           - Scaled ratio: (1.0, 1.0)
13:03:07.176 [JavaFX Application Thread] DEBUG MainWindow           - Scene size: 1200.0 x 1200.0
13:03:07.176 [JavaFX Application Thread] DEBUG MainWindow           - Stage size: 1216.0 x 1239.0
13:03:07.181 [FXGL Background Thread 1 ] DEBUG Engine               - Initializing environment variables
13:03:07.206 [FXGL Background Thread 1 ] DEBUG WindowService        - Applying CSS: fxgl_dark.css
13:03:07.207 [FXGL Background Thread 1 ] DEBUG AssetLoaderService   - Loading from file system: /assets/ui/css/fxgl_dark.css
13:03:07.243 [FXGL Background Thread 1 ] DEBUG WindowService        - Initializing application scenes
13:03:07.275 [FXGL Background Thread 1 ] DEBUG GameWorld            - Game world initialized
13:03:07.319 [FXGL Background Thread 1 ] DEBUG PhysicsWorld         - Physics world initialized: appHeight=1200, physics.ppm=50.0
13:03:07.321 [FXGL Background Thread 1 ] DEBUG GameScene            - Game scene initialized: 1200x1200
13:03:07.327 [FXGL Background Thread 1 ] DEBUG Input                - Registered new binding: Resume - Esc
13:03:07.331 [FXGL Background Thread 1 ] DEBUG AssetLoaderService   - Loading from file system: /assets/textures/pause_menu_bg.png
13:03:07.370 [FXGL Background Thread 1 ] DEBUG Input                - Registered new binding: Pause - Esc
13:03:07.370 [FXGL Background Thread 1 ] DEBUG WindowService        - Application scenes initialized
13:03:07.379 [FXGL Background Thread 1 ] DEBUG SystemBundleService  - Loading FXGL system data
13:03:07.382 [FXGL Background Thread 1 ] DEBUG FileSystemAccess     - Reading from: C:\Users\lucas\IdeaProjects\BlasterBoy\system\fxgl.bundle
13:03:07.386 [FXGL Background Thread 1 ] DEBUG SystemBundleService  - Bundle FXGL: {}
13:03:07.387 [FXGL Background Thread 1 ] INFO  Engine               - FXGL initialization took: 0.204 sec
13:03:07.388 [FXGL Background Thread 1 ] DEBUG GameApplication      - Loading localizations
13:03:07.389 [FXGL Background Thread 1 ] DEBUG AssetLoaderService   - Loading from file system: /assets/properties/languages/english.properties
13:03:07.390 [FXGL Background Thread 1 ] DEBUG AssetLoaderService   - Loading from file system: /assets/properties/languages/french.properties
13:03:07.390 [FXGL Background Thread 1 ] DEBUG AssetLoaderService   - Loading from file system: /assets/properties/languages/german.properties
13:03:07.392 [FXGL Background Thread 1 ] DEBUG AssetLoaderService   - Loading from file system: /assets/properties/languages/hungarian.properties
13:03:07.393 [FXGL Background Thread 1 ] DEBUG AssetLoaderService   - Loading from file system: /assets/properties/languages/russian.properties
13:03:07.394 [FXGL Background Thread 1 ] DEBUG GameApplication      - Registering font factories with UI factory
13:03:07.394 [FXGL Background Thread 1 ] DEBUG AssetLoaderService   - Loading from file system: /assets/ui/fonts/VarelaRound-Regular.ttf
13:03:07.437 [FXGL Background Thread 1 ] DEBUG AssetLoaderService   - Loading from file system: /assets/ui/fonts/Abel-Regular.ttf
13:03:07.439 [FXGL Background Thread 1 ] DEBUG AssetLoaderService   - Loading from file system: /assets/ui/fonts/lucida_console.ttf
13:03:07.444 [FXGL Background Thread 1 ] DEBUG AssetLoaderService   - Loading from file system: /assets/ui/fonts/Courier-Prime.ttf
13:03:07.448 [JavaFX Application Thread] DEBUG Input                - Registered new binding: Launch - Space
13:03:07.448 [JavaFX Application Thread] DEBUG AssetLoaderService   - Loading from file system: /assets/textures/fxgl_icon.png
13:03:07.462 [JavaFX Application Thread] DEBUG AssetLoaderService   - Loading from file system: /assets/ui/cursors/fxgl_default.png
13:03:07.464 [JavaFX Application Thread] DEBUG Input                - Registered new binding: Screenshot - P
13:03:07.465 [JavaFX Application Thread] DEBUG Input                - Registered new binding: System info dump - CTRL+9
13:03:07.465 [JavaFX Application Thread] DEBUG Input                - Registered new binding: Restart - CTRL+R
13:03:07.466 [JavaFX Application Thread] DEBUG LoopRunner           - Starting loop
13:03:07.484 [JavaFX Application Thread] DEBUG FXGLStartupScene     - STARTUP
13:03:07.485 [JavaFX Application Thread] DEBUG WindowService        - Starting new game
13:03:07.487 [JavaFX Application Thread] DEBUG Input                - Clearing active input actions
13:03:07.494 [JavaFX Application Thread] DEBUG WindowService        - Removing overlay from FXGLStartupScene and adding to FXGLLoadingScene
13:03:07.495 [JavaFX Application Thread] DEBUG MainWindow           - FXGLStartupScene -> FXGLLoadingScene
13:03:07.495 [JavaFX Application Thread] DEBUG WindowService        - Clearing previous game
13:03:07.495 [JavaFX Application Thread] DEBUG GameScene            - Clearing game scene
13:03:07.495 [JavaFX Application Thread] DEBUG GameWorld            - Clearing game world
13:03:07.495 [JavaFX Application Thread] DEBUG PhysicsWorld         - Clearing physics world
13:03:07.496 [FXGL Background Thread 1 ] DEBUG GameApplication      - Initializing game
13:03:07.501 [FXGL Background Thread 1 ] DEBUG AssetLoaderService   - Loading from file system: /assets/levels/0.txt
13:03:07.552 [FXGL Background Thread 1 ] DEBUG GameWorld            - Clearing removable entities
13:03:07.552 [FXGL Background Thread 1 ] DEBUG GameWorld            - Setting level: com.almasb.fxgl.entity.level.Level@3b10dafb
13:03:07.577 [FXGL Background Thread 1 ] DEBUG AssetLoaderService   - Loading from file system: /assets/textures/textures/background.png
13:03:07.578 [FXGL Background Thread 1 ] WARN  AssetLoaderService   - Failed to load texture textures/background.png Error: java.lang.IllegalArgumentException: Asset "/assets/textures/textures/background.png" was not found!
13:03:07.618 [FXGL Background Thread 1 ] DEBUG AssetLoaderService   - Loading from file system: /assets/textures/player.png
13:03:07.629 [FXGL Background Thread 1 ] DEBUG AssetLoaderService   - Loading from file system: /assets/textures/gun.png
13:03:07.633 [FXGL Background Thread 1 ] INFO  GameApplication      - Game initialization took: 0.137 sec
13:03:07.633 [JavaFX Application Thread] DEBUG Input                - Clearing active input actions
13:03:07.657 [JavaFX Application Thread] DEBUG WindowService        - Removing overlay from FXGLLoadingScene and adding to GameScene
13:03:07.658 [JavaFX Application Thread] DEBUG MainWindow           - FXGLLoadingScene -> GameScene
13:03:10.389 [FXGL Background Thread 2 ] DEBUG Engine               - Logging environment variables
13:03:10.389 [FXGL Background Thread 2 ] DEBUG Engine               - achievements: []
13:03:10.389 [FXGL Background Thread 2 ] DEBUG Engine               - language: ObjectProperty [value: ENGLISH]
13:03:10.389 [FXGL Background Thread 2 ] DEBUG Engine               - isCloseConfirmation: false
13:03:10.389 [FXGL Background Thread 2 ] DEBUG Engine               - isProfilingEnabled: false
13:03:10.389 [FXGL Background Thread 2 ] DEBUG Engine               - soundNotification: core/notification.wav
13:03:10.389 [FXGL Background Thread 2 ] DEBUG Engine               - devShowBBoxProperty: BooleanProperty [value: false]
13:03:10.389 [FXGL Background Thread 2 ] DEBUG Engine               - pixelsPerMeter: 50.0
13:03:10.389 [FXGL Background Thread 2 ] DEBUG Engine               - appIcon: fxgl_icon.png
13:03:10.389 [FXGL Background Thread 2 ] DEBUG Engine               - soundMenuBack: menu/back.wav
13:03:10.389 [FXGL Background Thread 2 ] DEBUG Engine               - isFullScreenAllowed: false
13:03:10.389 [FXGL Background Thread 2 ] DEBUG Engine               - isIntroEnabled: false
13:03:10.390 [FXGL Background Thread 2 ] DEBUG Engine               - fontMono: lucida_console.ttf
13:03:10.390 [FXGL Background Thread 2 ] DEBUG Engine               - soundMenuSelect: menu/select.wav
13:03:10.390 [FXGL Background Thread 2 ] DEBUG Engine               - isWindows: true
13:03:10.390 [FXGL Background Thread 2 ] DEBUG Engine               - isMobile: false
13:03:10.390 [FXGL Background Thread 2 ] DEBUG Engine               - isUserProfileEnabled: false
13:03:10.390 [FXGL Background Thread 2 ] DEBUG Engine               - height: 1200
13:03:10.390 [FXGL Background Thread 2 ] DEBUG Engine               - isExperimentalNative: false
13:03:10.390 [FXGL Background Thread 2 ] DEBUG Engine               - settings: Title: BlasterBoy
Version: 0.1
Width: 1200
Height: 1200
Fullscreen: false
Intro: false
Menus: false
Profiling: false
Single step:false
App Mode: DEVELOPER
Menu Key: ESCAPE
Stage Style: DECORATED
Scene Factory: class com.almasb.fxgl.app.scene.SceneFactory

13:03:10.390 [FXGL Background Thread 2 ] DEBUG Engine               - isSingleStep: false
13:03:10.390 [FXGL Background Thread 2 ] DEBUG Engine               - cSSList: [fxgl_dark.css]
13:03:10.390 [FXGL Background Thread 2 ] DEBUG Engine               - fontGame: Abel-Regular.ttf
13:03:10.390 [FXGL Background Thread 2 ] DEBUG Engine               - menuKey: ESCAPE
13:03:10.390 [FXGL Background Thread 2 ] DEBUG Engine               - devShowPositionProperty: BooleanProperty [value: false]
13:03:10.390 [FXGL Background Thread 2 ] DEBUG Engine               - versionCheckDays: 7
13:03:10.390 [FXGL Background Thread 2 ] DEBUG Engine               - configClass: Optional.empty
13:03:10.390 [FXGL Background Thread 2 ] DEBUG Engine               - isFullScreenFromStart: false
13:03:10.391 [FXGL Background Thread 2 ] DEBUG Engine               - version: 0.1
13:03:10.391 [FXGL Background Thread 2 ] DEBUG Engine               - fullScreen: BooleanProperty [value: false]
13:03:10.391 [FXGL Background Thread 2 ] DEBUG Engine               - randomSeed: -1
13:03:10.391 [FXGL Background Thread 2 ] DEBUG Engine               - gameDifficultyProperty: ObjectProperty [value: MEDIUM]
13:03:10.391 [FXGL Background Thread 2 ] DEBUG Engine               - applicationMode: DEVELOPER
13:03:10.391 [FXGL Background Thread 2 ] DEBUG Engine               - isMac: false
13:03:10.391 [FXGL Background Thread 2 ] DEBUG Engine               - isMenuEnabled: false
13:03:10.391 [FXGL Background Thread 2 ] DEBUG Engine               - urlPOM: https://raw.githubusercontent.com/AlmasB/FXGL/master/pom.xml
13:03:10.391 [FXGL Background Thread 2 ] DEBUG Engine               - profileName: StringProperty [value: DEFAULT]
13:03:10.391 [FXGL Background Thread 2 ] DEBUG Engine               - notificationViewClass: class com.almasb.fxgl.notification.view.XboxNotificationView
13:03:10.391 [FXGL Background Thread 2 ] DEBUG Engine               - devSensorColorProperty: ObjectProperty [value: 0xffff00ff]
13:03:10.391 [FXGL Background Thread 2 ] DEBUG Engine               - sceneFactory: com.almasb.fxgl.app.scene.SceneFactory@2519828b
13:03:10.391 [FXGL Background Thread 2 ] DEBUG Engine               - stageStyle: DECORATED
13:03:10.391 [FXGL Background Thread 2 ] DEBUG Engine               - isManualResizeEnabled: false
13:03:10.392 [FXGL Background Thread 2 ] DEBUG Engine               - title: BlasterBoy
13:03:10.392 [FXGL Background Thread 2 ] DEBUG Engine               - platform: WINDOWS
13:03:10.392 [FXGL Background Thread 2 ] DEBUG Engine               - devBBoxColorProperty: ObjectProperty [value: 0xff0000ff]
13:03:10.392 [FXGL Background Thread 2 ] DEBUG Engine               - gameDifficulty: MEDIUM
13:03:10.392 [FXGL Background Thread 2 ] DEBUG Engine               - isDesktop: true
13:03:10.392 [FXGL Background Thread 2 ] DEBUG Engine               - supportedLanguages: [ENGLISH, FRENCH, GERMAN, HUNGARIAN, RUSSIAN]
13:03:10.392 [FXGL Background Thread 2 ] DEBUG Engine               - credits: []
13:03:10.392 [FXGL Background Thread 2 ] DEBUG Engine               - globalMusicVolumeProperty: DoubleProperty [value: 0.5]
13:03:10.392 [FXGL Background Thread 2 ] DEBUG Engine               - isPreserveResizeRatio: false
13:03:10.392 [FXGL Background Thread 2 ] DEBUG Engine               - fontText: Courier-Prime.ttf
13:03:10.392 [FXGL Background Thread 2 ] DEBUG Engine               - isExperimentalTiledLargeMap: false
13:03:10.392 [FXGL Background Thread 2 ] DEBUG Engine               - secondsIn24h: 60
13:03:10.392 [FXGL Background Thread 2 ] DEBUG Engine               - runtimeInfo: RuntimeInfo(platform=WINDOWS, version=11.8, build=08.03.2020 09.09)
13:03:10.392 [FXGL Background Thread 2 ] DEBUG Engine               - isLinux: false
13:03:10.392 [FXGL Background Thread 2 ] DEBUG Engine               - soundMenuPress: menu/press.wav
13:03:10.392 [FXGL Background Thread 2 ] DEBUG Engine               - urlGithub: https://github.com/AlmasB/FXGL
13:03:10.393 [FXGL Background Thread 2 ] DEBUG Engine               - profileDir: profiles/
13:03:10.393 [FXGL Background Thread 2 ] DEBUG Engine               - isDeveloperMenuEnabled: false
13:03:10.393 [FXGL Background Thread 2 ] DEBUG Engine               - globalSoundVolumeProperty: DoubleProperty [value: 0.5]
13:03:10.393 [FXGL Background Thread 2 ] DEBUG Engine               - mainWindow: com.almasb.fxgl.app.MainWindow@212612f0
13:03:10.393 [FXGL Background Thread 2 ] DEBUG Engine               - isBrowser: false
13:03:10.393 [FXGL Background Thread 2 ] DEBUG Engine               - globalSoundVolume: 0.5
13:03:10.393 [FXGL Background Thread 2 ] DEBUG Engine               - urlLeaderboard: http://fxgl-top.herokuapp.com/
13:03:10.393 [FXGL Background Thread 2 ] DEBUG Engine               - engineServices: [class com.almasb.fxgl.app.GameApplication$GameApplicationService, class com.almasb.fxgl.app.services.WindowService, class com.almasb.fxgl.app.services.FXGLDialogService, class com.almasb.fxgl.app.services.IOTaskExecutorService, class com.almasb.fxgl.event.EventBusService, class com.almasb.fxgl.io.FileSystemService, class com.almasb.fxgl.localization.LocalizationService, class com.almasb.fxgl.app.services.AssetLoaderService, class com.almasb.fxgl.app.services.SystemBundleService, class com.almasb.fxgl.profile.SaveLoadService, class com.almasb.fxgl.ui.FXGLUIFactoryServiceProvider, class com.almasb.fxgl.ui.FXGLDialogFactoryServiceProvider, class com.almasb.fxgl.audio.AudioPlayer, class com.almasb.fxgl.notification.impl.NotificationServiceProvider, class com.almasb.fxgl.achievement.AchievementService, class com.almasb.fxgl.cutscene.CutsceneService, class com.almasb.fxgl.minigames.MiniGameService, class com.almasb.fxgl.net.NetService, class com.almasb.fxgl.app.services.UpdaterService]
13:03:10.393 [FXGL Background Thread 2 ] DEBUG Engine               - globalMusicVolume: 0.5
13:03:10.393 [FXGL Background Thread 2 ] DEBUG Engine               - width: 1200
13:03:10.393 [FXGL Background Thread 2 ] DEBUG Engine               - saveFileExt: sav
13:03:10.393 [FXGL Background Thread 2 ] DEBUG Engine               - isAndroid: false
13:03:10.393 [FXGL Background Thread 2 ] DEBUG Engine               - fontUI: VarelaRound-Regular.ttf
13:03:10.393 [FXGL Background Thread 2 ] DEBUG Engine               - enabledMenuItems: []
13:03:10.393 [FXGL Background Thread 2 ] DEBUG Engine               - isIOS: false
13:03:10.394 [FXGL Background Thread 2 ] DEBUG Engine               - Logging services
13:03:10.394 [FXGL Background Thread 2 ] DEBUG Engine               - class com.almasb.fxgl.app.GameApplication$GameApplicationService
13:03:10.394 [FXGL Background Thread 2 ] DEBUG Engine               - class com.almasb.fxgl.app.services.WindowService
13:03:10.394 [FXGL Background Thread 2 ] DEBUG Engine               - class com.almasb.fxgl.app.services.FXGLDialogService
13:03:10.394 [FXGL Background Thread 2 ] DEBUG Engine               - class com.almasb.fxgl.app.services.IOTaskExecutorService
13:03:10.394 [FXGL Background Thread 2 ] DEBUG Engine               - class com.almasb.fxgl.event.EventBusService
13:03:10.394 [FXGL Background Thread 2 ] DEBUG Engine               - class com.almasb.fxgl.io.FileSystemService
13:03:10.394 [FXGL Background Thread 2 ] DEBUG Engine               - class com.almasb.fxgl.localization.LocalizationService
13:03:10.394 [FXGL Background Thread 2 ] DEBUG Engine               - class com.almasb.fxgl.app.services.AssetLoaderService
13:03:10.394 [FXGL Background Thread 2 ] DEBUG Engine               - class com.almasb.fxgl.app.services.SystemBundleService
13:03:10.394 [FXGL Background Thread 2 ] DEBUG Engine               - class com.almasb.fxgl.profile.SaveLoadService
13:03:10.394 [FXGL Background Thread 2 ] DEBUG Engine               - class com.almasb.fxgl.ui.FXGLUIFactoryServiceProvider
13:03:10.394 [FXGL Background Thread 2 ] DEBUG Engine               - class com.almasb.fxgl.ui.FXGLDialogFactoryServiceProvider
13:03:10.394 [FXGL Background Thread 2 ] DEBUG Engine               - class com.almasb.fxgl.audio.AudioPlayer
13:03:10.394 [FXGL Background Thread 2 ] DEBUG Engine               - class com.almasb.fxgl.notification.impl.NotificationServiceProvider
13:03:10.394 [FXGL Background Thread 2 ] DEBUG Engine               - class com.almasb.fxgl.achievement.AchievementService
13:03:10.394 [FXGL Background Thread 2 ] DEBUG Engine               - class com.almasb.fxgl.cutscene.CutsceneService
13:03:10.394 [FXGL Background Thread 2 ] DEBUG Engine               - class com.almasb.fxgl.minigames.MiniGameService
13:03:10.394 [FXGL Background Thread 2 ] DEBUG Engine               - class com.almasb.fxgl.net.NetService
13:03:10.394 [FXGL Background Thread 2 ] DEBUG Engine               - class com.almasb.fxgl.app.services.UpdaterService
13:03:11.673 [JavaFX Application Thread] DEBUG GameApplication      - Exiting FXGL
13:03:11.673 [JavaFX Application Thread] DEBUG LoopRunner           - Stopping loop
13:03:11.673 [JavaFX Application Thread] DEBUG SystemBundleService  - Saving FXGL system data
13:03:11.674 [JavaFX Application Thread] DEBUG FileSystemAccess     - Writing to: C:\Users\lucas\IdeaProjects\BlasterBoy\system\fxgl.bundle
13:03:11.675 [JavaFX Application Thread] DEBUG GameApplication      - Shutting down background threads
13:03:11.676 [JavaFX Application Thread] DEBUG GameApplication      - Closing logger and exiting JavaFX
